My SLURM_ARRAY_TASK_ID:  5
Data shape: (1, 51, 1)
Theta shape: (4, 1)
Theta: [[ 0.02507996]
 [ 0.17005964]
 [ 0.22179337]
 [ 0.32933088]]
1
4.36390879325
[[-0.04163636]
 [ 1.70668669]
 [-2.35000746]
 [ 0.14056628]]
2
0.382144984716
[[ 0.0246894 ]
 [ 1.572284  ]
 [-2.23268243]
 [ 0.07647477]]
3
Finished successfully! number of iterations:  3
0.00129474525265
[[ 0.02489286]
 [ 1.57185071]
 [-2.23235671]
 [ 0.0761425 ]]
Time taken for 1D intervals exp:  3.0079712867736816 , number of intervals:  5
Avg AR burnin:  0.624666666667 , Avg AR sampling:  0.612333333333

 Estimated ordinary:  [[ 1.01274224  0.93390873 -0.99701944  0.0196339 ]] 
 True ordinary:  [[ 1.  1. -1.  0.]]

 Estimated hermite:  [[ 0.02489286  1.57185071 -2.23235671  0.0761425 ]] 
 True hermite:  [[ 0.          1.58323349 -2.23903027  0.        ]]


