My SLURM_ARRAY_TASK_ID:  4
Data shape: (1, 51, 1)
Theta shape: (4, 1)
Theta: [[ 0.17830633]
 [ 0.09470346]
 [ 0.49599905]
 [ 0.31091286]]
1
4.92512762902
[[-0.06479149]
 [ 1.76227561]
 [-2.39723171]
 [ 0.18968595]]
2
0.491884465155
[[ 0.01959237]
 [ 1.59058779]
 [-2.24820148]
 [ 0.1029034 ]]
3
Finished successfully! number of iterations:  3
0.00620549133415
[[ 0.01854299]
 [ 1.59268531]
 [-2.24994467]
 [ 0.10421881]]
Time taken for 1D intervals exp:  1.614163875579834 , number of intervals:  4
Avg AR burnin:  0.707333333333 , Avg AR sampling:  0.6178

 Estimated ordinary:  [[ 1.01658671  0.92534922 -1.00487461  0.02687358]] 
 True ordinary:  [[ 1.  1. -1.  0.]]

 Estimated hermite:  [[ 0.01854299  1.59268531 -2.24994467  0.10421881]] 
 True hermite:  [[ 0.          1.58323349 -2.23903027  0.        ]]


