My SLURM_ARRAY_TASK_ID:  6
Data shape: (1, 51, 1)
Theta shape: (4, 1)
Theta: [[ 0.40293062]
 [ 0.26613015]
 [ 0.16122516]
 [ 0.30328653]]
1
4.50466427751
[[-0.02513448]
 [ 1.66921511]
 [-2.3182039 ]
 [ 0.10920137]]
2
0.328819719708
[[ 0.03169108]
 [ 1.55283453]
 [-2.21611743]
 [ 0.05567427]]
3
Finished successfully! number of iterations:  3
2.75889913195e-05
[[ 0.03168676]
 [ 1.55284377]
 [-2.21612434]
 [ 0.05568137]]
Time taken for 1D intervals exp:  1.7192261219024658 , number of intervals:  6
Avg AR burnin:  0.672666666667 , Avg AR sampling:  0.587133333333

 Estimated ordinary:  [[ 1.00978366  0.93773175 -0.98976971  0.01435785]] 
 True ordinary:  [[ 1.  1. -1.  0.]]

 Estimated hermite:  [[ 0.03168676  1.55284377 -2.21612434  0.05568137]] 
 True hermite:  [[ 0.          1.58323349 -2.23903027  0.        ]]


