My SLURM_ARRAY_TASK_ID:  3
Data shape: (1, 51, 1)
Theta shape: (4, 1)
Theta: [[ 0.07550804]
 [ 0.163234  ]
 [ 0.17561489]
 [ 0.41156069]]
1
4.55145953383
[[-0.06993657]
 [ 1.78437057]
 [-2.4172831 ]
 [ 0.21958033]]
2
0.549008872676
[[ 0.02636417]
 [ 1.59127007]
 [-2.24891265]
 [ 0.12834315]]
3
Finished successfully! number of iterations:  3
0.00462936412986
[[ 0.02549585]
 [ 1.59289178]
 [-2.25027961]
 [ 0.12911552]]
Time taken for 1D intervals exp:  1.621842861175537 , number of intervals:  3
Avg AR burnin:  0.778666666667 , Avg AR sampling:  0.6708

 Estimated ordinary:  [[ 1.02112786  0.90622023 -1.0050242   0.03329338]] 
 True ordinary:  [[ 1.  1. -1.  0.]]

 Estimated hermite:  [[ 0.02549585  1.59289178 -2.25027961  0.12911552]] 
 True hermite:  [[ 0.          1.58323349 -2.23903027  0.        ]]


