My SLURM_ARRAY_TASK_ID:  2
Data shape: (1, 51, 1)
Theta shape: (4, 1)
Theta: [[ 0.01824285]
 [ 0.11937058]
 [ 0.3258097 ]
 [ 0.44879272]]
1
4.84696335083
[[-0.11213417]
 [ 1.89477627]
 [-2.50926164]
 [ 0.34268341]]
2
0.39951135383
[[-0.04339786]
 [ 1.75591476]
 [-2.38900567]
 [ 0.27102585]]
3
Finished successfully! number of iterations:  3
0.00140153172708
[[-0.04363806]
 [ 1.75638955]
 [-2.38940145]
 [ 0.27131661]]
Time taken for 1D intervals exp:  1.6183712482452393 , number of intervals:  2
Avg AR burnin:  0.832 , Avg AR sampling:  0.7504

 Estimated ordinary:  [[ 1.03959645  0.89948572 -1.06715907  0.06996097]] 
 True ordinary:  [[ 1.  1. -1.  0.]]

 Estimated hermite:  [[-0.04363806  1.75638955 -2.38940145  0.27131661]] 
 True hermite:  [[ 0.          1.58323349 -2.23903027  0.        ]]


