My SLURM_ARRAY_TASK_ID:  7
Data shape: (1, 51, 1)
Theta shape: (4, 1)
Theta: [[ 0.29112637]
 [ 0.41315406]
 [ 0.411931  ]
 [ 0.41089317]]
1
4.64768427503
[[-0.03656761]
 [ 1.69146519]
 [-2.3370366 ]
 [ 0.1181816 ]]
2
0.49563597568
[[ 0.0473987 ]
 [ 1.51762107]
 [-2.18497402]
 [ 0.03241863]]
3
Finished successfully! number of iterations:  3
6.27034885603e-05
[[ 0.04740871]
 [ 1.51760022]
 [-2.18495799]
 [ 0.03240281]]
Time taken for 1D intervals exp:  1.7290129661560059 , number of intervals:  7
Avg AR burnin:  0.546666666667 , Avg AR sampling:  0.552266666667

 Estimated ordinary:  [[ 1.00579436  0.93347889 -0.97585013  0.0083553 ]] 
 True ordinary:  [[ 1.  1. -1.  0.]]

 Estimated hermite:  [[ 0.04740871  1.51760022 -2.18495799  0.03240281]] 
 True hermite:  [[ 0.          1.58323349 -2.23903027  0.        ]]


