My SLURM_ARRAY_TASK_ID:  8
Data shape: (1, 51, 1)
Theta shape: (4, 1)
Theta: [[ 0.26370196]
 [ 0.36519847]
 [ 0.06101429]
 [ 0.27964782]]
1
4.0216184167
[[ 0.01081111]
 [ 1.59138076]
 [-2.25280811]
 [ 0.05092494]]
2
0.24059623283
[[ 0.05204751]
 [ 1.50486834]
 [-2.17576458]
 [ 0.01512107]]
3
Finished successfully! number of iterations:  3
0.00118945894438
[[ 0.05187123]
 [ 1.50527843]
 [-2.17604426]
 [ 0.01544447]]
Time taken for 1D intervals exp:  1.7158105373382568 , number of intervals:  8
Avg AR burnin:  0.694 , Avg AR sampling:  0.535733333333

 Estimated ordinary:  [[ 1.00463191  0.93881471 -0.97186907  0.00398247]] 
 True ordinary:  [[ 1.  1. -1.  0.]]

 Estimated hermite:  [[ 0.05187123  1.50527843 -2.17604426  0.01544447]] 
 True hermite:  [[ 0.          1.58323349 -2.23903027  0.        ]]


