My SLURM_ARRAY_TASK_ID:  6
Data shape: (6, 101, 3)
Theta shape: (20, 3)
Theta: [[ 0.01974937  0.25194523  0.42896688]
 [ 0.26410499  0.22543984  0.39285167]
 [ 0.36894543  0.38209017  0.3090779 ]
 [ 0.36441899  0.00414895  0.00085373]
 [ 0.14072002  0.24724017  0.16705563]
 [ 0.11460225  0.3342265   0.0138763 ]
 [ 0.38223151  0.11209117  0.25057536]
 [ 0.39984605  0.41091648  0.47352206]
 [ 0.27334693  0.29437131  0.18081131]
 [ 0.09789788  0.32083585  0.37951877]
 [ 0.09861389  0.18829702  0.23757501]
 [ 0.24759957  0.36997773  0.4441894 ]
 [ 0.46855609  0.24762671  0.2170381 ]
 [ 0.32045607  0.47237722  0.23850736]
 [ 0.14908954  0.3792676   0.45178108]
 [ 0.06102393  0.04144895  0.0911598 ]
 [ 0.02089495  0.19883469  0.19868871]
 [ 0.452267    0.13978557  0.32271171]
 [ 0.11353186  0.37368182  0.42734371]
 [ 0.28951314  0.11785319  0.04649657]]
1
667.427492892
[[ -5.05990080e+00  -9.93513211e+01   2.44284030e+02]
 [ -5.80822925e+01  -9.88828182e+01   4.87035363e+00]
 [  2.86160440e+01   3.30947621e+01   8.85002677e+00]
 [ -2.05808528e+00   1.11718314e+01  -2.75054759e+01]
 [ -1.71029310e+00  -2.30835108e+00  -1.23209921e+00]
 [  6.33167007e-01   1.77688153e+00  -1.83415623e+00]
 [ -3.90980532e-01  -1.24455262e+00   2.09820736e+00]
 [  4.62908201e+00   6.88092882e+00   1.70829515e+00]
 [ -2.92562115e+00  -2.33406792e+00  -2.08638338e+00]
 [  4.55244817e-01  -4.17139237e-01   1.56916308e+00]
 [  7.23467066e-02   1.26004079e-01   1.39818175e+00]
 [ -1.28676089e-01   1.39909868e-01  -1.35051082e+00]
 [ -1.89957421e-01  -3.73983567e-01   7.84883995e-01]
 [  2.28818633e-01   2.40498779e-01  -2.92389712e-01]
 [  1.07092020e-01   1.01430936e-01  -6.68891661e-02]
 [ -6.61941016e-02  -8.48516059e-02   1.47735247e-01]
 [  3.86822055e-02   5.98444896e-02  -1.28841836e-01]
 [ -1.29114033e-01  -1.73943074e-01  -1.14309722e-01]
 [  1.13774332e-01   6.85564720e-02   1.03053302e-01]
 [ -2.28828948e-02   0.00000000e+00  -3.09977233e-02]]
2
1.85035864877
[[ -5.20798917e+00  -9.95357581e+01   2.44376622e+02]
 [ -5.79469835e+01  -9.89338664e+01   4.51239581e+00]
 [  2.85120820e+01   3.31112124e+01   9.14448625e+00]
 [ -2.02468017e+00   1.11936653e+01  -2.74406698e+01]
 [ -1.66339955e+00  -2.30867040e+00  -1.22068059e+00]
 [  6.02509981e-01   1.78660333e+00  -1.82616921e+00]
 [ -3.84388147e-01  -1.25375830e+00   2.08933180e+00]
 [  4.61686266e+00   6.88135494e+00   1.77062849e+00]
 [ -2.91987943e+00  -2.33691153e+00  -2.13005559e+00]
 [  4.53675844e-01  -4.17872407e-01   1.55874010e+00]
 [  7.04891010e-02   1.24080695e-01   1.42107892e+00]
 [ -1.27859173e-01   1.40127952e-01  -1.37001237e+00]
 [ -1.90798872e-01  -3.74315335e-01   7.95079408e-01]
 [  2.29676124e-01   2.41169557e-01  -2.95678690e-01]
 [  1.06363803e-01   1.01766201e-01  -6.81509067e-02]
 [ -6.58402595e-02  -8.54320477e-02   1.48149097e-01]
 [  3.87833494e-02   6.02806175e-02  -1.28835964e-01]
 [ -1.28717176e-01  -1.73836084e-01  -1.17087582e-01]
 [  1.13697700e-01   6.87148053e-02   1.04829412e-01]
 [ -2.29124610e-02   0.00000000e+00  -3.05404766e-02]]
3
Finished successfully! number of iterations:  3
0.0593939933593
[[ -5.21535417e+00  -9.95404272e+01   2.44380663e+02]
 [ -5.79530709e+01  -9.89393372e+01   4.52069611e+00]
 [  2.85163316e+01   3.31146815e+01   9.14097731e+00]
 [ -2.02198447e+00   1.11954316e+01  -2.74407102e+01]
 [ -1.66258349e+00  -2.30772693e+00  -1.22030231e+00]
 [  6.02113480e-01   1.78615644e+00  -1.82611712e+00]
 [ -3.84291257e-01  -1.25368289e+00   2.08912965e+00]
 [  4.61734267e+00   6.88169416e+00   1.77018732e+00]
 [ -2.92023959e+00  -2.33714382e+00  -2.12996276e+00]
 [  4.53388016e-01  -4.18061177e-01   1.55870200e+00]
 [  7.05815640e-02   1.24144296e-01   1.42108324e+00]
 [ -1.27988439e-01   1.40035755e-01  -1.37002940e+00]
 [ -1.90699151e-01  -3.74245331e-01   7.95081685e-01]
 [  2.29632024e-01   2.41139451e-01  -2.95670578e-01]
 [  1.06326616e-01   1.01730894e-01  -6.81584210e-02]
 [ -6.58163692e-02  -8.54118934e-02   1.48141124e-01]
 [  3.87736684e-02   6.02744262e-02  -1.28824859e-01]
 [ -1.28731304e-01  -1.73844250e-01  -1.17080094e-01]
 [  1.13709216e-01   6.87214161e-02   1.04831646e-01]
 [ -2.29021306e-02   0.00000000e+00  -3.05387031e-02]]
Time taken for 3Dl num time series exp:  22.165769815444946 , number of time series:  6
Avg AR burnin:  0.194111111111 , Avg AR sampling:  0.02395

 Estimated ordinary:  [[ -1.03024032e+00  -1.45678493e+01   7.11720649e+00  -5.28284108e-01
   -2.96233086e-01   1.51720215e-01  -6.84716203e-02   1.16347540e+00
   -7.35840323e-01   8.07830299e-02   7.26073775e-03  -2.28045152e-02
   -3.39780820e-02   2.36222862e-02   1.89448903e-02  -1.65843716e-02
    6.90855139e-03  -2.29368761e-02   2.02602950e-02  -2.35594615e-03]
 [ -2.43730930e+01  -2.48713340e+01   8.23260500e+00   2.79215301e+00
   -4.11182401e-01   4.50074692e-01  -2.23376663e-01   1.73404541e+00
   -5.88912181e-01  -7.44886219e-02   1.27707453e-02   2.49510622e-02
   -6.66816736e-02   2.48060572e-02   1.81260411e-02  -2.15220407e-02
    1.07394783e-02  -3.09749370e-02   1.22445323e-02   0.00000000e+00]
 [  6.11463732e+01   5.79757355e-01   2.62001369e+00  -6.86997233e+00
   -2.17429032e-01  -4.60143961e-01   3.72233532e-01   4.46050801e-01
   -5.36706814e-01   2.77723861e-01   1.46187080e-01  -2.44106862e-01
    1.41664767e-01  -3.04156838e-02  -1.21442199e-02   3.73285169e-02
   -2.29535453e-02  -2.08609058e-02   1.86785219e-02  -3.14152170e-03]] 
 True ordinary:  [[  0.         -10.          10.           0.           0.           0.
    0.           0.           0.           0.           0.           0.
    0.           0.           0.           0.           0.           0.
    0.           0.        ]
 [  0.          28.          -1.           0.           0.           0.
    0.          -1.           0.           0.           0.           0.
    0.           0.           0.           0.           0.           0.
    0.           0.        ]
 [  0.           0.           0.          -2.66666667   0.           1.
    0.           0.           0.           0.           0.           0.
    0.           0.           0.           0.           0.           0.
    0.           0.        ]]

 Estimated hermite:  [[ -5.21535417e+00  -5.79530709e+01   2.85163316e+01  -2.02198447e+00
   -1.66258349e+00   6.02113480e-01  -3.84291257e-01   4.61734267e+00
   -2.92023959e+00   4.53388016e-01   7.05815640e-02  -1.27988439e-01
   -1.90699151e-01   2.29632024e-01   1.06326616e-01  -6.58163692e-02
    3.87736684e-02  -1.28731304e-01   1.13709216e-01  -2.29021306e-02]
 [ -9.95404272e+01  -9.89393372e+01   3.31146815e+01   1.11954316e+01
   -2.30772693e+00   1.78615644e+00  -1.25368289e+00   6.88169416e+00
   -2.33714382e+00  -4.18061177e-01   1.24144296e-01   1.40035755e-01
   -3.74245331e-01   2.41139451e-01   1.01730894e-01  -8.54118934e-02
    6.02744262e-02  -1.73844250e-01   6.87214161e-02   0.00000000e+00]
 [  2.44380663e+02   4.52069611e+00   9.14097731e+00  -2.74407102e+01
   -1.22030231e+00  -1.82611712e+00   2.08912965e+00   1.77018732e+00
   -2.12996276e+00   1.55870200e+00   1.42108324e+00  -1.37002940e+00
    7.95081685e-01  -2.95670578e-01  -6.81584210e-02   1.48141124e-01
   -1.28824859e-01  -1.17080094e-01   1.04831646e-01  -3.05387031e-02]] 
 True hermite:  [[   0.          -39.68577824   39.68577824    0.            0.            0.
     0.            0.            0.            0.            0.            0.
     0.            0.            0.            0.            0.            0.
     0.            0.        ]
 [   0.          111.12017907   -3.96857782    0.            0.            0.
     0.           -3.96857782    0.            0.            0.            0.
     0.            0.            0.            0.            0.            0.
     0.            0.        ]
 [   0.            0.            0.          -10.5828742     0.
     3.96857782    0.            0.            0.            0.            0.
     0.            0.            0.            0.            0.            0.
     0.            0.            0.        ]]


