My SLURM_ARRAY_TASK_ID:  10
Data shape: (10, 101, 3)
Theta shape: (20, 3)
Theta: [[ 0.38377869  0.1858739   0.02883213]
 [ 0.066269    0.37896313  0.45316549]
 [ 0.13373062  0.31264947  0.07625266]
 [ 0.4352028   0.15205679  0.15725758]
 [ 0.35696478  0.26391543  0.23588573]
 [ 0.2352983   0.31167202  0.40725799]
 [ 0.36170958  0.15877403  0.44686613]
 [ 0.02574807  0.2861376   0.07884674]
 [ 0.15663451  0.24953029  0.37567905]
 [ 0.48930045  0.40821264  0.39474724]
 [ 0.02473244  0.22226173  0.05426605]
 [ 0.19144292  0.08892005  0.07962697]
 [ 0.08445071  0.08057536  0.25865523]
 [ 0.11194102  0.14378401  0.42567438]
 [ 0.09811688  0.03531796  0.42802625]
 [ 0.10035952  0.25468567  0.49937731]
 [ 0.07561094  0.23931169  0.10706143]
 [ 0.26440147  0.07568285  0.01954326]
 [ 0.00954554  0.14013341  0.33303525]
 [ 0.08603318  0.39882377  0.41514342]]
1
734.181341364
[[  9.70145546e+00  -6.97033821e+01   3.00217485e+02]
 [ -6.96419662e+01  -1.10398352e+02   1.02303901e+01]
 [  3.45103672e+01   3.52743764e+01   3.85055365e+00]
 [ -4.93628299e-01   1.06451322e+01  -3.68807980e+01]
 [  4.17756837e-01  -3.05159748e-01  -1.52849615e+00]
 [  2.34222102e-01   1.32875505e+00  -1.94195112e+00]
 [ -7.00526864e-01  -1.50432191e+00   1.85088649e+00]
 [  5.63806879e+00   7.55668909e+00   4.96872178e-01]
 [ -3.50511148e+00  -2.42540261e+00  -1.21251918e+00]
 [  5.48243538e-02  -6.64694782e-01   2.41854682e+00]
 [  3.62953100e-01   3.10543006e-01   8.00783638e-01]
 [ -4.90058010e-01  -1.61257023e-01  -8.69130079e-01]
 [  7.22358277e-02  -1.28481798e-01   6.05411716e-01]
 [  1.14337557e-01   1.25024754e-01  -2.74004142e-01]
 [  1.89698154e-02   2.24060034e-02   1.67945346e-02]
 [ -4.14484646e-02  -6.23905773e-02   9.55488472e-02]
 [  4.46687761e-02   6.55400755e-02  -9.73157063e-02]
 [ -1.63639352e-01  -1.91522542e-01  -5.43072945e-02]
 [  1.36918335e-01   7.51791949e-02   6.17643214e-02]
 [  0.00000000e+00   1.51546574e-02  -6.33620429e-02]]
2
1.35496255793
[[  9.78539838e+00  -6.95807215e+01   3.00525512e+02]
 [ -6.96244720e+01  -1.10521892e+02   1.00682175e+01]
 [  3.44762432e+01   3.53328234e+01   4.01384747e+00]
 [ -5.09865494e-01   1.06224717e+01  -3.68933039e+01]
 [  4.42533230e-01  -3.04147839e-01  -1.54642055e+00]
 [  2.15901821e-01   1.33455120e+00  -1.92073367e+00]
 [ -6.96425858e-01  -1.50964327e+00   1.84163196e+00]
 [  5.63447359e+00   7.56256318e+00   5.29194564e-01]
 [ -3.50423268e+00  -2.43094444e+00  -1.23742476e+00]
 [  5.71136358e-02  -6.62757391e-01   2.41634980e+00]
 [  3.61126539e-01   3.09319309e-01   8.11970902e-01]
 [ -4.89087189e-01  -1.61187859e-01  -8.78644636e-01]
 [  7.13089677e-02  -1.28730805e-01   6.10240200e-01]
 [  1.15173550e-01   1.25557923e-01  -2.75433881e-01]
 [  1.87285348e-02   2.26131699e-02   1.67457074e-02]
 [ -4.13129535e-02  -6.27666831e-02   9.53627515e-02]
 [  4.47782015e-02   6.58054611e-02  -9.72495576e-02]
 [ -1.63451106e-01  -1.91569278e-01  -5.57511573e-02]
 [  1.36938825e-01   7.53799312e-02   6.27536080e-02]
 [  0.00000000e+00   1.50805446e-02  -6.31993846e-02]]
3
Finished successfully! number of iterations:  3
0.0895007925929
[[  9.78169852e+00  -6.95905829e+01   3.00508587e+02]
 [ -6.96114281e+01  -1.10520747e+02   1.00713857e+01]
 [  3.44681746e+01   3.53269265e+01   4.01375584e+00]
 [ -5.11081136e-01   1.06215625e+01  -3.68858464e+01]
 [  4.42013333e-01  -3.04960714e-01  -1.54399869e+00]
 [  2.16890202e-01   1.33559420e+00  -1.92055582e+00]
 [ -6.97002928e-01  -1.51025792e+00   1.84055308e+00]
 [  5.63396333e+00   7.56291439e+00   5.29825375e-01]
 [ -3.50396716e+00  -2.43079661e+00  -1.23791074e+00]
 [  5.73437839e-02  -6.62531683e-01   2.41554816e+00]
 [  3.61221945e-01   3.09418431e-01   8.12389800e-01]
 [ -4.89107361e-01  -1.61231435e-01  -8.78934268e-01]
 [  7.12493610e-02  -1.28770132e-01   6.10384899e-01]
 [  1.15232070e-01   1.25609980e-01  -2.75490862e-01]
 [  1.87738287e-02   2.26626289e-02   1.66474744e-02]
 [ -4.13638173e-02  -6.28185596e-02   9.53839474e-02]
 [  4.48010731e-02   6.58332203e-02  -9.72351526e-02]
 [ -1.63448601e-01  -1.91587883e-01  -5.57943168e-02]
 [  1.36938891e-01   7.53821105e-02   6.27778492e-02]
 [  0.00000000e+00   1.50697132e-02  -6.31711704e-02]]
Time taken for 3Dl num time series exp:  38.30378007888794 , number of time series:  10
Avg AR burnin:  0.2 , Avg AR sampling:  0.0235366666667

 Estimated ordinary:  [[  2.50000268e+00  -1.76356975e+01   8.71245745e+00  -1.40109481e-01
    7.87563301e-02   5.46518706e-02  -1.24189450e-01   1.41964290e+00
   -8.82927668e-01   1.02173071e-02   3.71589643e-02  -8.71473729e-02
    1.26949523e-02   1.18539430e-02   3.34505260e-03  -1.04228313e-02
    7.98249247e-03  -2.91226780e-02   2.43992742e-02   0.00000000e+00]
 [ -1.70939192e+01  -2.78873650e+01   8.87819076e+00   2.65599679e+00
   -5.43367924e-02   3.36542272e-01  -2.69092271e-01   1.90569890e+00
   -6.12510757e-01  -1.18047489e-01   3.18299278e-02  -2.87276314e-02
   -2.29437943e-02   1.29215204e-02   4.03794490e-03  -1.58289852e-02
    1.17299241e-02  -3.41364331e-02   1.34313106e-02   1.55022401e-03]
 [  7.52387516e+01   2.18825510e+00   1.24182310e+00  -9.26062065e+00
   -2.75104078e-01  -4.83940573e-01   3.27943062e-01   1.33505099e-01
   -3.11928048e-01   4.30393597e-01   8.35706799e-02  -1.56605315e-01
    1.08756164e-01  -2.83397929e-02   2.96618652e-03   2.40347932e-02
   -1.73250063e-02  -9.94122870e-03   1.11855291e-02  -6.49842928e-03]] 
 True ordinary:  [[  0.         -10.          10.           0.           0.           0.
    0.           0.           0.           0.           0.           0.
    0.           0.           0.           0.           0.           0.
    0.           0.        ]
 [  0.          28.          -1.           0.           0.           0.
    0.          -1.           0.           0.           0.           0.
    0.           0.           0.           0.           0.           0.
    0.           0.        ]
 [  0.           0.           0.          -2.66666667   0.           1.
    0.           0.           0.           0.           0.           0.
    0.           0.           0.           0.           0.           0.
    0.           0.        ]]

 Estimated hermite:  [[  9.78169852e+00  -6.96114281e+01   3.44681746e+01  -5.11081136e-01
    4.42013333e-01   2.16890202e-01  -6.97002928e-01   5.63396333e+00
   -3.50396716e+00   5.73437839e-02   3.61221945e-01  -4.89107361e-01
    7.12493610e-02   1.15232070e-01   1.87738287e-02  -4.13638173e-02
    4.48010731e-02  -1.63448601e-01   1.36938891e-01   0.00000000e+00]
 [ -6.95905829e+01  -1.10520747e+02   3.53269265e+01   1.06215625e+01
   -3.04960714e-01   1.33559420e+00  -1.51025792e+00   7.56291439e+00
   -2.43079661e+00  -6.62531683e-01   3.09418431e-01  -1.61231435e-01
   -1.28770132e-01   1.25609980e-01   2.26626289e-02  -6.28185596e-02
    6.58332203e-02  -1.91587883e-01   7.53821105e-02   1.50697132e-02]
 [  3.00508587e+02   1.00713857e+01   4.01375584e+00  -3.68858464e+01
   -1.54399869e+00  -1.92055582e+00   1.84055308e+00   5.29825375e-01
   -1.23791074e+00   2.41554816e+00   8.12389800e-01  -8.78934268e-01
    6.10384899e-01  -2.75490862e-01   1.66474744e-02   9.53839474e-02
   -9.72351526e-02  -5.57943168e-02   6.27778492e-02  -6.31711704e-02]] 
 True hermite:  [[   0.          -39.68577824   39.68577824    0.            0.            0.
     0.            0.            0.            0.            0.            0.
     0.            0.            0.            0.            0.            0.
     0.            0.        ]
 [   0.          111.12017907   -3.96857782    0.            0.            0.
     0.           -3.96857782    0.            0.            0.            0.
     0.            0.            0.            0.            0.            0.
     0.            0.        ]
 [   0.            0.            0.          -10.5828742     0.
     3.96857782    0.            0.            0.            0.            0.
     0.            0.            0.            0.            0.            0.
     0.            0.            0.        ]]


