My SLURM_ARRAY_TASK_ID:  7
Data shape: (7, 101, 3)
Theta shape: (20, 3)
Theta: [[ 0.28420951  0.09322655  0.14577598]
 [ 0.32437377  0.09602413  0.44550815]
 [ 0.30875881  0.00559347  0.06087293]
 [ 0.01447434  0.13438421  0.41947024]
 [ 0.44666157  0.29304839  0.45954557]
 [ 0.19820698  0.45151956  0.25416053]
 [ 0.14307521  0.46281517  0.39140351]
 [ 0.20347612  0.41382911  0.4932594 ]
 [ 0.27137731  0.08111119  0.29257459]
 [ 0.32792584  0.04873436  0.19033285]
 [ 0.43823128  0.3450704   0.31136081]
 [ 0.05432494  0.31454705  0.32028368]
 [ 0.04713533  0.34584622  0.02747996]
 [ 0.26427479  0.22653602  0.38396383]
 [ 0.33785185  0.13170136  0.22822272]
 [ 0.00275657  0.05157775  0.09393769]
 [ 0.37012162  0.46549491  0.27243916]
 [ 0.02847716  0.03130574  0.28717768]
 [ 0.04697737  0.08308357  0.19753406]
 [ 0.38731562  0.43795743  0.45027337]]
1
692.783226896
[[  6.79238023e+00  -8.64915257e+01   2.56170963e+02]
 [ -6.47673289e+01  -1.07241863e+02   4.75124653e+00]
 [  3.25288404e+01   3.68563930e+01   7.39099951e+00]
 [ -3.28183721e+00   1.02816490e+01  -2.91534378e+01]
 [ -1.96995098e+00  -2.20394890e+00  -8.81181253e-01]
 [  1.10497310e+00   1.89676617e+00  -1.77540870e+00]
 [ -7.30588980e-01  -1.43826270e+00   1.82800013e+00]
 [  5.06277988e+00   7.31933705e+00   1.27809081e+00]
 [ -3.22153631e+00  -2.54811617e+00  -1.65785570e+00]
 [  4.91164947e-01  -4.15655733e-01   1.71231791e+00]
 [  1.10437464e-01   1.24567801e-01   1.16197853e+00]
 [ -2.38356289e-01   5.18760107e-02  -1.15774948e+00]
 [ -7.94536205e-02  -2.63815158e-01   7.24882651e-01]
 [  1.71272385e-01   1.77355613e-01  -3.01606257e-01]
 [  1.09643784e-01   9.74738297e-02  -5.47246745e-02]
 [ -7.87419204e-02  -9.00957657e-02   1.29762035e-01]
 [  4.99911761e-02   6.81446473e-02  -1.15178711e-01]
 [ -1.39178022e-01  -1.81209566e-01  -9.02557473e-02]
 [  1.23134541e-01   7.44083615e-02   8.24793178e-02]
 [ -2.23159073e-02   0.00000000e+00  -3.69990909e-02]]
2
1.5649857637
[[  6.68204011e+00  -8.65445876e+01   2.56174624e+02]
 [ -6.46294844e+01  -1.07268455e+02   4.37635620e+00]
 [  3.24349104e+01   3.68787936e+01   7.67103930e+00]
 [ -3.27186235e+00   1.02710248e+01  -2.90633982e+01]
 [ -1.92787381e+00  -2.19735111e+00  -8.49210522e-01]
 [  1.07121575e+00   1.89370151e+00  -1.78033698e+00]
 [ -7.19497167e-01  -1.43889660e+00   1.82345083e+00]
 [  5.04990946e+00   7.31534831e+00   1.33722889e+00]
 [ -3.21671666e+00  -2.55064323e+00  -1.69677570e+00]
 [  4.92100969e-01  -4.13454296e-01   1.69996265e+00]
 [  1.07678022e-01   1.21101718e-01   1.18261688e+00]
 [ -2.36853336e-01   5.30494866e-02  -1.17514078e+00]
 [ -8.07523450e-02  -2.64506576e-01   7.34202088e-01]
 [  1.72378558e-01   1.78137413e-01  -3.04820380e-01]
 [  1.09124498e-01   9.77381770e-02  -5.62871273e-02]
 [ -7.83371270e-02  -9.03961445e-02   1.30355313e-01]
 [  4.99780507e-02   6.83747727e-02  -1.15241918e-01]
 [ -1.38725517e-01  -1.80897351e-01  -9.28193209e-02]
 [  1.23066610e-01   7.45301941e-02   8.40170313e-02]
 [ -2.24310382e-02   0.00000000e+00  -3.65110354e-02]]
3
Finished successfully! number of iterations:  3
0.0860342758136
[[  6.68413268e+00  -8.65355404e+01   2.56165552e+02]
 [ -6.46308962e+01  -1.07274013e+02   4.35483306e+00]
 [  3.24364396e+01   3.68830828e+01   7.68335433e+00]
 [ -3.27200344e+00   1.02690940e+01  -2.90587724e+01]
 [ -1.92727925e+00  -2.19770800e+00  -8.48428429e-01]
 [  1.07085912e+00   1.89405209e+00  -1.77947695e+00]
 [ -7.19426137e-01  -1.43905302e+00   1.82256738e+00]
 [  5.04986403e+00   7.31569265e+00   1.33922351e+00]
 [ -3.21677640e+00  -2.55097039e+00  -1.69790741e+00]
 [  4.92112423e-01  -4.13303674e-01   1.69940169e+00]
 [  1.07589434e-01   1.21066868e-01   1.18293150e+00]
 [ -2.36770371e-01   5.30932126e-02  -1.17534107e+00]
 [ -8.08202810e-02  -2.64550590e-01   7.34241911e-01]
 [  1.72416588e-01   1.78164103e-01  -3.04802758e-01]
 [  1.09110171e-01   9.77441007e-02  -5.63393308e-02]
 [ -7.83286915e-02  -9.04023855e-02   1.30350066e-01]
 [  4.99765312e-02   6.83772817e-02  -1.15225729e-01]
 [ -1.38719474e-01  -1.80904276e-01  -9.28855329e-02]
 [  1.23066922e-01   7.45389574e-02   8.40536787e-02]
 [ -2.24317333e-02   0.00000000e+00  -3.64890057e-02]]
Time taken for 3Dl num time series exp:  26.97966694831848 , number of time series:  7
Avg AR burnin:  0.203904761905 , Avg AR sampling:  0.0222571428571

 Estimated ordinary:  [[  2.06816153e+00  -1.62797432e+01   8.14036542e+00  -8.45900403e-01
   -3.43395617e-01   2.69834476e-01  -1.28184736e-01   1.27246189e+00
   -8.10561501e-01   8.76828040e-02   1.10677438e-02  -4.21868847e-02
   -1.44002641e-02   1.77365244e-02   1.94408539e-02  -1.97372195e-02
    8.90463679e-03  -2.47165319e-02   2.19276171e-02  -2.30755630e-03]
 [ -2.10835508e+01  -2.69888381e+01   9.21605404e+00   2.55800160e+00
   -3.91579628e-01   4.77262176e-01  -2.56405240e-01   1.84340410e+00
   -6.42792078e-01  -7.36409473e-02   1.24541697e-02   9.45995576e-03
   -4.71366632e-02   1.83277723e-02   1.74156888e-02  -2.27795421e-02
    1.21832157e-02  -3.22328667e-02   1.32810807e-02   0.00000000e+00]
 [  6.40720894e+01   6.17988717e-01   2.22455425e+00  -7.28038334e+00
   -1.51169896e-01  -4.48391598e-01   3.24738435e-01   3.37456785e-01
   -4.27837751e-01   3.02793220e-01   1.21688369e-01  -2.09418003e-01
    1.30824557e-01  -3.13551127e-02  -1.00383373e-02   3.28455362e-02
   -2.05305018e-02  -1.65500068e-02   1.49763792e-02  -3.75363036e-03]] 
 True ordinary:  [[  0.         -10.          10.           0.           0.           0.
    0.           0.           0.           0.           0.           0.
    0.           0.           0.           0.           0.           0.
    0.           0.        ]
 [  0.          28.          -1.           0.           0.           0.
    0.          -1.           0.           0.           0.           0.
    0.           0.           0.           0.           0.           0.
    0.           0.        ]
 [  0.           0.           0.          -2.66666667   0.           1.
    0.           0.           0.           0.           0.           0.
    0.           0.           0.           0.           0.           0.
    0.           0.        ]]

 Estimated hermite:  [[  6.68413268e+00  -6.46308962e+01   3.24364396e+01  -3.27200344e+00
   -1.92727925e+00   1.07085912e+00  -7.19426137e-01   5.04986403e+00
   -3.21677640e+00   4.92112423e-01   1.07589434e-01  -2.36770371e-01
   -8.08202810e-02   1.72416588e-01   1.09110171e-01  -7.83286915e-02
    4.99765312e-02  -1.38719474e-01   1.23066922e-01  -2.24317333e-02]
 [ -8.65355404e+01  -1.07274013e+02   3.68830828e+01   1.02690940e+01
   -2.19770800e+00   1.89405209e+00  -1.43905302e+00   7.31569265e+00
   -2.55097039e+00  -4.13303674e-01   1.21066868e-01   5.30932126e-02
   -2.64550590e-01   1.78164103e-01   9.77441007e-02  -9.04023855e-02
    6.83772817e-02  -1.80904276e-01   7.45389574e-02   0.00000000e+00]
 [  2.56165552e+02   4.35483306e+00   7.68335433e+00  -2.90587724e+01
   -8.48428429e-01  -1.77947695e+00   1.82256738e+00   1.33922351e+00
   -1.69790741e+00   1.69940169e+00   1.18293150e+00  -1.17534107e+00
    7.34241911e-01  -3.04802758e-01  -5.63393308e-02   1.30350066e-01
   -1.15225729e-01  -9.28855329e-02   8.40536787e-02  -3.64890057e-02]] 
 True hermite:  [[   0.          -39.68577824   39.68577824    0.            0.            0.
     0.            0.            0.            0.            0.            0.
     0.            0.            0.            0.            0.            0.
     0.            0.        ]
 [   0.          111.12017907   -3.96857782    0.            0.            0.
     0.           -3.96857782    0.            0.            0.            0.
     0.            0.            0.            0.            0.            0.
     0.            0.        ]
 [   0.            0.            0.          -10.5828742     0.
     3.96857782    0.            0.            0.            0.            0.
     0.            0.            0.            0.            0.            0.
     0.            0.            0.        ]]


