My SLURM_ARRAY_TASK_ID:  2
Data shape: (2, 101, 3)
Theta shape: (20, 3)
Theta: [[ 0.07911143  0.34427559  0.32516313]
 [ 0.03004163  0.05664997  0.2095737 ]
 [ 0.08726254  0.28112568  0.39748879]
 [ 0.29398577  0.37040129  0.07696453]
 [ 0.46002066  0.03335654  0.10787672]
 [ 0.04054778  0.03839015  0.14851873]
 [ 0.18171173  0.34801793  0.20673734]
 [ 0.47291489  0.27142938  0.45760329]
 [ 0.3405027   0.24825472  0.41896718]
 [ 0.17225183  0.02912194  0.00886833]
 [ 0.45394833  0.16251327  0.20867052]
 [ 0.43937788  0.37635634  0.10840479]
 [ 0.1505586   0.08582892  0.35505356]
 [ 0.33094369  0.18217942  0.47762399]
 [ 0.40197885  0.01511852  0.48689147]
 [ 0.07290531  0.24821422  0.3638584 ]
 [ 0.07224799  0.3892033   0.08412199]
 [ 0.39854447  0.44936596  0.32537642]
 [ 0.34963231  0.00814601  0.42137174]
 [ 0.11808016  0.3563417   0.13746047]]
1
1458.09072232
[[ -1.68911930e+02  -2.86941162e+02   2.73273729e+02]
 [ -1.15826184e+02  -1.66481700e+02  -7.87427855e+01]
 [  6.03647263e+01   8.22158980e+01   4.88886006e+01]
 [  1.39835142e+01   2.83364333e+01  -3.56773651e+01]
 [ -5.09851645e+00  -5.24995329e+00  -1.01228441e+01]
 [ -5.51628030e-01  -8.46369053e-01   6.04097789e+00]
 [  1.88577040e+00   1.78124066e+00  -1.14620052e+00]
 [  1.00035468e+01   1.37488501e+01   7.74570674e+00]
 [ -5.75165806e+00  -7.15698817e+00  -5.00273289e+00]
 [ -3.25778370e-01  -1.14377951e+00   2.26175281e+00]
 [  6.18297032e-01   1.06558063e+00   1.61740416e+00]
 [ -2.88826455e-01  -3.50698972e-01  -1.64478884e+00]
 [ -2.72406777e-01  -2.86412786e-01   8.91012579e-01]
 [  3.08939606e-01   2.68557889e-01  -2.83833150e-01]
 [  1.36224808e-01   1.15041663e-01   1.67340123e-01]
 [  2.06038489e-02   3.97416642e-02  -3.79830028e-02]
 [ -4.86428892e-02  -3.97166536e-02  -6.82482155e-02]
 [ -3.01349392e-01  -4.06795290e-01  -2.66049349e-01]
 [  1.95334545e-01   2.20578421e-01   1.82115641e-01]
 [  0.00000000e+00   1.88355060e-02  -5.06542576e-02]]
2
8.09807744447
[[ -1.68704654e+02  -2.87304248e+02   2.72753439e+02]
 [ -1.16713484e+02  -1.67796150e+02  -7.98773346e+01]
 [  6.08445919e+01   8.29297281e+01   4.96168937e+01]
 [  1.38909794e+01   2.83645616e+01  -3.55247435e+01]
 [ -5.23301810e+00  -5.39599875e+00  -1.02259002e+01]
 [ -4.52612043e-01  -7.27834528e-01   6.15746247e+00]
 [  1.84907207e+00   1.73414163e+00  -1.20298042e+00]
 [  1.00783506e+01   1.38604457e+01   7.85035019e+00]
 [ -5.79317777e+00  -7.21959751e+00  -5.07295045e+00]
 [ -3.16943764e-01  -1.14686113e+00   2.24370397e+00]
 [  6.24873358e-01   1.07736612e+00   1.63438502e+00]
 [ -2.93340603e-01  -3.60044326e-01  -1.66286876e+00]
 [ -2.71394242e-01  -2.83115278e-01   9.01430297e-01]
 [  3.09328463e-01   2.68431959e-01  -2.87139379e-01]
 [  1.39917892e-01   1.18117856e-01   1.68566205e-01]
 [  1.77739949e-02   3.69286462e-02  -4.00804066e-02]
 [ -4.75283019e-02  -3.84880558e-02  -6.71549026e-02]
 [ -3.03574094e-01  -4.10153440e-01  -2.69434614e-01]
 [  1.96598793e-01   2.22545450e-01   1.84520019e-01]
 [  0.00000000e+00   1.90536593e-02  -4.98848563e-02]]
3
0.207997613119
[[ -1.68713962e+02  -2.87298788e+02   2.72791553e+02]
 [ -1.16722534e+02  -1.67772272e+02  -7.98400264e+01]
 [  6.08506879e+01   8.29167199e+01   4.95919990e+01]
 [  1.38937823e+01   2.83646882e+01  -3.55340194e+01]
 [ -5.23197334e+00  -5.39326596e+00  -1.02249667e+01]
 [ -4.53029192e-01  -7.29948853e-01   6.15521097e+00]
 [  1.84909159e+00   1.73491608e+00  -1.20155697e+00]
 [  1.00792595e+01   1.38583570e+01   7.84691511e+00]
 [ -5.79380949e+00  -7.21849000e+00  -5.07061270e+00]
 [ -3.17236937e-01  -1.14688343e+00   2.24465314e+00]
 [  6.25143813e-01   1.07714101e+00   1.63381158e+00]
 [ -2.93627940e-01  -3.59890242e-01  -1.66229805e+00]
 [ -2.71212521e-01  -2.83168830e-01   9.01107547e-01]
 [  3.09258205e-01   2.68439228e-01  -2.87032200e-01]
 [  1.39871384e-01   1.18049284e-01   1.68596455e-01]
 [  1.77975073e-02   3.69834798e-02  -4.00518907e-02]
 [ -4.75340406e-02  -3.85080396e-02  -6.71828841e-02]
 [ -3.03608281e-01  -4.10089241e-01  -2.69322267e-01]
 [  1.96623422e-01   2.22512761e-01   1.84441545e-01]
 [  0.00000000e+00   1.90531879e-02  -4.99207979e-02]]
4
0.107881638554
[[ -1.68703782e+02  -2.87302842e+02   2.72772778e+02]
 [ -1.16706047e+02  -1.67764657e+02  -7.98492178e+01]
 [  6.08410059e+01   8.29119504e+01   4.95984711e+01]
 [  1.38913433e+01   2.83656062e+01  -3.55291631e+01]
 [ -5.23162575e+00  -5.39225252e+00  -1.02231289e+01]
 [ -4.53435342e-01  -7.30223407e-01   6.15465913e+00]
 [  1.84928524e+00   1.73483126e+00  -1.20172032e+00]
 [  1.00779898e+01   1.38578687e+01   7.84761829e+00]
 [ -5.79306253e+00  -7.21818389e+00  -5.07112887e+00]
 [ -3.17009598e-01  -1.14698713e+00   2.24418262e+00]
 [  6.25032903e-01   1.07716815e+00   1.63394495e+00]
 [ -2.93518101e-01  -3.59902759e-01  -1.66244510e+00]
 [ -2.71274351e-01  -2.83170373e-01   9.01207002e-01]
 [  3.09278880e-01   2.68443950e-01  -2.87075974e-01]
 [  1.39870377e-01   1.18016685e-01   1.68528599e-01]
 [  1.78033893e-02   3.69915823e-02  -4.00276211e-02]
 [ -4.75374474e-02  -3.85048143e-02  -6.71810816e-02]
 [ -3.03572587e-01  -4.10079031e-01  -2.69343584e-01]
 [  1.96601913e-01   2.22506028e-01   1.84457960e-01]
 [  0.00000000e+00   1.90571054e-02  -4.99046409e-02]]
5
Finished successfully! number of iterations:  5
0.0967319052507
[[ -1.68708248e+02  -2.87314132e+02   2.72778340e+02]
 [ -1.16718753e+02  -1.67773756e+02  -7.98629479e+01]
 [  6.08477508e+01   8.29166251e+01   4.96062201e+01]
 [  1.38920754e+01   2.83689169e+01  -3.55316338e+01]
 [ -5.23096745e+00  -5.39021227e+00  -1.02247908e+01]
 [ -4.53906412e-01  -7.31307947e-01   6.15526814e+00]
 [  1.84948290e+00   1.73506333e+00  -1.20167460e+00]
 [  1.00790490e+01   1.38586469e+01   7.84850775e+00]
 [ -5.79354392e+00  -7.21845752e+00  -5.07164649e+00]
 [ -3.17047253e-01  -1.14728116e+00   2.24445253e+00]
 [  6.25188305e-01   1.07731107e+00   1.63395867e+00]
 [ -2.93587967e-01  -3.59926314e-01  -1.66250130e+00]
 [ -2.71266177e-01  -2.83196484e-01   9.01260237e-01]
 [  3.09280334e-01   2.68454086e-01  -2.87099201e-01]
 [  1.39857039e-01   1.17960620e-01   1.68583787e-01]
 [  1.78143447e-02   3.70205516e-02  -4.00481368e-02]
 [ -4.75439097e-02  -3.85123326e-02  -6.71812912e-02]
 [ -3.03605753e-01  -4.10104678e-01  -2.69363908e-01]
 [  1.96613964e-01   2.22510322e-01   1.84471308e-01]
 [  0.00000000e+00   1.90655180e-02  -4.99141320e-02]]
Time taken for 3Dl num time series exp:  14.340029954910278 , number of time series:  2
Avg AR burnin:  0.2152 , Avg AR sampling:  0.02426

 Estimated ordinary:  [[ -4.18520182e+01  -2.95012367e+01   1.52542132e+01   3.48406931e+00
   -9.32034780e-01  -1.14375081e-01   3.29534145e-01   2.53971308e+00
   -1.45985393e+00  -5.64903279e-02   6.43132296e-02  -5.23104376e-02
   -4.83332221e-02   3.18157217e-02   2.49192192e-02   4.48884853e-03
   -8.47120114e-03  -5.40953703e-02   3.50319619e-02   0.00000000e+00]
 [ -7.15415732e+01  -4.24844759e+01   2.08349209e+01   7.12834405e+00
   -9.60408444e-01  -1.84274564e-01   3.09147282e-01   3.49209401e+00
   -1.81890285e+00  -2.04418390e-01   1.10823177e-01  -6.41303632e-02
   -5.04589208e-02   2.76159185e-02   2.10177948e-02   9.32841769e-03
   -6.86198754e-03  -7.30709619e-02   3.96460810e-02   1.96127315e-03]
 [  7.03705498e+01  -2.07406664e+01   1.28516992e+01  -8.95590454e+00
   -1.82181609e+00   1.55100099e+00  -2.14110015e-01   1.97766255e+00
   -1.27795062e+00   3.99908399e-01   1.68085613e-01  -2.96218443e-01
    1.60583275e-01  -2.95339447e-02   3.00376468e-02  -1.00913069e-02
   -1.19701184e-02  -4.79942827e-02   3.28684276e-02  -5.13467543e-03]] 
 True ordinary:  [[  0.         -10.          10.           0.           0.           0.
    0.           0.           0.           0.           0.           0.
    0.           0.           0.           0.           0.           0.
    0.           0.        ]
 [  0.          28.          -1.           0.           0.           0.
    0.          -1.           0.           0.           0.           0.
    0.           0.           0.           0.           0.           0.
    0.           0.        ]
 [  0.           0.           0.          -2.66666667   0.           1.
    0.           0.           0.           0.           0.           0.
    0.           0.           0.           0.           0.           0.
    0.           0.        ]]

 Estimated hermite:  [[ -1.68708248e+02  -1.16718753e+02   6.08477508e+01   1.38920754e+01
   -5.23096745e+00  -4.53906412e-01   1.84948290e+00   1.00790490e+01
   -5.79354392e+00  -3.17047253e-01   6.25188305e-01  -2.93587967e-01
   -2.71266177e-01   3.09280334e-01   1.39857039e-01   1.78143447e-02
   -4.75439097e-02  -3.03605753e-01   1.96613964e-01   0.00000000e+00]
 [ -2.87314132e+02  -1.67773756e+02   8.29166251e+01   2.83689169e+01
   -5.39021227e+00  -7.31307947e-01   1.73506333e+00   1.38586469e+01
   -7.21845752e+00  -1.14728116e+00   1.07731107e+00  -3.59926314e-01
   -2.83196484e-01   2.68454086e-01   1.17960620e-01   3.70205516e-02
   -3.85123326e-02  -4.10104678e-01   2.22510322e-01   1.90655180e-02]
 [  2.72778340e+02  -7.98629479e+01   4.96062201e+01  -3.55316338e+01
   -1.02247908e+01   6.15526814e+00  -1.20167460e+00   7.84850775e+00
   -5.07164649e+00   2.24445253e+00   1.63395867e+00  -1.66250130e+00
    9.01260237e-01  -2.87099201e-01   1.68583787e-01  -4.00481368e-02
   -6.71812912e-02  -2.69363908e-01   1.84471308e-01  -4.99141320e-02]] 
 True hermite:  [[   0.          -39.68577824   39.68577824    0.            0.            0.
     0.            0.            0.            0.            0.            0.
     0.            0.            0.            0.            0.            0.
     0.            0.        ]
 [   0.          111.12017907   -3.96857782    0.            0.            0.
     0.           -3.96857782    0.            0.            0.            0.
     0.            0.            0.            0.            0.            0.
     0.            0.        ]
 [   0.            0.            0.          -10.5828742     0.
     3.96857782    0.            0.            0.            0.            0.
     0.            0.            0.            0.            0.            0.
     0.            0.            0.        ]]


