My SLURM_ARRAY_TASK_ID:  4
Data shape: (4, 101, 3)
Theta shape: (20, 3)
Theta: [[ 0.39898715  0.47267863  0.09724982]
 [ 0.30066932  0.05244143  0.37845072]
 [ 0.08327823  0.30968513  0.49937038]
 [ 0.20196393  0.40074963  0.29315357]
 [ 0.36166014  0.41449967  0.47877308]
 [ 0.03823998  0.12066613  0.23401981]
 [ 0.16917138  0.44322677  0.36786527]
 [ 0.40006921  0.36380138  0.23781844]
 [ 0.34188002  0.09465244  0.4495212 ]
 [ 0.13808474  0.00199845  0.48867468]
 [ 0.15230831  0.01753022  0.35465767]
 [ 0.29488077  0.46946809  0.11299954]
 [ 0.24912949  0.35213854  0.14319469]
 [ 0.31604193  0.37105997  0.28250341]
 [ 0.19199671  0.46179746  0.07409308]
 [ 0.20335339  0.30909777  0.4115701 ]
 [ 0.11958355  0.14960417  0.45589804]
 [ 0.26399236  0.35062021  0.35474879]
 [ 0.35977803  0.0825574   0.38434745]
 [ 0.27168328  0.01448768  0.01646155]]
1
774.970737993
[[ -5.14239288e+01  -1.69673500e+02   1.93380525e+02]
 [ -5.69638845e+01  -8.90330558e+01  -4.04971777e+01]
 [  2.54237880e+01   2.42922560e+01   3.13680654e+01]
 [  2.37522764e+00   1.81745511e+01  -1.69575865e+01]
 [ -3.89053020e+00  -3.88588633e+00  -2.68281276e+00]
 [  1.49507172e+00   1.87263983e+00   1.96823071e+00]
 [ -3.06055298e-01  -8.99971371e-01  -4.75413402e-01]
 [  4.74129578e+00   6.17420677e+00   4.74566130e+00]
 [ -2.88930028e+00  -1.83774659e+00  -3.56634514e+00]
 [  2.07720524e-01  -7.43563687e-01   6.21410378e-01]
 [  1.83616103e-01   7.61675379e-02   1.51270679e+00]
 [ -2.03884226e-01   1.96732198e-01  -1.55972206e+00]
 [ -2.19862169e-01  -4.75084349e-01   9.22699401e-01]
 [  2.83817822e-01   3.21539629e-01  -3.54041197e-01]
 [  1.29834490e-01   1.22630123e-01  -6.03639294e-02]
 [ -6.04009645e-02  -6.83320019e-02   6.79019801e-02]
 [  2.27936006e-02   4.27920992e-02  -7.40568921e-02]
 [ -1.39331779e-01  -1.56427173e-01  -1.87693888e-01]
 [  1.21754219e-01   6.29563766e-02   1.43921590e-01]
 [ -1.35758147e-02   0.00000000e+00   0.00000000e+00]]
2
3.32912855251
[[ -5.15316195e+01  -1.69903107e+02   1.93120633e+02]
 [ -5.71291217e+01  -8.95943035e+01  -4.10421140e+01]
 [  2.55134918e+01   2.46125757e+01   3.17348724e+01]
 [  2.40881180e+00   1.82522591e+01  -1.68174455e+01]
 [ -3.86504065e+00  -3.87604425e+00  -2.66166566e+00]
 [  1.49085091e+00   1.89922447e+00   1.97302616e+00]
 [ -3.13017758e-01  -9.24252591e-01  -4.82335929e-01]
 [  4.74972455e+00   6.21225520e+00   4.81331695e+00]
 [ -2.89680525e+00  -1.86326521e+00  -3.60946507e+00]
 [  2.05137390e-01  -7.52214510e-01   6.04054016e-01]
 [  1.82437207e-01   7.79411838e-02   1.53287671e+00]
 [ -2.03404534e-01   1.93614908e-01  -1.57688463e+00]
 [ -2.20814531e-01  -4.73744792e-01   9.31889777e-01]
 [  2.84794847e-01   3.21696406e-01  -3.57212047e-01]
 [  1.29485332e-01   1.22245065e-01  -6.23075257e-02]
 [ -6.05709512e-02  -6.90969356e-02   6.88124161e-02]
 [  2.31141221e-02   4.35102277e-02  -7.43763723e-02]
 [ -1.39442448e-01  -1.57363223e-01  -1.90396793e-01]
 [  1.22004176e-01   6.37627332e-02   1.45543698e-01]
 [ -1.35420798e-02   0.00000000e+00   0.00000000e+00]]
3
0.255224768327
[[ -5.15503450e+01  -1.69924807e+02   1.93141999e+02]
 [ -5.71415909e+01  -8.95797244e+01  -4.09929006e+01]
 [  2.55234904e+01   2.46045815e+01   3.17063671e+01]
 [  2.41707680e+00   1.82606725e+01  -1.68283501e+01]
 [ -3.86406611e+00  -3.87224161e+00  -2.66539968e+00]
 [  1.49093546e+00   1.89756501e+00   1.97340723e+00]
 [ -3.13299565e-01  -9.24136846e-01  -4.81757512e-01]
 [  4.75139134e+00   6.21154724e+00   4.80808282e+00]
 [ -2.89805100e+00  -1.86288512e+00  -3.60655711e+00]
 [  2.04172440e-01  -7.53112222e-01   6.05451718e-01]
 [  1.82856639e-01   7.82036088e-02   1.53163286e+00]
 [ -2.03738760e-01   1.93496274e-01  -1.57602253e+00]
 [ -2.20670213e-01  -4.73780622e-01   9.31556944e-01]
 [  2.84763081e-01   3.21752162e-01  -3.57138930e-01]
 [  1.29406652e-01   1.22106104e-01  -6.21031577e-02]
 [ -6.05389433e-02  -6.90370884e-02   6.87429994e-02]
 [  2.31084012e-02   4.35071754e-02  -7.43681986e-02]
 [ -1.39510559e-01  -1.57360113e-01  -1.90199556e-01]
 [  1.22052978e-01   6.37618175e-02   1.45440970e-01]
 [ -1.35043914e-02   0.00000000e+00   0.00000000e+00]]
4
Finished successfully! number of iterations:  4
0.0874025578376
[[ -5.15511543e+01  -1.69931083e+02   1.93125154e+02]
 [ -5.71381857e+01  -8.95861398e+01  -4.09838798e+01]
 [  2.55195165e+01   2.46060084e+01   3.16983454e+01]
 [  2.41665119e+00   1.82616981e+01  -1.68232196e+01]
 [ -3.86366354e+00  -3.87205627e+00  -2.66090305e+00]
 [  1.49124045e+00   1.89790360e+00   1.97089757e+00]
 [ -3.13614148e-01  -9.24379402e-01  -4.81221921e-01]
 [  4.75116402e+00   6.21211955e+00   4.80759898e+00]
 [ -2.89760306e+00  -1.86288875e+00  -3.60586565e+00]
 [  2.04263260e-01  -7.53181773e-01   6.04997845e-01]
 [  1.82827969e-01   7.82990849e-02   1.53174527e+00]
 [ -2.03610185e-01   1.93523669e-01  -1.57595519e+00]
 [ -2.20768941e-01  -4.73832438e-01   9.31451108e-01]
 [  2.84794324e-01   3.21770025e-01  -3.57092566e-01]
 [  1.29414437e-01   1.22105892e-01  -6.22159828e-02]
 [ -6.05602773e-02  -6.90488309e-02   6.88040815e-02]
 [  2.31197481e-02   4.35118059e-02  -7.43813736e-02]
 [ -1.39504812e-01  -1.57379445e-01  -1.90194158e-01]
 [  1.22033475e-01   6.37572684e-02   1.45417529e-01]
 [ -1.35097735e-02   0.00000000e+00   0.00000000e+00]]
Time taken for 3Dl num time series exp:  21.530082941055298 , number of time series:  4
Avg AR burnin:  0.2009375 , Avg AR sampling:  0.0216625

 Estimated ordinary:  [[ -1.22819335e+01  -1.43898781e+01   6.35703789e+00   5.85937674e-01
   -6.88413535e-01   3.75761927e-01  -5.58786297e-02   1.19719563e+00
   -7.30136385e-01   3.63948856e-02   1.88075449e-02  -3.62785231e-02
   -3.93358080e-02   2.92968416e-02   2.30585943e-02  -1.52599445e-02
    4.11939273e-03  -2.48564607e-02   2.17434813e-02  -1.38975274e-03]
 [ -4.18303277e+01  -2.24855618e+01   6.05506510e+00   4.57206321e+00
   -6.89908921e-01   4.78232679e-01  -1.64702564e-01   1.56532638e+00
   -4.69409657e-01  -1.34199192e-01   8.05464047e-03   3.44813445e-02
   -8.44257427e-02   3.31005384e-02   2.17563843e-02  -1.73988854e-02
    7.75277552e-03  -2.80412978e-02   1.13600385e-02   0.00000000e+00]
 [  4.91156233e+01  -1.09318821e+01   8.35242170e+00  -4.21476695e+00
   -4.74110039e-01   4.96625657e-01  -8.57423739e-02   1.21141608e+00
   -9.08603991e-01   1.07796318e-01   1.57570902e-01  -2.80797971e-01
    1.65962575e-01  -3.67341743e-02  -1.10854178e-02   1.73372136e-02
   -1.32530030e-02  -3.38881042e-02   2.59099671e-02   0.00000000e+00]] 
 True ordinary:  [[  0.         -10.          10.           0.           0.           0.
    0.           0.           0.           0.           0.           0.
    0.           0.           0.           0.           0.           0.
    0.           0.        ]
 [  0.          28.          -1.           0.           0.           0.
    0.          -1.           0.           0.           0.           0.
    0.           0.           0.           0.           0.           0.
    0.           0.        ]
 [  0.           0.           0.          -2.66666667   0.           1.
    0.           0.           0.           0.           0.           0.
    0.           0.           0.           0.           0.           0.
    0.           0.        ]]

 Estimated hermite:  [[ -5.15511543e+01  -5.71381857e+01   2.55195165e+01   2.41665119e+00
   -3.86366354e+00   1.49124045e+00  -3.13614148e-01   4.75116402e+00
   -2.89760306e+00   2.04263260e-01   1.82827969e-01  -2.03610185e-01
   -2.20768941e-01   2.84794324e-01   1.29414437e-01  -6.05602773e-02
    2.31197481e-02  -1.39504812e-01   1.22033475e-01  -1.35097735e-02]
 [ -1.69931083e+02  -8.95861398e+01   2.46060084e+01   1.82616981e+01
   -3.87205627e+00   1.89790360e+00  -9.24379402e-01   6.21211955e+00
   -1.86288875e+00  -7.53181773e-01   7.82990849e-02   1.93523669e-01
   -4.73832438e-01   3.21770025e-01   1.22105892e-01  -6.90488309e-02
    4.35118059e-02  -1.57379445e-01   6.37572684e-02   0.00000000e+00]
 [  1.93125154e+02  -4.09838798e+01   3.16983454e+01  -1.68232196e+01
   -2.66090305e+00   1.97089757e+00  -4.81221921e-01   4.80759898e+00
   -3.60586565e+00   6.04997845e-01   1.53174527e+00  -1.57595519e+00
    9.31451108e-01  -3.57092566e-01  -6.22159828e-02   6.88040815e-02
   -7.43813736e-02  -1.90194158e-01   1.45417529e-01   0.00000000e+00]] 
 True hermite:  [[   0.          -39.68577824   39.68577824    0.            0.            0.
     0.            0.            0.            0.            0.            0.
     0.            0.            0.            0.            0.            0.
     0.            0.        ]
 [   0.          111.12017907   -3.96857782    0.            0.            0.
     0.           -3.96857782    0.            0.            0.            0.
     0.            0.            0.            0.            0.            0.
     0.            0.        ]
 [   0.            0.            0.          -10.5828742     0.
     3.96857782    0.            0.            0.            0.            0.
     0.            0.            0.            0.            0.            0.
     0.            0.            0.        ]]


