My SLURM_ARRAY_TASK_ID:  3
Data shape: (3, 101, 3)
Theta shape: (20, 3)
Theta: [[ 0.20825345  0.15925085  0.19153548]
 [ 0.26941217  0.21547531  0.05091814]
 [ 0.08702638  0.25978767  0.35013096]
 [ 0.15018577  0.42794099  0.04283521]
 [ 0.40849883  0.11102947  0.04982595]
 [ 0.22116058  0.16506463  0.11041778]
 [ 0.45436327  0.05110972  0.36366477]
 [ 0.46550818  0.08035016  0.43855659]
 [ 0.49003687  0.3825794   0.1129852 ]
 [ 0.26232491  0.38969775  0.20803533]
 [ 0.13054179  0.41317915  0.44255396]
 [ 0.06248264  0.43346026  0.13198106]
 [ 0.39342245  0.4258234   0.38407603]
 [ 0.48303927  0.41571336  0.32320148]
 [ 0.11097695  0.02422567  0.38257146]
 [ 0.04475476  0.30574467  0.28089361]
 [ 0.0305069   0.27295829  0.05460519]
 [ 0.34191261  0.39001765  0.34328115]
 [ 0.44717622  0.08980639  0.34268263]
 [ 0.23889839  0.0858402   0.3821453 ]]
1
855.381317848
[[ -8.75011700e+01  -1.91801674e+02   1.61706428e+02]
 [ -7.22713864e+01  -1.06892050e+02  -3.94813417e+01]
 [  3.17731436e+01   3.60046968e+01   3.14647630e+01]
 [  7.70939878e+00   2.02729460e+01  -1.22566227e+01]
 [ -1.67879531e+00  -2.08231815e+00  -2.21895436e+00]
 [ -1.86097244e+00  -1.28643583e+00  -7.36769691e-02]
 [  1.81659990e+00   1.19649069e+00   1.06092959e+00]
 [  6.31782638e+00   8.07714456e+00   5.04170087e+00]
 [ -3.53871508e+00  -3.00534664e+00  -4.00498495e+00]
 [ -1.92655287e-01  -8.60254635e-01   3.15600093e-01]
 [  2.83464719e-01   2.08485720e-01   1.53638733e+00]
 [ -1.38803867e-01   2.71204417e-01  -1.77280919e+00]
 [ -3.43829041e-01  -6.18521212e-01   1.11609842e+00]
 [  3.57356984e-01   4.02830770e-01  -4.18083335e-01]
 [  5.11345223e-02   6.33861650e-02  -7.70038166e-02]
 [  4.23059618e-02   2.21468767e-02   1.41861677e-01]
 [ -3.71035248e-02  -1.29319107e-02  -1.27419767e-01]
 [ -1.90220514e-01  -2.18910534e-01  -1.99392154e-01]
 [  1.39601554e-01   9.62673157e-02   1.64649457e-01]
 [  0.00000000e+00   1.26334453e-02   0.00000000e+00]]
2
3.87271888402
[[ -8.76546296e+01  -1.92058155e+02   1.61552016e+02]
 [ -7.25854038e+01  -1.07393115e+02  -4.01048670e+01]
 [  3.19642466e+01   3.63152030e+01   3.19032116e+01]
 [  7.76859609e+00   2.03387715e+01  -1.21401541e+01]
 [ -1.67838446e+00  -2.12808056e+00  -2.25223357e+00]
 [ -1.85106626e+00  -1.23240462e+00  -3.10022696e-02]
 [  1.80707820e+00   1.16806421e+00   1.04067990e+00]
 [  6.34806145e+00   8.12082685e+00   5.13331711e+00]
 [ -3.56208079e+00  -3.03839840e+00  -4.06697074e+00]
 [ -1.98951605e-01  -8.68342874e-01   2.99577165e-01]
 [  2.88327412e-01   2.14750811e-01   1.56497033e+00]
 [ -1.44875640e-01   2.62999405e-01  -1.79845303e+00]
 [ -3.40929524e-01  -6.14467070e-01   1.12944664e+00]
 [  3.57143720e-01   4.02381861e-01  -4.22018869e-01]
 [  5.09736760e-02   6.38278447e-02  -7.75324901e-02]
 [  4.20254878e-02   2.10558292e-02   1.41680860e-01]
 [ -3.67475697e-02  -1.21910467e-02  -1.27258090e-01]
 [ -1.91223367e-01  -2.20274934e-01  -2.03216712e-01]
 [  1.40538608e-01   9.75398301e-02   1.67155348e-01]
 [  0.00000000e+00   1.30013907e-02   0.00000000e+00]]
3
0.136487168524
[[ -8.76738755e+01  -1.92082925e+02   1.61531599e+02]
 [ -7.25879598e+01  -1.07396513e+02  -4.01013597e+01]
 [  3.19615096e+01   3.63116093e+01   3.18970589e+01]
 [  7.77423879e+00   2.03457354e+01  -1.21343580e+01]
 [ -1.67519948e+00  -2.12264179e+00  -2.24983012e+00]
 [ -1.85178907e+00  -1.23461033e+00  -3.14278915e-02]
 [  1.80675186e+00   1.16815439e+00   1.04025086e+00]
 [  6.34816413e+00   8.12066244e+00   5.13316252e+00]
 [ -3.56158391e+00  -3.03759541e+00  -4.06634577e+00]
 [ -1.99497995e-01  -8.68948967e-01   2.99021250e-01]
 [  2.88363190e-01   2.14624293e-01   1.56493097e+00]
 [ -1.44737762e-01   2.63309791e-01  -1.79812056e+00]
 [ -3.41087813e-01  -6.14714778e-01   1.12910001e+00]
 [  3.57213635e-01   4.02472595e-01  -4.21849329e-01]
 [  5.08813086e-02   6.36983129e-02  -7.76045680e-02]
 [  4.20467612e-02   2.10989443e-02   1.41692070e-01]
 [ -3.67435708e-02  -1.21887518e-02  -1.27245581e-01]
 [ -1.91226256e-01  -2.20261028e-01  -2.03216305e-01]
 [  1.40516398e-01   9.75015536e-02   1.67130016e-01]
 [  0.00000000e+00   1.30166389e-02   0.00000000e+00]]
4
Finished successfully! number of iterations:  4
0.0229685823014
[[ -8.76734864e+01  -1.92083417e+02   1.61534347e+02]
 [ -7.25871648e+01  -1.07393648e+02  -4.01005812e+01]
 [  3.19612526e+01   3.63100447e+01   3.18971141e+01]
 [  7.77430250e+00   2.03460276e+01  -1.21346631e+01]
 [ -1.67511430e+00  -2.12232379e+00  -2.25026483e+00]
 [ -1.85175721e+00  -1.23468554e+00  -3.08902884e-02]
 [  1.80671035e+00   1.16811330e+00   1.03994815e+00]
 [  6.34817644e+00   8.12053663e+00   5.13312156e+00]
 [ -3.56162058e+00  -3.03754111e+00  -4.06637424e+00]
 [ -1.99520256e-01  -8.68990056e-01   2.99031077e-01]
 [  2.88389750e-01   2.14653642e-01   1.56494501e+00]
 [ -1.44759977e-01   2.63290320e-01  -1.79815171e+00]
 [ -3.41078866e-01  -6.14709545e-01   1.12913328e+00]
 [  3.57213076e-01   4.02473602e-01  -4.21868418e-01]
 [  5.08766661e-02   6.36881049e-02  -7.75949337e-02]
 [  4.20470270e-02   2.11008719e-02   1.41678974e-01]
 [ -3.67427331e-02  -1.21870136e-02  -1.27238190e-01]
 [ -1.91228548e-01  -2.20260307e-01  -2.03215930e-01]
 [  1.40518772e-01   9.75017409e-02   1.67131665e-01]
 [  0.00000000e+00   1.30182948e-02   0.00000000e+00]]
Time taken for 3Dl num time series exp:  15.70146656036377 , number of time series:  3
Avg AR burnin:  0.18075 , Avg AR sampling:  0.0240416666667

 Estimated ordinary:  [[ -2.20798131e+01  -1.82846283e+01   7.94409437e+00   1.95644602e+00
   -2.98465781e-01  -4.66604737e-01   3.21913087e-01   1.59960992e+00
   -8.97455143e-01  -3.55497945e-02   2.96667037e-02  -2.57928069e-02
   -6.07721934e-02   3.67465712e-02   9.06501956e-03   1.05949861e-02
   -6.54668672e-03  -3.40724080e-02   2.50371244e-02   0.00000000e+00]
 [ -4.80762197e+01  -2.69784632e+01   8.96089236e+00   5.11358668e+00
   -3.78147943e-01  -3.11115364e-01   2.08130185e-01   2.04620824e+00
   -7.65397893e-01  -1.54833492e-01   2.20814574e-02   4.69121129e-02
   -1.09526714e-01   4.14025294e-02   1.13477152e-02   5.31698579e-03
   -2.17143782e-03  -3.92451814e-02   1.73725060e-02   1.33919424e-03]
 [  4.08657033e+01  -1.07524569e+01   8.45821907e+00  -3.02118914e+00
   -4.00944014e-01  -7.78371743e-03   1.85294183e-01   1.29344107e+00
   -1.02464269e+00   5.32802711e-02   1.60986165e-01  -3.20388141e-01
    2.01184866e-01  -4.33976775e-02  -1.38255834e-02   3.57001880e-02
   -2.26708386e-02  -3.62082762e-02   2.97789130e-02   0.00000000e+00]] 
 True ordinary:  [[  0.         -10.          10.           0.           0.           0.
    0.           0.           0.           0.           0.           0.
    0.           0.           0.           0.           0.           0.
    0.           0.        ]
 [  0.          28.          -1.           0.           0.           0.
    0.          -1.           0.           0.           0.           0.
    0.           0.           0.           0.           0.           0.
    0.           0.        ]
 [  0.           0.           0.          -2.66666667   0.           1.
    0.           0.           0.           0.           0.           0.
    0.           0.           0.           0.           0.           0.
    0.           0.        ]]

 Estimated hermite:  [[ -8.76734864e+01  -7.25871648e+01   3.19612526e+01   7.77430250e+00
   -1.67511430e+00  -1.85175721e+00   1.80671035e+00   6.34817644e+00
   -3.56162058e+00  -1.99520256e-01   2.88389750e-01  -1.44759977e-01
   -3.41078866e-01   3.57213076e-01   5.08766661e-02   4.20470270e-02
   -3.67427331e-02  -1.91228548e-01   1.40518772e-01   0.00000000e+00]
 [ -1.92083417e+02  -1.07393648e+02   3.63100447e+01   2.03460276e+01
   -2.12232379e+00  -1.23468554e+00   1.16811330e+00   8.12053663e+00
   -3.03754111e+00  -8.68990056e-01   2.14653642e-01   2.63290320e-01
   -6.14709545e-01   4.02473602e-01   6.36881049e-02   2.11008719e-02
   -1.21870136e-02  -2.20260307e-01   9.75017409e-02   1.30182948e-02]
 [  1.61534347e+02  -4.01005812e+01   3.18971141e+01  -1.21346631e+01
   -2.25026483e+00  -3.08902884e-02   1.03994815e+00   5.13312156e+00
   -4.06637424e+00   2.99031077e-01   1.56494501e+00  -1.79815171e+00
    1.12913328e+00  -4.21868418e-01  -7.75949337e-02   1.41678974e-01
   -1.27238190e-01  -2.03215930e-01   1.67131665e-01   0.00000000e+00]] 
 True hermite:  [[   0.          -39.68577824   39.68577824    0.            0.            0.
     0.            0.            0.            0.            0.            0.
     0.            0.            0.            0.            0.            0.
     0.            0.        ]
 [   0.          111.12017907   -3.96857782    0.            0.            0.
     0.           -3.96857782    0.            0.            0.            0.
     0.            0.            0.            0.            0.            0.
     0.            0.        ]
 [   0.            0.            0.          -10.5828742     0.
     3.96857782    0.            0.            0.            0.            0.
     0.            0.            0.            0.            0.            0.
     0.            0.            0.        ]]


