My SLURM_ARRAY_TASK_ID:  1
Data shape: (1, 101, 3)
Theta shape: (20, 3)
Theta: [[ 0.23609251  0.22046448  0.32292801]
 [ 0.32028947  0.49039116  0.00692364]
 [ 0.40867282  0.44304096  0.4383148 ]
 [ 0.26230165  0.30835696  0.32728952]
 [ 0.46949965  0.22543233  0.39333978]
 [ 0.22421134  0.47868936  0.30924506]
 [ 0.10185972  0.03851479  0.29425863]
 [ 0.49499282  0.06145857  0.44582213]
 [ 0.42760243  0.00202466  0.29419245]
 [ 0.48410959  0.07727289  0.43377498]
 [ 0.17814634  0.27418346  0.18752713]
 [ 0.18161048  0.08132155  0.22661907]
 [ 0.38775739  0.49940736  0.37231023]
 [ 0.139673    0.45393062  0.26547894]
 [ 0.20331973  0.04153481  0.42259112]
 [ 0.13078883  0.31442411  0.26565278]
 [ 0.20705596  0.34656403  0.48588989]
 [ 0.40346245  0.16310299  0.2162467 ]
 [ 0.11169335  0.32195042  0.45052068]
 [ 0.44688839  0.14967614  0.27476352]]
1
1166.44863148
[[ -1.03423231e+02  -2.54194518e+02   2.66646384e+02]
 [ -6.33779435e+01  -1.42497387e+02   2.51407191e+01]
 [  5.01789205e+01   9.57963903e+01   1.06529388e+01]
 [  3.95639066e+00   2.07726735e+01  -3.02565715e+01]
 [  3.12844862e+00  -1.11896267e+00  -1.41984442e+00]
 [ -9.63225215e+00  -6.28688973e+00  -4.37240206e+00]
 [  5.82733731e+00   4.17050735e+00   4.52636388e+00]
 [  5.60199694e+00   1.18440777e+01   2.94816130e+00]
 [ -5.57380537e+00  -9.17428511e+00  -4.80033395e+00]
 [  8.02201520e-01  -1.11422573e-01   1.54091931e+00]
 [ -2.71536961e-01   4.92800698e-01   3.02590924e+00]
 [ -7.46673847e-02  -5.49476830e-01  -3.42715259e+00]
 [ -6.25537708e-02   1.71122727e-01   2.24918313e+00]
 [  1.40621096e-01   2.69551267e-02  -8.58694124e-01]
 [  7.88620358e-02   1.48204773e-01  -1.97419483e-01]
 [  1.43472502e-01   6.97118286e-02   3.45319844e-01]
 [ -8.89759369e-02  -3.71197773e-02  -2.64353758e-01]
 [ -1.55113164e-01  -3.38228315e-01  -2.24438082e-01]
 [  2.04088560e-01   3.03230492e-01   2.49075490e-01]
 [ -5.64592674e-02  -3.17037362e-02  -1.67447725e-02]]
2
3.67633935206
[[ -1.03252025e+02  -2.53836297e+02   2.66224667e+02]
 [ -6.30042052e+01  -1.42324438e+02   2.45937791e+01]
 [  5.00357482e+01   9.58964838e+01   1.09800707e+01]
 [  3.92066712e+00   2.07037306e+01  -3.00993047e+01]
 [  3.20607677e+00  -1.08820407e+00  -1.45192104e+00]
 [ -9.72824644e+00  -6.35842324e+00  -4.32685068e+00]
 [  5.87851995e+00   4.21590851e+00   4.50221263e+00]
 [  5.57360948e+00   1.18255298e+01   3.03214994e+00]
 [ -5.57048135e+00  -9.19489800e+00  -4.85035271e+00]
 [  8.06124751e-01  -1.06074662e-01   1.52395285e+00]
 [ -2.72567317e-01   4.87596763e-01   3.04836414e+00]
 [ -7.77207585e-02  -5.54966465e-01  -3.44324504e+00]
 [ -5.97794172e-02   1.77563372e-01   2.25480823e+00]
 [  1.39927152e-01   2.46850571e-02  -8.59211156e-01]
 [  7.68834284e-02   1.47112677e-01  -1.97062310e-01]
 [  1.46149957e-01   7.19604800e-02   3.44134973e-01]
 [ -9.04395658e-02  -3.84311117e-02  -2.63580498e-01]
 [ -1.54341912e-01  -3.37469755e-01  -2.27897401e-01]
 [  2.04263832e-01   3.04295006e-01   2.51051501e-01]
 [ -5.66137590e-02  -3.18342737e-02  -1.61246114e-02]]
3
Finished successfully! number of iterations:  3
0.0273863073717
[[ -1.03249103e+02  -2.53834876e+02   2.66223570e+02]
 [ -6.30066989e+01  -1.42326186e+02   2.45866994e+01]
 [  5.00371889e+01   9.58972073e+01   1.09822590e+01]
 [  3.91983225e+00   2.07036373e+01  -3.01001354e+01]
 [  3.20539115e+00  -1.08794710e+00  -1.45216724e+00]
 [ -9.72763093e+00  -6.35842719e+00  -4.32650903e+00]
 [  5.87823162e+00   4.21580103e+00   4.50205690e+00]
 [  5.57364651e+00   1.18254572e+01   3.03251697e+00]
 [ -5.57047766e+00  -9.19476370e+00  -4.85026747e+00]
 [  8.06207908e-01  -1.06053320e-01   1.52408554e+00]
 [ -2.72627960e-01   4.87484839e-01   3.04829688e+00]
 [ -7.76812024e-02  -5.54848430e-01  -3.44310129e+00]
 [ -5.97746270e-02   1.77527523e-01   2.25471081e+00]
 [  1.39909411e-01   2.46738350e-02  -8.59185213e-01]
 [  7.69039368e-02   1.47114070e-01  -1.97041214e-01]
 [  1.46133910e-01   7.19579843e-02   3.44119494e-01]
 [ -9.04330403e-02  -3.84285783e-02  -2.63577776e-01]
 [ -1.54338768e-01  -3.37461677e-01  -2.27902396e-01]
 [  2.04260719e-01   3.04284429e-01   2.51040107e-01]
 [ -5.66165889e-02  -3.18362291e-02  -1.61308417e-02]]
Time taken for 3Dl num time series exp:  4.731240272521973 , number of time series:  1
Avg AR burnin:  0.233 , Avg AR sampling:  0.0186

 Estimated ordinary:  [[ -2.77787848e+01  -1.57541066e+01   1.25426116e+01   1.00760016e+00
    5.71124953e-01  -2.45116295e+00   1.04736196e+00   1.40444430e+00
   -1.40364582e+00   1.43647197e-01  -2.80452857e-02  -1.38409545e-02
   -1.06504259e-02   1.43925054e-02   1.37024641e-02   3.68227402e-02
   -1.61130306e-02  -2.74995211e-02   3.63944329e-02  -5.82415834e-03]
 [ -6.44995823e+01  -3.59852184e+01   2.42011541e+01   5.20735065e+00
   -1.93846463e-01  -1.60219289e+00   7.51156113e-01   2.97977204e+00
   -2.31689137e+00  -1.88961953e-02   5.01476501e-02  -9.88608778e-02
    3.16312093e-02   2.53820169e-03   2.62122507e-02   1.81319323e-02
   -6.84706450e-03  -6.01276958e-02   5.42162943e-02  -3.27499842e-03]
 [  6.62678907e+01   4.89347679e+00   3.60120690e+00  -7.49756556e+00
   -2.58741883e-01  -1.09019130e+00   8.02160145e-01   7.64131915e-01
   -1.22216766e+00   2.71556025e-01   3.13578830e-01  -6.13479281e-01
    4.01736182e-01  -8.83845321e-02  -3.51080877e-02   8.67110358e-02
   -4.69633306e-02  -4.06068211e-02   4.47294144e-02  -1.65938249e-03]] 
 True ordinary:  [[  0.         -10.          10.           0.           0.           0.
    0.           0.           0.           0.           0.           0.
    0.           0.           0.           0.           0.           0.
    0.           0.        ]
 [  0.          28.          -1.           0.           0.           0.
    0.          -1.           0.           0.           0.           0.
    0.           0.           0.           0.           0.           0.
    0.           0.        ]
 [  0.           0.           0.          -2.66666667   0.           1.
    0.           0.           0.           0.           0.           0.
    0.           0.           0.           0.           0.           0.
    0.           0.        ]]

 Estimated hermite:  [[ -1.03249103e+02  -6.30066989e+01   5.00371889e+01   3.91983225e+00
    3.20539115e+00  -9.72763093e+00   5.87823162e+00   5.57364651e+00
   -5.57047766e+00   8.06207908e-01  -2.72627960e-01  -7.76812024e-02
   -5.97746270e-02   1.39909411e-01   7.69039368e-02   1.46133910e-01
   -9.04330403e-02  -1.54338768e-01   2.04260719e-01  -5.66165889e-02]
 [ -2.53834876e+02  -1.42326186e+02   9.58972073e+01   2.07036373e+01
   -1.08794710e+00  -6.35842719e+00   4.21580103e+00   1.18254572e+01
   -9.19476370e+00  -1.06053320e-01   4.87484839e-01  -5.54848430e-01
    1.77527523e-01   2.46738350e-02   1.47114070e-01   7.19579843e-02
   -3.84285783e-02  -3.37461677e-01   3.04284429e-01  -3.18362291e-02]
 [  2.66223570e+02   2.45866994e+01   1.09822590e+01  -3.01001354e+01
   -1.45216724e+00  -4.32650903e+00   4.50205690e+00   3.03251697e+00
   -4.85026747e+00   1.52408554e+00   3.04829688e+00  -3.44310129e+00
    2.25471081e+00  -8.59185213e-01  -1.97041214e-01   3.44119494e-01
   -2.63577776e-01  -2.27902396e-01   2.51040107e-01  -1.61308417e-02]] 
 True hermite:  [[   0.          -39.68577824   39.68577824    0.            0.            0.
     0.            0.            0.            0.            0.            0.
     0.            0.            0.            0.            0.            0.
     0.            0.        ]
 [   0.          111.12017907   -3.96857782    0.            0.            0.
     0.           -3.96857782    0.            0.            0.            0.
     0.            0.            0.            0.            0.            0.
     0.            0.        ]
 [   0.            0.            0.          -10.5828742     0.
     3.96857782    0.            0.            0.            0.            0.
     0.            0.            0.            0.            0.            0.
     0.            0.            0.        ]]


