My SLURM_ARRAY_TASK_ID:  8
Data shape: (8, 101, 3)
Theta shape: (20, 3)
Theta: [[ 0.41182337  0.37329956  0.03547543]
 [ 0.46561516  0.46650318  0.24656504]
 [ 0.3780328   0.05001216  0.08801712]
 [ 0.07477492  0.12389341  0.25543913]
 [ 0.13724756  0.4468838   0.02661133]
 [ 0.23593281  0.05455525  0.4708234 ]
 [ 0.01005886  0.4793086   0.01698869]
 [ 0.47666347  0.06888823  0.3302003 ]
 [ 0.35225976  0.37563799  0.06417111]
 [ 0.22819891  0.28443072  0.13701491]
 [ 0.43056959  0.14270454  0.13651651]
 [ 0.15906678  0.37359215  0.22208899]
 [ 0.0649424   0.49156309  0.29361912]
 [ 0.16424491  0.10021223  0.09933076]
 [ 0.00979957  0.48503942  0.29309477]
 [ 0.34571902  0.27502751  0.34427108]
 [ 0.36187801  0.09684768  0.16947328]
 [ 0.28599416  0.04812723  0.37161591]
 [ 0.28051314  0.18696459  0.36992374]
 [ 0.10963589  0.20264014  0.44485771]]
1
711.744213468
[[  2.82549598e+00  -8.27625543e+01   2.67613788e+02]
 [ -6.73808633e+01  -1.09420850e+02   1.03510891e+01]
 [  3.52016841e+01   3.83399175e+01   2.20720466e+00]
 [ -6.76141926e-01   1.07224531e+01  -3.15718671e+01]
 [ -1.13738257e+00  -2.24849236e+00   3.75219461e-01]
 [  1.34780633e+00   2.70106766e+00  -3.53142543e+00]
 [ -1.11991587e+00  -2.03022181e+00   2.70912237e+00]
 [  5.62320282e+00   7.64837820e+00   5.43401642e-01]
 [ -3.69071744e+00  -2.81595930e+00  -1.08405747e+00]
 [  1.30746115e-01  -5.64721344e-01   1.99836208e+00]
 [  3.75647328e-01   3.01223248e-01   9.48262129e-01]
 [ -4.90596760e-01  -1.43711332e-01  -1.02056885e+00]
 [  6.38265524e-02  -1.43113194e-01   6.87513184e-01]
 [  1.21774616e-01   1.33272353e-01  -3.02149778e-01]
 [  6.10172619e-02   7.92687542e-02  -5.62241946e-02]
 [ -7.17271302e-02  -1.03526087e-01   1.58817545e-01]
 [  5.61765811e-02   8.22240017e-02  -1.32802332e-01]
 [ -1.66750117e-01  -1.96981954e-01  -5.94037932e-02]
 [  1.44615218e-01   8.82773234e-02   6.09717360e-02]
 [  0.00000000e+00   1.07295445e-02  -5.00497126e-02]]
2
1.53691777285
[[  2.76009090e+00  -8.28291728e+01   2.68002595e+02]
 [ -6.75151782e+01  -1.09628968e+02   1.02764299e+01]
 [  3.52466080e+01   3.84663863e+01   2.31742692e+00]
 [ -6.76991788e-01   1.07174507e+01  -3.16302953e+01]
 [ -1.11900402e+00  -2.25796684e+00   3.45335923e-01]
 [  1.33242688e+00   2.71517578e+00  -3.51475023e+00]
 [ -1.11669260e+00  -2.03917656e+00   2.70803263e+00]
 [  5.63077351e+00   7.66183157e+00   5.71154983e-01]
 [ -3.69399918e+00  -2.82596913e+00  -1.10662153e+00]
 [  1.32466951e-01  -5.63421899e-01   2.00121298e+00]
 [  3.74929763e-01   3.01045534e-01   9.60187121e-01]
 [ -4.89827823e-01  -1.43820312e-01  -1.03069127e+00]
 [  6.27661994e-02  -1.43494742e-01   6.92476465e-01]
 [  1.22623587e-01   1.33808286e-01  -3.03483870e-01]
 [  6.09570592e-02   7.97469306e-02  -5.59006380e-02]
 [ -7.16715454e-02  -1.04116313e-01   1.58770976e-01]
 [  5.63232314e-02   8.25884804e-02  -1.32983124e-01]
 [ -1.66873827e-01  -1.97277768e-01  -6.07881186e-02]
 [  1.44701668e-01   8.85726252e-02   6.19482132e-02]
 [  0.00000000e+00   1.06640495e-02  -5.00580787e-02]]
3
0.231121393691
[[  2.75552686e+00  -8.28257932e+01   2.67925550e+02]
 [ -6.74963634e+01  -1.09650858e+02   1.02772980e+01]
 [  3.52387894e+01   3.84779967e+01   2.30543021e+00]
 [ -6.79475332e-01   1.07133030e+01  -3.16095292e+01]
 [ -1.12031913e+00  -2.26014236e+00   3.57619456e-01]
 [  1.33284960e+00   2.71525085e+00  -3.52278250e+00]
 [ -1.11616485e+00  -2.03838111e+00   2.71049988e+00]
 [  5.62963806e+00   7.66319528e+00   5.70802514e-01]
 [ -3.69374836e+00  -2.82673415e+00  -1.10523098e+00]
 [  1.32772710e-01  -5.62911552e-01   1.99932292e+00]
 [  3.74822600e-01   3.01104040e-01   9.60017017e-01]
 [ -4.89756544e-01  -1.43904858e-01  -1.03026321e+00]
 [  6.27129574e-02  -1.43434358e-01   6.92083752e-01]
 [  1.22659547e-01   1.33784152e-01  -3.03294111e-01]
 [  6.09846298e-02   7.98213717e-02  -5.62304082e-02]
 [ -7.16657043e-02  -1.04115260e-01   1.58975579e-01]
 [  5.62888119e-02   8.25566141e-02  -1.33038250e-01]
 [ -1.66848014e-01  -1.97308932e-01  -6.07705872e-02]
 [  1.44703275e-01   8.85931207e-02   6.18932277e-02]
 [  0.00000000e+00   1.06454277e-02  -5.00019297e-02]]
4
Finished successfully! number of iterations:  4
0.0636380151962
[[  2.75170302e+00  -8.28366777e+01   2.67918801e+02]
 [ -6.74929408e+01  -1.09645724e+02   1.02849774e+01]
 [  3.52361154e+01   3.84733562e+01   2.30109237e+00]
 [ -6.79120457e-01   1.07150115e+01  -3.16093172e+01]
 [ -1.12037899e+00  -2.25944303e+00   3.57307138e-01]
 [  1.33308020e+00   2.71474380e+00  -3.52275558e+00]
 [ -1.11640250e+00  -2.03818664e+00   2.71047414e+00]
 [  5.62938043e+00   7.66276360e+00   5.70356646e-01]
 [ -3.69358176e+00  -2.82634621e+00  -1.10502346e+00]
 [  1.32762148e-01  -5.63046627e-01   1.99936867e+00]
 [  3.74856816e-01   3.01057945e-01   9.60030379e-01]
 [ -4.89864058e-01  -1.43902834e-01  -1.03029861e+00]
 [  6.28246902e-02  -1.43413335e-01   6.92110874e-01]
 [  1.22600949e-01   1.33769603e-01  -3.03302455e-01]
 [  6.09891333e-02   7.97961353e-02  -5.62183704e-02]
 [ -7.16770823e-02  -1.04098966e-01   1.58971766e-01]
 [  5.63000854e-02   8.25514836e-02  -1.33034273e-01]
 [ -1.66842043e-01  -1.97295704e-01  -6.07618631e-02]
 [  1.44701680e-01   8.85824011e-02   6.18909666e-02]
 [  0.00000000e+00   1.06498348e-02  -5.00046729e-02]]
Time taken for 3Dl num time series exp:  41.91628432273865 , number of time series:  8
Avg AR burnin:  0.18990625 , Avg AR sampling:  0.021903125

 Estimated ordinary:  [[  1.06825910e+00  -1.71039844e+01   8.90244030e+00  -1.92022556e-01
   -1.99625059e-01   3.35908797e-01  -1.98916543e-01   1.41848810e+00
   -9.30706646e-01   2.36550773e-02   3.85615858e-02  -8.72821985e-02
    1.11938751e-02   1.26119809e-02   1.08668222e-02  -1.80611508e-02
    1.00313447e-02  -2.97273093e-02   2.57824198e-02   0.00000000e+00]
 [ -2.00070816e+01  -2.76606709e+01   9.66306866e+00   2.66774940e+00
   -4.02579352e-01   6.84059610e-01  -3.63156692e-01   1.93085885e+00
   -7.12181124e-01  -1.00321603e-01   3.09698832e-02  -2.56400843e-02
   -2.55528671e-02   1.37609023e-02   1.42177855e-02  -2.62307986e-02
    1.47087235e-02  -3.51534320e-02   1.57832905e-02   1.09555035e-03]
 [  6.66071819e+01   2.18283586e+00   8.45977641e-01  -7.91574558e+00
    6.36636880e-02  -8.87661962e-01   4.82942437e-01   1.43718146e-01
   -2.78443188e-01   3.56240247e-01   9.87584919e-02  -1.83574864e-01
    1.23317802e-01  -3.12007763e-02  -1.00167850e-02   4.00576158e-02
   -2.37035636e-02  -1.08263281e-02   1.10275076e-02  -5.14398939e-03]] 
 True ordinary:  [[  0.         -10.          10.           0.           0.           0.
    0.           0.           0.           0.           0.           0.
    0.           0.           0.           0.           0.           0.
    0.           0.        ]
 [  0.          28.          -1.           0.           0.           0.
    0.          -1.           0.           0.           0.           0.
    0.           0.           0.           0.           0.           0.
    0.           0.        ]
 [  0.           0.           0.          -2.66666667   0.           1.
    0.           0.           0.           0.           0.           0.
    0.           0.           0.           0.           0.           0.
    0.           0.        ]]

 Estimated hermite:  [[  2.75170302e+00  -6.74929408e+01   3.52361154e+01  -6.79120457e-01
   -1.12037899e+00   1.33308020e+00  -1.11640250e+00   5.62938043e+00
   -3.69358176e+00   1.32762148e-01   3.74856816e-01  -4.89864058e-01
    6.28246902e-02   1.22600949e-01   6.09891333e-02  -7.16770823e-02
    5.63000854e-02  -1.66842043e-01   1.44701680e-01   0.00000000e+00]
 [ -8.28366777e+01  -1.09645724e+02   3.84733562e+01   1.07150115e+01
   -2.25944303e+00   2.71474380e+00  -2.03818664e+00   7.66276360e+00
   -2.82634621e+00  -5.63046627e-01   3.01057945e-01  -1.43902834e-01
   -1.43413335e-01   1.33769603e-01   7.97961353e-02  -1.04098966e-01
    8.25514836e-02  -1.97295704e-01   8.85824011e-02   1.06498348e-02]
 [  2.67918801e+02   1.02849774e+01   2.30109237e+00  -3.16093172e+01
    3.57307138e-01  -3.52275558e+00   2.71047414e+00   5.70356646e-01
   -1.10502346e+00   1.99936867e+00   9.60030379e-01  -1.03029861e+00
    6.92110874e-01  -3.03302455e-01  -5.62183704e-02   1.58971766e-01
   -1.33034273e-01  -6.07618631e-02   6.18909666e-02  -5.00046729e-02]] 
 True hermite:  [[   0.          -39.68577824   39.68577824    0.            0.            0.
     0.            0.            0.            0.            0.            0.
     0.            0.            0.            0.            0.            0.
     0.            0.        ]
 [   0.          111.12017907   -3.96857782    0.            0.            0.
     0.           -3.96857782    0.            0.            0.            0.
     0.            0.            0.            0.            0.            0.
     0.            0.        ]
 [   0.            0.            0.          -10.5828742     0.
     3.96857782    0.            0.            0.            0.            0.
     0.            0.            0.            0.            0.            0.
     0.            0.            0.        ]]


