My SLURM_ARRAY_TASK_ID:  5
Data shape: (5, 101, 3)
Theta shape: (20, 3)
Theta: [[ 0.12627404  0.47612424  0.09223662]
 [ 0.45356221  0.40561914  0.41782292]
 [ 0.48624242  0.28492904  0.14279197]
 [ 0.1001605   0.37387503  0.04409397]
 [ 0.3322042   0.18300612  0.43011449]
 [ 0.4107555   0.1843216   0.45060752]
 [ 0.18553653  0.36401869  0.28281958]
 [ 0.46641277  0.45681853  0.45968328]
 [ 0.29188098  0.36122068  0.06463229]
 [ 0.33038868  0.34692857  0.39984932]
 [ 0.44388789  0.17788889  0.28725362]
 [ 0.04638342  0.2093123   0.47666384]
 [ 0.3672847   0.3699817   0.12440716]
 [ 0.10900717  0.07748733  0.18354996]
 [ 0.08192582  0.01364183  0.36629897]
 [ 0.11733081  0.26387908  0.35857346]
 [ 0.43871051  0.23134096  0.47132959]
 [ 0.41553793  0.09169866  0.09880895]
 [ 0.44374899  0.06939206  0.26913029]
 [ 0.15212062  0.13818724  0.38359723]]
1
664.381870781
[[ -1.93978294e+01  -1.16689420e+02   2.28168268e+02]
 [ -4.94584994e+01  -8.19249515e+01  -1.81679149e+01]
 [  2.13927094e+01   2.06439895e+01   2.26102874e+01]
 [ -2.62089720e+00   1.08630912e+01  -2.33653287e+01]
 [ -3.22852848e+00  -3.09519012e+00  -2.61770614e+00]
 [  1.45398766e+00   2.08451393e+00   5.32064449e-01]
 [ -4.95509010e-01  -1.30647477e+00   4.65655707e-01]
 [  3.97068282e+00   5.56673963e+00   3.26090008e+00]
 [ -2.36746203e+00  -1.38033357e+00  -3.06941224e+00]
 [  6.13557067e-01  -2.47790506e-01   1.16384153e+00]
 [ -1.01249495e-02  -2.66739949e-02   1.48201617e+00]
 [  3.44552650e-02   3.78792309e-01  -1.52129498e+00]
 [ -3.60841934e-01  -5.98135744e-01   9.39885518e-01]
 [  3.25773535e-01   3.59417980e-01  -3.81492636e-01]
 [  1.44647901e-01   1.27929549e-01  -4.94539752e-02]
 [ -8.32652938e-02  -9.50769356e-02   9.99338032e-02]
 [  3.71636296e-02   6.17512839e-02  -9.31288859e-02]
 [ -1.11443952e-01  -1.37331497e-01  -1.52823707e-01]
 [  9.86158648e-02   4.25599707e-02   1.31829507e-01]
 [ -2.84845408e-02   0.00000000e+00  -1.65453970e-02]]
2
1.95482365632
[[ -1.93042317e+01  -1.16483201e+02   2.28343353e+02]
 [ -4.93656063e+01  -8.19995283e+01  -1.84979090e+01]
 [  2.13355456e+01   2.06947063e+01   2.29043174e+01]
 [ -2.62261883e+00   1.07954319e+01  -2.33203478e+01]
 [ -3.21646332e+00  -3.14659388e+00  -2.65338876e+00]
 [  1.45761740e+00   2.12810161e+00   5.88399494e-01]
 [ -5.04922777e-01  -1.32483175e+00   4.35884185e-01]
 [  3.95899883e+00   5.56862985e+00   3.31421444e+00]
 [ -2.36424468e+00  -1.38650480e+00  -3.11069235e+00]
 [  6.13643845e-01  -2.41444001e-01   1.15412903e+00]
 [ -1.39033712e-02  -2.96878071e-02   1.49870935e+00]
 [  3.66975163e-02   3.79627505e-01  -1.53598534e+00]
 [ -3.62479858e-01  -5.98784077e-01   9.47282646e-01]
 [  3.26918748e-01   3.60249475e-01  -3.83554976e-01]
 [  1.44618940e-01   1.29406376e-01  -4.97542406e-02]
 [ -8.37030708e-02  -9.63276531e-02   9.93294540e-02]
 [  3.76524802e-02   6.22819012e-02  -9.27651402e-02]
 [ -1.10967123e-01  -1.37229250e-01  -1.55089916e-01]
 [  9.85874006e-02   4.28235470e-02   1.33458156e-01]
 [ -2.85126320e-02   0.00000000e+00  -1.60551254e-02]]
3
Finished successfully! number of iterations:  3
0.0789705310637
[[ -1.93052533e+01  -1.16485637e+02   2.28337108e+02]
 [ -4.93587635e+01  -8.19940829e+01  -1.84828242e+01]
 [  2.13318586e+01   2.06919447e+01   2.28955694e+01]
 [ -2.62199226e+00   1.07962160e+01  -2.33176723e+01]
 [ -3.21582375e+00  -3.14621773e+00  -2.64933478e+00]
 [  1.45674909e+00   2.12718754e+00   5.85267012e-01]
 [ -5.04437491e-01  -1.32419640e+00   4.37017451e-01]
 [  3.95865288e+00   5.56830406e+00   3.31330800e+00]
 [ -2.36403602e+00  -1.38634884e+00  -3.11020178e+00]
 [  6.13586431e-01  -2.41511833e-01   1.15386326e+00]
 [ -1.38701852e-02  -2.96921310e-02   1.49883457e+00]
 [  3.66588388e-02   3.79604412e-01  -1.53614298e+00]
 [ -3.62434959e-01  -5.98742175e-01   9.47393152e-01]
 [  3.26886437e-01   3.60220030e-01  -3.83597287e-01]
 [  1.44602716e-01   1.29394842e-01  -4.98630897e-02]
 [ -8.36814545e-02  -9.63005400e-02   9.94104631e-02]
 [  3.76421376e-02   6.22638294e-02  -9.27914634e-02]
 [ -1.10961897e-01  -1.37221927e-01  -1.55073519e-01]
 [  9.85830434e-02   4.28202136e-02   1.33450825e-01]
 [ -2.85110945e-02   0.00000000e+00  -1.60472437e-02]]
Time taken for 3Dl num time series exp:  20.40104866027832 , number of time series:  5
Avg AR burnin:  0.191866666667 , Avg AR sampling:  0.0209733333333

 Estimated ordinary:  [[ -4.31099078e+00  -1.23487647e+01   5.25021219e+00  -6.84361031e-01
   -5.72983795e-01   3.67070814e-01  -8.98788398e-02   9.97499117e-01
   -5.95688461e-01   1.09326601e-01  -1.42682836e-03   6.53173874e-03
   -6.45773444e-02   3.36268646e-02   2.57647868e-02  -2.10860057e-02
    6.70693935e-03  -1.97707878e-02   1.75651686e-02  -2.93294125e-03]
 [ -2.85124313e+01  -2.05205280e+01   5.02751077e+00   2.68627537e+00
   -5.60581646e-01   5.36007517e-01  -2.35940505e-01   1.40309811e+00
   -3.49331397e-01  -4.30317012e-02  -3.05443468e-03   6.76365352e-02
   -1.06681706e-01   3.70558971e-02   2.30551029e-02  -2.42657557e-02
    1.10939430e-02  -2.44497045e-02   7.62955012e-03   0.00000000e+00]
 [  5.77248472e+01  -5.26102035e+00   6.13752141e+00  -5.84520387e+00
   -4.72048847e-01   1.47475251e-01   7.78661820e-02   8.34885481e-01
   -7.83706890e-01   2.05591165e-01   1.54185373e-01  -2.73704377e-01
    1.68803071e-01  -3.94607195e-02  -8.88442420e-03   2.50493924e-02
   -1.65332459e-02  -2.76304364e-02   2.37777832e-02  -1.65078275e-03]] 
 True ordinary:  [[  0.         -10.          10.           0.           0.           0.
    0.           0.           0.           0.           0.           0.
    0.           0.           0.           0.           0.           0.
    0.           0.        ]
 [  0.          28.          -1.           0.           0.           0.
    0.          -1.           0.           0.           0.           0.
    0.           0.           0.           0.           0.           0.
    0.           0.        ]
 [  0.           0.           0.          -2.66666667   0.           1.
    0.           0.           0.           0.           0.           0.
    0.           0.           0.           0.           0.           0.
    0.           0.        ]]

 Estimated hermite:  [[ -1.93052533e+01  -4.93587635e+01   2.13318586e+01  -2.62199226e+00
   -3.21582375e+00   1.45674909e+00  -5.04437491e-01   3.95865288e+00
   -2.36403602e+00   6.13586431e-01  -1.38701852e-02   3.66588388e-02
   -3.62434959e-01   3.26886437e-01   1.44602716e-01  -8.36814545e-02
    3.76421376e-02  -1.10961897e-01   9.85830434e-02  -2.85110945e-02]
 [ -1.16485637e+02  -8.19940829e+01   2.06919447e+01   1.07962160e+01
   -3.14621773e+00   2.12718754e+00  -1.32419640e+00   5.56830406e+00
   -1.38634884e+00  -2.41511833e-01  -2.96921310e-02   3.79604412e-01
   -5.98742175e-01   3.60220030e-01   1.29394842e-01  -9.63005400e-02
    6.22638294e-02  -1.37221927e-01   4.28202136e-02   0.00000000e+00]
 [  2.28337108e+02  -1.84828242e+01   2.28955694e+01  -2.33176723e+01
   -2.64933478e+00   5.85267012e-01   4.37017451e-01   3.31330800e+00
   -3.11020178e+00   1.15386326e+00   1.49883457e+00  -1.53614298e+00
    9.47393152e-01  -3.83597287e-01  -4.98630897e-02   9.94104631e-02
   -9.27914634e-02  -1.55073519e-01   1.33450825e-01  -1.60472437e-02]] 
 True hermite:  [[   0.          -39.68577824   39.68577824    0.            0.            0.
     0.            0.            0.            0.            0.            0.
     0.            0.            0.            0.            0.            0.
     0.            0.        ]
 [   0.          111.12017907   -3.96857782    0.            0.            0.
     0.           -3.96857782    0.            0.            0.            0.
     0.            0.            0.            0.            0.            0.
     0.            0.        ]
 [   0.            0.            0.          -10.5828742     0.
     3.96857782    0.            0.            0.            0.            0.
     0.            0.            0.            0.            0.            0.
     0.            0.            0.        ]]


