My SLURM_ARRAY_TASK_ID:  9
Data shape: (9, 101, 3)
Theta shape: (20, 3)
Theta: [[ 0.44076288  0.42640458  0.20776773]
 [ 0.0892797   0.41351903  0.49730122]
 [ 0.08306744  0.07948108  0.27320597]
 [ 0.42590995  0.30927119  0.02741349]
 [ 0.06468001  0.33303193  0.09439349]
 [ 0.25967861  0.28275512  0.29065158]
 [ 0.24906743  0.02852803  0.15484519]
 [ 0.13038334  0.43918765  0.32884088]
 [ 0.036856    0.37567945  0.16198752]
 [ 0.44095836  0.31668578  0.23082457]
 [ 0.33305242  0.41083521  0.36808482]
 [ 0.25557975  0.20311297  0.03938898]
 [ 0.36009287  0.25253908  0.49851337]
 [ 0.05936402  0.41194948  0.28896931]
 [ 0.35429975  0.45812572  0.33453028]
 [ 0.20199065  0.27416603  0.32151632]
 [ 0.0231913   0.05633531  0.25184024]
 [ 0.10436915  0.09585759  0.2423119 ]
 [ 0.43298357  0.33735953  0.21731741]
 [ 0.01241948  0.36946082  0.36679902]]
1
736.533113094
[[  1.67895447e+00  -8.64955786e+01   2.76362238e+02]
 [ -7.13847418e+01  -1.17088650e+02   1.26740223e+01]
 [  3.66566009e+01   4.06294164e+01   8.14985072e-01]
 [  4.18423226e-01   1.25199913e+01  -3.23682632e+01]
 [ -3.29178144e-01  -1.27645630e+00   6.65896534e-01]
 [  8.63032554e-01   2.17843390e+00  -3.60210307e+00]
 [ -9.94555121e-01  -1.92057939e+00   2.59734602e+00]
 [  5.81538585e+00   8.05206355e+00   3.60714998e-01]
 [ -3.74258418e+00  -2.88390959e+00  -9.91253098e-01]
 [  0.00000000e+00  -7.64055056e-01   2.03524016e+00]
 [  3.73229265e-01   3.14193332e-01   9.17660251e-01]
 [ -5.16599194e-01  -1.88307939e-01  -1.00292292e+00]
 [  9.39805126e-02  -1.03960275e-01   6.90414402e-01]
 [  1.05370320e-01   1.14513019e-01  -3.07624608e-01]
 [  3.62203922e-02   4.66274405e-02  -5.99200523e-02]
 [ -5.79040385e-02  -8.63923733e-02   1.56684540e-01]
 [  5.33633095e-02   7.86814943e-02  -1.27301336e-01]
 [ -1.69402599e-01  -2.04291949e-01  -5.39699011e-02]
 [  1.45502207e-01   8.92756686e-02   5.83209077e-02]
 [  0.00000000e+00   1.77967065e-02  -5.10899885e-02]]
2
1.42432522268
[[  1.61941321e+00  -8.65106848e+01   2.76485472e+02]
 [ -7.13677319e+01  -1.17313930e+02   1.23848095e+01]
 [  3.66295834e+01   4.07632229e+01   1.03685493e+00]
 [  4.20478157e-01   1.25147081e+01  -3.23258470e+01]
 [ -3.05038967e-01  -1.28133441e+00   6.80418909e-01]
 [  8.47993788e-01   2.19254571e+00  -3.60136627e+00]
 [ -9.93673395e-01  -1.93129027e+00   2.59470945e+00]
 [  5.81147307e+00   8.06492159e+00   4.07536644e-01]
 [ -3.74222580e+00  -2.89520762e+00  -1.02245608e+00]
 [  0.00000000e+00  -7.63022792e-01   2.02765740e+00]
 [  3.70794179e-01   3.12642618e-01   9.33691990e-01]
 [ -5.14909811e-01  -1.88003791e-01  -1.01582870e+00]
 [  9.23993675e-02  -1.04446474e-01   6.96726198e-01]
 [  1.06589429e-01   1.15224067e-01  -3.09512403e-01]
 [  3.61589285e-02   4.70773889e-02  -6.10215972e-02]
 [ -5.79920543e-02  -8.70752831e-02   1.57182322e-01]
 [  5.36283709e-02   7.91406666e-02  -1.27475244e-01]
 [ -1.69184242e-01  -2.04494298e-01  -5.60010338e-02]
 [  1.45529278e-01   8.96272626e-02   5.95449730e-02]
 [  0.00000000e+00   1.77355487e-02  -5.07498501e-02]]
3
Finished successfully! number of iterations:  3
0.0349421188554
[[  1.62346706e+00  -8.65094221e+01   2.76487611e+02]
 [ -7.13719572e+01  -1.17317773e+02   1.23806549e+01]
 [  3.66307861e+01   4.07642868e+01   1.03864813e+00]
 [  4.19485413e-01   1.25142188e+01  -3.23264053e+01]
 [ -3.05562791e-01  -1.28189168e+00   6.80016756e-01]
 [  8.48491950e-01   2.19307479e+00  -3.60102855e+00]
 [ -9.93942090e-01  -1.93155091e+00   2.59455217e+00]
 [  5.81172755e+00   8.06514862e+00   4.07724825e-01]
 [ -3.74221862e+00  -2.89519213e+00  -1.02250724e+00]
 [  0.00000000e+00  -7.62975214e-01   2.02771321e+00]
 [  3.70814621e-01   3.12665591e-01   9.33665003e-01]
 [ -5.14904263e-01  -1.88002642e-01  -1.01580615e+00]
 [  9.23851942e-02  -1.04455874e-01   6.96712674e-01]
 [  1.06595889e-01   1.15227668e-01  -3.09507652e-01]
 [  3.61733855e-02   4.70907808e-02  -6.10074021e-02]
 [ -5.80050522e-02  -8.70878558e-02   1.57170742e-01]
 [  5.36352630e-02   7.91465289e-02  -1.27469603e-01]
 [ -1.69190319e-01  -2.04499777e-01  -5.60029912e-02]
 [  1.45526935e-01   8.96248060e-02   5.95447073e-02]
 [  0.00000000e+00   1.77342205e-02  -5.07518904e-02]]
Time taken for 3Dl num time series exp:  33.60755205154419 , number of time series:  9
Avg AR burnin:  0.207555555556 , Avg AR sampling:  0.023837037037

 Estimated ordinary:  [[  6.40621373e-01  -1.80850179e+01   9.26312250e+00   8.96999189e-02
   -5.44440681e-02   2.13802523e-01  -1.77096991e-01   1.46443583e+00
   -9.42962135e-01   0.00000000e+00   3.81457645e-02  -9.17437713e-02
    1.64608583e-02   1.09655376e-02   6.44524243e-03  -1.46160803e-02
    9.55653634e-03  -3.01457164e-02   2.59294606e-02   0.00000000e+00]
 [ -2.10900917e+01  -2.96031095e+01   1.02537301e+01   3.12536032e+00
   -2.28402804e-01   5.52609747e-01  -3.44156726e-01   2.03225160e+00
   -7.29528879e-01  -1.35944152e-01   3.21639636e-02  -3.34976278e-02
   -1.86115682e-02   1.18534902e-02   8.39046427e-03  -2.19443488e-02
    1.41020410e-02  -3.64370274e-02   1.59690224e-02   1.82432234e-03]
 [  6.87244509e+01   2.71737227e+00   5.27618478e-01  -8.09634465e+00
    1.21162915e-01  -9.07385142e-01   4.62287882e-01   1.02738271e-01
   -2.57650797e-01   3.61290574e-01   9.60462811e-02  -1.80992649e-01
    1.24137734e-01  -3.18391060e-02  -1.08700773e-02   3.96037949e-02
   -2.27120709e-02  -9.97840955e-03   1.06094597e-02  -5.22085578e-03]] 
 True ordinary:  [[  0.         -10.          10.           0.           0.           0.
    0.           0.           0.           0.           0.           0.
    0.           0.           0.           0.           0.           0.
    0.           0.        ]
 [  0.          28.          -1.           0.           0.           0.
    0.          -1.           0.           0.           0.           0.
    0.           0.           0.           0.           0.           0.
    0.           0.        ]
 [  0.           0.           0.          -2.66666667   0.           1.
    0.           0.           0.           0.           0.           0.
    0.           0.           0.           0.           0.           0.
    0.           0.        ]]

 Estimated hermite:  [[  1.62346706e+00  -7.13719572e+01   3.66307861e+01   4.19485413e-01
   -3.05562791e-01   8.48491950e-01  -9.93942090e-01   5.81172755e+00
   -3.74221862e+00   0.00000000e+00   3.70814621e-01  -5.14904263e-01
    9.23851942e-02   1.06595889e-01   3.61733855e-02  -5.80050522e-02
    5.36352630e-02  -1.69190319e-01   1.45526935e-01   0.00000000e+00]
 [ -8.65094221e+01  -1.17317773e+02   4.07642868e+01   1.25142188e+01
   -1.28189168e+00   2.19307479e+00  -1.93155091e+00   8.06514862e+00
   -2.89519213e+00  -7.62975214e-01   3.12665591e-01  -1.88002642e-01
   -1.04455874e-01   1.15227668e-01   4.70907808e-02  -8.70878558e-02
    7.91465289e-02  -2.04499777e-01   8.96248060e-02   1.77342205e-02]
 [  2.76487611e+02   1.23806549e+01   1.03864813e+00  -3.23264053e+01
    6.80016756e-01  -3.60102855e+00   2.59455217e+00   4.07724825e-01
   -1.02250724e+00   2.02771321e+00   9.33665003e-01  -1.01580615e+00
    6.96712674e-01  -3.09507652e-01  -6.10074021e-02   1.57170742e-01
   -1.27469603e-01  -5.60029912e-02   5.95447073e-02  -5.07518904e-02]] 
 True hermite:  [[   0.          -39.68577824   39.68577824    0.            0.            0.
     0.            0.            0.            0.            0.            0.
     0.            0.            0.            0.            0.            0.
     0.            0.        ]
 [   0.          111.12017907   -3.96857782    0.            0.            0.
     0.           -3.96857782    0.            0.            0.            0.
     0.            0.            0.            0.            0.            0.
     0.            0.        ]
 [   0.            0.            0.          -10.5828742     0.
     3.96857782    0.            0.            0.            0.            0.
     0.            0.            0.            0.            0.            0.
     0.            0.            0.        ]]


