My SLURM_ARRAY_TASK_ID:  2
Data shape: (10, 101, 1)
Theta shape: (4, 1)
Theta: [[ 0.485921  ]
 [ 0.19963057]
 [ 0.44379673]
 [ 0.32978142]]
1
10.2890317672
[[-1.52524967]
 [ 3.75902451]
 [-3.79750353]
 [ 0.80694831]]
2
2.61265324424
[[-2.17461593]
 [ 4.69115124]
 [-4.46915355]
 [ 1.16645855]]
3
0.30767828157
[[-2.0938526 ]
 [ 4.57952808]
 [-4.38976001]
 [ 1.13056029]]
4
Finished successfully! number of iterations:  4
0.00816829629523
[[-2.09600858]
 [ 4.58249595]
 [-4.39186845]
 [ 1.1314963 ]]
Time taken for 1D noise exp:  22.187913417816162 , noise strength:  [ 0.05]
Avg AR burnin:  0.86385 , Avg AR sampling:  0.86718

 Estimated ordinary:  [[ 0.63762635  2.01909679 -1.96150472  0.29176457]] 
 True ordinary:  [[ 1.  1. -1.  0.]]

 Estimated hermite:  [[-2.09600858  4.58249595 -4.39186845  1.1314963 ]] 
 True hermite:  [[ 0.          1.58323349 -2.23903027  0.        ]]


