My SLURM_ARRAY_TASK_ID:  6
Data shape: (10, 101, 1)
Theta shape: (4, 1)
Theta: [[ 0.4190772 ]
 [ 0.33552203]
 [ 0.20174338]
 [ 0.3614419 ]]
1
6.38054735333
[[-0.64841382]
 [ 2.51159052]
 [-2.91156888]
 [ 0.33776631]]
2
0.0122068455984
[[-0.65187221]
 [ 2.51582634]
 [-2.91408732]
 [ 0.33976049]]
3
Finished successfully! number of iterations:  3
3.25047355976e-07
[[-0.65187232]
 [ 2.51582643]
 [-2.91408728]
 [ 0.3397604 ]]
Time taken for 1D noise exp:  19.30689263343811 , noise strength:  [ 0.0005]
Avg AR burnin:  0.727733333333 , Avg AR sampling:  0.670243333333

 Estimated ordinary:  [[ 0.88976046  1.32621413 -1.30149526  0.08760969]] 
 True ordinary:  [[ 1.  1. -1.  0.]]

 Estimated hermite:  [[-0.65187232  2.51582643 -2.91408728  0.3397604 ]] 
 True hermite:  [[ 0.          1.58323349 -2.23903027  0.        ]]


