My SLURM_ARRAY_TASK_ID:  1
Data shape: (10, 101, 1)
Theta shape: (4, 1)
Theta: [[ 0.18409885]
 [ 0.14860671]
 [ 0.47332116]
 [ 0.49272822]]
1
4.29641186
[[ 0.37116742]
 [ 1.22298759]
 [-2.06264502]
 [ 0.        ]]
2
3.30948162173
[[-0.38069293]
 [ 2.39842097]
 [-2.96439371]
 [ 0.4804392 ]]
3
0.103091044742
[[-0.35447808]
 [ 2.36083782]
 [-2.93672032]
 [ 0.46881954]]
4
Finished successfully! number of iterations:  4
0.00779934522981
[[-0.35646742]
 [ 2.36367855]
 [-2.93882854]
 [ 0.4696806 ]]
Time taken for 1D noise exp:  21.482020378112793 , noise strength:  [ 0.1]
Avg AR burnin:  0.887425 , Avg AR sampling:  0.8628875

 Estimated ordinary:  [[ 1.08739373  1.12961206 -1.31254525  0.12111057]] 
 True ordinary:  [[ 1.  1. -1.  0.]]

 Estimated hermite:  [[-0.35646742  2.36367855 -2.93882854  0.4696806 ]] 
 True hermite:  [[ 0.          1.58323349 -2.23903027  0.        ]]


