My SLURM_ARRAY_TASK_ID:  5
Data shape: (10, 101, 1)
Theta shape: (4, 1)
Theta: [[ 0.00527181]
 [ 0.04607222]
 [ 0.0853535 ]
 [ 0.19345103]]
1
4.58412567059
[[-0.15878167]
 [ 1.88263039]
 [-2.48491647]
 [ 0.18020697]]
2
0.0172249669333
[[-0.15459238]
 [ 1.87590904]
 [-2.47920442]
 [ 0.1796047 ]]
3
Finished successfully! number of iterations:  3
1.25193989864e-06
[[-0.15459263]
 [ 1.87590942]
 [-2.4792048 ]
 [ 0.17960493]]
Time taken for 1D noise exp:  15.83673095703125 , noise strength:  [ 0.001]
Avg AR burnin:  0.7393 , Avg AR sampling:  0.709043333333

 Estimated ordinary:  [[ 1.0096236   1.0459223  -1.10726721  0.04631244]] 
 True ordinary:  [[ 1.  1. -1.  0.]]

 Estimated hermite:  [[-0.15459263  1.87590942 -2.4792048   0.17960493]] 
 True hermite:  [[ 0.          1.58323349 -2.23903027  0.        ]]


