My SLURM_ARRAY_TASK_ID:  3
Data shape: (10, 101, 1)
Theta shape: (4, 1)
Theta: [[ 0.24318559]
 [ 0.26767774]
 [ 0.35994244]
 [ 0.37108127]]
1
4.79849350517
[[-0.07666426]
 [ 1.75863008]
 [-2.38943238]
 [ 0.13276476]]
2
0.0258875495564
[[-0.07750473]
 [ 1.76031796]
 [-2.38655524]
 [ 0.15324683]]
3
Finished successfully! number of iterations:  3
0.00036752280545
[[-0.0775961 ]
 [ 1.76045844]
 [-2.38666614]
 [ 0.1532716 ]]
Time taken for 1D noise exp:  16.972171783447266 , noise strength:  [ 0.01]
Avg AR burnin:  0.8174 , Avg AR sampling:  0.794226666667

 Estimated ordinary:  [[ 1.01692626  0.99337201 -1.06593741  0.0395222 ]] 
 True ordinary:  [[ 1.  1. -1.  0.]]

 Estimated hermite:  [[-0.0775961   1.76045844 -2.38666614  0.1532716 ]] 
 True hermite:  [[ 0.          1.58323349 -2.23903027  0.        ]]


