My SLURM_ARRAY_TASK_ID:  4
Data shape: (10, 101, 1)
Theta shape: (4, 1)
Theta: [[ 0.32039628]
 [ 0.15352125]
 [ 0.41781987]
 [ 0.16845287]]
1
5.0882905963
[[-0.15825114]
 [ 1.87203566]
 [-2.47308458]
 [ 0.16822854]]
2
0.0275328276806
[[-0.1529958 ]
 [ 1.86337113]
 [-2.46429972]
 [ 0.17305665]]
3
Finished successfully! number of iterations:  3
0.000499078634375
[[-0.15313215]
 [ 1.86355585]
 [-2.46443104]
 [ 0.17310333]]
Time taken for 1D noise exp:  17.218122959136963 , noise strength:  [ 0.005]
Avg AR burnin:  0.803266666667 , Avg AR sampling:  0.76495

 Estimated ordinary:  [[ 1.00394779  1.043149   -1.10066893  0.04463596]] 
 True ordinary:  [[ 1.  1. -1.  0.]]

 Estimated hermite:  [[-0.15313215  1.86355585 -2.46443104  0.17310333]] 
 True hermite:  [[ 0.          1.58323349 -2.23903027  0.        ]]


