My SLURM_ARRAY_TASK_ID:  0
Data shape: (10, 101, 1)
Theta shape: (4, 1)
Theta: [[ 0.11971072]
 [ 0.23592951]
 [ 0.22928866]
 [ 0.49085433]]
1
4.1656128588
[[ 1.1553979 ]
 [-0.93799483]
 [ 0.07200267]
 [-1.30786102]]
2
10.6178692797
[[-1.39919975]
 [ 2.86521197]
 [-2.8044146 ]
 [ 0.07578653]]
3
1.54114972478
[[-1.02330108]
 [ 2.31240343]
 [-2.39006027]
 [-0.12230165]]
4
0.153474955224
[[-1.06345239]
 [ 2.36804342]
 [-2.42978674]
 [-0.10434446]]
5
0.0306370113664
[[-1.07013588]
 [ 2.37896763]
 [-2.43880404]
 [-0.10033246]]
6
0.0249608194159
[[-1.06351488]
 [ 2.36976454]
 [-2.43202254]
 [-0.10268768]]
7
0.0217253944739
[[-1.07016804]
 [ 2.37798957]
 [-2.43756517]
 [-0.10138311]]
8
0.0110054290662
[[-1.07297546]
 [ 2.38196772]
 [-2.44043311]
 [-0.10003119]]
9
0.0200204569171
[[-1.06703764]
 [ 2.37454096]
 [-2.43555629]
 [-0.10181024]]
10
0.0220505864729
[[-1.07328695]
 [ 2.38270167]
 [-2.44112442]
 [-0.09973781]]
11
0.0173619311875
[[-1.06861147]
 [ 2.37633204]
 [-2.43660502]
 [-0.10153522]]
12
0.0289972883786
[[-1.07750938]
 [ 2.38725356]
 [-2.44385871]
 [-0.09961106]]
13
0.0143715443031
[[-1.07306603]
 [ 2.38184782]
 [-2.44024658]
 [-0.10052139]]
14
0.0313398554683
[[-1.06370791]
 [ 2.37001865]
 [-2.43220642]
 [-0.10263379]]
15
Finished successfully! number of iterations:  15
0.00435090369901
[[-1.06563083]
 [ 2.37154716]
 [-2.43273037]
 [-0.10300932]]
Time taken for 1D noise exp:  83.61071848869324 , noise strength:  [ 0.5]
Avg AR burnin:  0.890066666667 , Avg AR sampling:  0.87915

 Estimated ordinary:  [[ 0.41343827  1.57759883 -1.08651071 -0.0265617 ]] 
 True ordinary:  [[ 1.  1. -1.  0.]]

 Estimated hermite:  [[-1.06563083  2.37154716 -2.43273037 -0.10300932]] 
 True hermite:  [[ 0.          1.58323349 -2.23903027  0.        ]]


