My SLURM_ARRAY_TASK_ID:  1
Data shape: (10, 101, 3)
Theta shape: (20, 3)
Theta: [[ 0.12587288  0.17190692  0.07499211]
 [ 0.28602439  0.16759699  0.12596201]
 [ 0.26222146  0.27755614  0.12686466]
 [ 0.04776632  0.07279726  0.03536013]
 [ 0.28805521  0.16116698  0.33040274]
 [ 0.40145783  0.12846199  0.17962768]
 [ 0.19778084  0.32413098  0.23489868]
 [ 0.18375985  0.36400808  0.30770447]
 [ 0.16049572  0.37282946  0.42366625]
 [ 0.38740426  0.39855013  0.36195255]
 [ 0.15210943  0.33852071  0.39752338]
 [ 0.28683309  0.27027749  0.26509583]
 [ 0.44038325  0.16802895  0.04284346]
 [ 0.32332899  0.02467158  0.45267828]
 [ 0.42931161  0.30952532  0.16588336]
 [ 0.13993008  0.05884239  0.06711623]
 [ 0.42606357  0.49304228  0.05377789]
 [ 0.1519382   0.39967672  0.49525474]
 [ 0.38585327  0.24715569  0.49702429]
 [ 0.27131656  0.04388325  0.27076712]]
1
42.7772021742
[[-0.28428588  0.52206749  4.46550596]
 [ 0.12837472 -7.17464217  0.27279297]
 [ 4.24540155 -1.01773171  0.3231814 ]
 [-0.08088186 -0.57670912 -0.08358099]
 [ 0.44853289  0.71889966  0.48829987]
 [-0.27799733 -0.2283311  -0.3087134 ]
 [-0.19152829  0.0217708  -0.22829451]
 [-0.09616714 -0.12738689 -0.09719033]
 [-0.11948222  0.18376217 -0.13393921]
 [ 0.05819957  0.14683509  0.05628583]
 [-0.19507659 -8.98005348 -0.02603166]
 [ 0.39369774 -0.05736566  0.41333226]
 [ 0.01555792  0.17688283  0.06064737]
 [ 0.28370263  0.63977294  0.25222269]
 [-0.08333508 -0.18342003 -0.08913808]
 [ 0.06093807  0.05584136  0.06379939]
 [ 0.02985709 -0.01208122  0.03170075]
 [ 0.          0.01169006  0.01019164]
 [ 0.02093609  0.          0.02240059]
 [ 0.         -0.01312868  0.        ]]
2
1.76140631502
[[-0.25569133  0.56949646  4.47716336]
 [ 0.02258388 -7.3987919   0.26074952]
 [ 4.17134426 -1.03905173  0.36013113]
 [-0.09207586 -0.58210937 -0.0807431 ]
 [ 0.53407157  0.68554813  0.48445631]
 [-0.28985093 -0.32410695 -0.30529105]
 [-0.1311715   0.03310416 -0.23837429]
 [-0.09211088 -0.12986437 -0.09761704]
 [-0.11390503  0.20175356 -0.12479758]
 [ 0.05927856  0.14589006  0.05489779]
 [-0.31659071 -9.23597447 -0.05000644]
 [ 0.32876297 -0.02635255  0.42848362]
 [ 0.          0.26271146  0.07243325]
 [ 0.21714126  0.64999101  0.28875338]
 [-0.09380257 -0.16702088 -0.08765401]
 [ 0.06049169  0.0687226   0.06170516]
 [ 0.0210271  -0.01509221  0.0347694 ]
 [ 0.          0.01281608  0.01045198]
 [ 0.02030049  0.          0.02130427]
 [ 0.         -0.01282418  0.        ]]
3
0.361590042411
[[-0.25215101  0.57476796  4.46616744]
 [ 0.         -7.38986675  0.24915767]
 [ 4.17184993 -1.04972101  0.36974638]
 [-0.09412327 -0.57991394 -0.07388395]
 [ 0.53929202  0.66869049  0.49744022]
 [-0.29064428 -0.32206984 -0.30246956]
 [-0.11694815  0.04908961 -0.23894871]
 [-0.09075704 -0.13286765 -0.10026703]
 [-0.1121246   0.20260674 -0.1276881 ]
 [ 0.05940701  0.1442269   0.0531604 ]
 [-0.34082187 -9.23091476 -0.07555835]
 [ 0.33004471  0.          0.41703291]
 [ 0.01268775  0.25359844  0.0661362 ]
 [ 0.21642501  0.6216551   0.29126818]
 [-0.09595778 -0.16574741 -0.08738977]
 [ 0.05942353  0.06925138  0.0619058 ]
 [ 0.01738861 -0.01859191  0.03299903]
 [ 0.          0.01301788  0.01067318]
 [ 0.0200851   0.          0.02138745]
 [ 0.         -0.01263482  0.        ]]
4
0.382206456074
[[-0.25434508  0.57356658  4.4766916 ]
 [ 0.02141    -7.40486247  0.26344454]
 [ 4.16445433 -1.03649947  0.36325013]
 [-0.09162877 -0.5840724  -0.08074609]
 [ 0.53624569  0.69277834  0.48215131]
 [-0.29077961 -0.32654126 -0.30504329]
 [-0.11933828  0.02863721 -0.23686427]
 [-0.09239462 -0.13009989 -0.09802987]
 [-0.1123839   0.20215198 -0.12298642]
 [ 0.05889378  0.14627327  0.05490765]
 [-0.3228696  -9.24185638 -0.04626307]
 [ 0.3301551  -0.01875891  0.4297308 ]
 [ 0.          0.26292264  0.07173781]
 [ 0.214196    0.6522933   0.29708016]
 [-0.09428962 -0.16756739 -0.08721007]
 [ 0.06039101  0.06903373  0.06113958]
 [ 0.01844759 -0.014732    0.03441648]
 [ 0.          0.01290095  0.010512  ]
 [ 0.02014068  0.          0.0211406 ]
 [ 0.         -0.01284865  0.        ]]
5
0.370660717204
[[-0.25375605  0.57407308  4.46903535]
 [ 0.         -7.39056952  0.249699  ]
 [ 4.17743586 -1.0500976   0.36761796]
 [-0.09405213 -0.57927917 -0.07529787]
 [ 0.53968078  0.66961925  0.49517881]
 [-0.29058971 -0.32318511 -0.30246791]
 [-0.12193868  0.0509213  -0.23795487]
 [-0.09041148 -0.13289912 -0.09981169]
 [-0.11242562  0.20390071 -0.12652302]
 [ 0.05942315  0.14388798  0.05338319]
 [-0.34325411 -9.23590444 -0.07232949]
 [ 0.33023134  0.          0.41893178]
 [ 0.01515989  0.25783671  0.0661922 ]
 [ 0.22210047  0.62294101  0.2917691 ]
 [-0.09619685 -0.16653916 -0.08709887]
 [ 0.05916873  0.06918721  0.06181805]
 [ 0.01795313 -0.01900012  0.03277648]
 [ 0.          0.01301042  0.0106381 ]
 [ 0.02010344  0.          0.02126493]
 [ 0.         -0.01260115  0.        ]]
6
