My SLURM_ARRAY_TASK_ID:  7
Data shape: (10, 101, 3)
Theta shape: (20, 3)
Theta: [[ 0.38132362  0.4817385   0.09492196]
 [ 0.2850001   0.15299178  0.42270557]
 [ 0.24856467  0.03891767  0.44486067]
 [ 0.25240126  0.34622144  0.32064927]
 [ 0.0603552   0.23774274  0.48989642]
 [ 0.32450796  0.07948482  0.36531498]
 [ 0.41441979  0.04659392  0.39133044]
 [ 0.36330572  0.3524929   0.43089767]
 [ 0.0668731   0.03145666  0.25648818]
 [ 0.4729187   0.444465    0.02202564]
 [ 0.19430386  0.35754929  0.45536637]
 [ 0.27761137  0.05504741  0.09684514]
 [ 0.38172821  0.36688622  0.40352449]
 [ 0.4407196   0.31964373  0.20563462]
 [ 0.26016741  0.1289572   0.0266832 ]
 [ 0.05169698  0.20411071  0.37406252]
 [ 0.12948656  0.4174954   0.4853985 ]
 [ 0.16107409  0.47655662  0.27303976]
 [ 0.01011424  0.3440682   0.05016144]
 [ 0.24433119  0.36698568  0.09674498]]
1
43.2541804483
[[ 0.          0.54399004  4.76205304]
 [-0.08316479 -7.94351527  0.        ]
 [ 3.95546358 -0.83452363  0.        ]
 [ 0.         -0.35408442  0.        ]
 [ 0.01229909  0.90101867  0.        ]
 [ 0.          0.02074539  0.        ]
 [ 0.          0.01491365  0.        ]
 [ 0.          0.01554686  0.        ]
 [ 0.          0.09215653  0.        ]
 [ 0.          0.05377241  0.        ]
 [-0.09721542 -9.39857139  0.        ]
 [ 0.         -0.47294376  0.        ]
 [ 0.          0.07132547  0.        ]
 [ 0.         -0.10874717  0.        ]
 [ 0.         -0.1010578   0.        ]
 [ 0.         -0.02280013  0.        ]
 [ 0.          0.02355144  0.        ]
 [ 0.          0.          0.        ]
 [ 0.          0.          0.        ]
 [ 0.          0.          0.        ]]
2
Finished successfully! number of iterations:  2
0.0456943281514
[[ 0.          0.54406541  4.76210206]
 [-0.08316492 -7.94379225  0.        ]
 [ 3.95531147 -0.83468715  0.        ]
 [ 0.         -0.3540854   0.        ]
 [ 0.0122673   0.90109265  0.        ]
 [ 0.          0.02083976  0.        ]
 [ 0.          0.01488516  0.        ]
 [ 0.          0.01552158  0.        ]
 [ 0.          0.09220905  0.        ]
 [ 0.          0.05377059  0.        ]
 [-0.09719179 -9.3989315   0.        ]
 [ 0.         -0.47299513  0.        ]
 [ 0.          0.07143511  0.        ]
 [ 0.         -0.1087431   0.        ]
 [ 0.         -0.101044    0.        ]
 [ 0.         -0.02281343  0.        ]
 [ 0.          0.02355337  0.        ]
 [ 0.          0.          0.        ]
 [ 0.          0.          0.        ]
 [ 0.          0.          0.        ]]
Time taken for 3Dd noise exp:  25.93163776397705 , noise strength:  [ 0.0001  0.0001  0.0001]
Avg AR burnin:  0.21275 , Avg AR sampling:  0.02179

 Estimated ordinary:  [[-0.00218574  0.00903856  0.99665715  0.          0.00218574  0.          0.
   0.          0.          0.         -0.00999814  0.          0.          0.
   0.          0.          0.          0.          0.          0.        ]
 [-0.03569295  0.88620882 -0.09248818 -0.07541524  0.16055341  0.00525119
   0.00265218  0.00391112  0.02323478  0.00958065 -0.96686972 -0.08427655
   0.01272805 -0.01118642 -0.01800365 -0.00574852  0.00419665  0.          0.
   0.        ]
 [ 1.19995179  0.          0.          0.          0.          0.          0.
   0.          0.          0.          0.          0.          0.          0.
   0.          0.          0.          0.          0.          0.        ]] 
 True ordinary:  [[ 0.    0.    1.    0.    0.    0.    0.    0.    0.    0.    0.    0.    0.
   0.    0.    0.    0.    0.    0.    0.  ]
 [ 0.5   1.   -0.3   0.    0.    0.    0.    0.    0.   -0.25 -1.    0.    0.
   0.    0.    0.    0.    0.    0.    0.  ]
 [ 1.2   0.    0.    0.    0.    0.    0.    0.    0.    0.    0.    0.    0.
   0.    0.    0.    0.    0.    0.    0.  ]]

 Estimated hermite:  [[ 0.         -0.08316492  3.95531147  0.          0.0122673   0.          0.
   0.          0.          0.         -0.09719179  0.          0.          0.
   0.          0.          0.          0.          0.          0.        ]
 [ 0.54406541 -7.94379225 -0.83468715 -0.3540854   0.90109265  0.02083976
   0.01488516  0.01552158  0.09220905  0.05377059 -9.3989315  -0.47299513
   0.07143511 -0.1087431  -0.101044   -0.02281343  0.02355337  0.          0.
   0.        ]
 [ 4.76210206  0.          0.          0.          0.          0.          0.
   0.          0.          0.          0.          0.          0.          0.
   0.          0.          0.          0.          0.          0.        ]] 
 True hermite:  [[ 0.          0.          3.96857782  0.          0.          0.          0.
   0.          0.          0.          0.          0.          0.          0.
   0.          0.          0.          0.          0.          0.        ]
 [ 0.99214446 -7.93715565 -1.19057335  0.          0.          0.          0.
   0.          0.         -1.40310415 -9.72099067  0.          0.          0.
   0.          0.          0.          0.          0.          0.        ]
 [ 4.76229339  0.          0.          0.          0.          0.          0.
   0.          0.          0.          0.          0.          0.          0.
   0.          0.          0.          0.          0.          0.        ]]


