My SLURM_ARRAY_TASK_ID:  5
Data shape: (10, 101, 3)
Theta shape: (20, 3)
Theta: [[ 0.41832222  0.04229272  0.16528942]
 [ 0.18330138  0.23814907  0.39689595]
 [ 0.33351956  0.05550775  0.49469058]
 [ 0.05516912  0.34359381  0.45432324]
 [ 0.06863435  0.03846734  0.04354256]
 [ 0.38895138  0.34139927  0.26419625]
 [ 0.13015688  0.30401438  0.06319209]
 [ 0.44659481  0.16145737  0.13149582]
 [ 0.37770435  0.11717145  0.29848275]
 [ 0.03227076  0.04593181  0.00273088]
 [ 0.48037537  0.37082282  0.16781318]
 [ 0.28509999  0.12039735  0.15874063]
 [ 0.4405678   0.1061933   0.22415137]
 [ 0.12559587  0.10206806  0.13944939]
 [ 0.31784827  0.44725667  0.42759192]
 [ 0.24221599  0.40610849  0.23022187]
 [ 0.06503171  0.05733572  0.05084261]
 [ 0.38219872  0.34243978  0.37752951]
 [ 0.07552558  0.47215649  0.17429197]
 [ 0.14557233  0.29411037  0.48256876]]
1
40.4392571723
[[ 0.          0.16446773  4.7546464 ]
 [-0.08721901 -8.08792815  0.        ]
 [ 3.95758013 -0.89826871  0.        ]
 [ 0.         -0.33819544  0.        ]
 [ 0.         -0.23660276  0.        ]
 [ 0.          0.09522282  0.        ]
 [ 0.          0.32921305  0.        ]
 [ 0.          0.13777899  0.        ]
 [ 0.          0.04473713  0.        ]
 [ 0.          0.09879884  0.        ]
 [-0.0901537  -8.84037632  0.        ]
 [ 0.         -0.26424216  0.        ]
 [ 0.          0.29906282  0.        ]
 [ 0.          0.37546782  0.        ]
 [ 0.          0.07643496  0.        ]
 [ 0.         -0.01460971  0.        ]
 [ 0.          0.          0.        ]
 [ 0.         -0.01339035  0.        ]
 [ 0.          0.          0.        ]
 [ 0.          0.          0.        ]]
2
Finished successfully! number of iterations:  2
0.0949333742152
[[ 0.          0.16541778  4.75444321]
 [-0.08727789 -8.08958597  0.        ]
 [ 3.95729902 -0.89861677  0.        ]
 [ 0.         -0.33847     0.        ]
 [ 0.         -0.23641481  0.        ]
 [ 0.          0.09586384  0.        ]
 [ 0.          0.32877032  0.        ]
 [ 0.          0.13752669  0.        ]
 [ 0.          0.0447505   0.        ]
 [ 0.          0.09889491  0.        ]
 [-0.0900363  -8.84276368  0.        ]
 [ 0.         -0.26452005  0.        ]
 [ 0.          0.29965362  0.        ]
 [ 0.          0.37596778  0.        ]
 [ 0.          0.07663682  0.        ]
 [ 0.         -0.01469193  0.        ]
 [ 0.          0.          0.        ]
 [ 0.         -0.01335988  0.        ]
 [ 0.          0.          0.        ]
 [ 0.          0.          0.        ]]
Time taken for 3Dd noise exp:  24.726821184158325 , noise strength:  [ 0.001  0.001  0.001]
Avg AR burnin:  0.2115 , Avg AR sampling:  0.02315

 Estimated ordinary:  [[ 0.          0.00579392  0.99715797  0.          0.          0.          0.
   0.          0.          0.         -0.00926205  0.          0.          0.
   0.          0.          0.          0.          0.          0.        ]
 [ 0.00760557  0.63954982 -0.29532934 -0.09894235 -0.04212353  0.02415572
   0.0585791   0.0346539   0.01127621  0.01762074 -0.90965664 -0.04713122
   0.05339119  0.03867587  0.01365487 -0.00370206  0.         -0.00238041
   0.          0.        ]
 [ 1.19802192  0.          0.          0.          0.          0.          0.
   0.          0.          0.          0.          0.          0.          0.
   0.          0.          0.          0.          0.          0.        ]] 
 True ordinary:  [[ 0.    0.    1.    0.    0.    0.    0.    0.    0.    0.    0.    0.    0.
   0.    0.    0.    0.    0.    0.    0.  ]
 [ 0.5   1.   -0.3   0.    0.    0.    0.    0.    0.   -0.25 -1.    0.    0.
   0.    0.    0.    0.    0.    0.    0.  ]
 [ 1.2   0.    0.    0.    0.    0.    0.    0.    0.    0.    0.    0.    0.
   0.    0.    0.    0.    0.    0.    0.  ]]

 Estimated hermite:  [[ 0.         -0.08727789  3.95729902  0.          0.          0.          0.
   0.          0.          0.         -0.0900363   0.          0.          0.
   0.          0.          0.          0.          0.          0.        ]
 [ 0.16541778 -8.08958597 -0.89861677 -0.33847    -0.23641481  0.09586384
   0.32877032  0.13752669  0.0447505   0.09889491 -8.84276368 -0.26452005
   0.29965362  0.37596778  0.07663682 -0.01469193  0.         -0.01335988
   0.          0.        ]
 [ 4.75444321  0.          0.          0.          0.          0.          0.
   0.          0.          0.          0.          0.          0.          0.
   0.          0.          0.          0.          0.          0.        ]] 
 True hermite:  [[ 0.          0.          3.96857782  0.          0.          0.          0.
   0.          0.          0.          0.          0.          0.          0.
   0.          0.          0.          0.          0.          0.        ]
 [ 0.99214446 -7.93715565 -1.19057335  0.          0.          0.          0.
   0.          0.         -1.40310415 -9.72099067  0.          0.          0.
   0.          0.          0.          0.          0.          0.        ]
 [ 4.76229339  0.          0.          0.          0.          0.          0.
   0.          0.          0.          0.          0.          0.          0.
   0.          0.          0.          0.          0.          0.        ]]


