My SLURM_ARRAY_TASK_ID:  6
Data shape: (10, 101, 3)
Theta shape: (20, 3)
Theta: [[  4.80101172e-01   1.18914376e-01   4.86662409e-01]
 [  2.76673033e-04   1.98371938e-01   4.12045421e-01]
 [  5.17921242e-03   3.09284495e-01   4.46128640e-01]
 [  2.94792007e-01   2.72476229e-01   4.03581029e-01]
 [  3.66302998e-02   1.97176321e-01   1.68608987e-01]
 [  4.79314350e-01   2.59224887e-01   1.06645579e-01]
 [  1.59238019e-04   9.84374188e-02   2.93090916e-01]
 [  1.69306930e-01   2.84033685e-01   4.30017410e-01]
 [  3.12198046e-01   4.37195350e-01   1.22124079e-01]
 [  9.76823428e-02   3.31103972e-01   3.71513108e-01]
 [  3.54617162e-01   2.71683377e-03   2.88359452e-01]
 [  1.71328786e-01   2.48954182e-01   7.88024220e-02]
 [  3.50081133e-01   1.18915224e-01   1.32934681e-02]
 [  2.31997912e-01   1.26678008e-01   1.63090389e-01]
 [  2.90013355e-01   4.13654688e-01   1.59529988e-01]
 [  3.92703190e-01   3.16732315e-01   1.96284196e-01]
 [  4.32629793e-02   9.56134994e-02   2.92170642e-01]
 [  2.31600107e-01   3.20187352e-01   2.74836146e-01]
 [  1.52965003e-01   3.96028144e-01   1.74355218e-01]
 [  5.17221033e-02   3.13985478e-01   3.73685880e-01]]
1
43.1778890725
[[ 0.          0.57284323  4.76273722]
 [-0.07824445 -7.55050686  0.        ]
 [ 3.95284767 -1.19003051  0.        ]
 [ 0.         -0.51684098  0.        ]
 [-0.01041882 -0.65161765  0.        ]
 [ 0.         -0.3953046   0.        ]
 [ 0.         -0.42277477  0.        ]
 [ 0.         -0.13370186  0.        ]
 [ 0.          0.08752067  0.        ]
 [ 0.          0.10687969  0.        ]
 [-0.09566838 -9.35110435  0.        ]
 [ 0.         -0.48426444  0.        ]
 [ 0.          0.24921754  0.        ]
 [ 0.         -0.33521603  0.        ]
 [ 0.          0.04300557  0.        ]
 [ 0.          0.06462076  0.        ]
 [ 0.          0.07070809  0.        ]
 [ 0.          0.01440771  0.        ]
 [ 0.          0.          0.        ]
 [ 0.          0.          0.        ]]
2
Finished successfully! number of iterations:  2
0.0682727319912
[[ 0.          0.57347549  4.76296704]
 [-0.07866544 -7.55144931  0.        ]
 [ 3.95239228 -1.18987641  0.        ]
 [ 0.         -0.51716709  0.        ]
 [-0.01055597 -0.6512434   0.        ]
 [ 0.         -0.3952145   0.        ]
 [ 0.         -0.42335344  0.        ]
 [ 0.         -0.13403566  0.        ]
 [ 0.          0.08740732  0.        ]
 [ 0.          0.10697698  0.        ]
 [-0.09576032 -9.35334648  0.        ]
 [ 0.         -0.48438559  0.        ]
 [ 0.          0.24942011  0.        ]
 [ 0.         -0.33502923  0.        ]
 [ 0.          0.04306052  0.        ]
 [ 0.          0.06462802  0.        ]
 [ 0.          0.07079123  0.        ]
 [ 0.          0.01444351  0.        ]
 [ 0.          0.          0.        ]
 [ 0.          0.          0.        ]]
Time taken for 3Dd noise exp:  25.127296924591064 , noise strength:  [ 0.0005  0.0005  0.0005]
Avg AR burnin:  0.20765 , Avg AR sampling:  0.022685

 Estimated ordinary:  [[ 0.00188082  0.00973057  0.99592158  0.         -0.00188082  0.          0.
   0.          0.          0.         -0.00985088  0.          0.          0.
   0.          0.          0.          0.          0.          0.        ]
 [ 0.31691102  0.93671694 -0.11012478 -0.15060116 -0.11603618 -0.09958593
  -0.07543158 -0.03377423  0.02202485  0.01906077 -0.96218038 -0.08630607
   0.04444077 -0.03446451  0.00767237  0.01628493  0.01261332  0.00257349
   0.          0.        ]
 [ 1.20016975  0.          0.          0.          0.          0.          0.
   0.          0.          0.          0.          0.          0.          0.
   0.          0.          0.          0.          0.          0.        ]] 
 True ordinary:  [[ 0.    0.    1.    0.    0.    0.    0.    0.    0.    0.    0.    0.    0.
   0.    0.    0.    0.    0.    0.    0.  ]
 [ 0.5   1.   -0.3   0.    0.    0.    0.    0.    0.   -0.25 -1.    0.    0.
   0.    0.    0.    0.    0.    0.    0.  ]
 [ 1.2   0.    0.    0.    0.    0.    0.    0.    0.    0.    0.    0.    0.
   0.    0.    0.    0.    0.    0.    0.  ]]

 Estimated hermite:  [[ 0.         -0.07866544  3.95239228  0.         -0.01055597  0.          0.
   0.          0.          0.         -0.09576032  0.          0.          0.
   0.          0.          0.          0.          0.          0.        ]
 [ 0.57347549 -7.55144931 -1.18987641 -0.51716709 -0.6512434  -0.3952145
  -0.42335344 -0.13403566  0.08740732  0.10697698 -9.35334648 -0.48438559
   0.24942011 -0.33502923  0.04306052  0.06462802  0.07079123  0.01444351
   0.          0.        ]
 [ 4.76296704  0.          0.          0.          0.          0.          0.
   0.          0.          0.          0.          0.          0.          0.
   0.          0.          0.          0.          0.          0.        ]] 
 True hermite:  [[ 0.          0.          3.96857782  0.          0.          0.          0.
   0.          0.          0.          0.          0.          0.          0.
   0.          0.          0.          0.          0.          0.        ]
 [ 0.99214446 -7.93715565 -1.19057335  0.          0.          0.          0.
   0.          0.         -1.40310415 -9.72099067  0.          0.          0.
   0.          0.          0.          0.          0.          0.        ]
 [ 4.76229339  0.          0.          0.          0.          0.          0.
   0.          0.          0.          0.          0.          0.          0.
   0.          0.          0.          0.          0.          0.        ]]


