My SLURM_ARRAY_TASK_ID:  2
Data shape: (10, 101, 3)
Theta shape: (20, 3)
Theta: [[ 0.12232601  0.22049204  0.44415925]
 [ 0.48347258  0.29679978  0.14625105]
 [ 0.32675325  0.36994283  0.1891362 ]
 [ 0.02224672  0.40451257  0.0395696 ]
 [ 0.3633441   0.08148319  0.15778325]
 [ 0.45542925  0.27885123  0.2477127 ]
 [ 0.05047101  0.07569031  0.29104772]
 [ 0.05899614  0.22073158  0.49066789]
 [ 0.34342799  0.44775042  0.06830645]
 [ 0.11689     0.30642941  0.18885484]
 [ 0.3413191   0.03926579  0.40474918]
 [ 0.14934414  0.1802643   0.1567734 ]
 [ 0.176731    0.00112824  0.04842575]
 [ 0.25980659  0.25450918  0.06462118]
 [ 0.19462505  0.0438813   0.29934144]
 [ 0.40842562  0.39515192  0.02055289]
 [ 0.26999528  0.3470328   0.02463382]
 [ 0.20181598  0.33926011  0.37729039]
 [ 0.19739757  0.18871633  0.28191621]
 [ 0.16916045  0.44782881  0.31154822]]
1
43.4148159284
[[  0.01629532   0.7801181    4.76120271]
 [ -0.13549676  -8.16430896  -0.03904434]
 [  4.0611807   -0.82053281   0.09679382]
 [ -0.05898295  -0.65969611  -0.05637307]
 [ -0.16560809  -0.59424888  -0.14884771]
 [ -0.08261577  -0.52575365  -0.06454775]
 [ -0.13267754   0.09917631  -0.15046418]
 [  0.03113761  -0.03301568   0.0285323 ]
 [ -0.01619786   0.19438953  -0.02218934]
 [  0.02091735   0.15385229   0.02013468]
 [ -0.19877391 -10.05650413  -0.07337127]
 [ -0.08065486  -0.48447286  -0.08579556]
 [  0.05838478  -0.28808001   0.0579144 ]
 [  0.1780174    0.261667     0.17063346]
 [  0.03510617   0.05124399   0.03250248]
 [  0.01841401   0.06320601   0.01572482]
 [  0.019252    -0.04172343   0.02013182]
 [  0.          -0.01018367   0.        ]
 [  0.          -0.01796866   0.        ]
 [  0.          -0.01180247   0.        ]]
2
1.0856038884
[[  0.02392548   0.81883814   4.76536875]
 [ -0.18388644  -8.33778778  -0.03143376]
 [  4.02120559  -0.84676498   0.10265153]
 [ -0.06914038  -0.67784748  -0.05374603]
 [ -0.17148541  -0.59108325  -0.16951203]
 [ -0.08322733  -0.51988079  -0.06528561]
 [ -0.14160511   0.06738338  -0.14828583]
 [  0.03191292  -0.0434629    0.03065342]
 [ -0.02163546   0.1950241   -0.01727362]
 [  0.02319768   0.1586796    0.01932658]
 [ -0.24580847 -10.28801496  -0.06696182]
 [ -0.15402798  -0.49658899  -0.08628297]
 [  0.0329193   -0.23474641   0.07971287]
 [  0.13723289   0.24375468   0.1889446 ]
 [  0.0359697    0.06037203   0.03652035]
 [  0.01934466   0.06395406   0.01654541]
 [  0.02092606  -0.03897257   0.02032848]
 [  0.           0.           0.        ]
 [  0.          -0.01792714   0.        ]
 [  0.          -0.01215965   0.        ]]
3
0.223845961176
[[  0.01683444   0.82082389   4.76603209]
 [ -0.17754321  -8.34074078  -0.03222715]
 [  4.02232916  -0.83620998   0.09370781]
 [ -0.06346287  -0.67976295  -0.05230547]
 [ -0.16867361  -0.58626873  -0.16633369]
 [ -0.0835047   -0.52229192  -0.07055537]
 [ -0.14719137   0.05942631  -0.13718026]
 [  0.03150115  -0.04597369   0.03309828]
 [ -0.02327337   0.19569694  -0.01650997]
 [  0.02157207   0.1590689    0.01882703]
 [ -0.23625658 -10.30548024  -0.05817693]
 [ -0.16698765  -0.49411357  -0.08763963]
 [  0.0369239   -0.23454944   0.08439887]
 [  0.13556398   0.25685496   0.1824626 ]
 [  0.03515081   0.05889088   0.03579599]
 [  0.01902731   0.06456153   0.01741203]
 [  0.02163537  -0.0379511    0.01859277]
 [  0.           0.           0.        ]
 [  0.          -0.01798529   0.        ]
 [  0.          -0.01218705   0.        ]]
4
0.179427403294
[[  0.02000724   0.82015144   4.76558788]
 [ -0.17947442  -8.34137576  -0.03074962]
 [  4.02038765  -0.84290081   0.10266123]
 [ -0.06465003  -0.67955947  -0.05426996]
 [ -0.16862593  -0.58703884  -0.17154754]
 [ -0.08284689  -0.51852026  -0.06638534]
 [ -0.13914607   0.06094197  -0.15040459]
 [  0.03279095  -0.04296558   0.03044018]
 [ -0.02141564   0.19451613  -0.01708881]
 [  0.02177205   0.15925735   0.0194862 ]
 [ -0.23374297 -10.29482668  -0.06585189]
 [ -0.16779384  -0.50297727  -0.08479612]
 [  0.03505232  -0.22881299   0.07875905]
 [  0.13972207   0.2494795    0.18873258]
 [  0.03554021   0.06002356   0.03693913]
 [  0.01946566   0.06385618   0.01671166]
 [  0.02074377  -0.03820382   0.02055339]
 [  0.           0.           0.        ]
 [  0.          -0.01790616   0.        ]
 [  0.          -0.01221697   0.        ]]
5
0.169946985092
[[  0.01726353   0.82180213   4.76622522]
 [ -0.17654813  -8.33980858  -0.03185606]
 [  4.01789019  -0.84070345   0.09560801]
 [ -0.0633914   -0.68093569  -0.05289559]
 [ -0.16914268  -0.58758578  -0.16694035]
 [ -0.08260871  -0.5232699   -0.07197192]
 [ -0.14530909   0.05638626  -0.14048153]
 [  0.03183356  -0.04609545   0.03270313]
 [ -0.02289203   0.19549311  -0.01684006]
 [  0.02153146   0.15934326   0.01897993]
 [ -0.23485309 -10.30454496  -0.05898022]
 [ -0.16659602  -0.49211231  -0.08654951]
 [  0.04034002  -0.23314986   0.08486475]
 [  0.13057606   0.24951802   0.18330111]
 [  0.03527442   0.05933508   0.03604232]
 [  0.01901146   0.06450269   0.01768299]
 [  0.02099321  -0.03801466   0.01890925]
 [  0.           0.           0.        ]
 [  0.          -0.01797076   0.        ]
 [  0.          -0.0122093    0.        ]]
6
0.162000925194
[[  0.01978982   0.820084     4.76521955]
 [ -0.17913058  -8.3407118   -0.03100194]
 [  4.021963    -0.84382144   0.10203838]
 [ -0.06506785  -0.67957388  -0.05364323]
 [ -0.16966331  -0.58811941  -0.17038746]
 [ -0.08302556  -0.51888939  -0.06589043]
 [ -0.14235336   0.06023793  -0.14819727]
 [  0.0326475   -0.04320513   0.03074511]
 [ -0.02183454   0.1943876   -0.01658447]
 [  0.02189495   0.15923956   0.01931372]
 [ -0.23396291 -10.29482814  -0.06545563]
 [ -0.16809679  -0.50081667  -0.08495139]
 [  0.03601266  -0.22865309   0.07918401]
 [  0.14069821   0.24701185   0.18888844]
 [  0.03569111   0.06016109   0.03681468]
 [  0.01951594   0.06383004   0.01663344]
 [  0.02105752  -0.03803006   0.02017331]
 [  0.           0.           0.        ]
 [  0.          -0.0178958    0.        ]
 [  0.          -0.01221218   0.        ]]
7
0.168482826312
[[  0.01727465   0.82247217   4.76612337]
 [ -0.17664169  -8.34144886  -0.03184109]
 [  4.01491884  -0.84148253   0.09511187]
 [ -0.06364962  -0.68127898  -0.05282809]
 [ -0.16958973  -0.58706874  -0.16757602]
 [ -0.08173165  -0.52189319  -0.07108369]
 [ -0.14635786   0.05683686  -0.14055365]
 [  0.03159639  -0.04638691   0.03264235]
 [ -0.02317191   0.19469578  -0.01687083]
 [  0.02160357   0.15949777   0.01895005]
 [ -0.23540263 -10.30709521  -0.05784807]
 [ -0.16796339  -0.49290793  -0.08830685]
 [  0.03959161  -0.23467118   0.08335313]
 [  0.12737279   0.24780902   0.18306444]
 [  0.03538867   0.05935489   0.03618038]
 [  0.01889686   0.06430173   0.01757222]
 [  0.02120518  -0.03778255   0.01871556]
 [  0.           0.           0.        ]
 [  0.          -0.01785252   0.        ]
 [  0.          -0.01222486   0.        ]]
8
0.163471909999
[[  0.01990714   0.82027055   4.76511765]
 [ -0.17875966  -8.34051747  -0.03024918]
 [  4.0188998   -0.84213192   0.10223552]
 [ -0.06531246  -0.6796354   -0.05359179]
 [ -0.17002409  -0.58761671  -0.17002061]
 [ -0.08237448  -0.51850487  -0.0665428 ]
 [ -0.14142901   0.06174622  -0.14887953]
 [  0.03260204  -0.04293963   0.03077378]
 [ -0.0217876    0.19454501  -0.01687654]
 [  0.02200418   0.15924715   0.01929351]
 [ -0.23397175 -10.29366104  -0.06464156]
 [ -0.16795808  -0.50171569  -0.08454989]
 [  0.03590807  -0.22881197   0.08084222]
 [  0.13681877   0.24995204   0.1882561 ]
 [  0.03565235   0.06019488   0.03672301]
 [  0.01936921   0.06386942   0.01671004]
 [  0.02072599  -0.03834991   0.0202438 ]
 [  0.           0.           0.        ]
 [  0.          -0.01791506   0.        ]
 [  0.          -0.01221428   0.        ]]
9
Finished successfully! number of iterations:  9
0.0742776450147
[[  0.01857858   0.82024148   4.76481109]
 [ -0.17802795  -8.34200367  -0.02982487]
 [  4.02180102  -0.84245093   0.10434847]
 [ -0.06414504  -0.68021531  -0.05311385]
 [ -0.17071503  -0.58990006  -0.17081106]
 [ -0.08364055  -0.51720092  -0.06755992]
 [ -0.14053861   0.06320426  -0.14538875]
 [  0.03281222  -0.04292348   0.03086906]
 [ -0.02142181   0.19436597  -0.01638148]
 [  0.02167728   0.15948042   0.01916858]
 [ -0.2328026  -10.29571463  -0.06438756]
 [ -0.16870745  -0.5006787   -0.08323804]
 [  0.03683212  -0.229545     0.08126904]
 [  0.14071998   0.24969926   0.19206519]
 [  0.03579643   0.06037116   0.03686913]
 [  0.0194736    0.06369577   0.0168963 ]
 [  0.02062421  -0.0381872    0.01985574]
 [  0.           0.           0.        ]
 [  0.          -0.0178754    0.        ]
 [  0.          -0.01223583   0.        ]]
Time taken for 3Dd noise exp:  119.6229350566864 , noise strength:  [ 0.05  0.05  0.05]
Avg AR burnin:  0.339655555556 , Avg AR sampling:  0.176025555556

 Estimated ordinary:  [[ 0.05627708  0.02042334  1.00004317 -0.02621605 -0.03041738 -0.0210757
  -0.02504066  0.00826801 -0.00539785  0.00386238 -0.02394844 -0.03005968
   0.00656261  0.01447589  0.00637808  0.00490695  0.00367475  0.          0.
   0.        ]
 [ 0.27211309  1.11625197 -0.19694604 -0.17157682 -0.10510625 -0.130324
   0.0112615  -0.01081583  0.04897623  0.02841564 -1.05912195 -0.08920911
  -0.04089949  0.02568661  0.01075671  0.01605002 -0.00680406  0.
  -0.00318497 -0.0012587 ]
 [ 1.25355836 -0.0021248  -0.01814862 -0.02349063 -0.0304345  -0.01702371
  -0.02590484  0.00777837 -0.0041278   0.00341539 -0.00662356 -0.01483105
   0.01448022  0.01975778  0.00656921  0.00425752  0.00353782  0.          0.
   0.        ]] 
 True ordinary:  [[ 0.    0.    1.    0.    0.    0.    0.    0.    0.    0.    0.    0.    0.
   0.    0.    0.    0.    0.    0.    0.  ]
 [ 0.5   1.   -0.3   0.    0.    0.    0.    0.    0.   -0.25 -1.    0.    0.
   0.    0.    0.    0.    0.    0.    0.  ]
 [ 1.2   0.    0.    0.    0.    0.    0.    0.    0.    0.    0.    0.    0.
   0.    0.    0.    0.    0.    0.    0.  ]]

 Estimated hermite:  [[  0.01857858  -0.17802795   4.02180102  -0.06414504  -0.17071503
   -0.08364055  -0.14053861   0.03281222  -0.02142181   0.02167728
   -0.2328026   -0.16870745   0.03683212   0.14071998   0.03579643
    0.0194736    0.02062421   0.           0.           0.        ]
 [  0.82024148  -8.34200367  -0.84245093  -0.68021531  -0.58990006
   -0.51720092   0.06320426  -0.04292348   0.19436597   0.15948042
  -10.29571463  -0.5006787   -0.229545     0.24969926   0.06037116
    0.06369577  -0.0381872    0.          -0.0178754   -0.01223583]
 [  4.76481109  -0.02982487   0.10434847  -0.05311385  -0.17081106
   -0.06755992  -0.14538875   0.03086906  -0.01638148   0.01916858
   -0.06438756  -0.08323804   0.08126904   0.19206519   0.03686913
    0.0168963    0.01985574   0.           0.           0.        ]] 
 True hermite:  [[ 0.          0.          3.96857782  0.          0.          0.          0.
   0.          0.          0.          0.          0.          0.          0.
   0.          0.          0.          0.          0.          0.        ]
 [ 0.99214446 -7.93715565 -1.19057335  0.          0.          0.          0.
   0.          0.         -1.40310415 -9.72099067  0.          0.          0.
   0.          0.          0.          0.          0.          0.        ]
 [ 4.76229339  0.          0.          0.          0.          0.          0.
   0.          0.          0.          0.          0.          0.          0.
   0.          0.          0.          0.          0.          0.        ]]


