My SLURM_ARRAY_TASK_ID:  41
Data shape: (10, 41, 3)
Theta shape: (20, 3)
Theta: [[ 0.17127635  0.02807866  0.22285631]
 [ 0.40419616  0.09517566  0.27749102]
 [ 0.26232544  0.24894496  0.39697275]
 [ 0.19160972  0.37481575  0.31929029]
 [ 0.00808085  0.08167845  0.37558248]
 [ 0.44860282  0.40502408  0.37952758]
 [ 0.27045552  0.0827239   0.20975209]
 [ 0.32525441  0.13741768  0.44644568]
 [ 0.24889217  0.14567435  0.07105822]
 [ 0.11607314  0.26227181  0.16469306]
 [ 0.39528927  0.10023088  0.47062581]
 [ 0.415213    0.48312355  0.45038479]
 [ 0.26847743  0.05650461  0.28907475]
 [ 0.11167551  0.37990484  0.48452532]
 [ 0.47625266  0.17633897  0.18425351]
 [ 0.47645787  0.15371745  0.28084524]
 [ 0.38263321  0.18021718  0.45925306]
 [ 0.41252331  0.11307323  0.24783317]
 [ 0.04558505  0.02708319  0.35170083]
 [ 0.10850584  0.21298828  0.38437689]]
1
211.017982078
[[ -2.81166757e+01  -2.46366653e+01   7.82413647e+01]
 [ -3.08896623e+00   3.87532905e+00  -1.42827612e+01]
 [  2.45544485e-02  -3.59016387e+00   6.87244461e+00]
 [  6.74497566e+00   5.86206110e+00  -4.51934392e+00]
 [  8.82983895e-01   7.05849177e-01   7.74899431e+00]
 [ -3.84880428e-01  -1.79389483e-01  -5.52561700e+00]
 [  2.22351302e-02  -2.07606163e-01   2.13150221e+00]
 [  5.42275007e-01  -1.40619218e-01   7.26139270e-01]
 [ -6.62212068e-02   2.97615115e-01  -2.33755096e-01]
 [ -6.35994699e-01  -5.27578380e-01  -5.84329220e-02]
 [  5.45911682e-02  -4.32964735e-02  -1.34123270e-01]
 [  0.00000000e+00   2.15536642e-02   1.38036519e-01]
 [ -3.16817273e-02   1.46351956e-02  -7.63895202e-02]
 [  0.00000000e+00  -4.55849420e-02   1.63708929e-02]
 [ -5.30315828e-02  -3.61657833e-02  -2.15465182e-01]
 [  3.44942658e-02   1.72880683e-02   1.57724730e-01]
 [ -1.14571747e-02   0.00000000e+00  -6.32557754e-02]
 [ -2.28031801e-02   0.00000000e+00  -1.07805530e-02]
 [  0.00000000e+00   0.00000000e+00   0.00000000e+00]
 [  2.18534117e-02   1.71261920e-02   0.00000000e+00]]
2
1.45515868229
[[ -2.80766807e+01  -2.45618064e+01   7.83330274e+01]
 [ -2.98700108e+00   4.04441597e+00  -1.46409180e+01]
 [ -2.68527010e-02  -3.70098959e+00   7.09249400e+00]
 [  6.74672326e+00   5.86232960e+00  -4.49688249e+00]
 [  8.90874822e-01   7.10073940e-01   7.79136955e+00]
 [ -3.88371485e-01  -1.74904815e-01  -5.55869873e+00]
 [  2.11174117e-02  -2.13826848e-01   2.14446923e+00]
 [  5.39868349e-01  -1.48080742e-01   7.48792887e-01]
 [ -6.57244477e-02   3.03337927e-01  -2.47692570e-01]
 [ -6.36349079e-01  -5.28147215e-01  -6.22016911e-02]
 [  5.67069672e-02  -4.18608479e-02  -1.34011889e-01]
 [  0.00000000e+00   2.09473645e-02   1.37791619e-01]
 [ -3.11050750e-02   1.48592694e-02  -7.61981318e-02]
 [  0.00000000e+00  -4.57697737e-02   1.62468690e-02]
 [ -5.31686286e-02  -3.62493263e-02  -2.16652474e-01]
 [  3.44980119e-02   1.71161513e-02   1.58650488e-01]
 [ -1.13587687e-02   0.00000000e+00  -6.36117255e-02]
 [ -2.28943697e-02   0.00000000e+00  -1.12855342e-02]
 [  0.00000000e+00   0.00000000e+00   0.00000000e+00]
 [  2.18611256e-02   1.71483769e-02   0.00000000e+00]]
3
0.405767415587
[[ -2.80758388e+01  -2.45765367e+01   7.83234253e+01]
 [ -3.01287906e+00   3.98609409e+00  -1.45464012e+01]
 [  0.00000000e+00  -3.66408894e+00   7.02571095e+00]
 [  6.74744924e+00   5.86330392e+00  -4.49090983e+00]
 [  8.92493878e-01   7.12186799e-01   7.79257099e+00]
 [ -3.91314339e-01  -1.78933446e-01  -5.55805888e+00]
 [  2.32963203e-02  -2.11018910e-01   2.14318713e+00]
 [  5.41257381e-01  -1.44538257e-01   7.41918799e-01]
 [ -6.69463694e-02   3.01040709e-01  -2.42952731e-01]
 [ -6.36497108e-01  -5.28182315e-01  -6.28639745e-02]
 [  5.65655768e-02  -4.19494301e-02  -1.34373410e-01]
 [  0.00000000e+00   2.09450116e-02   1.37939053e-01]
 [ -3.10761955e-02   1.48854174e-02  -7.61686277e-02]
 [  0.00000000e+00  -4.57821948e-02   1.62076961e-02]
 [ -5.32331918e-02  -3.63265083e-02  -2.16691652e-01]
 [  3.46013993e-02   1.72487076e-02   1.58619319e-01]
 [ -1.14312552e-02   0.00000000e+00  -6.35601047e-02]
 [ -2.29160963e-02   0.00000000e+00  -1.11044716e-02]
 [  0.00000000e+00   0.00000000e+00   0.00000000e+00]
 [  2.18681555e-02   1.71498347e-02   0.00000000e+00]]
4
0.329001667983
[[ -2.80775571e+01  -2.45595493e+01   7.83348876e+01]
 [ -3.00532196e+00   4.02874768e+00  -1.46140624e+01]
 [ -1.56918120e-02  -3.69259226e+00   7.07574292e+00]
 [  6.74619442e+00   5.86094789e+00  -4.49857174e+00]
 [  8.90733702e-01   7.09312452e-01   7.78667277e+00]
 [ -3.88633264e-01  -1.74964982e-01  -5.55317566e+00]
 [  2.15965046e-02  -2.13392842e-01   2.14137982e+00]
 [  5.41063309e-01  -1.47074569e-01   7.47079058e-01]
 [ -6.64276129e-02   3.02869909e-01  -2.46675638e-01]
 [ -6.36291457e-01  -5.27998412e-01  -6.20182520e-02]
 [  5.67138882e-02  -4.18261859e-02  -1.33944154e-01]
 [  0.00000000e+00   2.09834243e-02   1.37661731e-01]
 [ -3.11560210e-02   1.47941977e-02  -7.60712892e-02]
 [  0.00000000e+00  -4.57287994e-02   1.61755598e-02]
 [ -5.31710690e-02  -3.62328401e-02  -2.16521893e-01]
 [  3.45171046e-02   1.71266315e-02   1.58497274e-01]
 [ -1.13839259e-02   0.00000000e+00  -6.35289177e-02]
 [ -2.29221744e-02   0.00000000e+00  -1.12489213e-02]
 [  0.00000000e+00   0.00000000e+00   0.00000000e+00]
 [  2.18596137e-02   1.71437810e-02   0.00000000e+00]]
5
0.304463802766
[[ -2.80766106e+01  -2.45780216e+01   7.83323192e+01]
 [ -3.03299464e+00   3.98170130e+00  -1.45687314e+01]
 [  0.00000000e+00  -3.66207909e+00   7.04479516e+00]
 [  6.74744686e+00   5.86391703e+00  -4.49573591e+00]
 [  8.95198594e-01   7.13219753e-01   7.78595203e+00]
 [ -3.94179564e-01  -1.79837280e-01  -5.55234577e+00]
 [  2.46627421e-02  -2.10773566e-01   2.14095554e+00]
 [  5.42968419e-01  -1.44120986e-01   7.44222474e-01]
 [ -6.81244350e-02   3.00855432e-01  -2.44878932e-01]
 [ -6.36443993e-01  -5.28205003e-01  -6.23489106e-02]
 [  5.67341931e-02  -4.18536699e-02  -1.33913939e-01]
 [  0.00000000e+00   2.08550525e-02   1.37581603e-01]
 [ -3.10469915e-02   1.49419139e-02  -7.60294378e-02]
 [  0.00000000e+00  -4.58055659e-02   1.61926106e-02]
 [ -5.33036261e-02  -3.63452329e-02  -2.16511580e-01]
 [  3.46826440e-02   1.72647271e-02   1.58476215e-01]
 [ -1.14715671e-02   0.00000000e+00  -6.35153951e-02]
 [ -2.29684731e-02   0.00000000e+00  -1.11860303e-02]
 [  0.00000000e+00   0.00000000e+00   0.00000000e+00]
 [  2.18643293e-02   1.71489736e-02   0.00000000e+00]]
6
0.185901938126
[[ -2.80813165e+01  -2.45720951e+01   7.83200937e+01]
 [ -3.00892488e+00   3.99771472e+00  -1.45494204e+01]
 [  0.00000000e+00  -3.66988674e+00   7.03162052e+00]
 [  6.74849339e+00   5.86309847e+00  -4.49042398e+00]
 [  8.92564883e-01   7.11342785e-01   7.79278836e+00]
 [ -3.90907473e-01  -1.77645268e-01  -5.55788245e+00]
 [  2.25977215e-02  -2.12024986e-01   2.14287043e+00]
 [  5.41199799e-01  -1.45181922e-01   7.42120808e-01]
 [ -6.71284162e-02   3.01303914e-01  -2.43420180e-01]
 [ -6.36532929e-01  -5.28164560e-01  -6.29023276e-02]
 [  5.67909600e-02  -4.18551644e-02  -1.34315202e-01]
 [  0.00000000e+00   2.07818289e-02   1.37732254e-01]
 [ -3.07362733e-02   1.50383421e-02  -7.59088606e-02]
 [  0.00000000e+00  -4.58631935e-02   1.60424296e-02]
 [ -5.32065431e-02  -3.62853762e-02  -2.16691064e-01]
 [  3.45503116e-02   1.71888437e-02   1.58602670e-01]
 [ -1.13811042e-02   0.00000000e+00  -6.35411726e-02]
 [ -2.29225066e-02   0.00000000e+00  -1.11089289e-02]
 [  0.00000000e+00   0.00000000e+00   0.00000000e+00]
 [  2.18670203e-02   1.71484595e-02   0.00000000e+00]]
7
Finished successfully! number of iterations:  7
0.0803140925085
[[ -2.80825335e+01  -2.45733177e+01   7.83188362e+01]
 [ -2.99899264e+00   4.00554486e+00  -1.45484480e+01]
 [ -1.53700296e-02  -3.67397641e+00   7.02992590e+00]
 [  6.74875299e+00   5.86345064e+00  -4.49008630e+00]
 [  8.92285035e-01   7.11362560e-01   7.79263830e+00]
 [ -3.90951730e-01  -1.77847037e-01  -5.55754863e+00]
 [  2.28807678e-02  -2.11869928e-01   2.14273238e+00]
 [  5.40421217e-01  -1.45678919e-01   7.41966513e-01]
 [ -6.65169621e-02   3.01540923e-01  -2.43202077e-01]
 [ -6.36566946e-01  -5.28192269e-01  -6.29497453e-02]
 [  5.65883609e-02  -4.19458368e-02  -1.34427034e-01]
 [  0.00000000e+00   2.09364438e-02   1.37929874e-01]
 [ -3.10445428e-02   1.48795402e-02  -7.61043125e-02]
 [  0.00000000e+00  -4.57676918e-02   1.61510156e-02]
 [ -5.32185710e-02  -3.62952388e-02  -2.16699260e-01]
 [  3.45798670e-02   1.72075355e-02   1.58610537e-01]
 [ -1.14108485e-02   0.00000000e+00  -6.35507835e-02]
 [ -2.28986580e-02   0.00000000e+00  -1.11017833e-02]
 [  0.00000000e+00   0.00000000e+00   0.00000000e+00]
 [  2.18689822e-02   1.71494490e-02   0.00000000e+00]]
Time taken for 3Dl timepoints exp:  37.02198672294617 , number of time points:  41
Avg AR burnin:  0.201607142857 , Avg AR sampling:  0.0217678571429

 Estimated ordinary:  [[ -7.12586066e+00  -7.63536832e-01  -3.87293138e-03   1.70531341e+00
    1.58984106e-01  -9.85117963e-02   4.07681210e-03   1.36175033e-01
   -1.67609066e-02  -1.13421186e-01   5.82125452e-03   0.00000000e+00
   -5.53140386e-03   0.00000000e+00  -9.48229167e-03   8.71341536e-03
   -2.03314354e-03  -4.07999971e-03   0.00000000e+00   2.24966600e-03]
 [ -6.18685712e+00   1.01960868e+00  -9.15372491e-01   1.47864344e+00
    1.26747997e-01  -4.48137960e-02  -3.77502142e-02  -3.67080917e-02
    7.59821115e-02  -9.41113798e-02  -4.31497552e-03   3.73037950e-03
    2.65118243e-03  -4.70813041e-03  -6.46695381e-03   4.33594507e-03
    0.00000000e+00   0.00000000e+00   0.00000000e+00   1.76416680e-03]
 [  1.79757040e+01  -3.60888605e+00   1.74183654e+00  -1.08147548e+00
    1.38846399e+00  -1.40038797e+00   3.81784273e-01   1.86960303e-01
   -6.12819220e-02  -1.12161569e-02  -1.38285324e-02   2.45758439e-02
   -1.35599900e-02   1.66145778e-03  -3.86106870e-02   3.99665935e-02
   -1.13232478e-02  -1.97807542e-03   0.00000000e+00   0.00000000e+00]] 
 True ordinary:  [[  0.         -10.          10.           0.           0.           0.
    0.           0.           0.           0.           0.           0.
    0.           0.           0.           0.           0.           0.
    0.           0.        ]
 [  0.          28.          -1.           0.           0.           0.
    0.          -1.           0.           0.           0.           0.
    0.           0.           0.           0.           0.           0.
    0.           0.        ]
 [  0.           0.           0.          -2.66666667   0.           1.
    0.           0.           0.           0.           0.           0.
    0.           0.           0.           0.           0.           0.
    0.           0.        ]]

 Estimated hermite:  [[ -2.80825335e+01  -2.99899264e+00  -1.53700296e-02   6.74875299e+00
    8.92285035e-01  -3.90951730e-01   2.28807678e-02   5.40421217e-01
   -6.65169621e-02  -6.36566946e-01   5.65883609e-02   0.00000000e+00
   -3.10445428e-02   0.00000000e+00  -5.32185710e-02   3.45798670e-02
   -1.14108485e-02  -2.28986580e-02   0.00000000e+00   2.18689822e-02]
 [ -2.45733177e+01   4.00554486e+00  -3.67397641e+00   5.86345064e+00
    7.11362560e-01  -1.77847037e-01  -2.11869928e-01  -1.45678919e-01
    3.01540923e-01  -5.28192269e-01  -4.19458368e-02   2.09364438e-02
    1.48795402e-02  -4.57676918e-02  -3.62952388e-02   1.72075355e-02
    0.00000000e+00   0.00000000e+00   0.00000000e+00   1.71494490e-02]
 [  7.83188362e+01  -1.45484480e+01   7.02992590e+00  -4.49008630e+00
    7.79263830e+00  -5.55754863e+00   2.14273238e+00   7.41966513e-01
   -2.43202077e-01  -6.29497453e-02  -1.34427034e-01   1.37929874e-01
   -7.61043125e-02   1.61510156e-02  -2.16699260e-01   1.58610537e-01
   -6.35507835e-02  -1.11017833e-02   0.00000000e+00   0.00000000e+00]] 
 True hermite:  [[   0.          -39.68577824   39.68577824    0.            0.            0.
     0.            0.            0.            0.            0.            0.
     0.            0.            0.            0.            0.            0.
     0.            0.        ]
 [   0.          111.12017907   -3.96857782    0.            0.            0.
     0.           -3.96857782    0.            0.            0.            0.
     0.            0.            0.            0.            0.            0.
     0.            0.        ]
 [   0.            0.            0.          -10.5828742     0.
     3.96857782    0.            0.            0.            0.            0.
     0.            0.            0.            0.            0.            0.
     0.            0.            0.        ]]


