My SLURM_ARRAY_TASK_ID:  71
Data shape: (10, 71, 3)
Theta shape: (20, 3)
Theta: [[ 0.17611173  0.05321094  0.33924129]
 [ 0.15080098  0.22155351  0.07243771]
 [ 0.01035385  0.15399175  0.0977177 ]
 [ 0.36206926  0.11347614  0.18282395]
 [ 0.34405152  0.31209411  0.28630786]
 [ 0.31280502  0.45510237  0.36304622]
 [ 0.15592846  0.47503057  0.15071527]
 [ 0.03187853  0.27040062  0.10431986]
 [ 0.06763359  0.33101686  0.0729241 ]
 [ 0.27058522  0.44140166  0.11203059]
 [ 0.36257084  0.42436309  0.08071827]
 [ 0.2477468   0.34587795  0.26837413]
 [ 0.16862213  0.45501612  0.08006196]
 [ 0.13089664  0.15777288  0.4455247 ]
 [ 0.06520003  0.28855817  0.31161558]
 [ 0.09718773  0.47452334  0.26516941]
 [ 0.0566458   0.41831218  0.28521101]
 [ 0.32693977  0.44290645  0.49280215]
 [ 0.17630151  0.14758671  0.19066745]
 [ 0.16154293  0.37690748  0.31184774]]
1
210.985477189
[[  2.23311821e+01   1.19511640e+01   1.00351080e+02]
 [  4.90169277e+00   1.35344499e+01   1.55305143e+01]
 [  1.53696991e+00   3.48323945e-02  -7.50603760e-01]
 [ -2.75055092e+00  -2.70020755e+00  -6.70983958e+00]
 [  2.92625703e-02  -1.36381550e+00   6.73186981e+00]
 [ -2.47179974e-01   7.39777966e-01  -4.05300713e+00]
 [  1.63229225e-01  -1.20848289e-01   1.50626382e+00]
 [  1.66155472e-01  -5.99918942e-01  -4.38847093e-01]
 [ -3.03895523e-01  -1.33597561e-01  -5.23064020e-01]
 [  1.12862856e-01   1.73307092e-01   1.08806038e-02]
 [  1.82915877e-01   0.00000000e+00   4.02793013e-01]
 [ -1.41317421e-01  -1.76591800e-02  -4.17981686e-01]
 [  5.37068215e-02   1.38194329e-02   2.53142875e-01]
 [ -2.41766910e-02  -2.49664005e-02  -8.93529398e-02]
 [  0.00000000e+00   3.70490347e-02  -1.92579279e-01]
 [  0.00000000e+00  -2.23333407e-02   1.22970212e-01]
 [  0.00000000e+00   0.00000000e+00  -4.82089425e-02]
 [ -2.24902131e-02   0.00000000e+00   0.00000000e+00]
 [  1.77578699e-02   0.00000000e+00   2.99252543e-02]
 [  0.00000000e+00   0.00000000e+00   0.00000000e+00]]
2
1.66881296548
[[  2.23070005e+01   1.20427255e+01   1.00253545e+02]
 [  5.14646316e+00   1.38249644e+01   1.57133103e+01]
 [  1.41503745e+00  -1.00825029e-01  -8.44146552e-01]
 [ -2.74203969e+00  -2.73810207e+00  -6.64320425e+00]
 [  4.59907919e-02  -1.37229033e+00   6.78715475e+00]
 [ -2.61994749e-01   7.39697090e-01  -4.08654089e+00]
 [  1.68918863e-01  -1.17973636e-01   1.51540556e+00]
 [  1.52672442e-01  -6.17210457e-01  -4.40588112e-01]
 [ -2.98237764e-01  -1.26884149e-01  -5.23247147e-01]
 [  1.12450918e-01   1.77243062e-01   0.00000000e+00]
 [  1.82859610e-01   0.00000000e+00   4.08210996e-01]
 [ -1.41049410e-01  -1.71357511e-02  -4.21637524e-01]
 [  5.32575124e-02   1.36415506e-02   2.54416502e-01]
 [ -2.38566239e-02  -2.49103096e-02  -8.94828582e-02]
 [  0.00000000e+00   3.74347830e-02  -1.94256646e-01]
 [  0.00000000e+00  -2.24572277e-02   1.24019265e-01]
 [  0.00000000e+00   0.00000000e+00  -4.85122676e-02]
 [ -2.22388821e-02   0.00000000e+00  -1.02451780e-02]
 [  1.76847430e-02   0.00000000e+00   3.00957073e-02]
 [  0.00000000e+00   0.00000000e+00   0.00000000e+00]]
3
0.739591823606
[[  2.23183538e+01   1.19621679e+01   1.00340640e+02]
 [  5.14703258e+00   1.38826138e+01   1.55317753e+01]
 [  1.40985652e+00  -1.36762468e-01  -7.39904275e-01]
 [ -2.75126877e+00  -2.72428801e+00  -6.66842183e+00]
 [  4.09889631e-02  -1.36149510e+00   6.77338395e+00]
 [ -2.60603224e-01   7.31861686e-01  -4.07943870e+00]
 [  1.69850757e-01  -1.15052141e-01   1.51377031e+00]
 [  1.51908202e-01  -6.21359548e-01  -4.33116573e-01]
 [ -2.97275344e-01  -1.23996194e-01  -5.27949230e-01]
 [  1.13360947e-01   1.76243988e-01   0.00000000e+00]
 [  1.82866324e-01   0.00000000e+00   4.06877059e-01]
 [ -1.41223938e-01  -1.70702740e-02  -4.21038182e-01]
 [  5.35388831e-02   1.36207502e-02   2.54406464e-01]
 [ -2.40389379e-02  -2.49310128e-02  -8.95839495e-02]
 [  0.00000000e+00   3.71531554e-02  -1.93849824e-01]
 [  0.00000000e+00  -2.22386582e-02   1.23787070e-01]
 [  0.00000000e+00   0.00000000e+00  -4.84371961e-02]
 [ -2.22079362e-02   0.00000000e+00  -1.03015565e-02]
 [  1.76493214e-02   0.00000000e+00   3.01642606e-02]
 [  0.00000000e+00   0.00000000e+00   0.00000000e+00]]
4
Finished successfully! number of iterations:  4
0.099179722407
[[  2.23120532e+01   1.19588753e+01   1.00341841e+02]
 [  5.14749424e+00   1.38844594e+01   1.55152900e+01]
 [  1.41004435e+00  -1.37378273e-01  -7.31983691e-01]
 [ -2.74919974e+00  -2.72439806e+00  -6.66656138e+00]
 [  4.24368993e-02  -1.36211798e+00   6.77400615e+00]
 [ -2.61672304e-01   7.32017798e-01  -4.07977831e+00]
 [  1.70170334e-01  -1.15036573e-01   1.51372560e+00]
 [  1.51799635e-01  -6.21277363e-01  -4.31685482e-01]
 [ -2.97313341e-01  -1.24100912e-01  -5.28631492e-01]
 [  1.13157831e-01   1.76280538e-01   0.00000000e+00]
 [  1.82842078e-01   0.00000000e+00   4.07172150e-01]
 [ -1.41255678e-01  -1.71438619e-02  -4.21277508e-01]
 [  5.35809643e-02   1.36629263e-02   2.54522820e-01]
 [ -2.40599473e-02  -2.49441727e-02  -8.96186294e-02]
 [  0.00000000e+00   3.71664401e-02  -1.93890462e-01]
 [  0.00000000e+00  -2.22418751e-02   1.23808040e-01]
 [  0.00000000e+00   0.00000000e+00  -4.84343222e-02]
 [ -2.22029151e-02   0.00000000e+00  -1.03477294e-02]
 [  1.76522422e-02   0.00000000e+00   3.01855908e-02]
 [  0.00000000e+00   0.00000000e+00   0.00000000e+00]]
Time taken for 3Dl timepoints exp:  35.756401777267456 , number of time points:  71
Avg AR burnin:  0.191464285714 , Avg AR sampling:  0.02225

 Estimated ordinary:  [[  5.56413493e+00   1.23504488e+00   3.84750543e-01  -6.92741798e-01
    7.56125257e-03  -6.59360395e-02   3.03203321e-02   3.82503863e-02
   -7.49168479e-02   2.01620513e-02   1.88089963e-02  -2.51684235e-02
    9.54686158e-03  -2.47505096e-03   0.00000000e+00   0.00000000e+00
    0.00000000e+00  -3.95603476e-03   3.14521240e-03   0.00000000e+00]
 [  3.24517566e+00   3.49616383e+00  -2.38638345e-02  -6.93114467e-01
   -2.42697234e-01   1.84453431e-01  -2.04967988e-02  -1.56549119e-01
   -3.12708777e-02   3.14090259e-02   0.00000000e+00  -3.05463104e-03
    2.43441057e-03  -2.56601138e-03   6.62218129e-03  -5.60449513e-03
    0.00000000e+00   0.00000000e+00   0.00000000e+00   0.00000000e+00]
 [  2.38074025e+01   3.74037017e+00  -8.71042480e-02  -1.63665982e+00
    1.20696781e+00  -1.02802024e+00   2.69710129e-01  -1.08775864e-01
   -1.33204265e-01   0.00000000e+00   4.18858699e-02  -7.50616962e-02
    4.53499516e-02  -9.21908398e-03  -3.45466982e-02   3.11970801e-02
   -8.62985160e-03  -1.84372084e-03   5.37835893e-03   0.00000000e+00]] 
 True ordinary:  [[  0.         -10.          10.           0.           0.           0.
    0.           0.           0.           0.           0.           0.
    0.           0.           0.           0.           0.           0.
    0.           0.        ]
 [  0.          28.          -1.           0.           0.           0.
    0.          -1.           0.           0.           0.           0.
    0.           0.           0.           0.           0.           0.
    0.           0.        ]
 [  0.           0.           0.          -2.66666667   0.           1.
    0.           0.           0.           0.           0.           0.
    0.           0.           0.           0.           0.           0.
    0.           0.        ]]

 Estimated hermite:  [[  2.23120532e+01   5.14749424e+00   1.41004435e+00  -2.74919974e+00
    4.24368993e-02  -2.61672304e-01   1.70170334e-01   1.51799635e-01
   -2.97313341e-01   1.13157831e-01   1.82842078e-01  -1.41255678e-01
    5.35809643e-02  -2.40599473e-02   0.00000000e+00   0.00000000e+00
    0.00000000e+00  -2.22029151e-02   1.76522422e-02   0.00000000e+00]
 [  1.19588753e+01   1.38844594e+01  -1.37378273e-01  -2.72439806e+00
   -1.36211798e+00   7.32017798e-01  -1.15036573e-01  -6.21277363e-01
   -1.24100912e-01   1.76280538e-01   0.00000000e+00  -1.71438619e-02
    1.36629263e-02  -2.49441727e-02   3.71664401e-02  -2.22418751e-02
    0.00000000e+00   0.00000000e+00   0.00000000e+00   0.00000000e+00]
 [  1.00341841e+02   1.55152900e+01  -7.31983691e-01  -6.66656138e+00
    6.77400615e+00  -4.07977831e+00   1.51372560e+00  -4.31685482e-01
   -5.28631492e-01   0.00000000e+00   4.07172150e-01  -4.21277508e-01
    2.54522820e-01  -8.96186294e-02  -1.93890462e-01   1.23808040e-01
   -4.84343222e-02  -1.03477294e-02   3.01855908e-02   0.00000000e+00]] 
 True hermite:  [[   0.          -39.68577824   39.68577824    0.            0.            0.
     0.            0.            0.            0.            0.            0.
     0.            0.            0.            0.            0.            0.
     0.            0.        ]
 [   0.          111.12017907   -3.96857782    0.            0.            0.
     0.           -3.96857782    0.            0.            0.            0.
     0.            0.            0.            0.            0.            0.
     0.            0.        ]
 [   0.            0.            0.          -10.5828742     0.
     3.96857782    0.            0.            0.            0.            0.
     0.            0.            0.            0.            0.            0.
     0.            0.            0.        ]]


