My SLURM_ARRAY_TASK_ID:  91
Data shape: (10, 91, 3)
Theta shape: (20, 3)
Theta: [[ 0.05584549  0.32060497  0.23308832]
 [ 0.36069346  0.49820162  0.28668035]
 [ 0.48766639  0.32037888  0.19475409]
 [ 0.03519797  0.42942938  0.06327732]
 [ 0.38990197  0.37205171  0.32772163]
 [ 0.0872886   0.24209842  0.08021721]
 [ 0.20698654  0.0301593   0.27600836]
 [ 0.4330513   0.35968012  0.09087308]
 [ 0.06439014  0.29289922  0.0715516 ]
 [ 0.37532618  0.43424001  0.16706754]
 [ 0.36137975  0.06411123  0.10858918]
 [ 0.09177245  0.47834408  0.12679404]
 [ 0.27008052  0.08943601  0.49709883]
 [ 0.04487687  0.08667112  0.08567143]
 [ 0.49593109  0.3165105   0.27800443]
 [ 0.0664206   0.49072421  0.34329515]
 [ 0.1642941   0.27145756  0.00492579]
 [ 0.48175034  0.34048694  0.07394617]
 [ 0.15961942  0.29720036  0.29807886]
 [ 0.15115053  0.05111714  0.31991825]]
1
286.196524998
[[  1.76665409e+01   3.89624146e+01   7.90226033e+01]
 [ -4.32235197e-01   9.89046861e+00  -3.91548563e+01]
 [ -5.51245320e+00  -1.22748506e+01   1.97685763e+01]
 [ -3.04537302e+00  -6.36739123e+00   1.19057053e+00]
 [ -2.32691057e+00  -2.55312228e+00   1.25066495e+01]
 [  3.25214086e+00   2.94950485e+00  -7.08944579e+00]
 [ -1.82174763e+00  -1.73294725e+00   2.42168296e+00]
 [ -2.45750114e-02  -1.04447149e+00   2.28103125e+00]
 [  8.59647811e-01   1.55704303e+00  -9.42695705e-01]
 [  1.73119733e-01   4.34158673e-01  -8.06381886e-01]
 [  1.86814423e-02  -1.29651361e-01   0.00000000e+00]
 [  5.65714468e-02   8.85119146e-02  -1.50558982e-02]
 [ -9.28022193e-02  -3.60429095e-02   1.42642269e-02]
 [  3.09264661e-02  -3.36871193e-02   0.00000000e+00]
 [  5.63868962e-02   6.91963995e-02  -3.54061983e-01]
 [ -8.71386579e-02  -8.60578053e-02   2.08281183e-01]
 [  4.80015315e-02   5.28163125e-02  -7.30614914e-02]
 [  0.00000000e+00   2.99470570e-02  -4.58822394e-02]
 [ -2.33426486e-02  -4.84874225e-02   1.52387002e-02]
 [  0.00000000e+00  -1.05899523e-02   3.12255815e-02]]
2
3.49284672128
[[  1.77153601e+01   3.90714185e+01   7.87013336e+01]
 [ -1.79043636e-01   1.00191572e+01  -4.01299579e+01]
 [ -5.65432087e+00  -1.23638178e+01   2.02949847e+01]
 [ -3.05748218e+00  -6.38425680e+00   1.39097671e+00]
 [ -2.35647138e+00  -2.57703562e+00   1.26979634e+01]
 [  3.28257704e+00   2.97422394e+00  -7.20764652e+00]
 [ -1.83726740e+00  -1.74500584e+00   2.45195991e+00]
 [ -3.78347848e-02  -1.05417868e+00   2.33862413e+00]
 [  8.67315571e-01   1.56389215e+00  -9.71310857e-01]
 [  1.73982476e-01   4.35053639e-01  -8.27386352e-01]
 [  1.99040096e-02  -1.30375444e-01   0.00000000e+00]
 [  5.61149897e-02   8.90562338e-02  -1.56141898e-02]
 [ -9.30048764e-02  -3.63125798e-02   1.51722619e-02]
 [  3.11772178e-02  -3.36393925e-02   0.00000000e+00]
 [  5.71485938e-02   6.97813618e-02  -3.59051680e-01]
 [ -8.79420333e-02  -8.66856730e-02   2.11235612e-01]
 [  4.84140434e-02   5.31272445e-02  -7.36968525e-02]
 [  0.00000000e+00   3.02012170e-02  -4.70588389e-02]
 [ -2.34705752e-02  -4.86554192e-02   1.57881364e-02]
 [  0.00000000e+00  -1.06007556e-02   3.18580835e-02]]
3
0.11379458063
[[  1.77161861e+01   3.90674347e+01   7.87083492e+01]
 [ -1.60422022e-01   1.00342620e+01  -4.01368227e+01]
 [ -5.66495038e+00  -1.23731220e+01   2.02973772e+01]
 [ -3.05841804e+00  -6.38361622e+00   1.39005902e+00]
 [ -2.35715461e+00  -2.57684051e+00   1.26981701e+01]
 [  3.28249444e+00   2.97337208e+00  -7.20804327e+00]
 [ -1.83685625e+00  -1.74430830e+00   2.45226845e+00]
 [ -3.91261033e-02  -1.05512835e+00   2.33906064e+00]
 [  8.68007448e-01   1.56446801e+00  -9.71408820e-01]
 [  1.74084870e-01   4.35016394e-01  -8.27339989e-01]
 [  1.97641155e-02  -1.30451857e-01   0.00000000e+00]
 [  5.62754203e-02   8.91693314e-02  -1.56210077e-02]
 [ -9.31242151e-02  -3.64076119e-02   1.51718880e-02]
 [  3.12333016e-02  -3.35937465e-02   0.00000000e+00]
 [  5.71639370e-02   6.97735457e-02  -3.59061430e-01]
 [ -8.79319567e-02  -8.66568399e-02   2.11252610e-01]
 [  4.83955767e-02   5.31038967e-02  -7.37107621e-02]
 [  0.00000000e+00   3.02231251e-02  -4.70684968e-02]
 [ -2.34875357e-02  -4.86690041e-02   1.57898866e-02]
 [  0.00000000e+00  -1.05999106e-02   3.18573870e-02]]
4
0.259889737762
[[  1.76974352e+01   3.90343938e+01   7.86921881e+01]
 [ -1.59514403e-01   1.00321243e+01  -4.00649253e+01]
 [ -5.66763262e+00  -1.23697246e+01   2.02593183e+01]
 [ -3.05253135e+00  -6.37751198e+00   1.39535641e+00]
 [ -2.35367112e+00  -2.57445445e+00   1.27026059e+01]
 [  3.28151441e+00   2.97354847e+00  -7.21210042e+00]
 [ -1.83729035e+00  -1.74532345e+00   2.45400280e+00]
 [ -3.94491462e-02  -1.05519183e+00   2.33535120e+00]
 [  8.68391194e-01   1.56414225e+00  -9.69795932e-01]
 [  1.73544207e-01   4.34568198e-01  -8.27814535e-01]
 [  1.97130612e-02  -1.30461672e-01   0.00000000e+00]
 [  5.62336444e-02   8.89357155e-02  -1.58234090e-02]
 [ -9.30412420e-02  -3.61295329e-02   1.52389078e-02]
 [  3.11807323e-02  -3.37351152e-02   0.00000000e+00]
 [  5.70818441e-02   6.97328170e-02  -3.59175570e-01]
 [ -8.79207965e-02  -8.66899672e-02   2.11359658e-01]
 [  4.84134996e-02   5.31450575e-02  -7.37551037e-02]
 [  0.00000000e+00   3.02311178e-02  -4.70085653e-02]
 [ -2.35012317e-02  -4.86555592e-02   1.57743096e-02]
 [  0.00000000e+00  -1.05892102e-02   3.18705187e-02]]
5
Finished successfully! number of iterations:  5
0.0588392586427
[[  1.77050245e+01   3.90355214e+01   7.86926020e+01]
 [ -1.62114629e-01   1.00366784e+01  -4.00632439e+01]
 [ -5.66840629e+00  -1.23732156e+01   2.02575631e+01]
 [ -3.05375276e+00  -6.37824511e+00   1.39600985e+00]
 [ -2.35417255e+00  -2.57503841e+00   1.27028101e+01]
 [  3.28212754e+00   2.97378731e+00  -7.21215072e+00]
 [ -1.83768895e+00  -1.74519417e+00   2.45393099e+00]
 [ -3.93869398e-02  -1.05549054e+00   2.33510356e+00]
 [  8.68604834e-01   1.56436418e+00  -9.69565696e-01]
 [  1.73632222e-01   4.34642308e-01  -8.27896015e-01]
 [  1.96852793e-02  -1.30508382e-01   0.00000000e+00]
 [  5.62746611e-02   8.90294462e-02  -1.57607231e-02]
 [ -9.30618155e-02  -3.62432818e-02   1.52276286e-02]
 [  3.11843608e-02  -3.36593427e-02   0.00000000e+00]
 [  5.70996502e-02   6.97434428e-02  -3.59183588e-01]
 [ -8.79449682e-02  -8.66862772e-02   2.11359690e-01]
 [  4.84306972e-02   5.31320327e-02  -7.37498829e-02]
 [  0.00000000e+00   3.02391247e-02  -4.69978051e-02]
 [ -2.35120575e-02  -4.86613957e-02   1.57646105e-02]
 [  0.00000000e+00  -1.05913407e-02   3.18735269e-02]]
Time taken for 3Dl timepoints exp:  58.345560789108276 , number of time points:  91
Avg AR burnin:  0.202888888889 , Avg AR sampling:  0.0220933333333

 Estimated ordinary:  [[  5.17725556e+00  -3.03432208e-02  -1.44378316e+00  -7.88285911e-01
   -4.19457913e-01   8.27028646e-01  -3.27432741e-01  -9.92469886e-03
    2.18870556e-01   3.09371586e-02   2.02502811e-03   1.00268147e-02
   -1.65814163e-02   3.20794061e-03   1.01738083e-02  -2.21603234e-02
    8.62920571e-03   0.00000000e+00  -4.18929299e-03   0.00000000e+00]
 [  1.05284690e+01   2.57038262e+00  -3.11460089e+00  -1.62581151e+00
   -4.58810991e-01   7.49333247e-01  -3.10952358e-01  -2.65961911e-01
    3.94187603e-01   7.74429876e-02  -1.34254199e-02   1.58629433e-02
   -6.45769630e-03  -3.46254244e-03   1.24266333e-02  -2.18431592e-02
    9.46687259e-03   5.38789740e-03  -8.67031073e-03  -1.08953306e-03]
 [  1.72758559e+01  -1.00894529e+01   5.10448863e+00   4.19067781e-01
    2.26334057e+00  -1.81731367e+00   4.37232510e-01   5.88398076e-01
   -2.44310617e-01  -1.47511505e-01   0.00000000e+00  -2.80818840e-03
    2.71320356e-03   0.00000000e+00  -6.39980270e-02   5.32582953e-02
   -1.31404863e-02  -8.37389820e-03   2.80888103e-03   3.27883525e-03]] 
 True ordinary:  [[  0.         -10.          10.           0.           0.           0.
    0.           0.           0.           0.           0.           0.
    0.           0.           0.           0.           0.           0.
    0.           0.        ]
 [  0.          28.          -1.           0.           0.           0.
    0.          -1.           0.           0.           0.           0.
    0.           0.           0.           0.           0.           0.
    0.           0.        ]
 [  0.           0.           0.          -2.66666667   0.           1.
    0.           0.           0.           0.           0.           0.
    0.           0.           0.           0.           0.           0.
    0.           0.        ]]

 Estimated hermite:  [[  1.77050245e+01  -1.62114629e-01  -5.66840629e+00  -3.05375276e+00
   -2.35417255e+00   3.28212754e+00  -1.83768895e+00  -3.93869398e-02
    8.68604834e-01   1.73632222e-01   1.96852793e-02   5.62746611e-02
   -9.30618155e-02   3.11843608e-02   5.70996502e-02  -8.79449682e-02
    4.84306972e-02   0.00000000e+00  -2.35120575e-02   0.00000000e+00]
 [  3.90355214e+01   1.00366784e+01  -1.23732156e+01  -6.37824511e+00
   -2.57503841e+00   2.97378731e+00  -1.74519417e+00  -1.05549054e+00
    1.56436418e+00   4.34642308e-01  -1.30508382e-01   8.90294462e-02
   -3.62432818e-02  -3.36593427e-02   6.97434428e-02  -8.66862772e-02
    5.31320327e-02   3.02391247e-02  -4.86613957e-02  -1.05913407e-02]
 [  7.86926020e+01  -4.00632439e+01   2.02575631e+01   1.39600985e+00
    1.27028101e+01  -7.21215072e+00   2.45393099e+00   2.33510356e+00
   -9.69565696e-01  -8.27896015e-01   0.00000000e+00  -1.57607231e-02
    1.52276286e-02   0.00000000e+00  -3.59183588e-01   2.11359690e-01
   -7.37498829e-02  -4.69978051e-02   1.57646105e-02   3.18735269e-02]] 
 True hermite:  [[   0.          -39.68577824   39.68577824    0.            0.            0.
     0.            0.            0.            0.            0.            0.
     0.            0.            0.            0.            0.            0.
     0.            0.        ]
 [   0.          111.12017907   -3.96857782    0.            0.            0.
     0.           -3.96857782    0.            0.            0.            0.
     0.            0.            0.            0.            0.            0.
     0.            0.        ]
 [   0.            0.            0.          -10.5828742     0.
     3.96857782    0.            0.            0.            0.            0.
     0.            0.            0.            0.            0.            0.
     0.            0.            0.        ]]


