My SLURM_ARRAY_TASK_ID:  81
Data shape: (10, 81, 3)
Theta shape: (20, 3)
Theta: [[ 0.13710401  0.13592369  0.41765727]
 [ 0.3044865   0.23821115  0.21977006]
 [ 0.17830435  0.31272601  0.48372005]
 [ 0.34098503  0.24936922  0.30220304]
 [ 0.34873999  0.10332831  0.21533866]
 [ 0.44082351  0.14927586  0.12961014]
 [ 0.04885891  0.07868536  0.27209916]
 [ 0.46255267  0.38428543  0.47975635]
 [ 0.0928766   0.28114092  0.37386621]
 [ 0.47604896  0.00305648  0.46809208]
 [ 0.45754769  0.38322216  0.21409721]
 [ 0.26266826  0.161463    0.13293903]
 [ 0.05124201  0.49932434  0.0082547 ]
 [ 0.48884639  0.02345823  0.31260231]
 [ 0.19828157  0.44331715  0.00133466]
 [ 0.14065458  0.46673776  0.39162418]
 [ 0.43608987  0.45731115  0.12080908]
 [ 0.33959054  0.38745639  0.02101006]
 [ 0.12561601  0.46884386  0.11562381]
 [ 0.17697228  0.38307672  0.45443538]]
1
138.190867665
[[  5.55953427e+00   1.75285529e+01   2.95166729e+01]
 [ -6.33147148e+00   5.96621225e-01  -9.92379623e+00]
 [  2.12087655e+00  -1.74753921e+00   5.73848107e+00]
 [ -2.57028212e+00  -5.01481946e+00   4.30935409e+00]
 [ -1.95232199e+00  -4.06576036e+00   1.05548044e+01]
 [  1.73335428e+00   3.78649829e+00  -7.25251203e+00]
 [ -7.82552795e-01  -1.71811906e+00   3.25054160e+00]
 [  5.94388841e-01   0.00000000e+00   1.20298840e+00]
 [ -4.52484651e-02   3.34390283e-01  -6.98079301e-01]
 [  2.95921932e-01   4.75182517e-01  -7.92052457e-01]
 [  1.37323270e-01   2.26248856e-02   2.93548108e-01]
 [ -1.45970259e-01  -1.51686783e-01  -2.21602018e-01]
 [  7.44087380e-02   1.52106905e-01   9.60412761e-02]
 [ -3.62325549e-02  -1.00588108e-01  -1.14005922e-02]
 [  6.94776160e-02   1.21184847e-01  -3.20530414e-01]
 [ -6.52497447e-02  -1.17038115e-01   2.34565924e-01]
 [  3.17399244e-02   5.28773586e-02  -1.10044605e-01]
 [ -2.74973825e-02   0.00000000e+00  -4.41614851e-02]
 [  0.00000000e+00   0.00000000e+00   2.30637199e-02]
 [ -1.07237007e-02  -1.47635586e-02   2.82568449e-02]]
2
1.93680932914
[[  5.54246601e+00   1.74932721e+01   2.93693044e+01]
 [ -6.45192408e+00   2.43017129e-01  -1.01990647e+01]
 [  2.21944478e+00  -1.57791562e+00   5.92605725e+00]
 [ -2.57217395e+00  -5.02055603e+00   4.40597449e+00]
 [ -1.93838484e+00  -4.07259739e+00   1.06518840e+01]
 [  1.72190142e+00   3.79880308e+00  -7.33106648e+00]
 [ -7.79662721e-01  -1.72609023e+00   3.28048294e+00]
 [  6.06028038e-01   1.50979543e-02   1.23098346e+00]
 [ -5.45863337e-02   3.24508466e-01  -7.17816371e-01]
 [  2.96873244e-01   4.76219049e-01  -8.02066418e-01]
 [  1.39890510e-01   2.36873789e-02   3.01254125e-01]
 [ -1.48747143e-01  -1.52517909e-01  -2.28846835e-01]
 [  7.62723889e-02   1.52577200e-01   1.00219065e-01]
 [ -3.70252304e-02  -1.00886374e-01  -1.28157951e-02]
 [  6.93428862e-02   1.21490096e-01  -3.23160336e-01]
 [ -6.51549973e-02  -1.17466788e-01   2.36647071e-01]
 [  3.17948272e-02   5.31274847e-02  -1.10761997e-01]
 [ -2.79033834e-02   0.00000000e+00  -4.51819764e-02]
 [  0.00000000e+00   0.00000000e+00   2.37610982e-02]
 [ -1.07862783e-02  -1.48079196e-02   2.85572449e-02]]
3
Finished successfully! number of iterations:  3
0.0922746028789
[[  5.53764276e+00   1.74890705e+01   2.93693240e+01]
 [ -6.45825569e+00   2.26974883e-01  -1.01902574e+01]
 [  2.22252294e+00  -1.56963390e+00   5.92288246e+00]
 [ -2.57011769e+00  -5.01924068e+00   4.40540338e+00]
 [ -1.93615278e+00  -4.07189398e+00   1.06525072e+01]
 [  1.72030063e+00   3.79848047e+00  -7.33222734e+00]
 [ -7.79111409e-01  -1.72607058e+00   3.28120579e+00]
 [  6.06474000e-01   1.63519090e-02   1.23119158e+00]
 [ -5.47721818e-02   3.23887300e-01  -7.18166634e-01]
 [  2.96673958e-01   4.76074506e-01  -8.01961877e-01]
 [  1.39910483e-01   2.38496529e-02   3.01596797e-01]
 [ -1.48740163e-01  -1.52626906e-01  -2.29132480e-01]
 [  7.62526372e-02   1.52608833e-01   1.00357703e-01]
 [ -3.70118052e-02  -1.00884518e-01  -1.28521495e-02]
 [  6.92859365e-02   1.21467399e-01  -3.23167213e-01]
 [ -6.51138532e-02  -1.17455285e-01   2.36671421e-01]
 [  3.17802666e-02   5.31257226e-02  -1.10777741e-01]
 [ -2.79143617e-02   0.00000000e+00  -4.52108423e-02]
 [  0.00000000e+00   0.00000000e+00   2.37845323e-02]
 [ -1.07807002e-02  -1.48028458e-02   2.85523656e-02]]
Time taken for 3Dl timepoints exp:  31.01678967475891 , number of time points:  81
Avg AR burnin:  0.20075 , Avg AR sampling:  0.0233625

 Estimated ordinary:  [[  1.82630772e+00  -1.67913821e+00   5.97954290e-01  -6.62297376e-01
   -3.44976670e-01   4.33480382e-01  -1.38819241e-01   1.52818976e-01
   -1.38014635e-02   5.28602881e-02   1.43926157e-02  -2.65019820e-02
    1.35864179e-02  -3.80741084e-03   1.23451165e-02  -1.64073520e-02
    5.66249247e-03  -4.97367956e-03   0.00000000e+00  -1.10901251e-03]
 [  5.35512115e+00   2.26414616e-02  -3.37186933e-01  -1.29128549e+00
   -7.25515279e-01   9.57138964e-01  -3.07544987e-01   4.12034481e-03
    8.16129390e-02   8.48252261e-02   2.45341794e-03  -2.71945078e-02
    2.71912875e-02  -1.03780079e-02   2.16426200e-02  -2.95963164e-02
    9.46574827e-03   0.00000000e+00   0.00000000e+00  -1.52277132e-03]
 [  5.06069799e+00  -2.67063711e+00   1.53299904e+00   1.17857823e+00
    1.89802504e+00  -1.84757051e+00   5.84633328e-01   3.10234959e-01
   -1.80963223e-01  -1.42890654e-01   3.10253149e-02  -4.08259929e-02
    1.78813710e-02  -1.32210286e-03  -5.75807601e-02   5.96363310e-02
   -1.97379755e-02  -8.05550366e-03   4.23784157e-03   2.93718682e-03]] 
 True ordinary:  [[  0.         -10.          10.           0.           0.           0.
    0.           0.           0.           0.           0.           0.
    0.           0.           0.           0.           0.           0.
    0.           0.        ]
 [  0.          28.          -1.           0.           0.           0.
    0.          -1.           0.           0.           0.           0.
    0.           0.           0.           0.           0.           0.
    0.           0.        ]
 [  0.           0.           0.          -2.66666667   0.           1.
    0.           0.           0.           0.           0.           0.
    0.           0.           0.           0.           0.           0.
    0.           0.        ]]

 Estimated hermite:  [[  5.53764276e+00  -6.45825569e+00   2.22252294e+00  -2.57011769e+00
   -1.93615278e+00   1.72030063e+00  -7.79111409e-01   6.06474000e-01
   -5.47721818e-02   2.96673958e-01   1.39910483e-01  -1.48740163e-01
    7.62526372e-02  -3.70118052e-02   6.92859365e-02  -6.51138532e-02
    3.17802666e-02  -2.79143617e-02   0.00000000e+00  -1.07807002e-02]
 [  1.74890705e+01   2.26974883e-01  -1.56963390e+00  -5.01924068e+00
   -4.07189398e+00   3.79848047e+00  -1.72607058e+00   1.63519090e-02
    3.23887300e-01   4.76074506e-01   2.38496529e-02  -1.52626906e-01
    1.52608833e-01  -1.00884518e-01   1.21467399e-01  -1.17455285e-01
    5.31257226e-02   0.00000000e+00   0.00000000e+00  -1.48028458e-02]
 [  2.93693240e+01  -1.01902574e+01   5.92288246e+00   4.40540338e+00
    1.06525072e+01  -7.33222734e+00   3.28120579e+00   1.23119158e+00
   -7.18166634e-01  -8.01961877e-01   3.01596797e-01  -2.29132480e-01
    1.00357703e-01  -1.28521495e-02  -3.23167213e-01   2.36671421e-01
   -1.10777741e-01  -4.52108423e-02   2.37845323e-02   2.85523656e-02]] 
 True hermite:  [[   0.          -39.68577824   39.68577824    0.            0.            0.
     0.            0.            0.            0.            0.            0.
     0.            0.            0.            0.            0.            0.
     0.            0.        ]
 [   0.          111.12017907   -3.96857782    0.            0.            0.
     0.           -3.96857782    0.            0.            0.            0.
     0.            0.            0.            0.            0.            0.
     0.            0.        ]
 [   0.            0.            0.          -10.5828742     0.
     3.96857782    0.            0.            0.            0.            0.
     0.            0.            0.            0.            0.            0.
     0.            0.            0.        ]]


