My SLURM_ARRAY_TASK_ID:  11
Data shape: (10, 11, 3)
Theta shape: (20, 3)
Theta: [[ 0.29880498  0.19671334  0.16386152]
 [ 0.03388686  0.03132084  0.4257672 ]
 [ 0.48081145  0.25156085  0.12999784]
 [ 0.42225022  0.33536817  0.32501039]
 [ 0.11766736  0.22393401  0.04726382]
 [ 0.12628651  0.40303232  0.38337397]
 [ 0.38132831  0.11033588  0.00431006]
 [ 0.38749481  0.14581803  0.14482822]
 [ 0.2944775   0.18591108  0.0355659 ]
 [ 0.34219668  0.01378542  0.17167878]
 [ 0.21999373  0.14421801  0.24183394]
 [ 0.49353442  0.18036123  0.48406691]
 [ 0.38751935  0.43778478  0.09415764]
 [ 0.15937775  0.42935976  0.04003912]
 [ 0.20062195  0.04314338  0.27828958]
 [ 0.29055629  0.11140736  0.41567754]
 [ 0.40888125  0.40460947  0.40365883]
 [ 0.46570794  0.14761538  0.2758836 ]
 [ 0.16348387  0.04715327  0.32918523]
 [ 0.49751691  0.00268028  0.43825642]]
1
67.5671771492
[[ -1.09102385e-01   8.04853734e-01   2.35985621e+01]
 [  7.53161127e-01   2.71161411e+00  -6.16336575e+00]
 [  1.13264340e-01  -1.51806562e+00   4.82766281e+00]
 [ -1.68410021e+00  -1.92804348e+00  -6.06524691e-01]
 [ -1.00526869e+00  -9.22278295e-01   3.70479096e+00]
 [  3.86607746e-01   2.79669353e-01  -2.12890689e+00]
 [ -1.73301033e-02   1.05763435e-02   4.27320823e-01]
 [  3.96343808e-01   1.51199169e-01   5.91564278e-01]
 [ -3.51557461e-01  -1.57482091e-01  -4.80813770e-01]
 [  2.67860788e-01   2.93221500e-01  -1.05464253e-01]
 [  3.24980048e-01   2.57767107e-01   2.38581857e-01]
 [ -3.53477139e-01  -2.56134171e-01  -3.00791484e-01]
 [  1.97922579e-01   1.21758929e-01   2.09834078e-01]
 [ -5.72626101e-02  -2.47498284e-02  -8.40353727e-02]
 [  4.89685464e-02   4.26814165e-02  -9.01986367e-02]
 [ -2.28211329e-02  -1.50342128e-02   3.28846210e-02]
 [  0.00000000e+00   0.00000000e+00   0.00000000e+00]
 [ -2.52477051e-02  -1.66835677e-02  -1.91035931e-02]
 [  2.15954858e-02   1.48463478e-02   1.67773476e-02]
 [ -1.17550277e-02  -1.27697325e-02   0.00000000e+00]]
2
0.504146169219
[[ -1.29590329e-01   8.01671720e-01   2.36086773e+01]
 [  7.82968659e-01   2.74566091e+00  -6.24731437e+00]
 [  8.57424875e-02  -1.53951232e+00   4.87076136e+00]
 [ -1.68293501e+00  -1.92492979e+00  -6.28563630e-01]
 [ -1.02535195e+00  -9.25753855e-01   3.65092072e+00]
 [  4.04340689e-01   2.83103171e-01  -2.09274811e+00]
 [ -2.49257847e-02   0.00000000e+00   4.16389771e-01]
 [  3.90472074e-01   1.47183966e-01   5.93146887e-01]
 [ -3.47420004e-01  -1.55186492e-01  -4.81064218e-01]
 [  2.67905937e-01   2.92868501e-01  -1.03283496e-01]
 [  3.24073183e-01   2.57727325e-01   2.38758641e-01]
 [ -3.52891284e-01  -2.56512801e-01  -3.02050215e-01]
 [  1.97684721e-01   1.22135351e-01   2.11584445e-01]
 [ -5.71824921e-02  -2.49017327e-02  -8.51318136e-02]
 [  4.95550797e-02   4.28142752e-02  -8.86797561e-02]
 [ -2.32952148e-02  -1.51317497e-02   3.19271403e-02]
 [  0.00000000e+00   0.00000000e+00   0.00000000e+00]
 [ -2.50237618e-02  -1.65586498e-02  -1.90545367e-02]
 [  2.14603316e-02   1.47918571e-02   1.67238986e-02]
 [ -1.17629849e-02  -1.27628737e-02   0.00000000e+00]]
3
0.174403034998
[[ -1.19256538e-01   8.10254582e-01   2.36095854e+01]
 [  7.94860550e-01   2.75796777e+00  -6.27522382e+00]
 [  7.80076500e-02  -1.54614575e+00   4.88875659e+00]
 [ -1.68678294e+00  -1.92909503e+00  -6.25888296e-01]
 [ -1.02653734e+00  -9.30075916e-01   3.65364268e+00]
 [  4.06292928e-01   2.87672301e-01  -2.09567306e+00]
 [ -2.62725938e-02   0.00000000e+00   4.17623223e-01]
 [  3.89699420e-01   1.45923038e-01   5.96416466e-01]
 [ -3.46792945e-01  -1.54356858e-01  -4.83296623e-01]
 [  2.68287777e-01   2.93294569e-01  -1.03535209e-01]
 [  3.24437045e-01   2.57822969e-01   2.39365326e-01]
 [ -3.53437984e-01  -2.56877703e-01  -3.02551381e-01]
 [  1.98181587e-01   1.22631643e-01   2.11734488e-01]
 [ -5.74468477e-02  -2.52223009e-02  -8.50938939e-02]
 [  4.96337396e-02   4.29775799e-02  -8.87526455e-02]
 [ -2.34298672e-02  -1.53359091e-02   3.20034395e-02]
 [  0.00000000e+00   0.00000000e+00   0.00000000e+00]
 [ -2.50062887e-02  -1.65130133e-02  -1.91750614e-02]
 [  2.14415246e-02   1.47566148e-02   1.68087144e-02]
 [ -1.17751188e-02  -1.27759282e-02   0.00000000e+00]]
4
0.176444543867
[[ -1.28504138e-01   8.03076722e-01   2.36066688e+01]
 [  7.79965383e-01   2.73945621e+00  -6.25774307e+00]
 [  8.74501409e-02  -1.53525059e+00   4.87511376e+00]
 [ -1.68395233e+00  -1.92608065e+00  -6.28283084e-01]
 [ -1.02592426e+00  -9.26506890e-01   3.64899456e+00]
 [  4.04797776e-01   2.83612739e-01  -2.09047349e+00]
 [ -2.50724026e-02   0.00000000e+00   4.15221689e-01]
 [  3.90653388e-01   1.47601462e-01   5.93894102e-01]
 [ -3.47509389e-01  -1.55474992e-01  -4.81344620e-01]
 [  2.68020571e-01   2.93000732e-01  -1.03313160e-01]
 [  3.24056211e-01   2.57734068e-01   2.38833429e-01]
 [ -3.52866281e-01  -2.56534865e-01  -3.02084738e-01]
 [  1.97655231e-01   1.22161281e-01   2.11557441e-01]
 [ -5.71645440e-02  -2.49179971e-02  -8.50975044e-02]
 [  4.95765229e-02   4.28442324e-02  -8.86269695e-02]
 [ -2.33104703e-02  -1.51519948e-02   3.18646935e-02]
 [  0.00000000e+00   0.00000000e+00   0.00000000e+00]
 [ -2.50270906e-02  -1.65681427e-02  -1.90753260e-02]
 [  2.14618036e-02   1.47985982e-02   1.67320329e-02]
 [ -1.17670574e-02  -1.27677323e-02   0.00000000e+00]]
5
0.174383903038
[[ -1.19256538e-01   8.10254582e-01   2.36095854e+01]
 [  7.94860550e-01   2.75796777e+00  -6.27522382e+00]
 [  7.80076500e-02  -1.54614575e+00   4.88875659e+00]
 [ -1.68678294e+00  -1.92909503e+00  -6.25888296e-01]
 [ -1.02653734e+00  -9.30075916e-01   3.65364268e+00]
 [  4.06292928e-01   2.87672301e-01  -2.09567306e+00]
 [ -2.62725938e-02   0.00000000e+00   4.17623223e-01]
 [  3.89699420e-01   1.45923038e-01   5.96416466e-01]
 [ -3.46792945e-01  -1.54356858e-01  -4.83296623e-01]
 [  2.68287777e-01   2.93294569e-01  -1.03535209e-01]
 [  3.24437045e-01   2.57822969e-01   2.39365326e-01]
 [ -3.53437984e-01  -2.56877703e-01  -3.02551381e-01]
 [  1.98181587e-01   1.22631643e-01   2.11734488e-01]
 [ -5.74468477e-02  -2.52223009e-02  -8.50938939e-02]
 [  4.96337396e-02   4.29775799e-02  -8.87526455e-02]
 [ -2.34298672e-02  -1.53359091e-02   3.20034395e-02]
 [  0.00000000e+00   0.00000000e+00   0.00000000e+00]
 [ -2.50062887e-02  -1.65130133e-02  -1.91750614e-02]
 [  2.14415246e-02   1.47566148e-02   1.68087144e-02]
 [ -1.17751188e-02  -1.27759282e-02   0.00000000e+00]]
6
0.176444543867
[[ -1.28504138e-01   8.03076722e-01   2.36066688e+01]
 [  7.79965383e-01   2.73945621e+00  -6.25774307e+00]
 [  8.74501409e-02  -1.53525059e+00   4.87511376e+00]
 [ -1.68395233e+00  -1.92608065e+00  -6.28283084e-01]
 [ -1.02592426e+00  -9.26506890e-01   3.64899456e+00]
 [  4.04797776e-01   2.83612739e-01  -2.09047349e+00]
 [ -2.50724026e-02   0.00000000e+00   4.15221689e-01]
 [  3.90653388e-01   1.47601462e-01   5.93894102e-01]
 [ -3.47509389e-01  -1.55474992e-01  -4.81344620e-01]
 [  2.68020571e-01   2.93000732e-01  -1.03313160e-01]
 [  3.24056211e-01   2.57734068e-01   2.38833429e-01]
 [ -3.52866281e-01  -2.56534865e-01  -3.02084738e-01]
 [  1.97655231e-01   1.22161281e-01   2.11557441e-01]
 [ -5.71645440e-02  -2.49179971e-02  -8.50975044e-02]
 [  4.95765229e-02   4.28442324e-02  -8.86269695e-02]
 [ -2.33104703e-02  -1.51519948e-02   3.18646935e-02]
 [  0.00000000e+00   0.00000000e+00   0.00000000e+00]
 [ -2.50270906e-02  -1.65681427e-02  -1.90753260e-02]
 [  2.14618036e-02   1.47985982e-02   1.67320329e-02]
 [ -1.17670574e-02  -1.27677323e-02   0.00000000e+00]]
7
0.174383903038
[[ -1.19256538e-01   8.10254582e-01   2.36095854e+01]
 [  7.94860550e-01   2.75796777e+00  -6.27522382e+00]
 [  7.80076500e-02  -1.54614575e+00   4.88875659e+00]
 [ -1.68678294e+00  -1.92909503e+00  -6.25888296e-01]
 [ -1.02653734e+00  -9.30075916e-01   3.65364268e+00]
 [  4.06292928e-01   2.87672301e-01  -2.09567306e+00]
 [ -2.62725938e-02   0.00000000e+00   4.17623223e-01]
 [  3.89699420e-01   1.45923038e-01   5.96416466e-01]
 [ -3.46792945e-01  -1.54356858e-01  -4.83296623e-01]
 [  2.68287777e-01   2.93294569e-01  -1.03535209e-01]
 [  3.24437045e-01   2.57822969e-01   2.39365326e-01]
 [ -3.53437984e-01  -2.56877703e-01  -3.02551381e-01]
 [  1.98181587e-01   1.22631643e-01   2.11734488e-01]
 [ -5.74468477e-02  -2.52223009e-02  -8.50938939e-02]
 [  4.96337396e-02   4.29775799e-02  -8.87526455e-02]
 [ -2.34298672e-02  -1.53359091e-02   3.20034395e-02]
 [  0.00000000e+00   0.00000000e+00   0.00000000e+00]
 [ -2.50062887e-02  -1.65130133e-02  -1.91750614e-02]
 [  2.14415246e-02   1.47566148e-02   1.68087144e-02]
 [ -1.17751188e-02  -1.27759282e-02   0.00000000e+00]]
8
Finished successfully! number of iterations:  8
0.0237875642581
[[ -1.19256538e-01   8.10254582e-01   2.36095854e+01]
 [  7.94860550e-01   2.75796777e+00  -6.27522382e+00]
 [  7.80076500e-02  -1.54614575e+00   4.88875659e+00]
 [ -1.68678294e+00  -1.92909503e+00  -6.25888296e-01]
 [ -1.02653734e+00  -9.30075916e-01   3.65364268e+00]
 [  4.06292928e-01   2.87672301e-01  -2.09567306e+00]
 [ -2.62725938e-02   0.00000000e+00   4.17623223e-01]
 [  3.89699420e-01   1.45923038e-01   5.96416466e-01]
 [ -3.46792945e-01  -1.54356858e-01  -4.83296623e-01]
 [  2.68287777e-01   2.93294569e-01  -1.03535209e-01]
 [  3.24437045e-01   2.57822969e-01   2.39365326e-01]
 [ -3.53437984e-01  -2.56877703e-01  -3.02551381e-01]
 [  1.98181587e-01   1.22631643e-01   2.11734488e-01]
 [ -5.74468477e-02  -2.52223009e-02  -8.50938939e-02]
 [  4.96337396e-02   4.29775799e-02  -8.87526455e-02]
 [ -2.34298672e-02  -1.53359091e-02   3.20034395e-02]
 [  0.00000000e+00   0.00000000e+00   0.00000000e+00]
 [ -2.50062887e-02  -1.65130133e-02  -1.91750614e-02]
 [  2.14415246e-02   1.47566148e-02   1.68087144e-02]
 [ -1.17751188e-02  -1.27759282e-02   0.00000000e+00]]
Time taken for 3Dl timepoints exp:  12.377878427505493 , number of time points:  11
Avg AR burnin:  0.210625 , Avg AR sampling:  0.0246375

 Estimated ordinary:  [[  1.09733113e-01   6.93080815e-02   9.65389485e-02  -4.30244248e-01
   -1.82904695e-01   1.02377463e-01  -4.68115534e-03   9.81962398e-02
   -8.73846906e-02   4.78025415e-02   3.33748952e-02  -6.29742962e-02
    3.53112754e-02  -5.90956720e-03   8.84355943e-03  -5.90384470e-03
    0.00000000e+00  -4.45552968e-03   3.82037297e-03  -1.21130852e-03]
 [  3.17626880e-01   5.96476450e-01  -3.38672811e-01  -4.89807079e-01
   -1.65717548e-01   7.24875039e-02   0.00000000e+00   3.67696047e-02
   -3.88947539e-02   5.22581609e-02   2.65222937e-02  -4.57695360e-02
    2.18500608e-02  -2.59462248e-03   7.65758908e-03  -3.86433371e-03
    0.00000000e+00  -2.94222873e-03   2.62928002e-03  -1.31426195e-03]
 [  5.24217415e+00  -1.68940755e+00   1.30903959e+00  -1.41897356e-01
    6.50992781e-01  -5.28066514e-01   7.44105890e-02   1.50284684e-01
   -1.21780810e-01  -1.84475275e-02   2.46235527e-02  -5.39075062e-02
    3.77260819e-02  -8.75362365e-03  -1.58136240e-02   8.06420863e-03
    0.00000000e+00  -3.41654280e-03   2.99491568e-03   0.00000000e+00]] 
 True ordinary:  [[  0.         -10.          10.           0.           0.           0.
    0.           0.           0.           0.           0.           0.
    0.           0.           0.           0.           0.           0.
    0.           0.        ]
 [  0.          28.          -1.           0.           0.           0.
    0.          -1.           0.           0.           0.           0.
    0.           0.           0.           0.           0.           0.
    0.           0.        ]
 [  0.           0.           0.          -2.66666667   0.           1.
    0.           0.           0.           0.           0.           0.
    0.           0.           0.           0.           0.           0.
    0.           0.        ]]

 Estimated hermite:  [[ -1.19256538e-01   7.94860550e-01   7.80076500e-02  -1.68678294e+00
   -1.02653734e+00   4.06292928e-01  -2.62725938e-02   3.89699420e-01
   -3.46792945e-01   2.68287777e-01   3.24437045e-01  -3.53437984e-01
    1.98181587e-01  -5.74468477e-02   4.96337396e-02  -2.34298672e-02
    0.00000000e+00  -2.50062887e-02   2.14415246e-02  -1.17751188e-02]
 [  8.10254582e-01   2.75796777e+00  -1.54614575e+00  -1.92909503e+00
   -9.30075916e-01   2.87672301e-01   0.00000000e+00   1.45923038e-01
   -1.54356858e-01   2.93294569e-01   2.57822969e-01  -2.56877703e-01
    1.22631643e-01  -2.52223009e-02   4.29775799e-02  -1.53359091e-02
    0.00000000e+00  -1.65130133e-02   1.47566148e-02  -1.27759282e-02]
 [  2.36095854e+01  -6.27522382e+00   4.88875659e+00  -6.25888296e-01
    3.65364268e+00  -2.09567306e+00   4.17623223e-01   5.96416466e-01
   -4.83296623e-01  -1.03535209e-01   2.39365326e-01  -3.02551381e-01
    2.11734488e-01  -8.50938939e-02  -8.87526455e-02   3.20034395e-02
    0.00000000e+00  -1.91750614e-02   1.68087144e-02   0.00000000e+00]] 
 True hermite:  [[   0.          -39.68577824   39.68577824    0.            0.            0.
     0.            0.            0.            0.            0.            0.
     0.            0.            0.            0.            0.            0.
     0.            0.        ]
 [   0.          111.12017907   -3.96857782    0.            0.            0.
     0.           -3.96857782    0.            0.            0.            0.
     0.            0.            0.            0.            0.            0.
     0.            0.        ]
 [   0.            0.            0.          -10.5828742     0.
     3.96857782    0.            0.            0.            0.            0.
     0.            0.            0.            0.            0.            0.
     0.            0.            0.        ]]


