My SLURM_ARRAY_TASK_ID:  31
Data shape: (10, 31, 3)
Theta shape: (20, 3)
Theta: [[ 0.26755727  0.18503894  0.36960768]
 [ 0.25212722  0.32098833  0.29988944]
 [ 0.31325131  0.11180922  0.32414059]
 [ 0.1204575   0.49401482  0.24178057]
 [ 0.44509306  0.07149658  0.2318817 ]
 [ 0.29883348  0.03668286  0.27887732]
 [ 0.20182803  0.39571286  0.37041596]
 [ 0.30144281  0.0733267   0.0490875 ]
 [ 0.35538765  0.1212299   0.36016334]
 [ 0.05234536  0.15782098  0.01471794]
 [ 0.34459554  0.29369342  0.21608163]
 [ 0.335337    0.02498839  0.01483104]
 [ 0.12573989  0.06965455  0.27007103]
 [ 0.34474846  0.07719704  0.3037323 ]
 [ 0.40401513  0.4132624   0.4827859 ]
 [ 0.46209165  0.22492007  0.40549757]
 [ 0.07239385  0.13740302  0.48929893]
 [ 0.09669077  0.26444887  0.1770876 ]
 [ 0.35138489  0.30950326  0.19205434]
 [ 0.05390985  0.28336594  0.23502361]]
1
214.597667175
[[ -3.28758302e+00  -7.13622626e+00   5.87273168e+01]
 [  1.80405862e+01   2.69292203e+01  -1.46417757e+01]
 [ -1.72982080e+01  -2.11199405e+01   1.29373140e+01]
 [ -1.17930083e+00  -4.33984018e-02  -3.34716395e+00]
 [ -1.26142406e+00  -1.57637378e+00   3.46558477e+00]
 [  7.53925099e-01   1.31700259e+00  -1.72568421e+00]
 [ -1.18353596e-01  -5.09795797e-01   2.98078074e-01]
 [ -1.48021989e+00  -2.04572855e+00   1.26775688e+00]
 [  1.65106887e+00   1.81501843e+00  -1.10427737e+00]
 [  2.13304292e-01   9.01492637e-02  -4.82209721e-02]
 [ -1.35551388e-01  -8.58914412e-02   1.21016174e-01]
 [  1.63934273e-01   5.64596456e-02  -1.66608513e-01]
 [ -4.76613954e-02   4.08728338e-02   1.30001574e-01]
 [ -3.21441630e-02  -6.87303414e-02  -5.73811533e-02]
 [  5.13006677e-02   5.63726973e-02  -9.79706058e-02]
 [ -2.96318785e-02  -4.70593216e-02   3.87922585e-02]
 [  0.00000000e+00   1.81077717e-02   0.00000000e+00]
 [  4.34957934e-02   5.64212678e-02  -3.65929064e-02]
 [ -5.61393931e-02  -5.69960014e-02   3.17112864e-02]
 [  0.00000000e+00   0.00000000e+00   0.00000000e+00]]
2
0.758867667806
[[ -3.29393571e+00  -6.96080491e+00   5.86929275e+01]
 [  1.81320887e+01   2.69980901e+01  -1.46189584e+01]
 [ -1.73810743e+01  -2.11779749e+01   1.29376101e+01]
 [ -1.17271199e+00  -6.18266219e-02  -3.33001001e+00]
 [ -1.26737465e+00  -1.58623409e+00   3.50044497e+00]
 [  7.60724998e-01   1.32391064e+00  -1.75840283e+00]
 [ -1.22430617e-01  -5.12256446e-01   3.12379645e-01]
 [ -1.48655060e+00  -2.05041690e+00   1.26711121e+00]
 [  1.65746803e+00   1.81946657e+00  -1.10470908e+00]
 [  2.12828807e-01   9.12400705e-02  -4.99680311e-02]
 [ -1.35775820e-01  -8.59543893e-02   1.20879952e-01]
 [  1.64523392e-01   5.67741706e-02  -1.66295105e-01]
 [ -4.79159746e-02   4.08525912e-02   1.29818786e-01]
 [ -3.21585010e-02  -6.88625396e-02  -5.73489869e-02]
 [  5.15608528e-02   5.67296212e-02  -9.89453002e-02]
 [ -2.99577622e-02  -4.73555564e-02   3.97105258e-02]
 [  0.00000000e+00   1.82594585e-02   0.00000000e+00]
 [  4.36541911e-02   5.65390198e-02  -3.65971484e-02]
 [ -5.63409066e-02  -5.71415995e-02   3.17221873e-02]
 [  0.00000000e+00   0.00000000e+00   0.00000000e+00]]
3
0.243933817371
[[ -3.31752999e+00  -6.96846083e+00   5.86764902e+01]
 [  1.81167545e+01   2.69779250e+01  -1.46606860e+01]
 [ -1.73659559e+01  -2.11602524e+01   1.29597180e+01]
 [ -1.16544481e+00  -5.87206340e-02  -3.33022614e+00]
 [ -1.26430534e+00  -1.58503926e+00   3.49623753e+00]
 [  7.59619216e-01   1.32336320e+00  -1.75491168e+00]
 [ -1.22649353e-01  -5.12238335e-01   3.11182908e-01]
 [ -1.48584772e+00  -2.04954247e+00   1.27040584e+00]
 [  1.65637058e+00   1.81827728e+00  -1.10631928e+00]
 [  2.12082939e-01   9.08527314e-02  -4.98475059e-02]
 [ -1.35768979e-01  -8.60656141e-02   1.21207299e-01]
 [  1.64234522e-01   5.65705130e-02  -1.66436479e-01]
 [ -4.76194047e-02   4.11000351e-02   1.29802670e-01]
 [ -3.22994688e-02  -6.89765883e-02  -5.73139115e-02]
 [  5.14367046e-02   5.66498193e-02  -9.88361840e-02]
 [ -2.99041710e-02  -4.73070032e-02   3.96236443e-02]
 [  0.00000000e+00   1.82488224e-02   0.00000000e+00]
 [  4.36425784e-02   5.65293848e-02  -3.66920175e-02]
 [ -5.63019348e-02  -5.71036412e-02   3.17633480e-02]
 [  0.00000000e+00   0.00000000e+00   0.00000000e+00]]
4
0.244099290874
[[ -3.29396010e+00  -6.96054878e+00   5.86932697e+01]
 [  1.81321012e+01   2.69983050e+01  -1.46193078e+01]
 [ -1.73810602e+01  -2.11780510e+01   1.29376482e+01]
 [ -1.17270565e+00  -6.18968111e-02  -3.33018768e+00]
 [ -1.26741292e+00  -1.58636436e+00   3.50021168e+00]
 [  7.60765216e-01   1.32398879e+00  -1.75822467e+00]
 [ -1.22451667e-01  -5.12282668e-01   3.12311235e-01]
 [ -1.48656915e+00  -2.05045044e+00   1.26714106e+00]
 [  1.65747175e+00   1.81947442e+00  -1.10470480e+00]
 [  2.12826770e-01   9.12450655e-02  -4.99485631e-02]
 [ -1.35781708e-01  -8.59591167e-02   1.20886547e-01]
 [  1.64519304e-01   5.67679085e-02  -1.66292800e-01]
 [ -4.79078466e-02   4.08616484e-02   1.29812860e-01]
 [ -3.21633830e-02  -6.88672682e-02  -5.73456431e-02]
 [  5.15612509e-02   5.67323350e-02  -9.89384933e-02]
 [ -2.99586179e-02  -4.73573148e-02   3.97054087e-02]
 [  0.00000000e+00   1.82603267e-02   0.00000000e+00]
 [  4.36551365e-02   5.65403114e-02  -3.65981706e-02]
 [ -5.63409285e-02  -5.71415898e-02   3.17218586e-02]
 [  0.00000000e+00   0.00000000e+00   0.00000000e+00]]
5
0.24460361798
[[ -3.31954195e+00  -6.97047180e+00   5.86769328e+01]
 [  1.81203161e+01   2.69831648e+01  -1.46618330e+01]
 [ -1.73659974e+01  -2.11616853e+01   1.29596675e+01]
 [ -1.16449008e+00  -5.77032474e-02  -3.33062281e+00]
 [ -1.26373283e+00  -1.58431029e+00   3.49573226e+00]
 [  7.59371811e-01   1.32310128e+00  -1.75442728e+00]
 [ -1.22757907e-01  -5.12356719e-01   3.10976341e-01]
 [ -1.48592720e+00  -2.04970442e+00   1.27049195e+00]
 [  1.65617283e+00   1.81817659e+00  -1.10627827e+00]
 [  2.11984896e-01   9.07451541e-02  -4.98005099e-02]
 [ -1.35759776e-01  -8.60557394e-02   1.21230018e-01]
 [  1.64195674e-01   5.65441487e-02  -1.66433767e-01]
 [ -4.75882918e-02   4.11192029e-02   1.29792741e-01]
 [ -3.23070140e-02  -6.89794516e-02  -5.73099508e-02]
 [  5.14182574e-02   5.66274349e-02  -9.88203211e-02]
 [ -2.98989355e-02  -4.73011364e-02   3.96094115e-02]
 [  0.00000000e+00   1.82557394e-02   0.00000000e+00]
 [  4.36411342e-02   5.65292334e-02  -3.66948501e-02]
 [ -5.62920703e-02  -5.70966266e-02   3.17611466e-02]
 [  0.00000000e+00   0.00000000e+00   0.00000000e+00]]
6
0.24429721729
[[ -3.29404379e+00  -6.96063556e+00   5.86932095e+01]
 [  1.81321482e+01   2.69981503e+01  -1.46193119e+01]
 [ -1.73811155e+01  -2.11779929e+01   1.29376051e+01]
 [ -1.17267296e+00  -6.18827428e-02  -3.33014380e+00]
 [ -1.26732869e+00  -1.58627248e+00   3.50034362e+00]
 [  7.60691634e-01   1.32390528e+00  -1.75834752e+00]
 [ -1.22418541e-01  -5.12242818e-01   3.12369002e-01]
 [ -1.48656050e+00  -2.05042760e+00   1.26715791e+00]
 [  1.65746980e+00   1.81946521e+00  -1.10471004e+00]
 [  2.12824392e-01   9.12447163e-02  -4.99520561e-02]
 [ -1.35778486e-01  -8.59555798e-02   1.20891272e-01]
 [  1.64519499e-01   5.67686806e-02  -1.66292011e-01]
 [ -4.79100786e-02   4.08587267e-02   1.29809078e-01]
 [ -3.21617364e-02  -6.88653403e-02  -5.73429820e-02]
 [  5.15593081e-02   5.67302276e-02  -9.89415521e-02]
 [ -2.99568295e-02  -4.73551896e-02   3.97084808e-02]
 [  0.00000000e+00   1.82591834e-02   0.00000000e+00]
 [  4.36546251e-02   5.65394466e-02  -3.65990055e-02]
 [ -5.63408107e-02  -5.71413213e-02   3.17220757e-02]
 [  0.00000000e+00   0.00000000e+00   0.00000000e+00]]
7
0.300212299392
[[ -3.31528295e+00  -6.96841831e+00   5.86804052e+01]
 [  1.81069962e+01   2.69623598e+01  -1.46689278e+01]
 [ -1.73576970e+01  -2.11489472e+01   1.29589867e+01]
 [ -1.16595697e+00  -5.93097558e-02  -3.33072724e+00]
 [ -1.26335155e+00  -1.58380555e+00   3.49550118e+00]
 [  7.58799652e-01   1.32206192e+00  -1.75410406e+00]
 [ -1.22452828e-01  -5.11716563e-01   3.10882502e-01]
 [ -1.48500982e+00  -2.04828749e+00   1.27085108e+00]
 [  1.65561448e+00   1.81736469e+00  -1.10605330e+00]
 [  2.12127900e-01   9.09348141e-02  -4.98141178e-02]
 [ -1.35653312e-01  -8.59311802e-02   1.21187263e-01]
 [  1.64107589e-01   5.64638429e-02  -1.66356341e-01]
 [ -4.75591357e-02   4.11449525e-02   1.29726818e-01]
 [ -3.23088659e-02  -6.89852974e-02  -5.72799650e-02]
 [  5.14199759e-02   5.66305283e-02  -9.88162658e-02]
 [ -2.98993314e-02  -4.72887256e-02   3.96061823e-02]
 [  0.00000000e+00   1.82476080e-02   0.00000000e+00]
 [  4.36162755e-02   5.64925246e-02  -3.66995350e-02]
 [ -5.62761571e-02  -5.70771094e-02   3.17501129e-02]
 [  0.00000000e+00   0.00000000e+00   0.00000000e+00]]
8
Finished successfully! number of iterations:  8
0.0312336782279
[[ -3.31518746e+00  -6.96825431e+00   5.86804937e+01]
 [  1.81064481e+01   2.69614820e+01  -1.46683077e+01]
 [ -1.73574597e+01  -2.11485485e+01   1.29586291e+01]
 [ -1.16598470e+00  -5.93465164e-02  -3.33065189e+00]
 [ -1.26348525e+00  -1.58395444e+00   3.49568896e+00]
 [  7.59004367e-01   1.32232820e+00  -1.75428045e+00]
 [ -1.22596028e-01  -5.11895637e-01   3.10971773e-01]
 [ -1.48496435e+00  -2.04821276e+00   1.27080145e+00]
 [  1.65558939e+00   1.81733091e+00  -1.10603201e+00]
 [  2.12128285e-01   9.09347279e-02  -4.98247745e-02]
 [ -1.35633610e-01  -8.59025375e-02   1.21175632e-01]
 [  1.64089786e-01   5.64454966e-02  -1.66349950e-01]
 [ -4.75556035e-02   4.11456400e-02   1.29725656e-01]
 [ -3.23059402e-02  -6.89807955e-02  -5.72801614e-02]
 [  5.14236265e-02   5.66350728e-02  -9.88219193e-02]
 [ -2.99056982e-02  -4.72971264e-02   3.96115561e-02]
 [  0.00000000e+00   1.82533100e-02   0.00000000e+00]
 [  4.36144541e-02   5.64896108e-02  -3.66979233e-02]
 [ -5.62746415e-02  -5.70755232e-02   3.17495953e-02]
 [  0.00000000e+00   0.00000000e+00   0.00000000e+00]]
Time taken for 3Dl timepoints exp:  32.39406085014343 , number of time points:  31
Avg AR burnin:  0.19875 , Avg AR sampling:  0.0206083333333

 Estimated ordinary:  [[ -6.26188383e-01   4.60501276e+00  -4.38296306e+00  -3.02966642e-01
   -2.25123213e-01   1.91253492e-01  -2.18437150e-02  -3.74180479e-01
    4.17174480e-01   3.77962472e-02  -1.39526530e-02   2.92369220e-02
   -8.47328469e-03  -3.32331768e-03   9.16247497e-03  -7.53562095e-03
    0.00000000e+00   7.77106500e-03  -1.00268112e-02   0.00000000e+00]
 [ -1.39862825e+00   6.80285316e+00  -5.30759887e+00  -2.82974417e-02
   -2.82223249e-01   3.33199513e-01  -9.12077051e-02  -5.16107494e-01
    4.57930017e-01   1.62024195e-02  -8.83680896e-03   1.00572535e-02
    7.33118067e-03  -7.09606642e-03   1.00910315e-02  -1.19179032e-02
    3.25230847e-03   1.00651137e-02  -1.01695094e-02   0.00000000e+00]
 [  1.41168983e+01  -3.75008331e+00   3.30696790e+00  -8.21648052e-01
    6.22849161e-01  -4.42042598e-01   5.54078210e-02   3.20215831e-01
   -2.78697321e-01  -8.87759734e-03   1.24653583e-02  -2.96396299e-02
    2.31140461e-02  -5.89242016e-03  -1.76077306e-02   9.98129755e-03
    0.00000000e+00  -6.53870267e-03   5.65702756e-03   0.00000000e+00]] 
 True ordinary:  [[  0.         -10.          10.           0.           0.           0.
    0.           0.           0.           0.           0.           0.
    0.           0.           0.           0.           0.           0.
    0.           0.        ]
 [  0.          28.          -1.           0.           0.           0.
    0.          -1.           0.           0.           0.           0.
    0.           0.           0.           0.           0.           0.
    0.           0.        ]
 [  0.           0.           0.          -2.66666667   0.           1.
    0.           0.           0.           0.           0.           0.
    0.           0.           0.           0.           0.           0.
    0.           0.        ]]

 Estimated hermite:  [[ -3.31518746e+00   1.81064481e+01  -1.73574597e+01  -1.16598470e+00
   -1.26348525e+00   7.59004367e-01  -1.22596028e-01  -1.48496435e+00
    1.65558939e+00   2.12128285e-01  -1.35633610e-01   1.64089786e-01
   -4.75556035e-02  -3.23059402e-02   5.14236265e-02  -2.99056982e-02
    0.00000000e+00   4.36144541e-02  -5.62746415e-02   0.00000000e+00]
 [ -6.96825431e+00   2.69614820e+01  -2.11485485e+01  -5.93465164e-02
   -1.58395444e+00   1.32232820e+00  -5.11895637e-01  -2.04821276e+00
    1.81733091e+00   9.09347279e-02  -8.59025375e-02   5.64454966e-02
    4.11456400e-02  -6.89807955e-02   5.66350728e-02  -4.72971264e-02
    1.82533100e-02   5.64896108e-02  -5.70755232e-02   0.00000000e+00]
 [  5.86804937e+01  -1.46683077e+01   1.29586291e+01  -3.33065189e+00
    3.49568896e+00  -1.75428045e+00   3.10971773e-01   1.27080145e+00
   -1.10603201e+00  -4.98247745e-02   1.21175632e-01  -1.66349950e-01
    1.29725656e-01  -5.72801614e-02  -9.88219193e-02   3.96115561e-02
    0.00000000e+00  -3.66979233e-02   3.17495953e-02   0.00000000e+00]] 
 True hermite:  [[   0.          -39.68577824   39.68577824    0.            0.            0.
     0.            0.            0.            0.            0.            0.
     0.            0.            0.            0.            0.            0.
     0.            0.        ]
 [   0.          111.12017907   -3.96857782    0.            0.            0.
     0.           -3.96857782    0.            0.            0.            0.
     0.            0.            0.            0.            0.            0.
     0.            0.        ]
 [   0.            0.            0.          -10.5828742     0.
     3.96857782    0.            0.            0.            0.            0.
     0.            0.            0.            0.            0.            0.
     0.            0.            0.        ]]


