My SLURM_ARRAY_TASK_ID:  21
Data shape: (10, 21, 3)
Theta shape: (20, 3)
Theta: [[ 0.23885467  0.06527379  0.27084348]
 [ 0.05339477  0.36866308  0.20366766]
 [ 0.38992235  0.07036924  0.36734633]
 [ 0.02965364  0.4455666   0.04769563]
 [ 0.00976486  0.17659904  0.2417585 ]
 [ 0.48615938  0.22121988  0.11377456]
 [ 0.12238544  0.23612029  0.46801277]
 [ 0.15840067  0.01559298  0.20867424]
 [ 0.27998331  0.19506897  0.21545877]
 [ 0.48083424  0.38506445  0.47718133]
 [ 0.35245069  0.03225695  0.12488829]
 [ 0.40109204  0.40334055  0.27163423]
 [ 0.35293458  0.11879371  0.43164717]
 [ 0.49256893  0.04929212  0.11728263]
 [ 0.24000294  0.27882585  0.19258303]
 [ 0.35798471  0.16092449  0.49775155]
 [ 0.02323403  0.34392367  0.0245063 ]
 [ 0.03699396  0.01925041  0.4221582 ]
 [ 0.17555665  0.40935582  0.08747817]
 [ 0.15946295  0.42195861  0.03792118]]
1
129.509245487
[[ -4.54032397e+00  -4.42507768e+00   5.47744286e+01]
 [  5.94772235e+00   7.61563743e+00  -1.01642061e+01]
 [ -4.82631686e+00  -4.45318063e+00   6.55614190e+00]
 [ -1.32325119e+00  -1.59045261e+00  -3.76542880e+00]
 [ -1.36029460e+00  -1.96978230e+00   1.51711375e+00]
 [  7.67040798e-01   1.27388878e+00  -4.65249674e-01]
 [  0.00000000e+00  -2.32117148e-01  -7.23557818e-02]
 [ -5.72434173e-01  -6.92479456e-01   7.54973677e-01]
 [  5.44927687e-01   4.85785985e-01  -4.99021406e-01]
 [  1.90098752e-01   2.15592196e-01   4.14195243e-02]
 [ -8.95807281e-02  -5.37897633e-02   7.70622310e-02]
 [  9.43607588e-02   2.29296157e-02  -8.28114478e-02]
 [ -5.27391896e-02   2.82775318e-02   6.35357272e-02]
 [  0.00000000e+00  -4.51030856e-02  -3.31735946e-02]
 [  3.81845142e-02   5.17365886e-02  -4.70728891e-02]
 [ -1.65572522e-02  -2.77406060e-02   1.68938026e-02]
 [  0.00000000e+00   0.00000000e+00   0.00000000e+00]
 [  1.82849101e-02   2.07680737e-02  -1.98040588e-02]
 [ -1.87037185e-02  -1.60227579e-02   1.32036300e-02]
 [  0.00000000e+00   0.00000000e+00   0.00000000e+00]]
2
0.381646362923
[[ -4.59498823e+00  -4.38310018e+00   5.47586996e+01]
 [  5.92634350e+00   7.60972694e+00  -1.01082636e+01]
 [ -4.79900615e+00  -4.44122827e+00   6.52424976e+00]
 [ -1.31228209e+00  -1.59444433e+00  -3.76176676e+00]
 [ -1.35979131e+00  -1.97014358e+00   1.52856460e+00]
 [  7.67482603e-01   1.27197236e+00  -4.76194575e-01]
 [  0.00000000e+00  -2.30257049e-01  -6.75024711e-02]
 [ -5.69609825e-01  -6.91143432e-01   7.51242961e-01]
 [  5.41564459e-01   4.83915167e-01  -4.96384950e-01]
 [  1.89295326e-01   2.15873444e-01   4.09742134e-02]
 [ -8.86142390e-02  -5.32104909e-02   7.68150369e-02]
 [  9.30464953e-02   2.20611026e-02  -8.22567237e-02]
 [ -5.16178930e-02   2.91500961e-02   6.31790115e-02]
 [  0.00000000e+00  -4.56199976e-02  -3.31085337e-02]
 [  3.81766396e-02   5.17733723e-02  -4.73782191e-02]
 [ -1.65917673e-02  -2.77220867e-02   1.71828895e-02]
 [  0.00000000e+00   0.00000000e+00   0.00000000e+00]
 [  1.81729460e-02   2.07075459e-02  -1.97171286e-02]
 [ -1.85756755e-02  -1.59474258e-02   1.31200578e-02]
 [  0.00000000e+00   0.00000000e+00   0.00000000e+00]]
3
Finished successfully! number of iterations:  3
0.0621037248359
[[ -4.59593988e+00  -4.38509777e+00   5.47579857e+01]
 [  5.92931268e+00   7.61382252e+00  -1.01050622e+01]
 [ -4.80026619e+00  -4.44311174e+00   6.52186465e+00]
 [ -1.31216606e+00  -1.59379468e+00  -3.76163521e+00]
 [ -1.36000610e+00  -1.96993422e+00   1.52828021e+00]
 [  7.67815008e-01   1.27218507e+00  -4.75888484e-01]
 [  0.00000000e+00  -2.30583797e-01  -6.76401600e-02]
 [ -5.69850309e-01  -6.91434738e-01   7.50878513e-01]
 [  5.41652599e-01   4.84027405e-01  -4.96116517e-01]
 [  1.89294218e-01   2.15815147e-01   4.09613883e-02]
 [ -8.86109283e-02  -5.31958902e-02   7.67303521e-02]
 [  9.29805731e-02   2.19809596e-02  -8.22009466e-02]
 [ -5.15110476e-02   2.92662548e-02   6.31717537e-02]
 [  0.00000000e+00  -4.56989763e-02  -3.31193994e-02]
 [  3.81847689e-02   5.17707919e-02  -4.73718245e-02]
 [ -1.66042083e-02  -2.77328626e-02   1.71748637e-02]
 [  0.00000000e+00   0.00000000e+00   0.00000000e+00]
 [  1.81794920e-02   2.07146341e-02  -1.97036308e-02]
 [ -1.85774904e-02  -1.59493152e-02   1.31104937e-02]
 [  0.00000000e+00   0.00000000e+00   0.00000000e+00]]
Time taken for 3Dl timepoints exp:  8.137450218200684 , number of time points:  21
Avg AR burnin:  0.193833333333 , Avg AR sampling:  0.02215

 Estimated ordinary:  [[ -9.49489145e-01   1.52735002e+00  -1.22282524e+00  -3.37442487e-01
   -2.42320948e-01   1.93473592e-01   0.00000000e+00  -1.43590559e-01
    1.36485316e-01   3.37277561e-02  -9.11542159e-03   1.65669408e-02
   -9.17805136e-03   0.00000000e+00   6.80362343e-03  -4.18391904e-03
    0.00000000e+00   3.23915585e-03  -3.31006977e-03   0.00000000e+00]
 [ -7.51327315e-01   1.92603810e+00  -1.10654430e+00  -4.10827816e-01
   -3.50995723e-01   3.20564477e-01  -4.10845833e-02  -1.74227335e-01
    1.21964952e-01   3.84531589e-02  -5.47227047e-03   3.91648754e-03
    5.21455498e-03  -4.70106163e-03   9.22433164e-03  -6.98811108e-03
    0.00000000e+00   3.69085827e-03  -2.84179104e-03   0.00000000e+00]
 [  1.35303364e+01  -2.57769265e+00   1.66590705e+00  -9.39414178e-01
    2.72303417e-01  -1.19914111e-01  -1.20518780e-02   1.89205944e-01
   -1.25011160e-01   7.29835138e-03   7.89326466e-03  -1.46462661e-02
    1.12557136e-02  -3.40699837e-03  -8.44053961e-03   4.32771247e-03
    0.00000000e+00  -3.51072136e-03   2.33598015e-03   0.00000000e+00]] 
 True ordinary:  [[  0.         -10.          10.           0.           0.           0.
    0.           0.           0.           0.           0.           0.
    0.           0.           0.           0.           0.           0.
    0.           0.        ]
 [  0.          28.          -1.           0.           0.           0.
    0.          -1.           0.           0.           0.           0.
    0.           0.           0.           0.           0.           0.
    0.           0.        ]
 [  0.           0.           0.          -2.66666667   0.           1.
    0.           0.           0.           0.           0.           0.
    0.           0.           0.           0.           0.           0.
    0.           0.        ]]

 Estimated hermite:  [[ -4.59593988e+00   5.92931268e+00  -4.80026619e+00  -1.31216606e+00
   -1.36000610e+00   7.67815008e-01   0.00000000e+00  -5.69850309e-01
    5.41652599e-01   1.89294218e-01  -8.86109283e-02   9.29805731e-02
   -5.15110476e-02   0.00000000e+00   3.81847689e-02  -1.66042083e-02
    0.00000000e+00   1.81794920e-02  -1.85774904e-02   0.00000000e+00]
 [ -4.38509777e+00   7.61382252e+00  -4.44311174e+00  -1.59379468e+00
   -1.96993422e+00   1.27218507e+00  -2.30583797e-01  -6.91434738e-01
    4.84027405e-01   2.15815147e-01  -5.31958902e-02   2.19809596e-02
    2.92662548e-02  -4.56989763e-02   5.17707919e-02  -2.77328626e-02
    0.00000000e+00   2.07146341e-02  -1.59493152e-02   0.00000000e+00]
 [  5.47579857e+01  -1.01050622e+01   6.52186465e+00  -3.76163521e+00
    1.52828021e+00  -4.75888484e-01  -6.76401600e-02   7.50878513e-01
   -4.96116517e-01   4.09613883e-02   7.67303521e-02  -8.22009466e-02
    6.31717537e-02  -3.31193994e-02  -4.73718245e-02   1.71748637e-02
    0.00000000e+00  -1.97036308e-02   1.31104937e-02   0.00000000e+00]] 
 True hermite:  [[   0.          -39.68577824   39.68577824    0.            0.            0.
     0.            0.            0.            0.            0.            0.
     0.            0.            0.            0.            0.            0.
     0.            0.        ]
 [   0.          111.12017907   -3.96857782    0.            0.            0.
     0.           -3.96857782    0.            0.            0.            0.
     0.            0.            0.            0.            0.            0.
     0.            0.        ]
 [   0.            0.            0.          -10.5828742     0.
     3.96857782    0.            0.            0.            0.            0.
     0.            0.            0.            0.            0.            0.
     0.            0.            0.        ]]


