My SLURM_ARRAY_TASK_ID:  101
Data shape: (10, 101, 3)
Theta shape: (20, 3)
Theta: [[ 0.39884398  0.29377854  0.28692758]
 [ 0.15885804  0.4315965   0.45553173]
 [ 0.30329863  0.22988292  0.0284511 ]
 [ 0.0259565   0.49332699  0.11399453]
 [ 0.38004833  0.33156008  0.45897853]
 [ 0.19829553  0.16207525  0.32011872]
 [ 0.09051109  0.20536473  0.2493758 ]
 [ 0.15888222  0.2494616   0.26025905]
 [ 0.20540815  0.0177112   0.40516705]
 [ 0.07389602  0.4216414   0.2051769 ]
 [ 0.36573098  0.2352551   0.2266543 ]
 [ 0.1306312   0.44965929  0.34999447]
 [ 0.43184518  0.12586064  0.06578881]
 [ 0.04279164  0.07391583  0.01414116]
 [ 0.1062686   0.16710812  0.46540927]
 [ 0.13507925  0.36528123  0.42935848]
 [ 0.26472541  0.12393537  0.45900136]
 [ 0.19095984  0.34886693  0.19566016]
 [ 0.44277409  0.4745973   0.07387475]
 [ 0.28194603  0.082322    0.30366851]]
1
188.451452342
[[  1.50186655e+01   2.42745049e+01   5.31964031e+01]
 [ -7.32196875e+00   1.11003120e+01  -1.47696165e+01]
 [  1.87625272e+00  -6.76045800e+00   8.00298138e+00]
 [ -4.08976830e+00  -4.47648159e+00   3.58124605e+00]
 [ -3.53062769e-01  -7.24468628e-01   1.12035830e+01]
 [ -3.64972163e-01  -3.30997888e-01  -5.19792661e+00]
 [  4.19366498e-01   4.26945664e-01   1.58376548e+00]
 [  9.95446465e-01  -6.90406442e-01   1.00550902e+00]
 [ -3.21544989e-01   4.54185739e-01  -4.32266315e-01]
 [  4.40632320e-01   4.02480283e-01  -8.83501099e-01]
 [  3.08481535e-01   6.68144631e-02   8.38380827e-02]
 [ -2.91135521e-01  -2.46327021e-01  -5.09110423e-02]
 [  8.49738461e-02   1.98731865e-01   3.36358242e-02]
 [  1.01446338e-02  -1.08640348e-01  -3.20419239e-02]
 [  4.64679062e-02   4.88942791e-02  -3.07291587e-01]
 [ -1.75623187e-02  -1.50881854e-02   1.55731575e-01]
 [  0.00000000e+00   0.00000000e+00  -6.13699749e-02]
 [ -4.87984951e-02   0.00000000e+00  -2.45978851e-02]
 [  2.75021253e-02   0.00000000e+00   0.00000000e+00]
 [ -1.71329606e-02  -1.43861144e-02   3.06332992e-02]]
2
1.97420581809
[[  1.49447769e+01   2.41729031e+01   5.29353651e+01]
 [ -7.29438200e+00   1.08865709e+01  -1.50621274e+01]
 [  1.89048115e+00  -6.65319599e+00   8.16909837e+00]
 [ -4.06718850e+00  -4.45525347e+00   3.74897964e+00]
 [ -3.20324976e-01  -6.95703464e-01   1.13547726e+01]
 [ -3.96349747e-01  -3.61299125e-01  -5.27262574e+00]
 [  4.33365634e-01   4.41444656e-01   1.59361413e+00]
 [  9.96693207e-01  -6.80172377e-01   1.02729508e+00]
 [ -3.25500662e-01   4.48194156e-01  -4.43855092e-01]
 [  4.38758680e-01   4.00942812e-01  -9.00801200e-01]
 [  3.10025215e-01   6.64164020e-02   8.65452700e-02]
 [ -2.92315429e-01  -2.46579987e-01  -5.23499130e-02]
 [  8.51849307e-02   1.98403853e-01   3.41155243e-02]
 [  1.03477945e-02  -1.08006885e-01  -3.22017282e-02]
 [  4.56863561e-02   4.82041088e-02  -3.11137051e-01]
 [ -1.68301969e-02  -1.43493712e-02   1.57528008e-01]
 [  0.00000000e+00   0.00000000e+00  -6.15389377e-02]
 [ -4.89435118e-02   0.00000000e+00  -2.52241012e-02]
 [  2.76992966e-02   0.00000000e+00   0.00000000e+00]
 [ -1.70886424e-02  -1.43523576e-02   3.11429145e-02]]
3
Finished successfully! number of iterations:  3
0.093586136522
[[  1.49352433e+01   2.41786122e+01   5.29404507e+01]
 [ -7.30807756e+00   1.08845852e+01  -1.50606759e+01]
 [  1.89881786e+00  -6.65123533e+00   8.16735770e+00]
 [ -4.06526461e+00  -4.45688687e+00   3.74650309e+00]
 [ -3.20982317e-01  -6.97880368e-01   1.13552946e+01]
 [ -3.95930858e-01  -3.59425956e-01  -5.27479508e+00]
 [  4.33347392e-01   4.40619816e-01   1.59542536e+00]
 [  9.97923534e-01  -6.80115828e-01   1.02737353e+00]
 [ -3.26375081e-01   4.47892601e-01  -4.43680009e-01]
 [  4.38573063e-01   4.01058765e-01  -9.00506133e-01]
 [  3.10316426e-01   6.64054378e-02   8.65791292e-02]
 [ -2.92722670e-01  -2.46743390e-01  -5.21572043e-02]
 [  8.54774684e-02   1.98547950e-01   3.38739631e-02]
 [  1.02414545e-02  -1.08046078e-01  -3.20724611e-02]
 [  4.56758779e-02   4.82448431e-02  -3.11128937e-01]
 [ -1.68118191e-02  -1.43842665e-02   1.57568891e-01]
 [  0.00000000e+00   0.00000000e+00  -6.15828837e-02]
 [ -4.89821822e-02   0.00000000e+00  -2.52324898e-02]
 [  2.77305413e-02   0.00000000e+00   0.00000000e+00]
 [ -1.70815095e-02  -1.43540784e-02   3.11318296e-02]]
Time taken for 3Dl timepoints exp:  38.203476667404175 , number of time points:  101
Avg AR burnin:  0.200933333333 , Avg AR sampling:  0.0234133333333

 Estimated ordinary:  [[  3.66521002e+00  -1.94375477e+00   5.22517767e-01  -1.02722991e+00
   -5.71914633e-02  -9.97664340e-02   7.72122642e-02   2.51456209e-01
   -8.22398087e-02   7.81433553e-02   3.19223046e-02  -5.21562620e-02
    1.52300648e-02   1.05354020e-03   8.13836202e-03  -4.23623268e-03
    0.00000000e+00  -8.72746730e-03   4.94092712e-03  -1.75717785e-03]
 [  6.06689162e+00   2.68682168e+00  -1.59866653e+00  -1.12721011e+00
   -1.24345789e-01  -9.05679496e-02   7.85080383e-02  -1.71375202e-01
    1.12859725e-01   7.14591939e-02   6.83113892e-03  -4.39638409e-02
    3.53765524e-02  -1.11147188e-02   8.59609089e-03  -3.62453935e-03
    0.00000000e+00   0.00000000e+00   0.00000000e+00  -1.47660654e-03]
 [  1.11928416e+01  -3.82323955e+00   2.07719726e+00   1.00084256e+00
    2.02324514e+00  -1.32913989e+00   2.84267095e-01   2.58877003e-01
   -1.11798238e-01  -1.60448912e-01   8.90641007e-03  -9.29318121e-03
    6.03553970e-03  -3.29929965e-03  -5.54358239e-02   3.97041203e-02
   -1.09726145e-02  -4.49583337e-03   0.00000000e+00   3.20253672e-03]] 
 True ordinary:  [[  0.         -10.          10.           0.           0.           0.
    0.           0.           0.           0.           0.           0.
    0.           0.           0.           0.           0.           0.
    0.           0.        ]
 [  0.          28.          -1.           0.           0.           0.
    0.          -1.           0.           0.           0.           0.
    0.           0.           0.           0.           0.           0.
    0.           0.        ]
 [  0.           0.           0.          -2.66666667   0.           1.
    0.           0.           0.           0.           0.           0.
    0.           0.           0.           0.           0.           0.
    0.           0.        ]]

 Estimated hermite:  [[  1.49352433e+01  -7.30807756e+00   1.89881786e+00  -4.06526461e+00
   -3.20982317e-01  -3.95930858e-01   4.33347392e-01   9.97923534e-01
   -3.26375081e-01   4.38573063e-01   3.10316426e-01  -2.92722670e-01
    8.54774684e-02   1.02414545e-02   4.56758779e-02  -1.68118191e-02
    0.00000000e+00  -4.89821822e-02   2.77305413e-02  -1.70815095e-02]
 [  2.41786122e+01   1.08845852e+01  -6.65123533e+00  -4.45688687e+00
   -6.97880368e-01  -3.59425956e-01   4.40619816e-01  -6.80115828e-01
    4.47892601e-01   4.01058765e-01   6.64054378e-02  -2.46743390e-01
    1.98547950e-01  -1.08046078e-01   4.82448431e-02  -1.43842665e-02
    0.00000000e+00   0.00000000e+00   0.00000000e+00  -1.43540784e-02]
 [  5.29404507e+01  -1.50606759e+01   8.16735770e+00   3.74650309e+00
    1.13552946e+01  -5.27479508e+00   1.59542536e+00   1.02737353e+00
   -4.43680009e-01  -9.00506133e-01   8.65791292e-02  -5.21572043e-02
    3.38739631e-02  -3.20724611e-02  -3.11128937e-01   1.57568891e-01
   -6.15828837e-02  -2.52324898e-02   0.00000000e+00   3.11318296e-02]] 
 True hermite:  [[   0.          -39.68577824   39.68577824    0.            0.            0.
     0.            0.            0.            0.            0.            0.
     0.            0.            0.            0.            0.            0.
     0.            0.        ]
 [   0.          111.12017907   -3.96857782    0.            0.            0.
     0.           -3.96857782    0.            0.            0.            0.
     0.            0.            0.            0.            0.            0.
     0.            0.        ]
 [   0.            0.            0.          -10.5828742     0.
     3.96857782    0.            0.            0.            0.            0.
     0.            0.            0.            0.            0.            0.
     0.            0.            0.        ]]


