0 0
0.9815104166666666
0.9774088541666667
0 1
0.91640625
0.9121744791666666
0 2
0.9315104166666667
0.9420572916666666
0 3
0.9825520833333333
0.9816406249999999
0 4
0.98671875
0.984375
0 5
0.9895833333333334
0.9861979166666668
0 6
0.9877604166666667
0.9840494791666666
0 7
0.9393229166666667
0.9438802083333334
0 8
0.9812499999999998
0.9818359375000001
0 9
0.9903645833333332
0.9864583333333332
[[ 0.14628929 -0.00931641]
 [-0.29476883 -6.04038035]
 [ 6.02460516 -0.23234841]
 [ 0.07722483  0.13431874]
 [-0.01844992 -0.07230499]
 [-0.17989023  0.07192742]
 [-0.06861506 -1.96952011]
 [-0.02103664  0.00854908]
 [ 0.04308378 -0.02667619]
 [ 1.97312044 -0.08522435]] 9.010632796782415
1 0
0.9645833333333332
0.9659505208333333
1 1
0.9450520833333332
0.941015625
1 2
0.94921875
0.9514322916666668
1 3
0.9794270833333334
0.9782552083333332
1 4
0.9744791666666665
0.9749348958333334
1 5
0.98671875
0.9799479166666667
1 6
0.9848958333333333
0.9796223958333333
1 7
0.9624999999999999
0.9535807291666667
1 8
0.9791666666666666
0.9774088541666668
1 9
0.9796874999999999
0.9756510416666666
[[ 1.50751965e-01 -2.73311008e-02]
 [-2.91872577e-01 -5.88507092e+00]
 [ 6.05049181e+00 -2.24695812e-01]
 [ 7.52618660e-02  8.61266418e-02]
 [-4.24480091e-02 -7.15942022e-02]
 [-1.75009613e-01  7.69919630e-02]
 [-5.89767951e-02 -1.87550701e+00]
 [-4.33567524e-03  1.75920253e-02]
 [ 2.96950446e-02  2.35191430e-02]
 [ 1.99836597e+00 -7.80911860e-02]] 0.20207387951950403
2 0
0.9653645833333333
0.9663411458333334
2 1
0.9460937500000001
0.9419921875
2 2
0.9507812499999999
0.9521484375
2 3
0.9799479166666666
0.9788411458333334
2 4
0.9757812499999999
0.9753255208333332
2 5
0.98671875
0.9806640625000002
2 6
0.9848958333333333
0.980078125
2 7
0.9645833333333332
0.9555338541666666
2 8
0.98046875
0.9774088541666668
2 9
0.98046875
0.9759765625000001
[[ 1.50946447e-01 -2.74760149e-02]
 [-2.91923217e-01 -5.88479609e+00]
 [ 6.05190239e+00 -2.24741538e-01]
 [ 7.50574406e-02  8.59146479e-02]
 [-4.26388029e-02 -7.12409433e-02]
 [-1.74697054e-01  7.68683018e-02]
 [-5.87269390e-02 -1.87488042e+00]
 [-2.53961258e-03  1.69036257e-02]
 [ 2.85127983e-02  2.37192440e-02]
 [ 1.99903072e+00 -7.80030509e-02]] 0.002920927034405282
3 0
0.9653645833333333
0.9663411458333334
3 1
0.9458333333333334
0.9419921875
3 2
0.9507812499999999
0.9520833333333333
3 3
0.9799479166666666
0.9788411458333334
3 4
0.9757812499999999
0.9753255208333332
3 5
0.98671875
0.9806640625000002
3 6
0.9848958333333333
0.980078125
3 7
0.9645833333333332
0.9555338541666666
3 8
0.98046875
0.9774088541666668
3 9
0.98046875
0.9759765625000001
[[ 1.50949851e-01 -2.74769478e-02]
 [-2.91927975e-01 -5.88478550e+00]
 [ 6.05187141e+00 -2.24733008e-01]
 [ 7.50630067e-02  8.59082663e-02]
 [-4.26484329e-02 -7.12443526e-02]
 [-1.74696370e-01  7.68725167e-02]
 [-5.87275840e-02 -1.87487377e+00]
 [-2.51188912e-03  1.69057126e-02]
 [ 2.84959103e-02  2.37402828e-02]
 [ 1.99900753e+00 -7.79989158e-02]] 5.894399795557534e-05
