0 0
0.9997395833333332
0.9965494791666667
0 1
0.9932291666666666
0.9842447916666667
0 2
0.99609375
0.9891276041666667
0 3
0.9992187499999999
0.9973307291666668
0 4
1.0
0.9975911458333333
0 5
1.0
0.9984375
0 6
0.9997395833333332
0.9968098958333335
0 7
0.9940104166666667
0.9916015625
0 8
0.9997395833333332
0.9970703125
0 9
1.0
0.9991536458333333
[[ 4.23300497e-01 -7.84739976e-03]
 [-7.45207609e-01 -1.48027342e+01]
 [ 1.52087066e+01 -5.64344564e-01]
 [ 2.64162413e-01  3.59294823e-01]
 [-1.19920302e-01 -1.81080721e-01]
 [-5.49060280e-01  2.66240134e-01]
 [-3.71457816e-01 -1.14747397e+01]
 [ 1.43385278e-01  4.90013360e-02]
 [ 9.27697450e-02 -7.59588564e-02]
 [ 1.22161332e+01 -4.71682398e-01]] 26.21065952582952
1 0
0.9958333333333332
0.9945963541666667
1 1
0.9874999999999999
0.9855468750000002
1 2
0.9916666666666666
0.9882161458333334
1 3
0.99609375
0.9905598958333334
1 4
0.99609375
0.9942708333333335
1 5
0.9984375
0.9957682291666666
1 6
0.9937499999999999
0.9893229166666667
1 7
0.9958333333333332
0.9904947916666668
1 8
0.99453125
0.9929036458333335
1 9
0.99765625
0.99609375
[[ 4.18225894e-01 -1.36047532e-02]
 [-7.43322907e-01 -1.47626177e+01]
 [ 1.51693669e+01 -5.57036848e-01]
 [ 2.64175561e-01  3.63259889e-01]
 [-1.09993757e-01 -1.80992694e-01]
 [-5.46686045e-01  2.55221338e-01]
 [-3.79221822e-01 -1.14874763e+01]
 [-2.17634422e-02  7.89059038e-02]
 [ 1.16053920e-01  9.64621503e-02]
 [ 1.22219256e+01 -4.64280693e-01]] 0.24952855332387736
2 0
0.9953124999999999
0.9944010416666668
2 1
0.9880208333333332
0.9852864583333334
2 2
0.9921875
0.9879557291666666
2 3
0.9958333333333332
0.990625
2 4
0.99609375
0.9939453125000002
2 5
0.9981770833333332
0.9958333333333332
2 6
0.9932291666666666
0.9889322916666666
2 7
0.99453125
0.9905598958333334
2 8
0.9947916666666666
0.9930989583333334
2 9
0.9979166666666667
0.9958984375000001
[[ 4.18464717e-01 -1.29242137e-02]
 [-7.42998746e-01 -1.47556018e+01]
 [ 1.51714570e+01 -5.57654423e-01]
 [ 2.66610234e-01  3.70032001e-01]
 [-1.07443682e-01 -1.81284621e-01]
 [-5.47665222e-01  2.57479074e-01]
 [-3.76566251e-01 -1.14739759e+01]
 [-1.12733632e-02  7.65346723e-02]
 [ 1.14536466e-01  9.22644933e-02]
 [ 1.22249804e+01 -4.64632026e-01]] 0.021292905724051608
3 0
0.99609375
0.9944010416666668
3 1
0.9875000000000002
0.9855468750000002
3 2
0.9921875
0.9878255208333334
3 3
0.9966145833333333
0.9905598958333334
3 4
0.9966145833333333
0.99375
3 5
0.9981770833333332
0.9958333333333332
3 6
0.9932291666666666
0.9889973958333335
3 7
0.99609375
0.9911458333333333
3 8
0.9947916666666666
0.9929687500000001
3 9
0.9979166666666667
0.9960286458333334
[[ 4.18273546e-01 -1.36183079e-02]
 [-7.43560478e-01 -1.47606644e+01]
 [ 1.51732861e+01 -5.57868919e-01]
 [ 2.61419530e-01  3.68740168e-01]
 [-1.06259456e-01 -1.78755114e-01]
 [-5.42817729e-01  2.55262986e-01]
 [-3.81828828e-01 -1.14855711e+01]
 [-1.94901680e-02  7.96830172e-02]
 [ 1.25930767e-01  9.78379699e-02]
 [ 1.22322302e+01 -4.65851935e-01]] 0.023434818277780673
4 0
0.9963541666666668
0.9944010416666668
4 1
0.9877604166666667
0.9852864583333334
4 2
0.9921875
0.9882161458333334
4 3
0.9958333333333332
0.990625
4 4
0.9966145833333333
0.9941406250000001
4 5
0.9981770833333332
0.9959635416666667
4 6
0.99375
0.9896484375000001
4 7
0.9953124999999998
0.9908203125
4 8
0.9947916666666666
0.9932291666666666
4 9
0.99765625
0.99609375
[[ 4.18118798e-01 -1.40839443e-02]
 [-7.44067846e-01 -1.47558557e+01]
 [ 1.51713122e+01 -5.56721456e-01]
 [ 2.64960267e-01  3.66703179e-01]
 [-1.09334067e-01 -1.76969396e-01]
 [-5.45221570e-01  2.57661309e-01]
 [-3.80584511e-01 -1.14773625e+01]
 [-7.02225418e-03  8.11573108e-02]
 [ 1.24180205e-01  9.58208883e-02]
 [ 1.22215852e+01 -4.66561931e-01]] 0.02042544762961264
5 0
0.99609375
0.9943359374999999
5 1
0.9875000000000002
0.9853515625
5 2
0.9929687499999998
0.987890625
5 3
0.99609375
0.9904296874999999
5 4
0.9966145833333333
0.9940104166666668
5 5
0.9981770833333332
0.995703125
5 6
0.9932291666666666
0.9888020833333334
5 7
0.9947916666666666
0.9907552083333333
5 8
0.9947916666666666
0.9930338541666668
5 9
0.9979166666666667
0.9959635416666668
[[ 4.18295962e-01 -1.39308303e-02]
 [-7.42139823e-01 -1.47671334e+01]
 [ 1.51730457e+01 -5.58729018e-01]
 [ 2.66664126e-01  3.66382602e-01]
 [-1.08460666e-01 -1.79634424e-01]
 [-5.48758391e-01  2.57134456e-01]
 [-3.73533996e-01 -1.14927299e+01]
 [-2.21577270e-02  7.56528564e-02]
 [ 1.10932997e-01  1.00391416e-01]
 [ 1.22330054e+01 -4.65621447e-01]] 0.032164943225104985
6 0
0.9955729166666667
0.9940755208333334
6 1
0.9875000000000002
0.9853515625
6 2
0.9919270833333332
0.9883463541666667
6 3
0.9966145833333333
0.9904296874999999
6 4
0.99609375
0.9936848958333334
6 5
0.9984375
0.9958984375000001
6 6
0.9934895833333334
0.9888671875
6 7
0.9958333333333332
0.9910807291666667
6 8
0.9950520833333334
0.9929036458333332
6 9
0.99765625
0.9961588541666667
[[ 4.18874041e-01 -1.35155960e-02]
 [-7.43118507e-01 -1.47620208e+01]
 [ 1.51728502e+01 -5.57223127e-01]
 [ 2.61673176e-01  3.66425954e-01]
 [-1.05022066e-01 -1.78622726e-01]
 [-5.43818172e-01  2.54857349e-01]
 [-3.76335149e-01 -1.14883162e+01]
 [-2.24781055e-02  7.44732999e-02]
 [ 1.06761670e-01  9.62998306e-02]
 [ 1.22323451e+01 -4.60446896e-01]] 0.013690615209387944
7 0
0.9966145833333333
0.9939453125000001
7 1
0.9877604166666667
0.9854817708333333
7 2
0.9921875
0.9885416666666668
7 3
0.9963541666666665
0.9905598958333334
7 4
0.9963541666666668
0.9938151041666669
7 5
0.9981770833333332
0.9957682291666666
7 6
0.9934895833333334
0.9888020833333334
7 7
0.9955729166666666
0.9911458333333333
7 8
0.99453125
0.9930338541666668
7 9
0.99765625
0.9960286458333334
[[ 4.18530505e-01 -1.48237927e-02]
 [-7.42538029e-01 -1.47631918e+01]
 [ 1.51731471e+01 -5.57289367e-01]
 [ 2.61268300e-01  3.62654152e-01]
 [-1.12025833e-01 -1.80108245e-01]
 [-5.46065398e-01  2.57137659e-01]
 [-3.77166325e-01 -1.14843649e+01]
 [-2.23894841e-02  7.47240330e-02]
 [ 1.10625828e-01  9.80927807e-02]
 [ 1.22299160e+01 -4.62963305e-01]] 0.011237587355848027
8 0
0.9955729166666667
0.9942708333333333
8 1
0.9877604166666667
0.9859375
8 2
0.9919270833333332
0.9884114583333333
8 3
0.9958333333333332
0.9904947916666668
8 4
0.9963541666666665
0.9936197916666668
8 5
0.9984375
0.9958984374999998
8 6
0.99375
0.9892578125
8 7
0.9953124999999998
0.9907552083333333
8 8
0.9953124999999999
0.9929036458333332
8 9
0.99765625
0.9958984375000002
[[ 4.18703533e-01 -1.25899555e-02]
 [-7.43077259e-01 -1.47620911e+01]
 [ 1.51739030e+01 -5.58075543e-01]
 [ 2.63817072e-01  3.67288574e-01]
 [-1.05524171e-01 -1.76796530e-01]
 [-5.47428353e-01  2.57706621e-01]
 [-3.76756206e-01 -1.14940283e+01]
 [-2.45096180e-02  7.71337740e-02]
 [ 1.13246946e-01  9.62772535e-02]
 [ 1.22387961e+01 -4.64314971e-01]] 0.01690585478151028
9 0
0.9963541666666668
0.994140625
9 1
0.9875000000000002
0.9853515625
9 2
0.9914062499999999
0.987890625
9 3
0.9958333333333332
0.990625
9 4
0.9966145833333333
0.9939453125000002
9 5
0.9981770833333332
0.9956380208333333
9 6
0.9934895833333334
0.9891927083333334
9 7
0.9955729166666666
0.9911458333333333
9 8
0.9950520833333334
0.9928385416666666
9 9
0.9979166666666667
0.99609375
[[ 4.19332738e-01 -1.24392204e-02]
 [-7.42466419e-01 -1.47526237e+01]
 [ 1.51745587e+01 -5.57108962e-01]
 [ 2.60480327e-01  3.74167154e-01]
 [-1.03714861e-01 -1.76515787e-01]
 [-5.43728508e-01  2.53060625e-01]
 [-3.75915973e-01 -1.14690231e+01]
 [-1.74388069e-02  7.23751321e-02]
 [ 1.04717841e-01  9.54375886e-02]
 [ 1.22328231e+01 -4.62170179e-01]] 0.0316417352382097
10 0
0.9963541666666668
0.994140625
10 1
0.9875000000000002
0.9855468750000002
10 2
0.9916666666666666
0.9884114583333333
10 3
0.9958333333333332
0.9905598958333334
10 4
0.9966145833333333
0.9938151041666669
10 5
0.9981770833333332
0.9958984374999998
10 6
0.9932291666666666
0.9891927083333334
10 7
0.9955729166666666
0.9911458333333334
10 8
0.9947916666666666
0.9931640625
10 9
0.99765625
0.9960286458333334
[[ 4.18387418e-01 -1.39434437e-02]
 [-7.39411051e-01 -1.47586765e+01]
 [ 1.51753020e+01 -5.60625834e-01]
 [ 2.66973694e-01  3.71986742e-01]
 [-1.03270009e-01 -1.79956930e-01]
 [-5.46736674e-01  2.53599040e-01]
 [-3.67963496e-01 -1.14793701e+01]
 [-2.53511780e-02  6.94298950e-02]
 [ 1.09123792e-01  9.63222451e-02]
 [ 1.22359528e+01 -4.68643516e-01]] 0.02106710521318832
11 0
0.99609375
0.9944010416666668
11 1
0.9875000000000002
0.9856119791666668
11 2
0.9924479166666665
0.9883463541666666
11 3
0.99609375
0.990234375
11 4
0.9966145833333333
0.9938151041666669
11 5
0.9981770833333332
0.9957682291666666
11 6
0.9932291666666666
0.9894531250000002
11 7
0.99609375
0.9908203125
11 8
0.99453125
0.9929687500000001
11 9
0.99765625
0.9961588541666666
[[ 4.18622512e-01 -1.36357322e-02]
 [-7.44739341e-01 -1.47701432e+01]
 [ 1.51702658e+01 -5.55851251e-01]
 [ 2.66093440e-01  3.61806362e-01]
 [-1.08857406e-01 -1.83511054e-01]
 [-5.50499744e-01  2.57980834e-01]
 [-3.82162259e-01 -1.14977561e+01]
 [-2.07422381e-02  7.91156971e-02]
 [ 1.14853504e-01  9.68126010e-02]
 [ 1.22279642e+01 -4.62407001e-01]] 0.03435553563873877
12 0
0.99609375
0.994140625
12 1
0.9877604166666667
0.9854817708333333
12 2
0.9927083333333332
0.9879557291666666
12 3
0.99609375
0.990625
12 4
0.9966145833333333
0.9938151041666666
12 5
0.9984375
0.9958333333333332
12 6
0.99375
0.9895182291666668
12 7
0.9953124999999999
0.9907552083333333
12 8
0.99453125
0.9930989583333334
12 9
0.9979166666666667
0.99609375
[[ 4.18497845e-01 -1.35311297e-02]
 [-7.42545363e-01 -1.47639724e+01]
 [ 1.51743853e+01 -5.58307734e-01]
 [ 2.63680229e-01  3.62182623e-01]
 [-1.07439544e-01 -1.76689625e-01]
 [-5.48051539e-01  2.56630775e-01]
 [-3.76993109e-01 -1.14874825e+01]
 [-2.16115805e-02  8.21777138e-02]
 [ 1.13980588e-01  9.31945760e-02]
 [ 1.22351574e+01 -4.66826753e-01]] 0.01886201341218055
13 0
0.99609375
0.9942708333333333
13 1
0.9877604166666667
0.9854817708333333
13 2
0.9916666666666666
0.9884114583333333
13 3
0.99609375
0.990625
13 4
0.9966145833333333
0.9940755208333334
13 5
0.9981770833333332
0.9958984374999998
13 6
0.9934895833333334
0.9891276041666668
13 7
0.9955729166666666
0.9910156249999998
13 8
0.9947916666666666
0.9929687499999998
13 9
0.9979166666666667
0.9959635416666668
[[ 4.18579450e-01 -1.27158786e-02]
 [-7.43202935e-01 -1.47621637e+01]
 [ 1.51748203e+01 -5.58223984e-01]
 [ 2.61797464e-01  3.71744672e-01]
 [-1.06543851e-01 -1.78650932e-01]
 [-5.44393264e-01  2.59067383e-01]
 [-3.78348268e-01 -1.14881805e+01]
 [-2.07262275e-02  7.87433430e-02]
 [ 1.16885343e-01  1.01126595e-01]
 [ 1.22370326e+01 -4.66714111e-01]] 0.014604932618572628
14 0
0.9966145833333333
0.9944010416666668
14 1
0.9877604166666667
0.9851562500000001
14 2
0.9919270833333332
0.98828125
14 3
0.9955729166666666
0.9903645833333333
14 4
0.9955729166666666
0.99375
14 5
0.9981770833333332
0.9957682291666666
14 6
0.9934895833333334
0.9893880208333333
14 7
0.9963541666666668
0.9908203125
14 8
0.9947916666666666
0.9930989583333334
14 9
0.9979166666666667
0.9959635416666668
[[ 4.18336947e-01 -1.48604500e-02]
 [-7.39577080e-01 -1.47629418e+01]
 [ 1.51749960e+01 -5.61017463e-01]
 [ 2.64607406e-01  3.58845225e-01]
 [-1.06418373e-01 -1.81121032e-01]
 [-5.49578681e-01  2.60564172e-01]
 [-3.70382851e-01 -1.14849308e+01]
 [-1.79807543e-02  7.31738240e-02]
 [ 1.15554793e-01  9.95563065e-02]
 [ 1.22345776e+01 -4.69343721e-01]] 0.01911872037430272
15 0
0.9966145833333333
0.9942057291666666
15 1
0.9875000000000002
0.9854817708333333
15 2
0.9919270833333332
0.9877604166666667
15 3
0.9963541666666665
0.9904296874999999
15 4
0.9963541666666668
0.9934244791666668
15 5
0.9981770833333332
0.9959635416666667
15 6
0.9932291666666666
0.9891276041666668
15 7
0.9953124999999998
0.9910156250000001
15 8
0.9947916666666666
0.9930338541666668
15 9
0.9979166666666667
0.9961588541666667
[[ 4.18175511e-01 -1.36260839e-02]
 [-7.42487322e-01 -1.47641821e+01]
 [ 1.51737448e+01 -5.59001249e-01]
 [ 2.62669642e-01  3.66289000e-01]
 [-1.11511645e-01 -1.76090106e-01]
 [-5.44363091e-01  2.59321831e-01]
 [-3.74407059e-01 -1.14880010e+01]
 [-2.01951707e-02  8.04132780e-02]
 [ 1.10988995e-01  9.89420119e-02]
 [ 1.22325107e+01 -4.66475587e-01]] 0.016522906179064566
16 0
0.99609375
0.9945963541666667
16 1
0.9877604166666667
0.9853515625
16 2
0.9921875
0.9879557291666666
16 3
0.9955729166666666
0.9908203125
16 4
0.9963541666666668
0.9940755208333334
16 5
0.9981770833333332
0.9956380208333333
16 6
0.99375
0.9892578125
16 7
0.9955729166666666
0.9908203125
16 8
0.9947916666666666
0.9930989583333334
16 9
0.9979166666666667
0.9959635416666668
[[ 4.18541629e-01 -1.29034491e-02]
 [-7.43844759e-01 -1.47657601e+01]
 [ 1.51674837e+01 -5.56313287e-01]
 [ 2.66236808e-01  3.67365465e-01]
 [-1.06661421e-01 -1.80956570e-01]
 [-5.48857135e-01  2.53598675e-01]
 [-3.78106879e-01 -1.14930076e+01]
 [-1.28259384e-02  7.47147306e-02]
 [ 1.08804173e-01  9.43552317e-02]
 [ 1.22206012e+01 -4.62453273e-01]] 0.021790336770503637
17 0
0.9955729166666667
0.9940755208333334
17 1
0.9877604166666667
0.9855468749999999
17 2
0.9916666666666666
0.9875000000000002
17 3
0.99609375
0.9904947916666668
17 4
0.9958333333333332
0.9934895833333334
17 5
0.9981770833333332
0.9958984374999998
17 6
0.99375
0.9889973958333335
17 7
0.9950520833333333
0.9912109375
17 8
0.9950520833333334
0.9929687500000001
17 9
0.9979166666666667
0.9959635416666668
[[ 4.18369710e-01 -1.30170126e-02]
 [-7.42701696e-01 -1.47602246e+01]
 [ 1.51725582e+01 -5.58753199e-01]
 [ 2.61278385e-01  3.73572412e-01]
 [-1.07940610e-01 -1.75889585e-01]
 [-5.41020006e-01  2.56842543e-01]
 [-3.77443882e-01 -1.14844049e+01]
 [-1.72980189e-02  7.79918451e-02]
 [ 1.14997992e-01  9.51074874e-02]
 [ 1.22297794e+01 -4.63706505e-01]] 0.021353833947019667
18 0
0.9958333333333332
0.994140625
18 1
0.9875000000000002
0.9854817708333335
18 2
0.9924479166666665
0.9875651041666668
18 3
0.9963541666666668
0.9904947916666668
18 4
0.9966145833333333
0.9938802083333335
18 5
0.9984375
0.9958333333333332
18 6
0.9932291666666666
0.9889973958333335
18 7
0.9955729166666666
0.9908203125
18 8
0.9947916666666666
0.9930989583333334
18 9
0.99765625
0.9960286458333334
[[ 4.18164170e-01 -1.29632282e-02]
 [-7.43013879e-01 -1.47621273e+01]
 [ 1.51702003e+01 -5.58055511e-01]
 [ 2.64025614e-01  3.64816477e-01]
 [-1.07115326e-01 -1.80019475e-01]
 [-5.43099060e-01  2.54088972e-01]
 [-3.78844020e-01 -1.14852135e+01]
 [-1.47073885e-02  8.13851544e-02]
 [ 1.18577522e-01  8.66058804e-02]
 [ 1.22211706e+01 -4.66483969e-01]] 0.017647130701763124
19 0
0.9955729166666667
0.9940104166666668
19 1
0.9877604166666667
0.9855468750000002
19 2
0.9921875
0.9882161458333334
19 3
0.99609375
0.9907552083333333
19 4
0.9966145833333333
0.9938802083333335
19 5
0.9981770833333332
0.9957682291666666
19 6
0.9940104166666668
0.9893880208333333
19 7
0.9953124999999998
0.9910807291666667
19 8
0.9950520833333334
0.9929036458333332
19 9
0.9979166666666667
0.9960286458333334
[[ 4.18721566e-01 -1.51648024e-02]
 [-7.42238001e-01 -1.47588941e+01]
 [ 1.51713726e+01 -5.56821932e-01]
 [ 2.61077096e-01  3.62015362e-01]
 [-1.14236821e-01 -1.78817665e-01]
 [-5.46569609e-01  2.62640404e-01]
 [-3.76560614e-01 -1.14839457e+01]
 [-1.78874203e-02  6.87225101e-02]
 [ 1.04419357e-01  9.95549311e-02]
 [ 1.22281376e+01 -4.58453146e-01]] 0.028834383235675175
20 0
0.9958333333333332
0.9942057291666666
20 1
0.9877604166666667
0.9854817708333333
20 2
0.9919270833333332
0.987890625
20 3
0.99609375
0.990625
20 4
0.9963541666666668
0.9940755208333334
20 5
0.9981770833333332
0.9958984374999998
20 6
0.9934895833333334
0.9888020833333334
20 7
0.9955729166666666
0.9904947916666668
20 8
0.9947916666666666
0.9929036458333332
20 9
0.9979166666666667
0.9960286458333334
[[ 4.18482566e-01 -1.37005954e-02]
 [-7.42958093e-01 -1.47659904e+01]
 [ 1.51747379e+01 -5.57750075e-01]
 [ 2.63891290e-01  3.64290251e-01]
 [-1.11017795e-01 -1.82785639e-01]
 [-5.48846155e-01  2.61573812e-01]
 [-3.78507675e-01 -1.14954579e+01]
 [-2.54556078e-02  7.66406457e-02]
 [ 1.12577507e-01  1.03553226e-01]
 [ 1.22391031e+01 -4.63435155e-01]] 0.02438615786067359
21 0
0.9958333333333332
0.9942057291666666
21 1
0.9877604166666667
0.9857421875000001
21 2
0.9921875
0.9881510416666667
21 3
0.9963541666666665
0.9901692708333334
21 4
0.9963541666666668
0.99375
21 5
0.9984375
0.9957682291666666
21 6
0.9940104166666667
0.9889973958333335
21 7
0.9958333333333332
0.9906901041666667
21 8
0.99453125
0.9931640625
21 9
0.99765625
0.99609375
[[ 4.18309496e-01 -1.36130989e-02]
 [-7.45055070e-01 -1.47570444e+01]
 [ 1.51727572e+01 -5.55791908e-01]
 [ 2.60649717e-01  3.66092261e-01]
 [-1.06982897e-01 -1.75201505e-01]
 [-5.42497326e-01  2.55002239e-01]
 [-3.80721861e-01 -1.14740706e+01]
 [-1.95090136e-02  8.19023203e-02]
 [ 1.17076381e-01  9.50101221e-02]
 [ 1.22281867e+01 -4.63722032e-01]] 0.031640368891339886
22 0
0.9963541666666668
0.994140625
22 1
0.9877604166666667
0.9850911458333335
22 2
0.9921875
0.9877604166666668
22 3
0.9958333333333332
0.9903645833333333
22 4
0.9963541666666668
0.9938151041666669
22 5
0.9981770833333332
0.9958333333333332
22 6
0.99375
0.9895182291666668
22 7
0.9958333333333332
0.9907552083333333
22 8
0.99453125
0.9929687500000001
22 9
0.99765625
0.9960286458333334
[[ 4.18922620e-01 -1.39858093e-02]
 [-7.39042797e-01 -1.47601890e+01]
 [ 1.51724523e+01 -5.60394621e-01]
 [ 2.67388682e-01  3.65058080e-01]
 [-1.07170521e-01 -1.84858592e-01]
 [-5.54477230e-01  2.54414871e-01]
 [-3.66471008e-01 -1.14809750e+01]
 [-1.23194884e-02  6.70642367e-02]
 [ 1.00890436e-01  9.55094757e-02]
 [ 1.22302920e+01 -4.66172945e-01]] 0.03386384130143524
23 0
0.9963541666666668
0.9942057291666666
23 1
0.9877604166666667
0.9853515625
23 2
0.9919270833333332
0.987890625
23 3
0.9958333333333332
0.9903645833333333
23 4
0.99609375
0.9936197916666668
23 5
0.9984375
0.9958333333333332
23 6
0.99375
0.9892578125
23 7
0.9953124999999999
0.9906901041666667
23 8
0.99453125
0.9932291666666666
23 9
0.99765625
0.9959635416666668
[[ 4.18222571e-01 -1.40261350e-02]
 [-7.41994152e-01 -1.47557418e+01]
 [ 1.51720592e+01 -5.58061646e-01]
 [ 2.66860522e-01  3.70480401e-01]
 [-1.09201690e-01 -1.82157270e-01]
 [-5.42882948e-01  2.57889801e-01]
 [-3.76725012e-01 -1.14754479e+01]
 [-1.30642543e-02  7.64617548e-02]
 [ 1.15825727e-01  9.48581921e-02]
 [ 1.22223699e+01 -4.66414744e-01]] 0.027074900261094683
24 0
0.9958333333333332
0.99453125
24 1
0.9875000000000002
0.9855468750000002
24 2
0.9916666666666666
0.9884765625000002
24 3
0.99609375
0.9906901041666667
24 4
0.9958333333333332
0.9944010416666668
24 5
0.9981770833333332
0.9958984375000001
24 6
0.9934895833333334
0.9890625000000001
24 7
0.9958333333333332
0.9907552083333333
24 8
0.9950520833333334
0.9930338541666668
24 9
0.9979166666666667
0.9962239583333333
[[ 4.18342174e-01 -1.27524886e-02]
 [-7.43289183e-01 -1.47546697e+01]
 [ 1.51737666e+01 -5.57158690e-01]
 [ 2.60681158e-01  3.65987539e-01]
 [-1.05377765e-01 -1.76727612e-01]
 [-5.43622686e-01  2.57750868e-01]
 [-3.76572512e-01 -1.14734824e+01]
 [-2.07166284e-02  7.34427981e-02]
 [ 1.16185831e-01  9.70379918e-02]
 [ 1.22304970e+01 -4.65685601e-01]] 0.015945417392493937
25 0
0.9955729166666667
0.99453125
25 1
0.9877604166666667
0.9852213541666668
25 2
0.9916666666666666
0.9879557291666666
25 3
0.99609375
0.9904947916666665
25 4
0.9963541666666668
0.9935546875000001
25 5
0.9984375
0.9957682291666666
25 6
0.9940104166666667
0.9887369791666667
25 7
0.9950520833333333
0.9908203125
25 8
0.99453125
0.9931640625
25 9
0.99765625
0.9961588541666666
[[ 4.18573399e-01 -1.39570534e-02]
 [-7.42604668e-01 -1.47569136e+01]
 [ 1.51762313e+01 -5.56507297e-01]
 [ 2.63628580e-01  3.65205284e-01]
 [-1.08286321e-01 -1.80568043e-01]
 [-5.45190074e-01  2.56604503e-01]
 [-3.76509850e-01 -1.14791236e+01]
 [-2.50263330e-02  6.91130126e-02]
 [ 1.08096218e-01  1.01341495e-01]
 [ 1.22381016e+01 -4.61394273e-01]] 0.016707504773806316
26 0
0.9958333333333332
0.9938802083333332
26 1
0.9880208333333332
0.9855468749999999
26 2
0.9919270833333332
0.9880859375000001
26 3
0.9963541666666665
0.9904296874999999
26 4
0.99609375
0.9936848958333334
26 5
0.9981770833333332
0.9957682291666666
26 6
0.9932291666666666
0.9891927083333334
26 7
0.9958333333333332
0.9905598958333334
26 8
0.9947916666666666
0.9927734375
26 9
0.9979166666666667
0.9959635416666668
[[ 4.18641677e-01 -1.51247697e-02]
 [-7.41308146e-01 -1.47544442e+01]
 [ 1.51737538e+01 -5.58929216e-01]
 [ 2.61194729e-01  3.64407040e-01]
 [-1.05375245e-01 -1.76153583e-01]
 [-5.40100226e-01  2.57286259e-01]
 [-3.77430195e-01 -1.14720607e+01]
 [-1.21641203e-02  7.68857312e-02]
 [ 1.20996911e-01  9.64087566e-02]
 [ 1.22308587e+01 -4.66544522e-01]] 0.025067374612328108
27 0
0.99609375
0.994140625
27 1
0.9877604166666667
0.9852213541666668
27 2
0.9927083333333333
0.9883463541666667
27 3
0.99609375
0.9908854166666666
27 4
0.9968750000000001
0.9942057291666667
27 5
0.9981770833333332
0.9958984375000001
27 6
0.99375
0.9891927083333334
27 7
0.9958333333333332
0.9911458333333334
27 8
0.9947916666666666
0.9931640625
27 9
0.9979166666666667
0.9961588541666667
[[ 4.18132552e-01 -1.40697912e-02]
 [-7.39025808e-01 -1.47578907e+01]
 [ 1.51790416e+01 -5.61851169e-01]
 [ 2.62677110e-01  3.63967972e-01]
 [-1.08637170e-01 -1.80653506e-01]
 [-5.45319438e-01  2.59565824e-01]
 [-3.69995045e-01 -1.14810979e+01]
 [-2.57169082e-02  7.72727825e-02]
 [ 1.16877866e-01  1.02192576e-01]
 [ 1.22422183e+01 -4.72862306e-01]] 0.02570660088235834
28 0
0.99609375
0.9943359374999999
28 1
0.9877604166666667
0.9855468750000002
28 2
0.9916666666666666
0.98828125
28 3
0.99609375
0.9910156250000001
28 4
0.99609375
0.9940755208333334
28 5
0.9981770833333332
0.9959635416666667
28 6
0.9929687500000001
0.9893880208333333
28 7
0.9955729166666666
0.9907552083333333
28 8
0.99453125
0.9929687500000001
28 9
0.99765625
0.9962239583333335
[[ 4.17352654e-01 -1.28555258e-02]
 [-7.44589587e-01 -1.47642009e+01]
 [ 1.51729758e+01 -5.56861103e-01]
 [ 2.66181008e-01  3.65113746e-01]
 [-1.16169328e-01 -1.79268614e-01]
 [-5.47989943e-01  2.61151241e-01]
 [-3.77131252e-01 -1.14906034e+01]
 [-2.58051679e-02  7.77131500e-02]
 [ 1.15319559e-01  1.02140851e-01]
 [ 1.22317716e+01 -4.65584922e-01]] 0.022857032186239083
29 0
0.9958333333333332
0.99453125
29 1
0.9880208333333332
0.9855468750000002
29 2
0.9921874999999999
0.9881510416666668
29 3
0.9953124999999999
0.9904947916666668
29 4
0.9963541666666668
0.9940104166666668
29 5
0.9981770833333332
0.9958984375000001
29 6
0.9929687500000001
0.9893880208333333
29 7
0.9955729166666666
0.9910807291666668
29 8
0.9950520833333334
0.9930989583333334
29 9
0.99765625
0.99609375
[[ 4.17499032e-01 -9.73151367e-03]
 [-7.44126781e-01 -1.47658358e+01]
 [ 1.51734279e+01 -5.58748262e-01]
 [ 2.64904808e-01  3.72608445e-01]
 [-1.08676067e-01 -1.78737333e-01]
 [-5.49526382e-01  2.59242254e-01]
 [-3.77242586e-01 -1.14889945e+01]
 [-2.67590986e-02  8.02037432e-02]
 [ 1.20110032e-01  1.01274521e-01]
 [ 1.22348442e+01 -4.70719214e-01]] 0.014348655158000745
30 0
0.9953124999999999
0.99453125
30 1
0.9877604166666667
0.9855468750000002
30 2
0.9921875
0.9884114583333333
30 3
0.9955729166666666
0.9906901041666666
30 4
0.99609375
0.9942057291666667
30 5
0.9981770833333332
0.9958984374999998
30 6
0.9929687500000001
0.9893229166666667
30 7
0.9955729166666666
0.9911458333333333
30 8
0.9947916666666666
0.9931640625
30 9
0.99765625
0.9960286458333334
[[ 4.18003038e-01 -1.05717897e-02]
 [-7.44662897e-01 -1.47586663e+01]
 [ 1.51741776e+01 -5.56326521e-01]
 [ 2.62149983e-01  3.69599627e-01]
 [-1.12473808e-01 -1.79019436e-01]
 [-5.51264101e-01  2.62241609e-01]
 [-3.79387712e-01 -1.14810842e+01]
 [-2.37449242e-02  7.59189718e-02]
 [ 1.12281406e-01  1.00370298e-01]
 [ 1.22350356e+01 -4.65458706e-01]] 0.016931373389066733
31 0
0.9953124999999999
0.9943359374999999
31 1
0.9877604166666667
0.9855468750000002
31 2
0.9919270833333332
0.9881510416666668
31 3
0.99609375
0.9908203125
31 4
0.9966145833333333
0.9942057291666667
31 5
0.9981770833333332
0.9958984375000001
31 6
0.9932291666666666
0.9890625000000001
31 7
0.9942708333333332
0.9908854166666666
31 8
0.9947916666666666
0.9932291666666666
31 9
0.99765625
0.9961588541666667
[[ 4.17484074e-01 -1.14832986e-02]
 [-7.44520998e-01 -1.47601721e+01]
 [ 1.51742508e+01 -5.57295381e-01]
 [ 2.63523840e-01  3.67101140e-01]
 [-1.15371702e-01 -1.79667857e-01]
 [-5.47180928e-01  2.61037830e-01]
 [-3.76929552e-01 -1.14835517e+01]
 [-2.20604163e-02  7.95148801e-02]
 [ 1.15230351e-01  1.01770199e-01]
 [ 1.22344729e+01 -4.67162971e-01]] 0.009009876853645186
32 0
0.9958333333333332
0.9942708333333333
32 1
0.9877604166666667
0.9854817708333333
32 2
0.9919270833333332
0.9881510416666668
32 3
0.99609375
0.9908854166666666
32 4
0.9958333333333332
0.994140625
32 5
0.9984375
0.9958333333333332
32 6
0.9934895833333334
0.9894531250000002
32 7
0.9947916666666666
0.9907552083333333
32 8
0.99453125
0.9930989583333334
32 9
0.99765625
0.9959635416666668
[[ 4.18023112e-01 -9.02868831e-03]
 [-7.45870598e-01 -1.47554648e+01]
 [ 1.51708559e+01 -5.55710407e-01]
 [ 2.63685838e-01  3.77744973e-01]
 [-1.06684559e-01 -1.79633349e-01]
 [-5.45786678e-01  2.57146085e-01]
 [-3.83494207e-01 -1.14723553e+01]
 [-1.61898714e-02  8.04713741e-02]
 [ 1.17359061e-01  9.31139639e-02]
 [ 1.22230008e+01 -4.66305213e-01]] 0.025804051824609844
33 0
0.9953124999999999
0.9944661458333334
33 1
0.9877604166666667
0.9854166666666667
33 2
0.9921875
0.9882161458333334
33 3
0.99609375
0.9907552083333333
33 4
0.99609375
0.9942057291666667
33 5
0.9981770833333332
0.9957682291666666
33 6
0.9934895833333334
0.9896484375000001
33 7
0.99453125
0.9904947916666668
33 8
0.9947916666666666
0.9930989583333334
33 9
0.99765625
0.9961588541666666
[[ 4.17804586e-01 -9.72175201e-03]
 [-7.45112581e-01 -1.47596173e+01]
 [ 1.51701217e+01 -5.56754227e-01]
 [ 2.66998051e-01  3.75046055e-01]
 [-1.10924711e-01 -1.78684467e-01]
 [-5.47445225e-01  2.57155164e-01]
 [-3.82876730e-01 -1.14864192e+01]
 [-1.58395333e-02  8.09133827e-02]
 [ 1.17296606e-01  9.32026661e-02]
 [ 1.22203938e+01 -4.64685958e-01]] 0.016364030159779427
34 0
0.9955729166666667
0.99453125
34 1
0.9877604166666667
0.9854817708333333
34 2
0.9916666666666666
0.9883463541666667
34 3
0.9958333333333332
0.9906901041666666
34 4
0.99609375
0.9936197916666667
34 5
0.9981770833333332
0.9958333333333332
34 6
0.9934895833333334
0.9895182291666668
34 7
0.9950520833333334
0.9911458333333334
34 8
0.9947916666666666
0.9930338541666668
34 9
0.9979166666666667
0.99609375
[[ 4.18284560e-01 -1.15001103e-02]
 [-7.42829631e-01 -1.47520401e+01]
 [ 1.51743025e+01 -5.58007561e-01]
 [ 2.60524960e-01  3.68494471e-01]
 [-1.12120989e-01 -1.78277620e-01]
 [-5.48696643e-01  2.62758111e-01]
 [-3.73619675e-01 -1.14655484e+01]
 [-1.80113770e-02  7.48500959e-02]
 [ 1.06878796e-01  9.85092305e-02]
 [ 1.22355317e+01 -4.65942278e-01]] 0.033684351811373345
35 0
0.9958333333333332
0.9943359375000002
35 1
0.9877604166666667
0.9856770833333334
35 2
0.9919270833333332
0.9882161458333334
35 3
0.9955729166666666
0.9905598958333334
35 4
0.9963541666666665
0.9936197916666668
35 5
0.9981770833333332
0.9958333333333332
35 6
0.9932291666666666
0.9893229166666667
35 7
0.9958333333333332
0.9908203125
35 8
0.99453125
0.9930989583333334
35 9
0.9979166666666667
0.99609375
[[ 4.17397808e-01 -1.33553386e-02]
 [-7.44356459e-01 -1.47621982e+01]
 [ 1.51726706e+01 -5.57050870e-01]
 [ 2.63582761e-01  3.61836708e-01]
 [-1.13005133e-01 -1.77713093e-01]
 [-5.45993862e-01  2.60782918e-01]
 [-3.81109947e-01 -1.14839667e+01]
 [-2.60003244e-02  8.20352250e-02]
 [ 1.23558284e-01  9.78089393e-02]
 [ 1.22291286e+01 -4.67394697e-01]] 0.03181038859877849
36 0
0.9955729166666667
0.9942708333333332
36 1
0.9880208333333332
0.9854166666666667
36 2
0.9919270833333332
0.9883463541666667
36 3
0.9968749999999998
0.9907552083333333
36 4
0.9963541666666668
0.9942708333333335
36 5
0.9981770833333332
0.9957682291666666
36 6
0.99375
0.9893880208333335
36 7
0.9953124999999999
0.9906901041666667
36 8
0.99453125
0.9932291666666666
36 9
0.9979166666666667
0.9958984375000001
[[ 4.18796056e-01 -1.27504403e-02]
 [-7.43101069e-01 -1.47585255e+01]
 [ 1.51774599e+01 -5.57090051e-01]
 [ 2.62875174e-01  3.71028433e-01]
 [-1.06481095e-01 -1.80034795e-01]
 [-5.49497411e-01  2.58711679e-01]
 [-3.80513152e-01 -1.14845406e+01]
 [-2.36799613e-02  7.94132371e-02]
 [ 1.12238284e-01  1.00026994e-01]
 [ 1.22409757e+01 -4.64782344e-01]] 0.021977599279191812
37 0
0.9958333333333332
0.9944010416666668
37 1
0.98828125
0.9857421875000001
37 2
0.9914062499999999
0.9881510416666668
37 3
0.9963541666666665
0.9903645833333333
37 4
0.9958333333333332
0.9936197916666667
37 5
0.9981770833333332
0.9957682291666666
37 6
0.9929687500000001
0.9888671875
37 7
0.9953124999999998
0.9909505208333332
37 8
0.9950520833333334
0.9929036458333332
37 9
0.99765625
0.9958984375000001
[[ 4.18378115e-01 -1.43783659e-02]
 [-7.42227342e-01 -1.47624500e+01]
 [ 1.51745361e+01 -5.58093069e-01]
 [ 2.64987091e-01  3.70000489e-01]
 [-1.08656224e-01 -1.84087600e-01]
 [-5.46731770e-01  2.55827209e-01]
 [-3.75390210e-01 -1.14844612e+01]
 [-2.29357899e-02  7.67286344e-02]
 [ 1.11156968e-01  9.73469052e-02]
 [ 1.22311267e+01 -4.65264796e-01]] 0.01451846203937099
38 0
0.9955729166666667
0.9944010416666668
38 1
0.9875000000000002
0.9854817708333333
38 2
0.9919270833333332
0.9881510416666668
38 3
0.99609375
0.9904947916666668
38 4
0.99609375
0.9938151041666666
38 5
0.9981770833333332
0.9958984375000001
38 6
0.9924479166666668
0.9889973958333335
38 7
0.9955729166666666
0.9912760416666666
38 8
0.9950520833333334
0.9929687499999998
38 9
0.99765625
0.99609375
[[ 4.18870713e-01 -1.36047012e-02]
 [-7.42284317e-01 -1.47569323e+01]
 [ 1.51759374e+01 -5.58102505e-01]
 [ 2.63323357e-01  3.70149071e-01]
 [-1.07814312e-01 -1.80457126e-01]
 [-5.44189805e-01  2.53902795e-01]
 [-3.75606955e-01 -1.14795942e+01]
 [-1.68124096e-02  7.87775763e-02]
 [ 1.09074676e-01  9.39269498e-02]
 [ 1.22317315e+01 -4.64896047e-01]] 0.011918846401381664
39 0
0.99609375
0.994140625
39 1
0.9877604166666667
0.9855468749999999
39 2
0.9916666666666666
0.9880859375000002
39 3
0.9958333333333332
0.9902994791666666
39 4
0.9968750000000001
0.9936197916666668
39 5
0.9984375
0.9958984375000001
39 6
0.9932291666666666
0.9895833333333334
39 7
0.9953124999999999
0.9911458333333334
39 8
0.9947916666666666
0.9929687500000001
39 9
0.9981770833333332
0.9959635416666668
[[ 4.18439645e-01 -1.30686405e-02]
 [-7.43055851e-01 -1.47560267e+01]
 [ 1.51745094e+01 -5.57696844e-01]
 [ 2.63741717e-01  3.68689764e-01]
 [-1.05272788e-01 -1.77737402e-01]
 [-5.44089540e-01  2.54874101e-01]
 [-3.80158848e-01 -1.14774993e+01]
 [-1.79577527e-02  7.93182746e-02]
 [ 1.21917800e-01  9.41711280e-02]
 [ 1.22331400e+01 -4.65954652e-01]] 0.014697934550796519
40 0
0.9955729166666667
0.9942708333333333
40 1
0.9880208333333332
0.9854166666666667
40 2
0.9916666666666666
0.9879557291666666
40 3
0.9963541666666665
0.9906901041666667
40 4
0.9963541666666668
0.9940755208333334
40 5
0.9981770833333332
0.995703125
40 6
0.99375
0.9895182291666668
40 7
0.9955729166666666
0.9906901041666666
40 8
0.9953124999999999
0.9929036458333332
40 9
0.99765625
0.9959635416666668
[[ 4.18109997e-01 -1.40247979e-02]
 [-7.41972753e-01 -1.47553090e+01]
 [ 1.51778117e+01 -5.58392663e-01]
 [ 2.60313230e-01  3.62799333e-01]
 [-1.11475307e-01 -1.77695904e-01]
 [-5.47492460e-01  2.62928431e-01]
 [-3.75340481e-01 -1.14801481e+01]
 [-2.11935502e-02  8.15614040e-02]
 [ 1.14878801e-01  9.78751243e-02]
 [ 1.22373220e+01 -4.67928769e-01]] 0.017488999568784355
41 0
0.99609375
0.9944010416666668
41 1
0.9877604166666667
0.9854166666666667
41 2
0.9921875
0.9880859375000001
41 3
0.99609375
0.9907552083333333
41 4
0.9966145833333333
0.9938802083333335
41 5
0.9981770833333332
0.995703125
41 6
0.9929687500000001
0.9889973958333332
41 7
0.9953124999999998
0.9905598958333334
41 8
0.99453125
0.9930989583333334
41 9
0.99765625
0.99609375
[[  0.41806063  -0.01551301]
 [ -0.74390488 -14.76463376]
 [ 15.17423009  -0.55653223]
 [  0.25868362   0.35479877]
 [ -0.11383664  -0.17582932]
 [ -0.54263717   0.26169655]
 [ -0.38127827 -11.49054468]
 [ -0.02192032   0.08419735]
 [  0.11631887   0.09729936]
 [ 12.23144444  -0.46461806]] 0.02021730443443952
42 0
0.9955729166666667
0.9946614583333333
42 1
0.9877604166666667
0.9853515625
42 2
0.9914062499999999
0.9887369791666667
42 3
0.9968749999999998
0.9906901041666667
42 4
0.9963541666666668
0.9940755208333334
42 5
0.9981770833333332
0.9958333333333332
42 6
0.9934895833333334
0.9893229166666667
42 7
0.9953124999999998
0.9906901041666666
42 8
