0 0
0.9070312500000001
0.9107421875
0 1
0.79453125
0.7915364583333334
0 2
0.8096354166666667
0.8186197916666668
0 3
0.9210937499999999
0.926171875
0 4
0.9174479166666666
0.9279296875000002
0 5
0.9333333333333335
0.9378906250000001
0 6
0.9127604166666666
0.9221354166666668
0 7
0.8406250000000002
0.8466145833333334
0 8
0.9013020833333334
0.9126953125
0 9
0.9447916666666666
0.9402343750000001
[[ 1.24243431e-01 -2.30682210e-02]
 [-6.50407840e-01 -5.87617141e+00]
 [ 6.05974474e+00 -6.28655877e-01]
 [ 8.26410315e-02  7.61766745e-04]
 [-1.43147812e-01 -2.22134254e-02]
 [-1.59883350e-01  9.80396094e-02]
 [-1.05087553e-01 -1.85883997e+00]
 [ 5.58646083e-02  1.02152470e-01]
 [ 1.19500870e-01 -1.73915452e-02]
 [ 1.99475288e+00 -1.74719452e-01]] 10.537037806006358
1 0
0.9471354166666667
0.9521484375
1 1
0.8156249999999998
0.814453125
1 2
0.8359375
0.8389322916666666
1 3
0.9151041666666667
0.9087890625
1 4
0.9523437499999999
0.9539713541666668
1 5
0.9520833333333334
0.9472005208333334
1 6
0.9044270833333332
0.9020182291666666
1 7
0.9041666666666668
0.9033854166666667
1 8
0.9015624999999998
0.8998046875
1 9
0.9640624999999999
0.9615234375
[[ 1.31135169e-01  2.03573501e-03]
 [-6.67597572e-01 -5.89070258e+00]
 [ 5.97666275e+00 -5.85179022e-01]
 [ 8.62298950e-02  1.03525891e-01]
 [-5.38885085e-02 -5.05010346e-02]
 [-1.37087237e-01  5.34246230e-02]
 [-1.08606367e-01 -1.87121864e+00]
 [ 1.56244155e-02  5.83698647e-02]
 [ 6.23600050e-02  3.43191019e-03]
 [ 1.94822191e+00 -1.31434577e-01]] 0.2080079984771474
2 0
0.94765625
0.9518229166666666
2 1
0.8117187499999999
0.8166015624999999
2 2
0.8356770833333332
0.83828125
2 3
0.9145833333333334
0.9087239583333333
2 4
0.9526041666666666
0.9551432291666666
2 5
0.9528645833333332
0.9470052083333332
2 6
0.9049479166666666
0.9013671875
2 7
0.9020833333333335
0.90390625
2 8
0.90234375
0.8988932291666667
2 9
0.9643229166666666
0.9611328124999999
[[ 1.31192918e-01  3.39265592e-03]
 [-6.65515183e-01 -5.89241104e+00]
 [ 5.97162736e+00 -5.86841145e-01]
 [ 8.43060442e-02  1.07521960e-01]
 [-5.16298868e-02 -4.99974826e-02]
 [-1.35476072e-01  5.34831403e-02]
 [-1.05671408e-01 -1.87181917e+00]
 [ 1.75999679e-02  5.35011346e-02]
 [ 5.97845564e-02  9.18230767e-04]
 [ 1.94387561e+00 -1.32205009e-01]] 0.011569741207317831
3 0
0.94765625
0.9521484375
3 1
0.8122395833333332
0.8168619791666667
3 2
0.8351562499999998
0.8379557291666667
3 3
0.9148437500000001
0.9088541666666666
3 4
0.9523437499999999
0.9552083333333333
3 5
0.9528645833333332
0.9468098958333333
3 6
0.9049479166666666
0.9014322916666666
3 7
0.9020833333333335
0.9039713541666666
3 8
0.9018229166666667
0.8990885416666666
3 9
0.9643229166666666
0.9610026041666666
[[ 1.31258103e-01  3.45838936e-03]
 [-6.65538544e-01 -5.89249234e+00]
 [ 5.97129540e+00 -5.86774380e-01]
 [ 8.41808460e-02  1.07988338e-01]
 [-5.14182096e-02 -5.01492648e-02]
 [-1.35267444e-01  5.34478816e-02]
 [-1.05726405e-01 -1.87184623e+00]
 [ 1.74601202e-02  5.34531641e-02]
 [ 5.99070475e-02  9.99655680e-04]
 [ 1.94381176e+00 -1.32211395e-01]] 0.0007263231293376516
4 0
0.94765625
0.9520833333333334
4 1
0.8122395833333332
0.8167317708333334
4 2
0.8351562499999998
0.8379557291666667
4 3
0.9148437500000001
0.9087890625
4 4
0.9523437499999999
0.9552083333333333
4 5
0.9528645833333332
0.9468098958333333
4 6
0.9049479166666666
0.9014322916666666
4 7
0.9020833333333335
0.9039713541666666
4 8
0.9018229166666667
0.8990885416666666
4 9
0.9643229166666666
0.9610026041666666
[[ 1.31236267e-01  3.46665011e-03]
 [-6.65522328e-01 -5.89250370e+00]
 [ 5.97122999e+00 -5.86735562e-01]
 [ 8.41703882e-02  1.08008973e-01]
 [-5.13817488e-02 -5.01753840e-02]
 [-1.35321311e-01  5.34904531e-02]
 [-1.05737427e-01 -1.87189576e+00]
 [ 1.74676889e-02  5.35023732e-02]
 [ 5.99548560e-02  9.35421926e-04]
 [ 1.94377069e+00 -1.32172707e-01]] 0.0001692077150622031
