My SLURM_ARRAY_TASK_ID:  2
Data shape: (10, 101, 2)
Theta shape: (10, 2)
Theta: [[ 0.37028253  0.42098135]
 [ 0.19494355  0.06399123]
 [ 0.16461213  0.36470802]
 [ 0.15342071  0.42032055]
 [ 0.44221935  0.24306205]
 [ 0.19806681  0.49711458]
 [ 0.45426176  0.07798991]
 [ 0.09616177  0.22482325]
 [ 0.3441739   0.04740961]
 [ 0.4564861   0.13672088]]
1
25.1051446638
[[  0.01905228   0.01082657]
 [ -0.27010425 -10.10359026]
 [  2.32366449  -0.33479065]
 [  0.07351653   0.0569392 ]
 [  0.           0.        ]
 [  0.           0.        ]
 [ -0.2257663   -6.20900202]
 [ -0.04546803  -0.19414484]
 [ -0.08675247  -0.07541123]
 [ -0.16970107  -0.19125378]]
2
1.3256528193
[[  0.02614169   0.01858007]
 [ -0.5689027  -10.29287806]
 [  2.29715748  -0.39534461]
 [  0.08261701   0.0736712 ]
 [  0.01770103   0.        ]
 [  0.           0.        ]
 [ -0.4925438   -6.37569221]
 [ -0.0627522   -0.23010308]
 [ -0.14532285   0.        ]
 [ -0.17111488  -0.24515291]]
3
0.0676827205229
[[  0.0261118    0.01788326]
 [ -0.57111682 -10.28039824]
 [  2.29815431  -0.39128779]
 [  0.08271783   0.07286914]
 [  0.01836334   0.        ]
 [  0.           0.        ]
 [ -0.49468539  -6.36467439]
 [ -0.06464624  -0.22611559]
 [ -0.14477621   0.        ]
 [ -0.16828207  -0.24341773]]
4
Finished successfully! number of iterations:  4
0.0447197685224
[[  0.02604948   0.01894202]
 [ -0.57217309 -10.28221174]
 [  2.29788831  -0.39267771]
 [  0.08244563   0.07443836]
 [  0.01781466   0.        ]
 [  0.           0.        ]
 [ -0.49614855  -6.36550159]
 [ -0.06156254  -0.22913661]
 [ -0.14485719   0.        ]
 [ -0.17064335  -0.24253635]]
Time taken for 2D noise exp:  30.613565683364868 , noise strength:  [ 0.05  0.05]
Avg AR burnin:  0.449225 , Avg AR sampling:  0.312685

 Estimated ordinary:  [[-0.01286524  0.05501885  1.01746804  0.02325748  0.00710702  0.
  -0.08080648 -0.01736647 -0.04086346 -0.02779226]
 [-0.0134419  -0.99180893  0.02648638  0.02099867  0.          0.
  -1.03673336 -0.06463824  0.         -0.03950129]] 
 True ordinary:  [[ 0.  0.  1.  0.  0.  0.  0.  0.  0.  0.]
 [ 0. -1.  0.  0.  0.  0. -1.  0.  0.  0.]]

 Estimated hermite:  [[  0.02604948  -0.57217309   2.29788831   0.08244563   0.01781466   0.
   -0.49614855  -0.06156254  -0.14485719  -0.17064335]
 [  0.01894202 -10.28221174  -0.39267771   0.07443836   0.           0.
   -6.36550159  -0.22913661   0.          -0.24253635]] 
 True hermite:  [[  0.           0.           2.50662827   0.           0.           0.
    0.           0.           0.           0.        ]
 [  0.         -10.0265131    0.           0.           0.           0.
   -6.13996025   0.           0.           0.        ]]


