My SLURM_ARRAY_TASK_ID:  6
Data shape: (10, 101, 2)
Theta shape: (10, 2)
Theta: [[ 0.29499764  0.29468753]
 [ 0.40879681  0.2770856 ]
 [ 0.02390308  0.05462498]
 [ 0.09055865  0.09548273]
 [ 0.37688883  0.4491865 ]
 [ 0.00792908  0.00278594]
 [ 0.09125844  0.17891703]
 [ 0.35566955  0.06726881]
 [ 0.18624181  0.42263131]
 [ 0.36911673  0.39100955]]
1
23.5093951937
[[  0.           0.        ]
 [ -0.10655946 -10.04413916]
 [  2.50280039  -0.10306415]
 [  0.           0.        ]
 [  0.           0.        ]
 [  0.           0.        ]
 [ -0.06606046  -6.14211456]
 [  0.          -0.10833998]
 [  0.          -0.02415267]
 [  0.           0.        ]]
2
Finished successfully! number of iterations:  2
0.0271798189783
[[  0.           0.        ]
 [ -0.10727852 -10.04626045]
 [  2.50306199  -0.10307074]
 [  0.           0.        ]
 [  0.           0.        ]
 [  0.           0.        ]
 [ -0.06697757  -6.14440895]
 [  0.          -0.10869525]
 [  0.          -0.0219935 ]
 [  0.           0.        ]]
Time taken for 2D noise exp:  15.012199401855469 , noise strength:  [ 0.0005  0.0005]
Avg AR burnin:  0.19055 , Avg AR sampling:  0.02471

 Estimated ordinary:  [[ 0.         -0.01007253  0.99857726  0.          0.          0.
  -0.01090847  0.          0.          0.        ]
 [ 0.         -0.99950015 -0.01045691  0.          0.          0.
  -1.00072455 -0.03066236 -0.00620425  0.        ]] 
 True ordinary:  [[ 0.  0.  1.  0.  0.  0.  0.  0.  0.  0.]
 [ 0. -1.  0.  0.  0.  0. -1.  0.  0.  0.]]

 Estimated hermite:  [[  0.          -0.10727852   2.50306199   0.           0.           0.
   -0.06697757   0.           0.           0.        ]
 [  0.         -10.04626045  -0.10307074   0.           0.           0.
   -6.14440895  -0.10869525  -0.0219935    0.        ]] 
 True hermite:  [[  0.           0.           2.50662827   0.           0.           0.
    0.           0.           0.           0.        ]
 [  0.         -10.0265131    0.           0.           0.           0.
   -6.13996025   0.           0.           0.        ]]


