My SLURM_ARRAY_TASK_ID:  5
Data shape: (10, 101, 2)
Theta shape: (10, 2)
Theta: [[ 0.0158893   0.30825265]
 [ 0.28559924  0.02978417]
 [ 0.38303749  0.05027745]
 [ 0.15451759  0.2093177 ]
 [ 0.37417721  0.44009097]
 [ 0.35735697  0.23740412]
 [ 0.22346246  0.47870498]
 [ 0.08188875  0.09422985]
 [ 0.20196608  0.43591599]
 [ 0.29611648  0.37959631]]
1
23.3488876278
[[  0.           0.        ]
 [ -0.10786959 -10.03475328]
 [  2.50507387  -0.09915213]
 [  0.           0.        ]
 [  0.           0.        ]
 [  0.           0.        ]
 [ -0.06841402  -6.13336815]
 [  0.          -0.09950567]
 [  0.          -0.02482675]
 [  0.           0.        ]]
2
Finished successfully! number of iterations:  2
0.0390245148482
[[  0.           0.        ]
 [ -0.1094768  -10.04296804]
 [  2.5043785   -0.10001082]
 [  0.           0.        ]
 [  0.           0.        ]
 [  0.           0.        ]
 [ -0.0702463   -6.14275318]
 [  0.          -0.1007712 ]
 [  0.          -0.01895259]
 [  0.           0.        ]]
Time taken for 2D noise exp:  14.817843437194824 , noise strength:  [ 0.001  0.001]
Avg AR burnin:  0.27215 , Avg AR sampling:  0.077645

 Estimated ordinary:  [[ 0.         -0.0093524   0.99910247  0.          0.          0.
  -0.01144084  0.          0.          0.        ]
 [ 0.         -0.99985351 -0.01147151  0.          0.          0.
  -1.00045488 -0.02842703 -0.00534643  0.        ]] 
 True ordinary:  [[ 0.  0.  1.  0.  0.  0.  0.  0.  0.  0.]
 [ 0. -1.  0.  0.  0.  0. -1.  0.  0.  0.]]

 Estimated hermite:  [[  0.          -0.1094768    2.5043785    0.           0.           0.
   -0.0702463    0.           0.           0.        ]
 [  0.         -10.04296804  -0.10001082   0.           0.           0.
   -6.14275318  -0.1007712   -0.01895259   0.        ]] 
 True hermite:  [[  0.           0.           2.50662827   0.           0.           0.
    0.           0.           0.           0.        ]
 [  0.         -10.0265131    0.           0.           0.           0.
   -6.13996025   0.           0.           0.        ]]


