My SLURM_ARRAY_TASK_ID:  7
Data shape: (10, 101, 2)
Theta shape: (10, 2)
Theta: [[ 0.07921399  0.26230895]
 [ 0.09343759  0.34414139]
 [ 0.29271743  0.4126519 ]
 [ 0.10891707  0.42340896]
 [ 0.4229129   0.39146088]
 [ 0.16855152  0.22610355]
 [ 0.37937787  0.23269974]
 [ 0.08488438  0.44251305]
 [ 0.42201152  0.13259108]
 [ 0.35395107  0.3710147 ]]
1
24.2134904182
[[  0.           0.        ]
 [ -0.12372881 -10.03999667]
 [  2.50417224  -0.11218721]
 [  0.           0.        ]
 [  0.           0.        ]
 [  0.           0.        ]
 [ -0.08254931  -6.14054366]
 [  0.          -0.11501631]
 [  0.          -0.01956636]
 [  0.           0.        ]]
2
Finished successfully! number of iterations:  2
0.0344260351694
[[  0.           0.        ]
 [ -0.1245799  -10.04037416]
 [  2.50423742  -0.11229165]
 [  0.           0.        ]
 [  0.           0.        ]
 [  0.           0.        ]
 [ -0.0833858   -6.14098814]
 [  0.          -0.11501257]
 [  0.          -0.01935805]
 [  0.           0.        ]]
Time taken for 2D noise exp:  15.312281608581543 , noise strength:  [ 0.0001  0.0001]
Avg AR burnin:  0.195 , Avg AR sampling:  0.02297

 Estimated ordinary:  [[ 0.         -0.00895768  0.99904619  0.          0.          0.
  -0.01358084  0.          0.          0.        ]
 [ 0.         -0.99956673 -0.01235344  0.          0.          0.
  -1.00016741 -0.03244445 -0.00546081  0.        ]] 
 True ordinary:  [[ 0.  0.  1.  0.  0.  0.  0.  0.  0.  0.]
 [ 0. -1.  0.  0.  0.  0. -1.  0.  0.  0.]]

 Estimated hermite:  [[  0.          -0.1245799    2.50423742   0.           0.           0.
   -0.0833858    0.           0.           0.        ]
 [  0.         -10.04037416  -0.11229165   0.           0.           0.
   -6.14098814  -0.11501257  -0.01935805   0.        ]] 
 True hermite:  [[  0.           0.           2.50662827   0.           0.           0.
    0.           0.           0.           0.        ]
 [  0.         -10.0265131    0.           0.           0.           0.
   -6.13996025   0.           0.           0.        ]]


