My SLURM_ARRAY_TASK_ID:  1
Data shape: (10, 101, 2)
Theta shape: (10, 2)
Theta: [[ 0.08648087  0.0143207 ]
 [ 0.13401924  0.15916238]
 [ 0.24620548  0.24686901]
 [ 0.42952365  0.04162367]
 [ 0.49197991  0.26361182]
 [ 0.4514926   0.18292198]
 [ 0.2442942   0.28904031]
 [ 0.38897732  0.33411335]
 [ 0.02046195  0.31734672]
 [ 0.30504775  0.16799593]]
1
23.8896728834
[[-0.02003309  0.        ]
 [ 0.18236171 -9.67692993]
 [ 2.32081795 -0.30874159]
 [-0.13907218 -0.12079793]
 [-0.2676953  -0.24709214]
 [ 0.08042172  0.09425468]
 [ 0.17955855 -5.83747145]
 [-0.34742329 -0.42312104]
 [ 0.03589017  0.        ]
 [-0.14492381 -0.15544175]]
2
1.43032440243
[[  0.          -0.01034043]
 [  0.01062235 -10.03516077]
 [  2.24746867  -0.33537067]
 [ -0.11822302  -0.139897  ]
 [ -0.27850729  -0.24117989]
 [  0.08190137   0.09946443]
 [  0.01736007  -6.11094446]
 [ -0.4554322   -0.4972178 ]
 [  0.0230949    0.04808753]
 [ -0.12848593  -0.13655653]]
3
0.0982874160951
[[  0.           0.        ]
 [  0.         -10.04615906]
 [  2.24713907  -0.33352939]
 [ -0.12017357  -0.13280004]
 [ -0.27813211  -0.23987512]
 [  0.08051306   0.09716146]
 [  0.01286347  -6.12779591]
 [ -0.45854869  -0.49875667]
 [  0.02630187   0.06803111]
 [ -0.12479111  -0.13427406]]
4
0.0595837839082
[[ -0.01041859   0.        ]
 [  0.         -10.03986347]
 [  2.24873873  -0.33148906]
 [ -0.12174284  -0.13336232]
 [ -0.27995678  -0.23859814]
 [  0.07930092   0.09917199]
 [  0.01178866  -6.12128522]
 [ -0.45787221  -0.49337895]
 [  0.02594763   0.0674661 ]
 [ -0.12261641  -0.13494828]]
5
0.0588566120407
[[  0.           0.        ]
 [  0.         -10.0462847 ]
 [  2.24925994  -0.33332157]
 [ -0.12094425  -0.13356764]
 [ -0.27758906  -0.24071436]
 [  0.08036932   0.09761796]
 [  0.01374701  -6.12688215]
 [ -0.45414163  -0.49733538]
 [  0.02910411   0.06468993]
 [ -0.12528661  -0.13479001]]
6
Finished successfully! number of iterations:  6
0.0466491828
[[  0.           0.        ]
 [  0.         -10.04722557]
 [  2.24714235  -0.33293144]
 [ -0.12002059  -0.13359821]
 [ -0.27803876  -0.23932959]
 [  0.08012375   0.09727841]
 [  0.01265588  -6.12896614]
 [ -0.45951621  -0.49755384]
 [  0.02590157   0.06805171]
 [ -0.1246871   -0.13443787]]
Time taken for 2D noise exp:  45.436142444610596 , noise strength:  [ 0.1  0.1]
Avg AR burnin:  0.5551 , Avg AR sampling:  0.461218333333

 Estimated ordinary:  [[ 0.01125469 -0.01349039  1.08702965 -0.03385718 -0.11092142  0.02260249
   0.00206123 -0.12962713  0.0073067  -0.02030748]
 [ 0.01024562 -1.03283186  0.0732236  -0.03768736 -0.09547869  0.02744173
  -0.99820942 -0.14035735  0.01919703 -0.02189556]] 
 True ordinary:  [[ 0.  0.  1.  0.  0.  0.  0.  0.  0.  0.]
 [ 0. -1.  0.  0.  0.  0. -1.  0.  0.  0.]]

 Estimated hermite:  [[  0.           0.           2.24714235  -0.12002059  -0.27803876
    0.08012375   0.01265588  -0.45951621   0.02590157  -0.1246871 ]
 [  0.         -10.04722557  -0.33293144  -0.13359821  -0.23932959
    0.09727841  -6.12896614  -0.49755384   0.06805171  -0.13443787]] 
 True hermite:  [[  0.           0.           2.50662827   0.           0.           0.
    0.           0.           0.           0.        ]
 [  0.         -10.0265131    0.           0.           0.           0.
   -6.13996025   0.           0.           0.        ]]


