My SLURM_ARRAY_TASK_ID:  3
Data shape: (10, 101, 2)
Theta shape: (10, 2)
Theta: [[ 0.01966955  0.24399141]
 [ 0.30929234  0.0938402 ]
 [ 0.11904729  0.05462349]
 [ 0.09605832  0.05710494]
 [ 0.1519482   0.21952366]
 [ 0.35704204  0.45825715]
 [ 0.13766993  0.21962695]
 [ 0.33022149  0.32073529]
 [ 0.13258791  0.4254287 ]
 [ 0.03725562  0.19379642]]
1
22.801101069
[[  0.           0.        ]
 [ -0.11856924 -10.00692685]
 [  2.5494407   -0.07435334]
 [  0.01679744   0.01648439]
 [ -0.01554823  -0.02315314]
 [ -0.03739185  -0.0320131 ]
 [ -0.05476993  -6.0972119 ]
 [  0.04983675  -0.05856178]
 [ -0.04418129  -0.04883776]
 [  0.02145795   0.        ]]
2
0.344182250401
[[  0.           0.        ]
 [ -0.16570141 -10.09104026]
 [  2.53721343  -0.08264886]
 [  0.01676244   0.0133895 ]
 [ -0.0152516   -0.01389121]
 [ -0.0328839   -0.03148769]
 [ -0.09664061  -6.17019164]
 [  0.05451182  -0.06864126]
 [ -0.05161109  -0.03566372]
 [  0.01120195   0.        ]]
3
Finished successfully! number of iterations:  3
0.0182439826624
[[  0.           0.        ]
 [ -0.16602464 -10.09047878]
 [  2.53765079  -0.08244227]
 [  0.01680489   0.01360362]
 [ -0.01525682  -0.01398324]
 [ -0.03291704  -0.03149568]
 [ -0.09688196  -6.16983038]
 [  0.05473859  -0.06836264]
 [ -0.05175574  -0.03510866]
 [  0.01157889   0.        ]]
Time taken for 2D noise exp:  24.157541513442993 , noise strength:  [ 0.01  0.01]
Avg AR burnin:  0.404366666667 , Avg AR sampling:  0.242063333333

 Estimated ordinary:  [[ 0.00454515 -0.00429746  0.99127724  0.00474057 -0.00608659 -0.00928573
  -0.01577892  0.01544147 -0.01460002  0.00188583]
 [ 0.00504726 -1.00102002 -0.01360496  0.00383751 -0.00557851 -0.00888477
  -1.00486487 -0.01928474 -0.00990397  0.        ]] 
 True ordinary:  [[ 0.  0.  1.  0.  0.  0.  0.  0.  0.  0.]
 [ 0. -1.  0.  0.  0.  0. -1.  0.  0.  0.]]

 Estimated hermite:  [[  0.          -0.16602464   2.53765079   0.01680489  -0.01525682
   -0.03291704  -0.09688196   0.05473859  -0.05175574   0.01157889]
 [  0.         -10.09047878  -0.08244227   0.01360362  -0.01398324
   -0.03149568  -6.16983038  -0.06836264  -0.03510866   0.        ]] 
 True hermite:  [[  0.           0.           2.50662827   0.           0.           0.
    0.           0.           0.           0.        ]
 [  0.         -10.0265131    0.           0.           0.           0.
   -6.13996025   0.           0.           0.        ]]


