My SLURM_ARRAY_TASK_ID:  0
Data shape: (10, 101, 2)
Theta shape: (10, 2)
Theta: [[ 0.22914038  0.43831113]
 [ 0.49030445  0.48563285]
 [ 0.47444123  0.29501072]
 [ 0.35468048  0.33732588]
 [ 0.17396448  0.19086084]
 [ 0.48794951  0.07097695]
 [ 0.01397256  0.24905488]
 [ 0.29792365  0.23065364]
 [ 0.37169476  0.19777529]
 [ 0.30247476  0.06139668]]
1
24.1425436503
[[  0.13680992   0.02286465]
 [  0.35130958 -10.06484176]
 [  2.57477382  -0.13658738]
 [ -0.10348825  -0.30820381]
 [  0.06612989   0.09911534]
 [  0.           0.01299895]
 [ -0.2274081   -6.30736888]
 [ -0.08402218  -0.21462618]
 [  0.          -0.01489221]
 [  0.           0.        ]]
2
1.99667501677
[[  0.11509493   0.13613652]
 [  0.29296717 -11.05722941]
 [  2.47720675  -0.09666801]
 [ -0.07011263  -0.13079926]
 [  0.0860843    0.0773066 ]
 [  0.           0.        ]
 [ -0.35561609  -6.51570135]
 [ -0.05013661  -0.18575836]
 [  0.           0.        ]
 [  0.           0.        ]]
3
0.166754957041
[[  1.14441461e-01   1.52513110e-01]
 [  2.82856939e-01  -1.11000499e+01]
 [  2.46855912e+00  -8.76451090e-02]
 [ -6.26401233e-02  -1.37035558e-01]
 [  8.67282459e-02   7.26578717e-02]
 [  0.00000000e+00   0.00000000e+00]
 [ -3.53258419e-01  -6.48935169e+00]
 [ -4.48298540e-02  -1.87356006e-01]
 [  0.00000000e+00  -1.07772631e-02]
 [  0.00000000e+00   0.00000000e+00]]
4
0.0511472464193
[[  1.13781561e-01   1.48246973e-01]
 [  2.81531851e-01  -1.11054320e+01]
 [  2.46564799e+00  -9.23948489e-02]
 [ -6.26010429e-02  -1.34051435e-01]
 [  8.70655704e-02   7.55733005e-02]
 [  0.00000000e+00   0.00000000e+00]
 [ -3.53973082e-01  -6.48537989e+00]
 [ -4.28159375e-02  -1.83921822e-01]
 [  0.00000000e+00  -1.05757070e-02]
 [  0.00000000e+00   0.00000000e+00]]
5
Finished successfully! number of iterations:  5
0.0321952617359
[[  1.14644912e-01   1.48681334e-01]
 [  2.80922126e-01  -1.11009475e+01]
 [  2.46619328e+00  -8.86637177e-02]
 [ -6.24470129e-02  -1.31736198e-01]
 [  8.76517864e-02   7.43663864e-02]
 [  0.00000000e+00   0.00000000e+00]
 [ -3.54914072e-01  -6.48483687e+00]
 [ -4.18622488e-02  -1.83782414e-01]
 [  0.00000000e+00  -1.10887850e-02]
 [  0.00000000e+00   0.00000000e+00]]
Time taken for 2D noise exp:  38.90184688568115 , noise strength:  [ 0.5  0.5]
Avg AR burnin:  0.48322 , Avg AR sampling:  0.381852

 Estimated ordinary:  [[ 0.06335268  0.28548362  0.99567789 -0.01761598  0.034968    0.
  -0.05780397 -0.01180912  0.          0.        ]
 [ 0.09647737 -1.25700164  0.01647236 -0.0371621   0.0296679   0.
  -1.05616919 -0.05184406 -0.00312809  0.        ]] 
 True ordinary:  [[ 0.  0.  1.  0.  0.  0.  0.  0.  0.  0.]
 [ 0. -1.  0.  0.  0.  0. -1.  0.  0.  0.]]

 Estimated hermite:  [[  1.14644912e-01   2.80922126e-01   2.46619328e+00  -6.24470129e-02
    8.76517864e-02   0.00000000e+00  -3.54914072e-01  -4.18622488e-02
    0.00000000e+00   0.00000000e+00]
 [  1.48681334e-01  -1.11009475e+01  -8.86637177e-02  -1.31736198e-01
    7.43663864e-02   0.00000000e+00  -6.48483687e+00  -1.83782414e-01
   -1.10887850e-02   0.00000000e+00]] 
 True hermite:  [[  0.           0.           2.50662827   0.           0.           0.
    0.           0.           0.           0.        ]
 [  0.         -10.0265131    0.           0.           0.           0.
   -6.13996025   0.           0.           0.        ]]


