My SLURM_ARRAY_TASK_ID:  81
Data shape: (10, 81, 1)
Theta shape: (4, 1)
Theta: [[ 0.0144699 ]
 [ 0.31750187]
 [ 0.05264264]
 [ 0.27871769]]
1
4.12050166078
[[-0.07896202]
 [ 1.82116522]
 [-2.43442286]
 [ 0.31505858]]
2
0.119535229605
[[-0.05673027]
 [ 1.77707381]
 [-2.38953853]
 [ 0.32338631]]
3
Finished successfully! number of iterations:  3
0.000206948645072
[[-0.05677762]
 [ 1.77715769]
 [-2.38960427]
 [ 0.32339629]]
Time taken for 1D timepoints exp:  13.346302032470703 , number of time points:  81
Avg AR burnin:  0.855916666667 , Avg AR sampling:  0.8332375

 Estimated ordinary:  [[ 1.03138784  0.8723159  -1.06724965  0.08339009]] 
 True ordinary:  [[ 1.  1. -1.  0.]]

 Estimated hermite:  [[-0.05677762  1.77715769 -2.38960427  0.32339629]] 
 True hermite:  [[ 0.          1.58323349 -2.23903027  0.        ]]


