My SLURM_ARRAY_TASK_ID:  91
Data shape: (10, 91, 1)
Theta shape: (4, 1)
Theta: [[ 0.39054074]
 [ 0.29658951]
 [ 0.06963844]
 [ 0.2289023 ]]
1
4.10583321911
[[ 0.02666376]
 [ 1.57028894]
 [-2.22902088]
 [ 0.05930481]]
2
0.0980313988649
[[ 0.0454665 ]
 [ 1.53368842]
 [-2.19233896]
 [ 0.06525103]]
3
Finished successfully! number of iterations:  3
0.000128484684853
[[ 0.04544587]
 [ 1.53372774]
 [-2.19235468]
 [ 0.06519822]]
Time taken for 1D timepoints exp:  15.184204578399658 , number of time points:  91
Avg AR burnin:  0.857592592593 , Avg AR sampling:  0.833651851852

 Estimated ordinary:  [[ 1.00785812  0.91829574 -0.97915366  0.01681183]] 
 True ordinary:  [[ 1.  1. -1.  0.]]

 Estimated hermite:  [[ 0.04544587  1.53372774 -2.19235468  0.06519822]] 
 True hermite:  [[ 0.          1.58323349 -2.23903027  0.        ]]


