My SLURM_ARRAY_TASK_ID:  11
Data shape: (10, 11, 1)
Theta shape: (4, 1)
Theta: [[ 0.17851522]
 [ 0.30740683]
 [ 0.44828779]
 [ 0.27919167]]
1
2.85963846568
[[ 0.50593087]
 [ 0.72666104]
 [-1.45027452]
 [ 0.06478539]]
2
0.159662542929
[[ 0.52602354]
 [ 0.66060669]
 [-1.37841776]
 [ 0.06644416]]
3
Finished successfully! number of iterations:  3
0.0011939208573
[[ 0.52559685]
 [ 0.66100762]
 [-1.37868138]
 [ 0.06634147]]
Time taken for 1D timepoints exp:  2.4374825954437256 , number of time points:  11
Avg AR burnin:  0.608666666667 , Avg AR sampling:  0.5602

 Estimated ordinary:  [[ 0.94772617  0.36618493 -0.61574933  0.01710663]] 
 True ordinary:  [[ 1.  1. -1.  0.]]

 Estimated hermite:  [[ 0.52559685  0.66100762 -1.37868138  0.06634147]] 
 True hermite:  [[ 0.          1.58323349 -2.23903027  0.        ]]


