My SLURM_ARRAY_TASK_ID:  71
Data shape: (10, 71, 1)
Theta shape: (4, 1)
Theta: [[ 0.28850735]
 [ 0.06088429]
 [ 0.44471254]
 [ 0.27165388]]
1
5.10713569904
[[-0.10192834]
 [ 1.81463101]
 [-2.43453134]
 [ 0.18794447]]
2
0.106526726436
[[-0.08037934]
 [ 1.77381881]
 [-2.39476575]
 [ 0.19234441]]
3
Finished successfully! number of iterations:  3
0.000584920639465
[[-0.08052096]
 [ 1.77403437]
 [-2.39494049]
 [ 0.19239742]]
Time taken for 1D timepoints exp:  11.919036626815796 , number of time points:  71
Avg AR burnin:  0.811285714286 , Avg AR sampling:  0.768857142857

 Estimated ordinary:  [[ 1.01877437  0.97168019 -1.06963292  0.04961108]] 
 True ordinary:  [[ 1.  1. -1.  0.]]

 Estimated hermite:  [[-0.08052096  1.77403437 -2.39494049  0.19239742]] 
 True hermite:  [[ 0.          1.58323349 -2.23903027  0.        ]]


