My SLURM_ARRAY_TASK_ID:  61
Data shape: (10, 61, 1)
Theta shape: (4, 1)
Theta: [[ 0.05119913]
 [ 0.32053271]
 [ 0.12800987]
 [ 0.4075981 ]]
1
4.2702747316
[[-0.05833078]
 [ 1.74340568]
 [-2.37559626]
 [ 0.17333236]]
2
0.205033959678
[[-0.01520948]
 [ 1.66307671]
 [-2.3015157 ]
 [ 0.16582923]]
3
Finished successfully! number of iterations:  3
0.0016027018287
[[-0.01556148]
 [ 1.66365801]
 [-2.30198553]
 [ 0.1660288 ]]
Time taken for 1D timepoints exp:  9.693802118301392 , number of time points:  61
Avg AR burnin:  0.802555555556 , Avg AR sampling:  0.76425

 Estimated ordinary:  [[ 1.01828828  0.92236244 -1.0281172   0.04281173]] 
 True ordinary:  [[ 1.  1. -1.  0.]]

 Estimated hermite:  [[-0.01556148  1.66365801 -2.30198553  0.1660288 ]] 
 True hermite:  [[ 0.          1.58323349 -2.23903027  0.        ]]


