My SLURM_ARRAY_TASK_ID:  41
Data shape: (10, 41, 1)
Theta shape: (4, 1)
Theta: [[ 0.40299828]
 [ 0.10976635]
 [ 0.43927489]
 [ 0.11170204]]
1
5.18886300162
[[-0.10237173]
 [ 1.82228854]
 [-2.44222223]
 [ 0.20117573]]
2
0.127115390888
[[-0.07748546]
 [ 1.77241457]
 [-2.39336997]
 [ 0.20467861]]
3
Finished successfully! number of iterations:  3
5.9457551767e-05
[[-0.07749737]
 [ 1.77243753]
 [-2.39338325]
 [ 0.2046673 ]]
Time taken for 1D timepoints exp:  6.9718546867370605 , number of time points:  41
Avg AR burnin:  0.742416666667 , Avg AR sampling:  0.673816666667

 Estimated ordinary:  [[ 1.01998863  0.96117996 -1.06893742  0.05277496]] 
 True ordinary:  [[ 1.  1. -1.  0.]]

 Estimated hermite:  [[-0.07749737  1.77243753 -2.39338325  0.2046673 ]] 
 True hermite:  [[ 0.          1.58323349 -2.23903027  0.        ]]


