My SLURM_ARRAY_TASK_ID:  31
Data shape: (10, 31, 1)
Theta shape: (4, 1)
Theta: [[ 0.01181365]
 [ 0.31269878]
 [ 0.49915533]
 [ 0.27591753]]
1
7.22292736101
[[-0.51694302]
 [ 2.68521867]
 [-3.13497642]
 [ 0.96343657]]
2
0.375224495269
[[-0.45478207]
 [ 2.54573383]
 [-3.00141045]
 [ 0.92342385]]
3
Finished successfully! number of iterations:  3
0.00596701311543
[[-0.45633935]
 [ 2.54793954]
 [-3.00302793]
 [ 0.92401038]]
Time taken for 1D timepoints exp:  6.351907730102539 , number of time points:  31
Avg AR burnin:  0.760666666667 , Avg AR sampling:  0.7196

 Estimated ordinary:  [[ 1.0529856   0.89453803 -1.3412181   0.23826281]] 
 True ordinary:  [[ 1.  1. -1.  0.]]

 Estimated hermite:  [[-0.45633935  2.54793954 -3.00302793  0.92401038]] 
 True hermite:  [[ 0.          1.58323349 -2.23903027  0.        ]]


