My SLURM_ARRAY_TASK_ID:  21
Data shape: (10, 21, 1)
Theta shape: (4, 1)
Theta: [[ 0.23358334]
 [ 0.13010565]
 [ 0.49818996]
 [ 0.4071302 ]]
1
4.08099732348
[[ 0.17585974]
 [ 1.34947093]
 [-2.02904918]
 [ 0.13046088]]
2
0.462148526508
[[ 0.27630636]
 [ 1.17061055]
 [-1.87427418]
 [ 0.10239435]]
3
Finished successfully! number of iterations:  3
0.00267347288461
[[ 0.27680649]
 [ 1.16980886]
 [-1.87344305]
 [ 0.10185383]]
Time taken for 1D timepoints exp:  4.501985311508179 , number of time points:  21
Avg AR burnin:  0.689166666667 , Avg AR sampling:  0.643066666667

 Estimated ordinary:  [[ 1.01155691  0.66008199 -0.83672073  0.02626375]] 
 True ordinary:  [[ 1.  1. -1.  0.]]

 Estimated hermite:  [[ 0.27680649  1.16980886 -1.87344305  0.10185383]] 
 True hermite:  [[ 0.          1.58323349 -2.23903027  0.        ]]


