My SLURM_ARRAY_TASK_ID:  101
Data shape: (10, 101, 1)
Theta shape: (4, 1)
Theta: [[ 0.07407302]
 [ 0.36419337]
 [ 0.24311635]
 [ 0.09820949]]
1
3.75913971064
[[ 0.02950302]
 [ 1.56222223]
 [-2.22291584]
 [ 0.04770083]]
2
0.0902190645913
[[ 0.04546555]
 [ 1.52759018]
 [-2.18689856]
 [ 0.05130804]]
3
Finished successfully! number of iterations:  3
0.000620292642377
[[ 0.04531855]
 [ 1.52781684]
 [-2.18708015]
 [ 0.05137308]]
Time taken for 1D timepoints exp:  17.977752208709717 , number of time points:  101
Avg AR burnin:  0.859633333333 , Avg AR sampling:  0.832233333333

 Estimated ordinary:  [[ 1.00542199  0.92525703 -0.97679794  0.01324692]] 
 True ordinary:  [[ 1.  1. -1.  0.]]

 Estimated hermite:  [[ 0.04531855  1.52781684 -2.18708015  0.05137308]] 
 True hermite:  [[ 0.          1.58323349 -2.23903027  0.        ]]


