My SLURM_ARRAY_TASK_ID:  51
Data shape: (10, 51, 1)
Theta shape: (4, 1)
Theta: [[ 0.20761004]
 [ 0.20509716]
 [ 0.22795039]
 [ 0.07098059]]
1
4.97375275029
[[-0.14355779]
 [ 1.89803584]
 [-2.49801521]
 [ 0.27466122]]
2
0.0878184284147
[[-0.13124769]
 [ 1.86778906]
 [-2.46376909]
 [ 0.28567664]]
3
Finished successfully! number of iterations:  3
0.000245242377137
[[-0.1313181 ]
 [ 1.8678891 ]
 [-2.46383525]
 [ 0.28568527]]
Time taken for 1D timepoints exp:  8.530927896499634 , number of time points:  51
Avg AR burnin:  0.774 , Avg AR sampling:  0.747366666667

 Estimated ordinary:  [[ 1.01745986  0.95879575 -1.10040283  0.07366603]] 
 True ordinary:  [[ 1.  1. -1.  0.]]

 Estimated hermite:  [[-0.1313181   1.8678891  -2.46383525  0.28568527]] 
 True hermite:  [[ 0.          1.58323349 -2.23903027  0.        ]]


