My SLURM_ARRAY_TASK_ID:  9
Data shape: (9, 101, 1)
Theta shape: (4, 1)
Theta: [[ 0.21916501]
 [ 0.26385347]
 [ 0.44267696]
 [ 0.34919115]]
1
4.85644400316
[[-0.08146351]
 [ 1.76791614]
 [-2.3973715 ]
 [ 0.1374868 ]]
2
0.0467522003973
[[-0.07501506]
 [ 1.75536376]
 [-2.38243411]
 [ 0.15030078]]
3
Finished successfully! number of iterations:  3
0.00160619447598
[[-0.07538722]
 [ 1.75595572]
 [-2.38290804]
 [ 0.15046893]]
Time taken for 1D num time series exp:  14.644033432006836 , number of time series:  9
Avg AR burnin:  0.79537037037 , Avg AR sampling:  0.787466666667

 Estimated ordinary:  [[ 1.01664298  0.99269608 -1.06425896  0.03879951]] 
 True ordinary:  [[ 1.  1. -1.  0.]]

 Estimated hermite:  [[-0.07538722  1.75595572 -2.38290804  0.15046893]] 
 True hermite:  [[ 0.          1.58323349 -2.23903027  0.        ]]


