My SLURM_ARRAY_TASK_ID:  1
Data shape: (1, 101, 1)
Theta shape: (4, 1)
Theta: [[ 0.07904643]
 [ 0.35587086]
 [ 0.298445  ]
 [ 0.06885194]]
1
3.87752585018
[[ 0.03037795]
 [ 1.59634399]
 [-2.25887448]
 [ 0.0999167 ]]
2
0.659392843152
[[ 0.17825391]
 [ 1.36160496]
 [-2.07735906]
 [ 0.        ]]
3
0.073531882579
[[ 0.16234046]
 [ 1.38604787]
 [-2.09576987]
 [ 0.01476472]]
4
Finished successfully! number of iterations:  4
0.000155771481896
[[ 0.16237339]
 [ 1.38599349]
 [-2.09572856]
 [ 0.01473757]]
Time taken for 1D num time series exp:  3.3756020069122314 , number of time series:  1
Avg AR burnin:  0.83475 , Avg AR sampling:  0.729125

 Estimated ordinary:  [[ 1.0385564   0.86401895 -0.93599831  0.00380019]] 
 True ordinary:  [[ 1.  1. -1.  0.]]

 Estimated hermite:  [[ 0.16237339  1.38599349 -2.09572856  0.01473757]] 
 True hermite:  [[ 0.          1.58323349 -2.23903027  0.        ]]


