My SLURM_ARRAY_TASK_ID:  8
Data shape: (8, 101, 1)
Theta shape: (4, 1)
Theta: [[ 0.18941052]
 [ 0.21937946]
 [ 0.42353464]
 [ 0.16274605]]
1
4.63968645882
[[-0.0745948 ]
 [ 1.75603775]
 [-2.38736635]
 [ 0.1346242 ]]
2
0.0298425975245
[[-0.07302627]
 [ 1.75145128]
 [-2.37886502]
 [ 0.14981046]]
3
Finished successfully! number of iterations:  3
0.000920645137196
[[-0.0732437 ]
 [ 1.75179448]
 [-2.37913992]
 [ 0.14989558]]
Time taken for 1D num time series exp:  13.14718246459961 , number of time series:  8
Avg AR burnin:  0.825291666667 , Avg AR sampling:  0.794183333333

 Estimated ordinary:  [[ 1.01631394  0.99051128 -1.06257604  0.03865167]] 
 True ordinary:  [[ 1.  1. -1.  0.]]

 Estimated hermite:  [[-0.0732437   1.75179448 -2.37913992  0.14989558]] 
 True hermite:  [[ 0.          1.58323349 -2.23903027  0.        ]]


