My SLURM_ARRAY_TASK_ID:  4
Data shape: (4, 101, 1)
Theta shape: (4, 1)
Theta: [[ 0.04127607]
 [ 0.39470113]
 [ 0.42205901]
 [ 0.01147203]]
1
5.12226077628
[[-0.26917283]
 [ 2.01685906]
 [-2.57088375]
 [ 0.20818323]]
2
0.234032378201
[[-0.32464315]
 [ 2.09767245]
 [-2.62801099]
 [ 0.24880466]]
3
Finished successfully! number of iterations:  3
0.000181836532537
[[-0.32468973]
 [ 2.09773879]
 [-2.62806095]
 [ 0.24882361]]
Time taken for 1D num time series exp:  6.534870862960815 , number of time series:  4
Avg AR burnin:  0.82525 , Avg AR sampling:  0.7962

 Estimated ordinary:  [[ 0.9686695   1.13248827 -1.17374963  0.06416098]] 
 True ordinary:  [[ 1.  1. -1.  0.]]

 Estimated hermite:  [[-0.32468973  2.09773879 -2.62806095  0.24882361]] 
 True hermite:  [[ 0.          1.58323349 -2.23903027  0.        ]]


