My SLURM_ARRAY_TASK_ID:  3
Data shape: (3, 101, 1)
Theta shape: (4, 1)
Theta: [[ 0.42136196]
 [ 0.01592421]
 [ 0.1892561 ]
 [ 0.44236899]]
1
5.97888823085
[[-0.36978367]
 [ 2.15032299]
 [-2.6617051 ]
 [ 0.23998638]]
2
0.176903562618
[[-0.31280643]
 [ 2.08016652]
 [-2.61274708]
 [ 0.23917454]]
3
Finished successfully! number of iterations:  3
0.00637652268464
[[-0.31456558]
 [ 2.08252034]
 [-2.61440295]
 [ 0.23978223]]
Time taken for 1D num time series exp:  5.527102470397949 , number of time series:  3
Avg AR burnin:  0.83 , Avg AR sampling:  0.7922

 Estimated ordinary:  [[ 0.96896414  1.12987016 -1.16764967  0.0618296 ]] 
 True ordinary:  [[ 1.  1. -1.  0.]]

 Estimated hermite:  [[-0.31456558  2.08252034 -2.61440295  0.23978223]] 
 True hermite:  [[ 0.          1.58323349 -2.23903027  0.        ]]


