My SLURM_ARRAY_TASK_ID:  5
Data shape: (5, 101, 1)
Theta shape: (4, 1)
Theta: [[ 0.2511845 ]
 [ 0.30273513]
 [ 0.14602475]
 [ 0.08814002]]
1
5.07813569496
[[-0.27243667]
 [ 2.01995747]
 [-2.57104883]
 [ 0.20835862]]
2
0.0637473012938
[[-0.28223829]
 [ 2.03815599]
 [-2.58308334]
 [ 0.23207127]]
3
Finished successfully! number of iterations:  3
0.00436567284295
[[-0.28343912]
 [ 2.03976808]
 [-2.58421793]
 [ 0.23248943]]
Time taken for 1D num time series exp:  8.633182287216187 , number of time series:  5
Avg AR burnin:  0.8462 , Avg AR sampling:  0.81076

 Estimated ordinary:  [[ 0.9751429   1.10850854 -1.15416838  0.05994909]] 
 True ordinary:  [[ 1.  1. -1.  0.]]

 Estimated hermite:  [[-0.28343912  2.03976808 -2.58421793  0.23248943]] 
 True hermite:  [[ 0.          1.58323349 -2.23903027  0.        ]]


