My SLURM_ARRAY_TASK_ID:  7
Data shape: (7, 101, 1)
Theta shape: (4, 1)
Theta: [[ 0.32435625]
 [ 0.06191892]
 [ 0.33555271]
 [ 0.46854995]]
1
6.22489510047
[[-0.43916354]
 [ 2.24883726]
 [-2.73624394]
 [ 0.26588963]]
2
0.391394173301
[[-0.32770548]
 [ 2.0992474 ]
 [-2.62684552]
 [ 0.2449418 ]]
3
0.0157475220954
[[-0.33203444]
 [ 2.10504856]
 [-2.6309281 ]
 [ 0.24647662]]
4
Finished successfully! number of iterations:  4
6.72497666831e-05
[[-0.3320173 ]
 [ 2.10502382]
 [-2.63090973]
 [ 0.24646963]]
Time taken for 1D num time series exp:  15.614076852798462 , number of time series:  7
Avg AR burnin:  0.830535714286 , Avg AR sampling:  0.794339285714

 Estimated ordinary:  [[ 0.9653136   1.1389106  -1.17502196  0.06355399]] 
 True ordinary:  [[ 1.  1. -1.  0.]]

 Estimated hermite:  [[-0.3320173   2.10502382 -2.63090973  0.24646963]] 
 True hermite:  [[ 0.          1.58323349 -2.23903027  0.        ]]


