My SLURM_ARRAY_TASK_ID:  6
Data shape: (6, 101, 1)
Theta shape: (4, 1)
Theta: [[ 0.30822563]
 [ 0.01124232]
 [ 0.39184162]
 [ 0.23430769]]
1
5.9347499196
[[-0.38120673]
 [ 2.17052417]
 [-2.68097184]
 [ 0.24752994]]
2
0.125357070558
[[-0.34322605]
 [ 2.12413496]
 [-2.64708834]
 [ 0.25463361]]
3
Finished successfully! number of iterations:  3
0.00996122295525
[[-0.34590103]
 [ 2.12780063]
 [-2.64971645]
 [ 0.25562607]]
Time taken for 1D num time series exp:  9.802384853363037 , number of time series:  6
Avg AR burnin:  0.8365 , Avg AR sampling:  0.809683333333

 Estimated ordinary:  [[ 0.96494386  1.14621369 -1.18342145  0.06591505]] 
 True ordinary:  [[ 1.  1. -1.  0.]]

 Estimated hermite:  [[-0.34590103  2.12780063 -2.64971645  0.25562607]] 
 True hermite:  [[ 0.          1.58323349 -2.23903027  0.        ]]


