My SLURM_ARRAY_TASK_ID:  2
Data shape: (2, 101, 1)
Theta shape: (4, 1)
Theta: [[ 0.293437  ]
 [ 0.05080536]
 [ 0.12707571]
 [ 0.09847538]]
1
3.9147787016
[[ 0.11866312]
 [ 1.4408127 ]
 [-2.1339053 ]
 [ 0.        ]]
2
0.978470240338
[[ 0.35105384]
 [ 1.08623257]
 [-1.86488089]
 [-0.12247498]]
3
0.0566804842128
[[ 0.33776247]
 [ 1.10641303]
 [-1.88001705]
 [-0.11440248]]
4
Finished successfully! number of iterations:  4
0.0
[[ 0.33776247]
 [ 1.10641303]
 [-1.88001705]
 [-0.11440248]]
Time taken for 1D num time series exp:  5.071309804916382 , number of time series:  2
Avg AR burnin:  0.829125 , Avg AR sampling:  0.8023125

 Estimated ordinary:  [[ 1.05299394  0.78732978 -0.83965683 -0.02949951]] 
 True ordinary:  [[ 1.  1. -1.  0.]]

 Estimated hermite:  [[ 0.33776247  1.10641303 -1.88001705 -0.11440248]] 
 True hermite:  [[ 0.          1.58323349 -2.23903027  0.        ]]


