My SLURM_ARRAY_TASK_ID:  10
Data shape: (10, 101, 1)
Theta shape: (4, 1)
Theta: [[ 0.11505936]
 [ 0.414519  ]
 [ 0.27918556]
 [ 0.47172137]]
1
4.55237225406
[[-0.07908157]
 [ 1.76303343]
 [-2.39313651]
 [ 0.13432655]]
2
0.0312386994042
[[-0.07765258]
 [ 1.76002998]
 [-2.3858114 ]
 [ 0.15380769]]
3
Finished successfully! number of iterations:  3
0.000807087713952
[[-0.07788311]
 [ 1.76033578]
 [-2.38602783]
 [ 0.15386202]]
Time taken for 1D num time series exp:  15.753694295883179 , number of time series:  10
Avg AR burnin:  0.8109 , Avg AR sampling:  0.793316666667

 Estimated ordinary:  [[ 1.0164599   0.9928378  -1.06565233  0.03967444]] 
 True ordinary:  [[ 1.  1. -1.  0.]]

 Estimated hermite:  [[-0.07788311  1.76033578 -2.38602783  0.15386202]] 
 True hermite:  [[ 0.          1.58323349 -2.23903027  0.        ]]


