My SLURM_ARRAY_TASK_ID:  7
Data shape: (1, 51, 2)
Theta shape: (10, 2)
Theta: [[ 0.20411534  0.4267308 ]
 [ 0.24013967  0.40485894]
 [ 0.22077267  0.07333029]
 [ 0.23605912  0.38189907]
 [ 0.01341567  0.30734463]
 [ 0.06377174  0.3109242 ]
 [ 0.05605003  0.36765069]
 [ 0.26388507  0.2811831 ]
 [ 0.08811154  0.3320223 ]
 [ 0.10628323  0.25360488]]
1
45.6436348954
[[-0.53760011  0.04551294]
 [-6.18801046 -8.72131038]
 [ 1.66052211 -3.94923145]
 [-0.9877905   0.1349951 ]
 [-0.01467421  0.        ]
 [-0.68537084  0.05952904]
 [-5.52182758 -4.87797393]
 [-0.47680125 -2.49840322]
 [-2.01813282  0.27427015]
 [-0.69646618 -3.13438052]]
2
14.0356464345
[[-0.37406095 -0.09453239]
 [-9.83787839 -8.09666073]
 [ 1.1689303  -4.76241282]
 [-0.67688063 -0.12664781]
 [ 0.          0.02461992]
 [-0.47823054 -0.1432464 ]
 [-8.81423389 -4.31106566]
 [-0.77734345 -3.01628236]
 [-3.18917545  0.5147751 ]
 [-1.09212392 -3.78593024]]
3
1.48831442308
[[ -0.38807887  -0.09474006]
 [-10.12756539  -7.94285851]
 [  1.06956771  -4.68216446]
 [ -0.70260088  -0.12782409]
 [  0.           0.02440006]
 [ -0.49591349  -0.14368   ]
 [ -9.07845401  -4.17156956]
 [ -0.84088125  -2.96634529]
 [ -3.27814648   0.56388573]
 [ -1.17210775  -3.72017105]]
4
0.443381797406
[[ -0.39013634  -0.09114209]
 [-10.16285696  -7.84090956]
 [  1.04726868  -4.65954282]
 [ -0.70624213  -0.1221674 ]
 [  0.           0.0245207 ]
 [ -0.49869245  -0.13773926]
 [ -9.11056172  -4.07987972]
 [ -0.85479886  -2.95454081]
 [ -3.28920549   0.59849243]
 [ -1.19032942  -3.70073919]]
5
0.0880134924827
[[ -0.39089696  -0.09260324]
 [-10.17065535  -7.82458497]
 [  1.04261366  -4.66328755]
 [ -0.70761584  -0.12492612]
 [  0.           0.02444494]
 [ -0.4996909   -0.13959582]
 [ -9.11771695  -4.06501555]
 [ -0.85766539  -2.9571073 ]
 [ -3.29155344   0.60363457]
 [ -1.19414689  -3.70366739]]
6
0.189032142954
[[ -0.38410834  -0.09174857]
 [-10.16710816  -7.80671661]
 [  1.07856294  -4.65616606]
 [ -0.69498166  -0.1235059 ]
 [  0.           0.02434938]
 [ -0.49114712  -0.13848706]
 [ -9.11450459  -4.04869418]
 [ -0.83398199  -2.95257075]
 [ -3.29049496   0.60909201]
 [ -1.16551979  -3.69799915]]
7
0.0727732496194
[[ -0.38394118  -0.09102372]
 [-10.15420233  -7.81657329]
 [  1.08210825  -4.65404232]
 [ -0.69471703  -0.12212312]
 [  0.           0.02443825]
 [ -0.49089691  -0.13760205]
 [ -9.10275632  -4.05774785]
 [ -0.83184071  -2.9510409 ]
 [ -3.28647457   0.60614094]
 [ -1.16258458  -3.69638013]]
8
Finished successfully! number of iterations:  8
0.00457941874322
[[ -0.38394118  -0.09102372]
 [-10.15420233  -7.81657329]
 [  1.08210825  -4.65404232]
 [ -0.69471703  -0.12212312]
 [  0.           0.02443825]
 [ -0.49089691  -0.13760205]
 [ -9.10275632  -4.05774785]
 [ -0.83184071  -2.9510409 ]
 [ -3.28647457   0.60614094]
 [ -1.16258458  -3.69638013]]
Time taken for 2D intervals exp:  4.537559986114502 , number of intervals:  7
Avg AR burnin:  0.24175 , Avg AR sampling:  0.0411

 Estimated ordinary:  [[ 0.18128515  1.32378633  1.23439841 -0.19597605  0.         -0.13847946
  -1.4825432  -0.23465793 -0.92709736 -0.18934725]
 [ 0.03695391 -1.30672498  0.78183963 -0.0344503   0.00974945 -0.03881682
  -0.66087526 -0.83247327  0.1709892  -0.60202021]] 
 True ordinary:  [[ 0.  0.  1.  0.  0.  0.  0.  0.  0.  0.]
 [ 0. -1.  0.  0.  0.  0. -1.  0.  0.  0.]]

 Estimated hermite:  [[ -0.38394118 -10.15420233   1.08210825  -0.69471703   0.          -0.49089691
   -9.10275632  -0.83184071  -3.28647457  -1.16258458]
 [ -0.09102372  -7.81657329  -4.65404232  -0.12212312   0.02443825
   -0.13760205  -4.05774785  -2.9510409    0.60614094  -3.69638013]] 
 True hermite:  [[  0.           0.           2.50662827   0.           0.           0.
    0.           0.           0.           0.        ]
 [  0.         -10.0265131    0.           0.           0.           0.
   -6.13996025   0.           0.           0.        ]]


