My SLURM_ARRAY_TASK_ID:  5
Data shape: (1, 51, 2)
Theta shape: (10, 2)
Theta: [[ 0.47824699  0.09726735]
 [ 0.26472206  0.33510474]
 [ 0.37214188  0.29500853]
 [ 0.43996821  0.28740159]
 [ 0.31020059  0.10280911]
 [ 0.19271089  0.14441812]
 [ 0.16386647  0.33926973]
 [ 0.23434936  0.25500619]
 [ 0.16948207  0.04581161]
 [ 0.44498694  0.40409451]]
1
54.8798785431
[[-0.43157155  0.14618741]
 [-9.72214553 -9.29770423]
 [ 0.68468601 -3.87361559]
 [-0.79074072  0.31624626]
 [-0.02258718  0.03019535]
 [-0.52598355  0.1949996 ]
 [-8.69348723 -5.3853513 ]
 [-1.1271337  -2.49894241]
 [-3.15839411  0.08587821]
 [-1.4606133  -3.01102013]]
2
13.6940792964
[[ -0.41251611  -0.04383805]
 [-12.23229323  -8.55061076]
 [  0.7370495   -6.084782  ]
 [ -0.74653432  -0.02530948]
 [ -0.01856359   0.01825949]
 [ -0.52039139  -0.05986622]
 [-10.95365703  -4.71482327]
 [ -1.06564575  -3.92710745]
 [ -3.95887135   0.36041026]
 [ -1.43134493  -4.78843939]]
3
0.957882596717
[[ -0.40750109   0.        ]
 [-12.16387186  -8.77034105]
 [  0.71329074  -6.04938056]
 [ -0.73515688   0.04320291]
 [ -0.01705207   0.01793967]
 [ -0.51472177  -0.01990354]
 [-10.89404777  -4.91416938]
 [ -1.07905717  -3.88955504]
 [ -3.93353868   0.29196664]
 [ -1.4508484   -4.76758001]]
4
0.193047135588
[[ -0.40452475   0.        ]
 [-12.1975312   -8.7837178 ]
 [  0.71771764  -6.02990639]
 [ -0.72953036   0.04931142]
 [ -0.0171786    0.01784769]
 [ -0.51098063  -0.01552345]
 [-10.92439352  -4.92607441]
 [ -1.07600759  -3.87701068]
 [ -3.94447165   0.28713965]
 [ -1.44740571  -4.75191744]]
5
0.244682395123
[[ -0.40426878  -0.01280541]
 [-12.18712498  -8.71925344]
 [  0.72353963  -6.04193921]
 [ -0.72921321   0.0371794 ]
 [ -0.01725297   0.01816447]
 [ -0.5106071   -0.02362305]
 [-10.91484849  -4.868028  ]
 [ -1.0724228   -3.8851811 ]
 [ -3.94137736   0.3081574 ]
 [ -1.44267637  -4.76131159]]
6
Finished successfully! number of iterations:  6
0.0
[[ -0.40426878  -0.01280541]
 [-12.18712498  -8.71925344]
 [  0.72353963  -6.04193921]
 [ -0.72921321   0.0371794 ]
 [ -0.01725297   0.01816447]
 [ -0.5106071   -0.02362305]
 [-10.91484849  -4.868028  ]
 [ -1.0724228   -3.8851811 ]
 [ -3.94137736   0.3081574 ]
 [ -1.44267637  -4.76131159]]
Time taken for 2D intervals exp:  3.4479548931121826 , number of intervals:  5
Avg AR burnin:  0.248666666667 , Avg AR sampling:  0.0475333333333

 Estimated ordinary:  [[ 0.18846694  1.58290499  1.29607073 -0.20570725 -0.00688294 -0.1440396
  -1.77767413 -0.30252489 -1.11184203 -0.2349651 ]
 [-0.0089328  -1.18687774  1.01199315  0.01048811  0.00724658 -0.00666394
  -0.79284357 -1.09598935  0.0869296  -0.77546294]] 
 True ordinary:  [[ 0.  0.  1.  0.  0.  0.  0.  0.  0.  0.]
 [ 0. -1.  0.  0.  0.  0. -1.  0.  0.  0.]]

 Estimated hermite:  [[ -0.40426878 -12.18712498   0.72353963  -0.72921321  -0.01725297
   -0.5106071  -10.91484849  -1.0724228   -3.94137736  -1.44267637]
 [ -0.01280541  -8.71925344  -6.04193921   0.0371794    0.01816447
   -0.02362305  -4.868028    -3.8851811    0.3081574   -4.76131159]] 
 True hermite:  [[  0.           0.           2.50662827   0.           0.           0.
    0.           0.           0.           0.        ]
 [  0.         -10.0265131    0.           0.           0.           0.
   -6.13996025   0.           0.           0.        ]]


