My SLURM_ARRAY_TASK_ID:  3
Data shape: (1, 51, 2)
Theta shape: (10, 2)
Theta: [[ 0.24655045  0.33486669]
 [ 0.48291495  0.4210509 ]
 [ 0.16255069  0.21220392]
 [ 0.03019937  0.09950146]
 [ 0.25809431  0.45580479]
 [ 0.23039686  0.33218046]
 [ 0.44907756  0.34743   ]
 [ 0.49107587  0.21742944]
 [ 0.40801932  0.07548733]
 [ 0.22777989  0.39543333]]
1
63.5389043772
[[ -0.44736544   0.0533898 ]
 [-11.3676815   -7.89672232]
 [  0.58404242  -6.34584137]
 [ -0.80452225   0.15752193]
 [ -0.03467782   0.        ]
 [ -0.577856     0.06949845]
 [-10.14519952  -4.1283436 ]
 [ -1.20622914  -4.10585318]
 [ -3.64523218   0.54250735]
 [ -1.53270319  -4.93612751]]
2
20.8044658005
[[ -0.5319479    0.29408186]
 [-17.25395961  -8.41146934]
 [  0.15775296  -8.0564823 ]
 [ -0.96365321   0.62777493]
 [ -0.03721947   0.01919812]
 [ -0.6665355    0.37477516]
 [-15.44836413  -4.57578936]
 [ -1.45668943  -5.21907947]
 [ -5.55417496   0.37891565]
 [ -1.87487197  -6.30328313]]
3
1.8910045843
[[ -0.55049911   0.24534213]
 [-17.46514906  -8.12466932]
 [ -0.03176732  -8.05760602]
 [ -1.00115527   0.5268019 ]
 [ -0.03878856   0.01815216]
 [ -0.68776308   0.31766181]
 [-15.64032269  -4.31433798]
 [ -1.58823995  -5.23891661]
 [ -5.61949833   0.46824455]
 [ -2.02360974  -6.29582165]]
4
0.762142614431
[[ -5.60090723e-01   2.59222425e-01]
 [ -1.74168860e+01  -8.02908870e+00]
 [ -4.16427824e-02  -7.92516322e+00]
 [ -1.01968467e+00   5.49934799e-01]
 [ -3.93972283e-02   1.73513136e-02]
 [ -6.99516319e-01   3.36183383e-01]
 [ -1.55960452e+01  -4.22622414e+00]
 [ -1.59618071e+00  -5.15738348e+00]
 [ -5.60496389e+00   4.95929993e-01]
 [ -2.03063074e+00  -6.18776568e+00]]
5
Finished successfully! number of iterations:  5
0.0291164760225
[[ -5.60516408e-01   2.59999675e-01]
 [ -1.74167820e+01  -8.02724586e+00]
 [ -4.40405056e-02  -7.91945903e+00]
 [ -1.02048499e+00   5.51319970e-01]
 [ -3.93856862e-02   1.73304788e-02]
 [ -7.00052935e-01   3.37194626e-01]
 [ -1.55959694e+01  -4.22452477e+00]
 [ -1.59776258e+00  -5.15376431e+00]
 [ -5.60489127e+00   4.96454229e-01]
 [ -2.03254608e+00  -6.18315496e+00]]
Time taken for 2D intervals exp:  2.9066576957702637 , number of intervals:  3
Avg AR burnin:  0.2956 , Avg AR sampling:  0.09044

 Estimated ordinary:  [[ 0.26174109  2.25304971  1.426258   -0.2878735  -0.01571262 -0.19748129
  -2.54007661 -0.4507205  -1.58111064 -0.33103571]
 [-0.14692048 -1.2783415   1.31554807  0.15552449  0.00691386  0.09512085
  -0.68803781 -1.45385007  0.14004715 -1.00703501]] 
 True ordinary:  [[ 0.  0.  1.  0.  0.  0.  0.  0.  0.  0.]
 [ 0. -1.  0.  0.  0.  0. -1.  0.  0.  0.]]

 Estimated hermite:  [[ -5.60516408e-01  -1.74167820e+01  -4.40405056e-02  -1.02048499e+00
   -3.93856862e-02  -7.00052935e-01  -1.55959694e+01  -1.59776258e+00
   -5.60489127e+00  -2.03254608e+00]
 [  2.59999675e-01  -8.02724586e+00  -7.91945903e+00   5.51319970e-01
    1.73304788e-02   3.37194626e-01  -4.22452477e+00  -5.15376431e+00
    4.96454229e-01  -6.18315496e+00]] 
 True hermite:  [[  0.           0.           2.50662827   0.           0.           0.
    0.           0.           0.           0.        ]
 [  0.         -10.0265131    0.           0.           0.           0.
   -6.13996025   0.           0.           0.        ]]


