My SLURM_ARRAY_TASK_ID:  10
Data shape: (1, 51, 2)
Theta shape: (10, 2)
Theta: [[ 0.46041708  0.42979612]
 [ 0.11274239  0.28471698]
 [ 0.28834678  0.34766687]
 [ 0.16354757  0.03633277]
 [ 0.4865551   0.04105237]
 [ 0.32281403  0.2700477 ]
 [ 0.31801786  0.43532331]
 [ 0.32174629  0.44031576]
 [ 0.20127477  0.44759284]
 [ 0.11381531  0.4239083 ]]
1
45.4448877618
[[ -0.2517409   -0.09723061]
 [ -4.68153208 -10.76193774]
 [  1.74355478  -3.1326426 ]
 [ -0.45261179  -0.14707626]
 [  0.           0.02583989]
 [ -0.32715539  -0.15098817]
 [ -4.18228598  -6.71305731]
 [ -0.41141304  -1.96952099]
 [ -1.55015976  -0.41225049]
 [ -0.64289582  -2.47946673]]
2
13.6722912219
[[-0.37460749 -0.06029453]
 [-7.35528511 -8.49557769]
 [ 1.48444429 -3.67436437]
 [-0.68210357 -0.06843161]
 [ 0.          0.03071033]
 [-0.47435931 -0.09116207]
 [-6.59355467 -4.68475283]
 [-0.57087137 -2.30372123]
 [-2.38693672  0.40850305]
 [-0.84416859 -2.9378431 ]]
3
1.48009742436
[[-0.38511248 -0.07273022]
 [-7.46893634 -8.73740618]
 [ 1.40896449 -3.50641275]
 [-0.70111574 -0.09341619]
 [ 0.          0.0299866 ]
 [-0.48790351 -0.10541787]
 [-6.69620437 -4.90336779]
 [-0.61578019 -2.19636081]
 [-2.42363661  0.33266793]
 [-0.90670187 -2.80140927]]
4
0.773452937869
[[-0.38681936 -0.04722877]
 [-7.43425393 -8.58232166]
 [ 1.34805851 -3.54168192]
 [-0.703407   -0.04530752]
 [ 0.          0.03023572]
 [-0.49063846 -0.07334644]
 [-6.66404186 -4.76427778]
 [-0.65622144 -2.22171391]
 [-2.41398192  0.38414067]
 [-0.95536428 -2.82868224]]
5
0.848035112324
[[-0.39218347 -0.06922383]
 [-7.52732902 -8.72623727]
 [ 1.34053569 -3.46465382]
 [-0.71388764 -0.08732747]
 [ 0.          0.03026296]
 [-0.49697326 -0.10064778]
 [-6.74832924 -4.89386134]
 [-0.65949269 -2.17051355]
 [-2.44344747  0.33745543]
 [-0.96201936 -2.76713946]]
6
Finished successfully! number of iterations:  6
0.0304713554229
[[-0.39256671 -0.06947853]
 [-7.53211094 -8.71991496]
 [ 1.33950784 -3.46448307]
 [-0.71460219 -0.0878205 ]
 [ 0.          0.03025498]
 [-0.49748132 -0.1009224 ]
 [-6.75269457 -4.88808375]
 [-0.66005745 -2.17055433]
 [-2.44491613  0.33935518]
 [-0.96290649 -2.76689911]]
Time taken for 2D intervals exp:  3.449784994125366 , number of intervals:  10
Avg AR burnin:  0.229666666667 , Avg AR sampling:  0.0401666666667

 Estimated ordinary:  [[ 0.18531099  0.98420412  1.19106361 -0.20158556  0.         -0.14033689
  -1.09979451 -0.18619877 -0.68969811 -0.15682618]
 [ 0.02552547 -1.18614309  0.58208715 -0.02477371  0.01206999 -0.02846968
  -0.79611    -0.61230207  0.09573033 -0.45063795]] 
 True ordinary:  [[ 0.  0.  1.  0.  0.  0.  0.  0.  0.  0.]
 [ 0. -1.  0.  0.  0.  0. -1.  0.  0.  0.]]

 Estimated hermite:  [[-0.39256671 -7.53211094  1.33950784 -0.71460219  0.         -0.49748132
  -6.75269457 -0.66005745 -2.44491613 -0.96290649]
 [-0.06947853 -8.71991496 -3.46448307 -0.0878205   0.03025498 -0.1009224
  -4.88808375 -2.17055433  0.33935518 -2.76689911]] 
 True hermite:  [[  0.           0.           2.50662827   0.           0.           0.
    0.           0.           0.           0.        ]
 [  0.         -10.0265131    0.           0.           0.           0.
   -6.13996025   0.           0.           0.        ]]


