My SLURM_ARRAY_TASK_ID:  4
Data shape: (1, 51, 2)
Theta shape: (10, 2)
Theta: [[ 0.47889946  0.16544825]
 [ 0.27015562  0.33840746]
 [ 0.24884145  0.45544324]
 [ 0.36768564  0.06460446]
 [ 0.49242408  0.25037284]
 [ 0.41441448  0.03024833]
 [ 0.39552243  0.24389514]
 [ 0.1153124   0.0252751 ]
 [ 0.38779652  0.31469941]
 [ 0.47527108  0.4382838 ]]
1
64.0172375053
[[ -0.01960536   0.12627302]
 [-11.13735681 -10.13807116]
 [ -0.25022061  -5.15211795]
 [  0.           0.27678362]
 [ -0.01737599   0.01628269]
 [ -0.02714217   0.15454051]
 [ -9.95812922  -6.12640127]
 [ -1.7236698   -3.33672785]
 [ -3.60584186  -0.22603495]
 [ -2.22509197  -4.00285662]]
2
21.3274623603
[[ -3.54876919e-01   1.47667536e-02]
 [ -1.55738290e+01  -8.27158564e+00]
 [  6.49860305e-02  -7.04535398e+00]
 [ -6.31624107e-01   9.74739271e-02]
 [ -2.76906691e-02   2.18182609e-02]
 [ -4.47345794e-01   0.00000000e+00]
 [ -1.39569234e+01  -4.44590531e+00]
 [ -1.49806346e+00  -4.53826073e+00]
 [ -5.02564861e+00   4.18426618e-01]
 [ -1.96845754e+00  -5.54210476e+00]]
3
2.1234577409
[[ -0.35831812   0.05086141]
 [-15.31902958  -7.89935089]
 [  0.10728044  -6.85603612]
 [ -0.64070071   0.15503625]
 [ -0.02448197   0.0211442 ]
 [ -0.45171574   0.05160208]
 [-13.72586343  -4.1148959 ]
 [ -1.47471383  -4.42932602]
 [ -4.94569913   0.55078893]
 [ -1.93313033  -5.38531569]]
4
0.873733376965
[[ -0.35980236   0.07845041]
 [-15.31648529  -7.64163336]
 [  0.08803886  -6.805624  ]
 [ -0.64343715   0.20613997]
 [ -0.02454032   0.02295357]
 [ -0.45369199   0.08741133]
 [-13.72301391  -3.88377685]
 [ -1.4870827   -4.39597032]
 [ -4.94595387   0.63755256]
 [ -1.94869697  -5.3463426 ]]
5
0.167221527083
[[ -0.35985002   0.07915765]
 [-15.32252696  -7.60764486]
 [  0.09013704  -6.77671914]
 [ -0.64374899   0.20669009]
 [ -0.02446212   0.02299679]
 [ -0.45367028   0.08868627]
 [-13.72860654  -3.85321528]
 [ -1.48604457  -4.37881356]
 [ -4.9477004    0.64886188]
 [ -1.94691061  -5.32238049]]
6
0.0709377780177
[[ -0.36109732   0.07768045]
 [-15.33071753  -7.616416  ]
 [  0.08496996  -6.7803042 ]
 [ -0.64616668   0.20374648]
 [ -0.02449427   0.02297014]
 [ -0.45519823   0.08692649]
 [-13.73600014  -3.86116692]
 [ -1.48964248  -4.38163315]
 [ -4.95033027   0.64611671]
 [ -1.95093734  -5.32500757]]
7
Finished successfully! number of iterations:  7
0.0
[[ -0.36109732   0.07768045]
 [-15.33071753  -7.616416  ]
 [  0.08496996  -6.7803042 ]
 [ -0.64616668   0.20374648]
 [ -0.02449427   0.02297014]
 [ -0.45519823   0.08692649]
 [-13.73600014  -3.86116692]
 [ -1.48964248  -4.38163315]
 [ -4.95033027   0.64611671]
 [ -1.95093734  -5.32500757]]
Time taken for 2D intervals exp:  4.001912593841553 , number of intervals:  4
Avg AR burnin:  0.242857142857 , Avg AR sampling:  0.0654285714286

 Estimated ordinary:  [[ 0.16663232  1.99183515  1.40735138 -0.18228026 -0.0097718  -0.12840905
  -2.23714806 -0.42022039 -1.39646239 -0.3177443 ]
 [-0.05100731 -1.33420067  1.13289795  0.05747582  0.00916376  0.02452151
  -0.62885862 -1.23603589  0.18226616 -0.86727069]] 
 True ordinary:  [[ 0.  0.  1.  0.  0.  0.  0.  0.  0.  0.]
 [ 0. -1.  0.  0.  0.  0. -1.  0.  0.  0.]]

 Estimated hermite:  [[ -0.36109732 -15.33071753   0.08496996  -0.64616668  -0.02449427
   -0.45519823 -13.73600014  -1.48964248  -4.95033027  -1.95093734]
 [  0.07768045  -7.616416    -6.7803042    0.20374648   0.02297014
    0.08692649  -3.86116692  -4.38163315   0.64611671  -5.32500757]] 
 True hermite:  [[  0.           0.           2.50662827   0.           0.           0.
    0.           0.           0.           0.        ]
 [  0.         -10.0265131    0.           0.           0.           0.
   -6.13996025   0.           0.           0.        ]]


