My SLURM_ARRAY_TASK_ID:  1
Data shape: (1, 51, 2)
Theta shape: (10, 2)
Theta: [[ 0.37041611  0.08681478]
 [ 0.28999073  0.06465039]
 [ 0.2634148   0.4070068 ]
 [ 0.0647524   0.49635162]
 [ 0.1493061   0.32638674]
 [ 0.4193769   0.42232463]
 [ 0.41279613  0.46032175]
 [ 0.28034212  0.09029943]
 [ 0.35473914  0.36041194]
 [ 0.23875756  0.3115659 ]]
1
41.6241639702
[[ -0.1469867   -0.03737895]
 [ -3.16882309 -11.59558918]
 [  0.57954916  -2.59953335]
 [ -0.25500369  -0.04954193]
 [  0.02029805   0.01375913]
 [ -0.19423586  -0.045423  ]
 [ -2.57779946  -7.5120384 ]
 [ -1.16942424  -1.97404266]
 [ -0.72890004  -0.75772702]
 [ -1.55857842  -1.36444962]]
2
Finished successfully! number of iterations:  2
0.0
[[ -0.1469867   -0.03737895]
 [ -3.16882309 -11.59558918]
 [  0.57954916  -2.59953335]
 [ -0.25500369  -0.04954193]
 [  0.02029805   0.01375913]
 [ -0.19423586  -0.045423  ]
 [ -2.57779946  -7.5120384 ]
 [ -1.16942424  -1.97404266]
 [ -0.72890004  -0.75772702]
 [ -1.55857842  -1.36444962]]
Time taken for 2D intervals exp:  1.3000061511993408 , number of intervals:  1
Avg AR burnin:  1.0 , Avg AR sampling:  1.0

 Estimated ordinary:  [[ 0.06808893  0.20096069  1.32262048 -0.07193521  0.00809775 -0.05479293
  -0.41983976 -0.32988849 -0.2056189  -0.25384178]
 [ 0.01187707 -0.74181911  0.1864769  -0.01397552  0.0054891  -0.01281359
  -1.22346694 -0.55686715 -0.21375085 -0.2222245 ]] 
 True ordinary:  [[ 0.  0.  1.  0.  0.  0.  0.  0.  0.  0.]
 [ 0. -1.  0.  0.  0.  0. -1.  0.  0.  0.]]

 Estimated hermite:  [[ -0.1469867   -3.16882309   0.57954916  -0.25500369   0.02029805
   -0.19423586  -2.57779946  -1.16942424  -0.72890004  -1.55857842]
 [ -0.03737895 -11.59558918  -2.59953335  -0.04954193   0.01375913
   -0.045423    -7.5120384   -1.97404266  -0.75772702  -1.36444962]] 
 True hermite:  [[  0.           0.           2.50662827   0.           0.           0.
    0.           0.           0.           0.        ]
 [  0.         -10.0265131    0.           0.           0.           0.
   -6.13996025   0.           0.           0.        ]]


