My SLURM_ARRAY_TASK_ID:  2
Data shape: (1, 51, 2)
Theta shape: (10, 2)
Theta: [[ 0.00818207  0.38461655]
 [ 0.05416659  0.1713144 ]
 [ 0.25222656  0.29215244]
 [ 0.35640762  0.00340856]
 [ 0.32453377  0.01183061]
 [ 0.34714301  0.11212123]
 [ 0.03807203  0.2030716 ]
 [ 0.27700537  0.22627448]
 [ 0.092118    0.28137292]
 [ 0.28121516  0.3757608 ]]
1
60.6132572109
[[-0.0899036   0.62002582]
 [-9.29028248 -9.03827079]
 [ 0.17899903 -6.96917376]
 [-0.13853007  1.23096857]
 [ 0.          0.03538827]
 [-0.10934064  0.79275348]
 [-8.23330958 -5.15553726]
 [-1.43905762 -4.57136659]
 [-2.92274431  0.12581803]
 [-1.88871359 -5.32485547]]
2
38.478644329
[[ -0.30144191   0.23673164]
 [-19.49221871  -7.95435339]
 [ -0.96089327 -10.2594074 ]
 [ -0.5234359    0.54021178]
 [ -0.04597043   0.02810208]
 [ -0.37326145   0.29969959]
 [-17.42192418  -4.15186632]
 [ -2.19044396  -6.68840846]
 [ -6.25700825   0.48821878]
 [ -2.76884001  -7.96928895]]
3
5.52491993657
[[ -0.29774242   0.39946258]
 [-19.97333277  -7.03132243]
 [ -1.22860406  -9.82343668]
 [ -0.51457912   0.83663355]
 [ -0.04549995   0.02783243]
 [ -0.36675468   0.50969028]
 [-17.8607035   -3.31308144]
 [ -2.36863172  -6.42581325]
 [ -6.40569716   0.77861619]
 [ -2.9828564   -7.61259198]]
4
1.28427678592
[[ -0.27778752   0.40664518]
 [-19.9832798   -6.87638026]
 [ -1.23774945  -9.50306432]
 [ -0.47794026   0.84588322]
 [ -0.04510808   0.02980489]
 [ -0.34084931   0.52030665]
 [-17.87145258  -3.17403727]
 [ -2.37597459  -6.2263458 ]
 [ -6.40616188   0.83042831]
 [ -2.99027797  -7.35093624]]
5
0.296731743965
[[ -0.2812071    0.40288219]
 [-20.01142651  -6.83228455]
 [ -1.24929186  -9.47158554]
 [ -0.48445963   0.83885547]
 [ -0.04568262   0.03055828]
 [ -0.34497088   0.51510277]
 [-17.89751922  -3.13424205]
 [ -2.38415089  -6.20808477]
 [ -6.41416159   0.84479953]
 [ -2.99926287  -7.32450616]]
6
0.705533123017
[[ -0.27668542   0.39979444]
 [-19.9695964   -6.74908748]
 [ -1.20835511  -9.35221156]
 [ -0.47646642   0.83195833]
 [ -0.04548341   0.03129291]
 [ -0.33891817   0.51096353]
 [-17.86063385  -3.06007675]
 [ -2.35701876  -6.13405375]
 [ -6.3992729    0.87372465]
 [ -2.96692343  -7.22630358]]
7
0.119540319108
[[ -0.27912262   0.40018666]
 [-19.97058147  -6.75181948]
 [ -1.19684438  -9.38121365]
 [ -0.48116386   0.83296761]
 [ -0.04537757   0.03127953]
 [ -0.34206443   0.51145004]
 [-17.86158803  -3.06273752]
 [ -2.34942954  -6.15225533]
 [ -6.39949305   0.87326358]
 [ -2.95766833  -7.24998383]]
8
Finished successfully! number of iterations:  8
0.00495996223882
[[ -0.27914533   0.40021525]
 [-19.97009369  -6.7527946 ]
 [ -1.19671154  -9.38168992]
 [ -0.4812106    0.83301152]
 [ -0.04537174   0.03126869]
 [ -0.34209356   0.51149675]
 [-17.86114093  -3.06362729]
 [ -2.34933975  -6.1525273 ]
 [ -6.39934578   0.87296251]
 [ -2.95756227  -7.25038427]]
Time taken for 2D intervals exp:  4.546186208724976 , number of intervals:  2
Avg AR burnin:  0.297 , Avg AR sampling:  0.131775

 Estimated ordinary:  [[ 0.12088694  2.56530572  1.63039003 -0.135747   -0.01810071 -0.09650281
  -2.90899944 -0.66273651 -1.80522211 -0.48169078]
 [-0.219616   -1.44333747  1.5353991   0.23498821  0.0124744   0.14429057
  -0.49896533 -1.73559591  0.24625818 -1.18085199]] 
 True ordinary:  [[ 0.  0.  1.  0.  0.  0.  0.  0.  0.  0.]
 [ 0. -1.  0.  0.  0.  0. -1.  0.  0.  0.]]

 Estimated hermite:  [[ -0.27914533 -19.97009369  -1.19671154  -0.4812106   -0.04537174
   -0.34209356 -17.86114093  -2.34933975  -6.39934578  -2.95756227]
 [  0.40021525  -6.7527946   -9.38168992   0.83301152   0.03126869
    0.51149675  -3.06362729  -6.1525273    0.87296251  -7.25038427]] 
 True hermite:  [[  0.           0.           2.50662827   0.           0.           0.
    0.           0.           0.           0.        ]
 [  0.         -10.0265131    0.           0.           0.           0.
   -6.13996025   0.           0.           0.        ]]


