My SLURM_ARRAY_TASK_ID:  6
Data shape: (1, 51, 2)
Theta shape: (10, 2)
Theta: [[ 0.47057343  0.14967232]
 [ 0.12837615  0.19573657]
 [ 0.19773115  0.26594632]
 [ 0.2615783   0.14641047]
 [ 0.02928686  0.06488278]
 [ 0.49361751  0.21291055]
 [ 0.06073056  0.15018241]
 [ 0.12655128  0.02202854]
 [ 0.43902892  0.185352  ]
 [ 0.27356894  0.26368399]]
1
49.4499599173
[[-0.35716408  0.31176363]
 [-7.42371017 -8.53037144]
 [ 1.2359172  -4.64449005]
 [-0.64226038  0.63353798]
 [ 0.          0.01344562]
 [-0.45080503  0.38359081]
 [-6.62954395 -4.69447283]
 [-0.75643121 -2.96199414]
 [-2.42257231  0.32369293]
 [-1.03461778 -3.675779  ]]
2
14.636351443
[[ -0.33012757   0.        ]
 [-11.14308638  -9.80770521]
 [  1.06534905  -5.37801758]
 [ -0.5926174    0.05786231]
 [ -0.01141636   0.02192771]
 [ -0.42040396   0.        ]
 [ -9.99041256  -5.85530796]
 [ -0.85187148  -3.42394812]
 [ -3.5993832   -0.03454131]
 [ -1.16893381  -4.26023825]]
3
1.49941024447
[[ -0.33616406   0.        ]
 [-11.09693603  -9.39379512]
 [  0.96026701  -5.45233687]
 [ -0.60324094   0.05748651]
 [ -0.01136473   0.021955  ]
 [ -0.42856044   0.        ]
 [ -9.94704781  -5.48015473]
 [ -0.91860143  -3.47862028]
 [ -3.58657294   0.09485744]
 [ -1.25516258  -4.31694824]]
4
0.699969913712
[[ -3.52361536e-01   0.00000000e+00]
 [ -1.11873129e+01  -9.46191871e+00]
 [  8.61250764e-01  -5.44659777e+00]
 [ -6.32849202e-01   7.12939884e-02]
 [ -1.04024566e-02   2.15206822e-02]
 [ -4.48807681e-01   0.00000000e+00]
 [ -1.00300447e+01  -5.54190751e+00]
 [ -9.83729833e-01  -3.47430588e+00]
 [ -3.61352466e+00   7.46163661e-02]
 [ -1.33370718e+00  -4.31263131e+00]]
5
0.444306702366
[[ -3.56616186e-01   1.54369360e-02]
 [ -1.12657077e+01  -9.50905492e+00]
 [  8.29840558e-01  -5.43190935e+00]
 [ -6.40598897e-01   8.15071133e-02]
 [ -1.00428690e-02   2.09512065e-02]
 [ -4.54157915e-01   0.00000000e+00]
 [ -1.01015466e+01  -5.58387186e+00]
 [ -1.00442076e+00  -3.46495886e+00]
 [ -3.63764672e+00   5.85107263e-02]
 [ -1.35859101e+00  -4.30075497e+00]]
6
0.201229432813
[[ -0.35787021   0.01306905]
 [-11.29609344  -9.46969979]
 [  0.82667549  -5.44021296]
 [ -0.64300776   0.07680465]
 [  0.           0.02071614]
 [ -0.45562919   0.        ]
 [-10.12920496  -5.54786527]
 [ -1.00701165  -3.47070757]
 [ -3.64706832   0.07048927]
 [ -1.36075492  -4.30737818]]
7
0.0931538822763
[[ -0.35583254   0.01279838]
 [-11.3042577   -9.45714412]
 [  0.83549217  -5.44084975]
 [ -0.63917416   0.07634312]
 [  0.           0.02061003]
 [ -0.45309866   0.        ]
 [-10.13686228  -5.53633574]
 [ -1.00103749  -3.4711249 ]
 [ -3.64928092   0.07424233]
 [ -1.35382944  -4.30786473]]
8
Finished successfully! number of iterations:  8
0.028693371829
[[ -0.35563595   0.01309039]
 [-11.30584492  -9.45564694]
 [  0.8362214   -5.43953532]
 [ -0.63879986   0.07690614]
 [  0.           0.02061615]
 [ -0.45285621   0.        ]
 [-10.13832868  -5.53498566]
 [ -1.00053222  -3.47022165]
 [ -3.64974315   0.07472356]
 [ -1.35326122  -4.30683417]]
Time taken for 2D intervals exp:  4.538978576660156 , number of intervals:  6
Avg AR burnin:  0.224 , Avg AR sampling:  0.043575

 Estimated ordinary:  [[ 0.16607228  1.47280684  1.27705583 -0.18020211  0.         -0.12774838
  -1.65120429 -0.28224493 -1.02957353 -0.22040228]
 [-0.01647251 -1.08892859  0.91320082  0.02169482  0.00822466  0.
  -0.9014693  -0.97893146  0.02107913 -0.70144333]] 
 True ordinary:  [[ 0.  0.  1.  0.  0.  0.  0.  0.  0.  0.]
 [ 0. -1.  0.  0.  0.  0. -1.  0.  0.  0.]]

 Estimated hermite:  [[ -0.35563595 -11.30584492   0.8362214   -0.63879986   0.          -0.45285621
  -10.13832868  -1.00053222  -3.64974315  -1.35326122]
 [  0.01309039  -9.45564694  -5.43953532   0.07690614   0.02061615   0.
   -5.53498566  -3.47022165   0.07472356  -4.30683417]] 
 True hermite:  [[  0.           0.           2.50662827   0.           0.           0.
    0.           0.           0.           0.        ]
 [  0.         -10.0265131    0.           0.           0.           0.
   -6.13996025   0.           0.           0.        ]]


