My SLURM_ARRAY_TASK_ID:  9
Data shape: (1, 51, 2)
Theta shape: (10, 2)
Theta: [[ 0.1009716   0.3651275 ]
 [ 0.39119206  0.18178234]
 [ 0.32896717  0.31895491]
 [ 0.44526529  0.37131177]
 [ 0.17332972  0.11390226]
 [ 0.17794338  0.27763431]
 [ 0.28099834  0.34928279]
 [ 0.06602044  0.46637752]
 [ 0.44540075  0.34239292]
 [ 0.4171909   0.45243389]]
1
41.6163516817
[[-0.32581273  0.23109896]
 [-5.57172859 -8.95253632]
 [ 1.47005073 -2.70094608]
 [-0.59520684  0.46639802]
 [ 0.          0.03629111]
 [-0.40062982  0.29151846]
 [-4.97505976 -5.09706825]
 [-0.60054964 -1.73155498]
 [-1.8381073   0.21758012]
 [-0.85427025 -2.11834765]]
2
15.3216844493
[[-0.44783998 -0.08102594]
 [-9.01804919 -9.86742073]
 [ 1.35679422 -4.17974032]
 [-0.81629113 -0.10353712]
 [-0.01362416  0.01624537]
 [-0.56964074 -0.10532291]
 [-8.08611742 -5.9124314 ]
 [-0.65345749 -2.63892248]
 [-2.92908194 -0.05010332]
 [-0.94198642 -3.32901216]]
3
1.13076068269
[[-0.44558547 -0.08192045]
 [-9.19045943 -9.72655456]
 [ 1.26267968 -4.10348183]
 [-0.81113485 -0.10573426]
 [-0.01354669  0.01613844]
 [-0.5664941  -0.10749451]
 [-8.24281334 -5.78574249]
 [-0.7139954  -2.59040819]
 [-2.98311822  0.        ]
 [-1.01781065 -3.26705556]]
4
0.603397835136
[[-0.45320169 -0.07875181]
 [-9.30506779 -9.68094611]
 [ 1.19634568 -4.08551207]
 [-0.8248091  -0.09966149]
 [-0.01316368  0.01594447]
 [-0.57629314 -0.10359404]
 [-8.34726341 -5.74409348]
 [-0.75615375 -2.57833402]
 [-3.01833382  0.01064063]
 [-1.07145884 -3.25282268]]
5
0.107131336848
[[-0.45391742 -0.07629869]
 [-9.30925519 -9.70964395]
 [ 1.18862237 -4.08475416]
 [-0.82602178 -0.09502273]
 [-0.01313798  0.01574742]
 [-0.57725968 -0.10055395]
 [-8.3511106  -5.76986213]
 [-0.76093502 -2.57754594]
 [-3.01953198  0.        ]
 [-1.07776818 -3.25242895]]
6
0.068642189211
[[-0.45501404 -0.07529759]
 [-9.32105536 -9.7059397 ]
 [ 1.18478036 -4.0787314 ]
 [-0.82808999 -0.09314777]
 [-0.01307968  0.01577891]
 [-0.57858069 -0.09929273]
 [-8.36188625 -5.76654753]
 [-0.76371312 -2.57360238]
 [-3.02314082  0.        ]
 [-1.08064973 -3.24760662]]
7
0.146480131212
[[-0.46197824 -0.07534372]
 [-9.32172929 -9.70346541]
 [ 1.14211504 -4.08031864]
 [-0.84092413 -0.09317255]
 [-0.01308452  0.01578111]
 [-0.58743574 -0.09938193]
 [-8.3625068  -5.76430493]
 [-0.791356   -2.57450626]
 [-3.02317592  0.        ]
 [-1.11490499 -3.24894024]]
8
0.0790633847243
[[-0.46125913 -0.07670428]
 [-9.3338284  -9.69310978]
 [ 1.14353299 -4.08587428]
 [-0.83954689 -0.09572789]
 [-0.01298141  0.01563676]
 [-0.58655732 -0.10107889]
 [-8.3736104  -5.75471766]
 [-0.7902541  -2.57827153]
 [-3.02681208  0.        ]
 [-1.11387375 -3.25330271]]
9
Finished successfully! number of iterations:  9
0.00621206723577
[[-0.46125913 -0.07670428]
 [-9.3338284  -9.69310978]
 [ 1.14353299 -4.08587428]
 [-0.83954689 -0.09572789]
 [-0.01298141  0.01563676]
 [-0.58655732 -0.10107889]
 [-8.3736104  -5.75471766]
 [-0.7902541  -2.57827153]
 [-3.02681208  0.        ]
 [-1.11387375 -3.25330271]]
Time taken for 2D intervals exp:  5.080496788024902 , number of intervals:  9
Avg AR burnin:  0.191777777778 , Avg AR sampling:  0.0287555555556

 Estimated ordinary:  [[ 0.2182808   1.22155621  1.22337174 -0.2368318  -0.00517883 -0.16546476
  -1.36378902 -0.22292657 -0.85384792 -0.18141384]
 [ 0.02491759 -1.05522182  0.68686085 -0.02700434  0.00623816 -0.02851383
  -0.9372565  -0.72731697  0.         -0.52985729]] 
 True ordinary:  [[ 0.  0.  1.  0.  0.  0.  0.  0.  0.  0.]
 [ 0. -1.  0.  0.  0.  0. -1.  0.  0.  0.]]

 Estimated hermite:  [[-0.46125913 -9.3338284   1.14353299 -0.83954689 -0.01298141 -0.58655732
  -8.3736104  -0.7902541  -3.02681208 -1.11387375]
 [-0.07670428 -9.69310978 -4.08587428 -0.09572789  0.01563676 -0.10107889
  -5.75471766 -2.57827153  0.         -3.25330271]] 
 True hermite:  [[  0.           0.           2.50662827   0.           0.           0.
    0.           0.           0.           0.        ]
 [  0.         -10.0265131    0.           0.           0.           0.
   -6.13996025   0.           0.           0.        ]]


