My SLURM_ARRAY_TASK_ID:  8
Data shape: (1, 51, 2)
Theta shape: (10, 2)
Theta: [[ 0.45225567  0.38042511]
 [ 0.3876733   0.24086761]
 [ 0.30849125  0.1391584 ]
 [ 0.49591046  0.18568306]
 [ 0.31151022  0.333569  ]
 [ 0.06298259  0.33932125]
 [ 0.0689269   0.0751765 ]
 [ 0.46489146  0.1407282 ]
 [ 0.19739849  0.06083907]
 [ 0.05395534  0.11835737]]
1
44.7005737617
[[-0.34630662 -0.02815701]
 [-6.29966933 -8.55341714]
 [ 1.48360906 -3.5293757 ]
 [-0.6261612   0.        ]
 [ 0.          0.        ]
 [-0.44565155 -0.04419072]
 [-5.63396197 -4.74609378]
 [-0.5843458  -2.20464316]
 [-2.04522152  0.38057337]
 [-0.84411564 -2.81758418]]
2
11.5313441975
[[-0.32374242  0.10845958]
 [-9.63680195 -8.90533378]
 [ 1.07356112 -4.19817517]
 [-0.58182932  0.24771232]
 [ 0.          0.03569199]
 [-0.40883736  0.12799708]
 [-8.63811194 -5.04735274]
 [-0.83751872 -2.65694275]
 [-3.1282575   0.26349333]
 [-1.17198741 -3.33945794]]
3
0.20915846479
[[-0.31849039  0.08830452]
 [-9.60887728 -8.90492389]
 [ 1.07238534 -4.20658752]
 [-0.57175302  0.20894435]
 [ 0.          0.03393272]
 [-0.40283986  0.10406383]
 [-8.61419298 -5.04499645]
 [-0.83515727 -2.66838888]
 [-3.11726159  0.26097851]
 [-1.17509969 -3.34221732]]
4
Finished successfully! number of iterations:  4
0.00582915941566
[[-0.31849039  0.08830452]
 [-9.60887728 -8.90492389]
 [ 1.07238534 -4.20658752]
 [-0.57175302  0.20894435]
 [ 0.          0.03393272]
 [-0.40283986  0.10406383]
 [-8.61419298 -5.04499645]
 [-0.83515727 -2.66838888]
 [-3.11726159  0.26097851]
 [-1.17509969 -3.34221732]]
Time taken for 2D intervals exp:  2.47666335105896 , number of intervals:  8
Avg AR burnin:  0.268 , Avg AR sampling:  0.0494

 Estimated ordinary:  [[ 0.14786829  1.25489217  1.23757003 -0.16128855  0.         -0.11363903
  -1.40297211 -0.23559352 -0.87936326 -0.19138555]
 [-0.05306957 -1.16117339  0.70756877  0.05894211  0.0135372   0.02935587
  -0.82166598 -0.75273861  0.07362068 -0.54433859]] 
 True ordinary:  [[ 0.  0.  1.  0.  0.  0.  0.  0.  0.  0.]
 [ 0. -1.  0.  0.  0.  0. -1.  0.  0.  0.]]

 Estimated hermite:  [[-0.31849039 -9.60887728  1.07238534 -0.57175302  0.         -0.40283986
  -8.61419298 -0.83515727 -3.11726159 -1.17509969]
 [ 0.08830452 -8.90492389 -4.20658752  0.20894435  0.03393272  0.10406383
  -5.04499645 -2.66838888  0.26097851 -3.34221732]] 
 True hermite:  [[  0.           0.           2.50662827   0.           0.           0.
    0.           0.           0.           0.        ]
 [  0.         -10.0265131    0.           0.           0.           0.
   -6.13996025   0.           0.           0.        ]]


