My SLURM_ARRAY_TASK_ID:  1
Data shape: (10, 51, 3)
Theta shape: (20, 3)
Theta: [[ 0.19324695  0.10939108  0.37871614]
 [ 0.44084017  0.09168268  0.20988706]
 [ 0.42326651  0.25958313  0.26775311]
 [ 0.22229499  0.02614409  0.29231681]
 [ 0.21940656  0.00112667  0.24664424]
 [ 0.42560665  0.29417736  0.18481312]
 [ 0.00053755  0.21140334  0.28264092]
 [ 0.42567513  0.31124282  0.28005563]
 [ 0.33903843  0.06046797  0.4485808 ]
 [ 0.01028766  0.33471542  0.06905198]
 [ 0.16688347  0.42836354  0.09997541]
 [ 0.45895525  0.20665718  0.0345434 ]
 [ 0.43483272  0.22838901  0.31563597]
 [ 0.47341425  0.07487108  0.34724642]
 [ 0.18786409  0.0968322   0.27321969]
 [ 0.15066694  0.49983973  0.10814759]
 [ 0.29784926  0.45850289  0.36734756]
 [ 0.25780291  0.18794321  0.06575695]
 [ 0.03106183  0.28987071  0.3773692 ]
 [ 0.33182468  0.46408779  0.37909016]]
1
327.674944565
[[ -1.07260948e+01  -1.27356955e+01   9.35722213e+01]
 [  3.00808381e+01   2.90601510e+01  -1.75839320e+01]
 [ -3.32038739e+01  -2.33941405e+01   8.01196162e+00]
 [  4.12285496e+00   4.49842062e+00   8.17321105e+00]
 [ -5.04599499e-01  -9.39375638e-01  -3.32872003e+00]
 [  1.77697179e+00   2.27472115e+00   1.02334232e+01]
 [ -1.26555461e+00  -1.44447974e+00  -6.40561294e+00]
 [ -3.41840873e+00  -2.49345290e+00   1.25218534e+00]
 [  3.02626271e+00   1.11456868e+00  -5.38786774e-01]
 [ -5.42617347e-01  -6.21074277e-01  -2.01908664e+00]
 [ -7.31295304e-01  -5.17388634e-01   1.10893540e-01]
 [  4.06675487e-01   2.02720056e-02  -3.74559346e-02]
 [ -1.88875801e-01   0.00000000e+00  -2.44891731e-02]
 [  6.49568065e-02   5.84999905e-02   2.82023450e-02]
 [ -3.33395710e-02  -3.62651505e-02  -9.43295989e-02]
 [ -1.99955369e-02  -2.41444975e-02  -1.57056169e-01]
 [  2.51365709e-02   2.58692282e-02   1.22823342e-01]
 [  1.21921705e-01   8.39597781e-02  -3.35284810e-02]
 [ -7.95447001e-02   0.00000000e+00   1.28868529e-02]
 [  2.37659223e-02   2.84632023e-02   9.24438620e-02]]
2
Finished successfully! number of iterations:  2
0.00891992877041
[[ -1.07260948e+01  -1.27356955e+01   9.35722213e+01]
 [  3.00808381e+01   2.90601510e+01  -1.75839320e+01]
 [ -3.32038739e+01  -2.33941405e+01   8.01196162e+00]
 [  4.12285496e+00   4.49842062e+00   8.17321105e+00]
 [ -5.04599499e-01  -9.39375638e-01  -3.32872003e+00]
 [  1.77697179e+00   2.27472115e+00   1.02334232e+01]
 [ -1.26555461e+00  -1.44447974e+00  -6.40561294e+00]
 [ -3.41840873e+00  -2.49345290e+00   1.25218534e+00]
 [  3.02626271e+00   1.11456868e+00  -5.38786774e-01]
 [ -5.42617347e-01  -6.21074277e-01  -2.01908664e+00]
 [ -7.31295304e-01  -5.17388634e-01   1.10893540e-01]
 [  4.06675487e-01   2.02720056e-02  -3.74559346e-02]
 [ -1.88875801e-01   0.00000000e+00  -2.44891731e-02]
 [  6.49568065e-02   5.84999905e-02   2.82023450e-02]
 [ -3.33395710e-02  -3.62651505e-02  -9.43295989e-02]
 [ -1.99955369e-02  -2.41444975e-02  -1.57056169e-01]
 [  2.51365709e-02   2.58692282e-02   1.22823342e-01]
 [  1.21921705e-01   8.39597781e-02  -3.35284810e-02]
 [ -7.95447001e-02   0.00000000e+00   1.28868529e-02]
 [  2.37659223e-02   2.84632023e-02   9.24438620e-02]]
Time taken for 3Dl intervals exp:  12.503266096115112 , number of intervals:  1
Avg AR burnin:  1.0 , Avg AR sampling:  1.0

 Estimated ordinary:  [[ -2.29067410e+00   7.81736768e+00  -8.44502674e+00   1.03300183e+00
   -8.99077058e-02   4.47760350e-01  -2.25491924e-01  -8.61368701e-01
    7.62555970e-01  -9.66815878e-02  -7.52284750e-02   7.24599611e-02
   -3.36532042e-02   6.68211797e-03  -5.94032367e-03  -5.03846409e-03
    4.47874290e-03   2.17235666e-02  -1.41729857e-02   2.44480456e-03]
 [ -2.67372592e+00   7.46727238e+00  -5.91650801e+00   1.12657775e+00
   -1.67374539e-01   5.73182951e-01  -2.57372153e-01  -6.28298853e-01
    2.80848387e-01  -1.10660759e-01  -5.32238587e-02   3.61199232e-03
    0.00000000e+00   6.01790419e-03  -6.46159279e-03  -6.08391685e-03
    4.60928512e-03   1.49596483e-02   0.00000000e+00   2.92801457e-03]
 [  2.56724571e+01  -4.45467479e+00   2.01452366e+00   2.02587505e+00
   -5.93099244e-01   2.57861220e+00  -1.14132885e+00   3.15524954e-01
   -1.35763187e-01  -3.59753523e-01   1.14076377e-02  -6.67376238e-03
   -4.36339191e-03   2.90118013e-03  -1.68073053e-02  -3.95749249e-02
    2.18842170e-02  -5.97398296e-03   2.29613265e-03   9.50971615e-03]] 
 True ordinary:  [[  0.         -10.          10.           0.           0.           0.
    0.           0.           0.           0.           0.           0.
    0.           0.           0.           0.           0.           0.
    0.           0.        ]
 [  0.          28.          -1.           0.           0.           0.
    0.          -1.           0.           0.           0.           0.
    0.           0.           0.           0.           0.           0.
    0.           0.        ]
 [  0.           0.           0.          -2.66666667   0.           1.
    0.           0.           0.           0.           0.           0.
    0.           0.           0.           0.           0.           0.
    0.           0.        ]]

 Estimated hermite:  [[ -1.07260948e+01   3.00808381e+01  -3.32038739e+01   4.12285496e+00
   -5.04599499e-01   1.77697179e+00  -1.26555461e+00  -3.41840873e+00
    3.02626271e+00  -5.42617347e-01  -7.31295304e-01   4.06675487e-01
   -1.88875801e-01   6.49568065e-02  -3.33395710e-02  -1.99955369e-02
    2.51365709e-02   1.21921705e-01  -7.95447001e-02   2.37659223e-02]
 [ -1.27356955e+01   2.90601510e+01  -2.33941405e+01   4.49842062e+00
   -9.39375638e-01   2.27472115e+00  -1.44447974e+00  -2.49345290e+00
    1.11456868e+00  -6.21074277e-01  -5.17388634e-01   2.02720056e-02
    0.00000000e+00   5.84999905e-02  -3.62651505e-02  -2.41444975e-02
    2.58692282e-02   8.39597781e-02   0.00000000e+00   2.84632023e-02]
 [  9.35722213e+01  -1.75839320e+01   8.01196162e+00   8.17321105e+00
   -3.32872003e+00   1.02334232e+01  -6.40561294e+00   1.25218534e+00
   -5.38786774e-01  -2.01908664e+00   1.10893540e-01  -3.74559346e-02
   -2.44891731e-02   2.82023450e-02  -9.43295989e-02  -1.57056169e-01
    1.22823342e-01  -3.35284810e-02   1.28868529e-02   9.24438620e-02]] 
 True hermite:  [[   0.          -39.68577824   39.68577824    0.            0.            0.
     0.            0.            0.            0.            0.            0.
     0.            0.            0.            0.            0.            0.
     0.            0.        ]
 [   0.          111.12017907   -3.96857782    0.            0.            0.
     0.           -3.96857782    0.            0.            0.            0.
     0.            0.            0.            0.            0.            0.
     0.            0.        ]
 [   0.            0.            0.          -10.5828742     0.
     3.96857782    0.            0.            0.            0.            0.
     0.            0.            0.            0.            0.            0.
     0.            0.            0.        ]]


