My SLURM_ARRAY_TASK_ID:  8
Data shape: (10, 51, 3)
Theta shape: (20, 3)
Theta: [[ 0.10971241  0.01571907  0.49596955]
 [ 0.47408155  0.33399023  0.13428783]
 [ 0.40186246  0.34032223  0.39991313]
 [ 0.04630061  0.35345504  0.1251692 ]
 [ 0.2630961   0.27297458  0.37056434]
 [ 0.2061456   0.11644884  0.05930172]
 [ 0.06590012  0.25905668  0.13908855]
 [ 0.16938225  0.28715804  0.20284226]
 [ 0.37733597  0.38389359  0.19197109]
 [ 0.1274936   0.39581989  0.22684971]
 [ 0.43670513  0.14318639  0.05067019]
 [ 0.48117198  0.46311052  0.41734075]
 [ 0.15129146  0.24417761  0.13970544]
 [ 0.37021483  0.28615849  0.250463  ]
 [ 0.2196431   0.11635378  0.41783698]
 [ 0.2457174   0.22228903  0.04223504]
 [ 0.06890049  0.10503561  0.35377698]
 [ 0.43939708  0.14542257  0.15505528]
 [ 0.14301129  0.27945668  0.35440983]
 [ 0.42557826  0.39678924  0.10249267]]
1
285.10294955
[[ -2.18775240e+00   6.78779338e-01   8.37176841e+01]
 [  3.21320779e+01   5.32539982e+01   9.49022086e+00]
 [ -2.66581725e+01  -3.04196863e+01  -3.10875822e+00]
 [ -7.99941631e-01  -1.64344931e+00  -2.63261397e+00]
 [  3.62894877e-01   4.35135219e-01   9.40052245e+00]
 [ -3.83147802e-01  -5.65976882e-01  -5.66521381e+00]
 [ -4.58073265e-02   1.30597045e-01   1.86680561e+00]
 [ -2.07806623e+00  -3.60094356e+00  -6.51283465e-01]
 [  2.42111942e+00   2.47537817e+00   2.49872334e-01]
 [  1.78627098e-01   2.60016007e-01  -2.93252020e-01]
 [  1.18223704e-01  -9.15290443e-02  -3.18726109e-02]
 [  6.24827584e-02   1.01344507e-01   5.70883118e-02]
 [  2.17401624e-02   6.93766261e-02  -2.67774845e-02]
 [ -1.07341163e-01  -1.38627036e-01   0.00000000e+00]
 [  2.20151814e-02   2.57862131e-02  -2.19743486e-01]
 [ -1.90579725e-02  -1.64655293e-02   1.23653257e-01]
 [  2.02569295e-02   1.50880697e-02  -3.18889361e-02]
 [  4.07714414e-02   8.57750213e-02   1.70789322e-02]
 [ -7.78918401e-02  -7.55712657e-02   0.00000000e+00]
 [  0.00000000e+00  -1.26584454e-02   1.05889666e-02]]
2
2.01388249637
[[ -2.06753097e+00   7.15652521e-01   8.38027707e+01]
 [  3.23273695e+01   5.35263667e+01   9.91623498e+00]
 [ -2.67575976e+01  -3.05694936e+01  -3.39828273e+00]
 [ -8.31519986e-01  -1.65993137e+00  -2.61763483e+00]
 [  3.52462547e-01   4.31925894e-01   9.43459911e+00]
 [ -3.80889520e-01  -5.77547285e-01  -5.69360693e+00]
 [ -4.16237525e-02   1.42774625e-01   1.87681943e+00]
 [ -2.08881971e+00  -3.61791039e+00  -6.87835532e-01]
 [  2.42643337e+00   2.48494639e+00   2.75192225e-01]
 [  1.81152330e-01   2.62047869e-01  -2.94845791e-01]
 [  1.17675413e-01  -9.26498627e-02  -3.84202709e-02]
 [  6.35128353e-02   1.02714499e-01   6.27535752e-02]
 [  2.08705592e-02   6.85187119e-02  -2.97957187e-02]
 [ -1.06964870e-01  -1.38361332e-01   0.00000000e+00]
 [  2.21741025e-02   2.59026767e-02  -2.20555618e-01]
 [ -1.89830675e-02  -1.61558728e-02   1.24328549e-01]
 [  2.00729106e-02   1.47812490e-02  -3.20879783e-02]
 [  4.09940607e-02   8.61764887e-02   1.82592765e-02]
 [ -7.80061272e-02  -7.58134662e-02  -1.01795635e-02]
 [  0.00000000e+00  -1.27294349e-02   1.06240550e-02]]
3
0.227042982059
[[ -2.05439904e+00   7.47489680e-01   8.38095347e+01]
 [  3.23088376e+01   5.35212262e+01   9.96402425e+00]
 [ -2.67502098e+01  -3.05681790e+01  -3.42847412e+00]
 [ -8.30534564e-01  -1.66335055e+00  -2.61655211e+00]
 [  3.57134004e-01   4.37086459e-01   9.44195063e+00]
 [ -3.84500626e-01  -5.81269643e-01  -5.69881091e+00]
 [ -4.03069034e-02   1.44232453e-01   1.87864700e+00]
 [ -2.08657520e+00  -3.61679333e+00  -6.90935134e-01]
 [  2.42589489e+00   2.48490749e+00   2.77237023e-01]
 [  1.81031263e-01   2.62273462e-01  -2.94906708e-01]
 [  1.18251034e-01  -9.21574681e-02  -3.85840853e-02]
 [  6.32949531e-02   1.02562305e-01   6.30629291e-02]
 [  2.09407239e-02   6.85700782e-02  -3.00016937e-02]
 [ -1.07037129e-01  -1.38431053e-01   0.00000000e+00]
 [  2.20914533e-02   2.58098368e-02  -2.20703055e-01]
 [ -1.89108957e-02  -1.60796571e-02   1.24442187e-01]
 [  2.00422136e-02   1.47412893e-02  -3.21358490e-02]
 [  4.09064680e-02   8.61211225e-02   1.83329463e-02]
 [ -7.79985890e-02  -7.58205080e-02  -1.02399812e-02]
 [  0.00000000e+00  -1.27400640e-02   1.06192583e-02]]
4
0.288094835741
[[ -2.07119762e+00   7.32466499e-01   8.37758421e+01]
 [  3.23426691e+01   5.35329978e+01   1.00121398e+01]
 [ -2.67740051e+01  -3.05783037e+01  -3.45218621e+00]
 [ -8.25044377e-01  -1.65861874e+00  -2.60981427e+00]
 [  3.58589013e-01   4.38116370e-01   9.43667145e+00]
 [ -3.85036572e-01  -5.80966381e-01  -5.69178754e+00]
 [ -4.03137490e-02   1.43545009e-01   1.87492950e+00]
 [ -2.09099383e+00  -3.61887734e+00  -6.93397044e-01]
 [  2.42885595e+00   2.48639977e+00   2.78069282e-01]
 [  1.80490343e-01   2.61798984e-01  -2.95692447e-01]
 [  1.16969492e-01  -9.28698086e-02  -3.85982726e-02]
 [  6.43783820e-02   1.03119652e-01   6.30976638e-02]
 [  2.03379275e-02   6.82565965e-02  -3.01006122e-02]
 [ -1.06800525e-01  -1.38297135e-01   0.00000000e+00]
 [  2.20324982e-02   2.57714060e-02  -2.20650279e-01]
 [ -1.88841477e-02  -1.60878609e-02   1.24306116e-01]
 [  2.00369169e-02   1.47645594e-02  -3.20551560e-02]
 [  4.10848147e-02   8.62133163e-02   1.83753687e-02]
 [ -7.81105951e-02  -7.58776602e-02  -1.02431202e-02]
 [  0.00000000e+00  -1.27238805e-02   1.06550658e-02]]
5
0.275971045053
[[ -2.05415662e+00   7.49990288e-01   8.38084425e+01]
 [  3.23120576e+01   5.35272188e+01   9.96417051e+00]
 [ -2.67520461e+01  -3.05714789e+01  -3.42822906e+00]
 [ -8.30606741e-01  -1.66385198e+00  -2.61621181e+00]
 [  3.57358675e-01   4.37411170e-01   9.44238771e+00]
 [ -3.84812539e-01  -5.81721398e-01  -5.69915481e+00]
 [ -4.01156328e-02   1.44483293e-01   1.87875798e+00]
 [ -2.08678402e+00  -3.61721844e+00  -6.90856774e-01]
 [  2.42600423e+00   2.48513409e+00   2.77159963e-01]
 [  1.81042721e-01   2.62319428e-01  -2.94932362e-01]
 [  1.18242015e-01  -9.21918123e-02  -3.85478284e-02]
 [  6.32949582e-02   1.02583670e-01   6.30440011e-02]
 [  2.09491126e-02   6.85636704e-02  -3.00049997e-02]
 [ -1.07043393e-01  -1.38430183e-01   0.00000000e+00]
 [  2.20868444e-02   2.58033587e-02  -2.20711987e-01]
 [ -1.89028423e-02  -1.60683798e-02   1.24448570e-01]
 [  2.00365133e-02   1.47346984e-02  -3.21364308e-02]
 [  4.09114074e-02   8.61324044e-02   1.83284985e-02]
 [ -7.80009422e-02  -7.58262378e-02  -1.02366172e-02]
 [  0.00000000e+00  -1.27417141e-02   1.06196320e-02]]
6
0.126285891454
[[ -2.05327043e+00   7.55996372e-01   8.38007949e+01]
 [  3.23291894e+01   5.35374623e+01   9.99071327e+00]
 [ -2.67608245e+01  -3.05764916e+01  -3.44187638e+00]
 [ -8.30849333e-01  -1.66492019e+00  -2.61400920e+00]
 [  3.55615425e-01   4.35538806e-01   9.44241356e+00]
 [ -3.83673214e-01  -5.80321711e-01  -5.69919160e+00]
 [ -4.04707938e-02   1.43981772e-01   1.87879015e+00]
 [ -2.08806079e+00  -3.61796742e+00  -6.93012603e-01]
 [  2.42661343e+00   2.48546486e+00   2.78180310e-01]
 [  1.81053679e-01   2.62385184e-01  -2.95146465e-01]
 [  1.18160360e-01  -9.22417920e-02  -3.88241244e-02]
 [  6.33539802e-02   1.02616521e-01   6.31986555e-02]
 [  2.09218736e-02   6.85506973e-02  -3.00471420e-02]
 [ -1.07036357e-01  -1.38427447e-01   0.00000000e+00]
 [  2.21235412e-02   2.58422103e-02  -2.20725276e-01]
 [ -1.89237875e-02  -1.60974350e-02   1.24458406e-01]
 [  2.00416364e-02   1.47444323e-02  -3.21410641e-02]
 [  4.09452105e-02   8.61520277e-02   1.83931844e-02]
 [ -7.80151276e-02  -7.58334921e-02  -1.02630791e-02]
 [  0.00000000e+00  -1.27420383e-02   1.06273556e-02]]
7
0.161830696355
[[ -2.06924928e+00   7.38455416e-01   8.37703147e+01]
 [  3.23404266e+01   5.35314748e+01   9.98804973e+00]
 [ -2.67739238e+01  -3.05793416e+01  -3.43825896e+00]
 [ -8.26058040e-01  -1.66014524e+00  -2.60811409e+00]
 [  3.58386267e-01   4.37461495e-01   9.44058239e+00]
 [ -3.84835768e-01  -5.80649222e-01  -5.69542513e+00]
 [ -4.04279917e-02   1.43479219e-01   1.87662334e+00]
 [ -2.09061439e+00  -3.61860122e+00  -6.91547867e-01]
 [  2.42872730e+00   2.48642070e+00   2.77047628e-01]
 [  1.80617400e-01   2.61960997e-01  -2.95810687e-01]
 [  1.17078394e-01  -9.27969384e-02  -3.83714235e-02]
 [  6.43156101e-02   1.03123394e-01   6.29544344e-02]
 [  2.03495104e-02   6.82111914e-02  -3.00702354e-02]
 [ -1.06795050e-01  -1.38262100e-01   0.00000000e+00]
 [  2.20497052e-02   2.57965187e-02  -2.20731867e-01]
 [ -1.88981228e-02  -1.61008822e-02   1.24387978e-01]
 [  2.00433866e-02   1.47675008e-02  -3.20944112e-02]
 [  4.10690338e-02   8.62016281e-02   1.83223848e-02]
 [ -7.81049444e-02  -7.58784207e-02  -1.02159231e-02]
 [  0.00000000e+00  -1.27298561e-02   1.06557471e-02]]
8
Finished successfully! number of iterations:  8
0.039318392387
[[ -2.06742432e+00   7.41552349e-01   8.37708371e+01]
 [  3.23378431e+01   5.35318917e+01   9.99264966e+00]
 [ -2.67711707e+01  -3.05782144e+01  -3.44026190e+00]
 [ -8.26377017e-01  -1.66051869e+00  -2.60783325e+00]
 [  3.58136863e-01   4.37248886e-01   9.43926941e+00]
 [ -3.84769968e-01  -5.80533323e-01  -5.69339989e+00]
 [ -4.03079336e-02   1.43500943e-01   1.87532778e+00]
 [ -2.09038486e+00  -3.61856828e+00  -6.91976020e-01]
 [  2.42851466e+00   2.48628841e+00   2.77269903e-01]
 [  1.80628036e-01   2.61974290e-01  -2.95865597e-01]
 [  1.17093174e-01  -9.27653469e-02  -3.84377454e-02]
 [  6.43279069e-02   1.03082649e-01   6.29810801e-02]
 [  2.03226993e-02   6.82403706e-02  -3.00434719e-02]
 [ -1.06773702e-01  -1.38275041e-01   0.00000000e+00]
 [  2.20516688e-02   2.58007308e-02  -2.20701033e-01]
 [ -1.88958070e-02  -1.61030745e-02   1.24334504e-01]
 [  2.00373912e-02   1.47666338e-02  -3.20588724e-02]
 [  4.10622103e-02   8.61988437e-02   1.83365568e-02]
 [ -7.81000695e-02  -7.58733425e-02  -1.02237224e-02]
 [  0.00000000e+00  -1.27297505e-02   1.06583319e-02]]
Time taken for 3Dl intervals exp:  51.75483703613281 , number of intervals:  8
Avg AR burnin:  0.19245 , Avg AR sampling:  0.0240275

 Estimated ordinary:  [[ -6.09761664e-01   8.10139794e+00  -6.71037912e+00  -2.15729290e-01
    6.38115253e-02  -9.69541195e-02  -7.18192119e-03  -5.26733997e-01
    6.11935754e-01   3.21836473e-02   1.20453951e-02   1.14617128e-02
    3.62102474e-03  -1.09838293e-02   3.92908625e-03  -4.76135478e-03
    3.57018958e-03   7.31631547e-03  -1.39155867e-02   0.00000000e+00]
 [  3.67024197e-02   1.34900468e+01  -7.66725614e+00  -4.21716173e-01
    7.79074182e-02  -1.46282459e-01   2.55684768e-02  -9.11804794e-01
    6.26493549e-01   4.66776275e-02  -9.54278736e-03   1.83668920e-02
    1.21588213e-02  -1.42243774e-02   4.59708050e-03  -4.05764361e-03
    2.63106518e-03   1.53585969e-02  -1.35188366e-02  -1.30951164e-03]
 [  1.91452507e+01   2.53189041e+00  -8.76275366e-01  -6.15373781e-01
    1.68185474e+00  -1.43461969e+00   3.34139091e-01  -1.74363727e-01
    6.98663138e-02  -5.27162574e-02  -3.95409755e-03   1.12217401e-02
   -5.35303669e-03   0.00000000e+00  -3.93237083e-02   3.13297382e-02
   -5.71213343e-03   3.26714108e-03  -1.82162573e-03   1.09642446e-03]] 
 True ordinary:  [[  0.         -10.          10.           0.           0.           0.
    0.           0.           0.           0.           0.           0.
    0.           0.           0.           0.           0.           0.
    0.           0.        ]
 [  0.          28.          -1.           0.           0.           0.
    0.          -1.           0.           0.           0.           0.
    0.           0.           0.           0.           0.           0.
    0.           0.        ]
 [  0.           0.           0.          -2.66666667   0.           1.
    0.           0.           0.           0.           0.           0.
    0.           0.           0.           0.           0.           0.
    0.           0.        ]]

 Estimated hermite:  [[ -2.06742432e+00   3.23378431e+01  -2.67711707e+01  -8.26377017e-01
    3.58136863e-01  -3.84769968e-01  -4.03079336e-02  -2.09038486e+00
    2.42851466e+00   1.80628036e-01   1.17093174e-01   6.43279069e-02
    2.03226993e-02  -1.06773702e-01   2.20516688e-02  -1.88958070e-02
    2.00373912e-02   4.10622103e-02  -7.81000695e-02   0.00000000e+00]
 [  7.41552349e-01   5.35318917e+01  -3.05782144e+01  -1.66051869e+00
    4.37248886e-01  -5.80533323e-01   1.43500943e-01  -3.61856828e+00
    2.48628841e+00   2.61974290e-01  -9.27653469e-02   1.03082649e-01
    6.82403706e-02  -1.38275041e-01   2.58007308e-02  -1.61030745e-02
    1.47666338e-02   8.61988437e-02  -7.58733425e-02  -1.27297505e-02]
 [  8.37708371e+01   9.99264966e+00  -3.44026190e+00  -2.60783325e+00
    9.43926941e+00  -5.69339989e+00   1.87532778e+00  -6.91976020e-01
    2.77269903e-01  -2.95865597e-01  -3.84377454e-02   6.29810801e-02
   -3.00434719e-02   0.00000000e+00  -2.20701033e-01   1.24334504e-01
   -3.20588724e-02   1.83365568e-02  -1.02237224e-02   1.06583319e-02]] 
 True hermite:  [[   0.          -39.68577824   39.68577824    0.            0.            0.
     0.            0.            0.            0.            0.            0.
     0.            0.            0.            0.            0.            0.
     0.            0.        ]
 [   0.          111.12017907   -3.96857782    0.            0.            0.
     0.           -3.96857782    0.            0.            0.            0.
     0.            0.            0.            0.            0.            0.
     0.            0.        ]
 [   0.            0.            0.          -10.5828742     0.
     3.96857782    0.            0.            0.            0.            0.
     0.            0.            0.            0.            0.            0.
     0.            0.            0.        ]]


