My SLURM_ARRAY_TASK_ID:  7
Data shape: (10, 51, 3)
Theta shape: (20, 3)
Theta: [[ 0.07094184  0.27745274  0.47057607]
 [ 0.3446347   0.31663954  0.16869289]
 [ 0.16642653  0.22769513  0.18225358]
 [ 0.40551749  0.35499546  0.23531859]
 [ 0.04055705  0.17916955  0.35565397]
 [ 0.42635921  0.26919471  0.09321854]
 [ 0.06646433  0.28505075  0.42517881]
 [ 0.35641628  0.16655671  0.02637404]
 [ 0.4799638   0.20719462  0.06677691]
 [ 0.4538078   0.16215733  0.26247562]
 [ 0.14659183  0.35820172  0.14549277]
 [ 0.01027654  0.20050913  0.25169128]
 [ 0.43678936  0.18811403  0.37105254]
 [ 0.09237037  0.49035464  0.35128107]
 [ 0.3306507   0.29352162  0.11320153]
 [ 0.29347057  0.30115487  0.40636899]
 [ 0.37614893  0.04083346  0.31444739]
 [ 0.28484047  0.03194861  0.39189148]
 [ 0.05155026  0.20895989  0.16241676]
 [ 0.29384773  0.17202029  0.09469846]]
1
290.123479465
[[ -2.54611701e+00   1.86542972e-02   8.62917240e+01]
 [  3.20803944e+01   5.28373600e+01   1.03571100e+01]
 [ -2.72731971e+01  -3.09321262e+01  -3.72446333e+00]
 [ -7.62270719e-01  -1.56411713e+00  -2.81588305e+00]
 [  3.29484469e-01   4.25634585e-01   9.29587927e+00]
 [ -3.86702099e-01  -5.78899885e-01  -5.53765625e+00]
 [ -2.69777605e-02   1.47958570e-01   1.82760889e+00]
 [ -2.08243253e+00  -3.57872154e+00  -7.24986049e-01]
 [  2.47584816e+00   2.51834726e+00   3.01870058e-01]
 [  1.76167260e-01   2.54618853e-01  -2.89418625e-01]
 [  1.05845303e-01  -9.90108227e-02  -4.48093195e-02]
 [  7.28132175e-02   1.05371321e-01   7.13281892e-02]
 [  1.40802969e-02   6.59329524e-02  -3.70319855e-02]
 [ -1.04376992e-01  -1.37650854e-01   0.00000000e+00]
 [  2.23522703e-02   2.54552631e-02  -2.19043044e-01]
 [ -1.81970612e-02  -1.54880320e-02   1.21942870e-01]
 [  1.92473981e-02   1.42736689e-02  -3.21544265e-02]
 [  4.12563706e-02   8.56113463e-02   1.93989125e-02]
 [ -7.94458623e-02  -7.66988414e-02  -1.10307670e-02]
 [  0.00000000e+00  -1.24739447e-02   1.07178443e-02]]
2
1.79787097487
[[ -2.52030443e+00  -3.50817267e-02   8.63288032e+01]
 [  3.23636500e+01   5.31975434e+01   1.05288988e+01]
 [ -2.74316311e+01  -3.11360814e+01  -3.88228738e+00]
 [ -7.70538321e-01  -1.54985686e+00  -2.78125509e+00]
 [  3.36467400e-01   4.46345225e-01   9.34045916e+00]
 [ -3.90076180e-01  -5.99560805e-01  -5.57096903e+00]
 [ -2.46135434e-02   1.58779716e-01   1.83823243e+00]
 [ -2.09960051e+00  -3.60063849e+00  -7.40307795e-01]
 [  2.48623098e+00   2.53187956e+00   3.17095320e-01]
 [  1.76892746e-01   2.53810815e-01  -2.93103461e-01]
 [  1.04954884e-01  -9.98157596e-02  -4.80768373e-02]
 [  7.47169598e-02   1.07214770e-01   7.50391290e-02]
 [  1.26276551e-02   6.46927613e-02  -3.95268793e-02]
 [ -1.03881059e-01  -1.37358777e-01   0.00000000e+00]
 [  2.21391948e-02   2.50175238e-02  -2.20124378e-01]
 [ -1.80320610e-02  -1.49955207e-02   1.22723630e-01]
 [  1.91020114e-02   1.40075318e-02  -3.23588893e-02]
 [  4.16373709e-02   8.60906248e-02   1.99129166e-02]
 [ -7.97265959e-02  -7.70622238e-02  -1.15286196e-02]
 [  0.00000000e+00  -1.24706674e-02   1.08183889e-02]]
3
Finished successfully! number of iterations:  3
0.0282479528872
[[ -2.52253485e+00  -3.51990057e-02   8.63255017e+01]
 [  3.23636176e+01   5.31960707e+01   1.05302743e+01]
 [ -2.74306997e+01  -3.11347272e+01  -3.88115467e+00]
 [ -7.69814203e-01  -1.54963733e+00  -2.78018352e+00]
 [  3.36773886e-01   4.46317316e-01   9.34085100e+00]
 [ -3.90341650e-01  -5.99569830e-01  -5.57131097e+00]
 [ -2.44882013e-02   1.58831931e-01   1.83835260e+00]
 [ -2.09964704e+00  -3.60058258e+00  -7.40471632e-01]
 [  2.48619044e+00   2.53182363e+00   3.17007293e-01]
 [  1.76823456e-01   2.53782050e-01  -2.93208060e-01]
 [  1.04957942e-01  -9.98059612e-02  -4.81107772e-02]
 [  7.46832881e-02   1.07190464e-01   7.50123793e-02]
 [  1.26769388e-02   6.47200030e-02  -3.94654684e-02]
 [ -1.03915914e-01  -1.37376223e-01   0.00000000e+00]
 [  2.21305427e-02   2.50167430e-02  -2.20139143e-01]
 [ -1.80254252e-02  -1.49946452e-02   1.22734588e-01]
 [  1.90991007e-02   1.40054371e-02  -3.23619089e-02]
 [  4.16394228e-02   8.60899985e-02   1.99192360e-02]
 [ -7.97257345e-02  -7.70613763e-02  -1.15257880e-02]
 [  0.00000000e+00  -1.24694611e-02   1.08220002e-02]]
Time taken for 3Dl intervals exp:  19.381908655166626 , number of intervals:  7
Avg AR burnin:  0.223866666667 , Avg AR sampling:  0.0212066666667

 Estimated ordinary:  [[ -7.22774597e-01   8.11289707e+00  -6.87900424e+00  -2.01323496e-01
    6.00051477e-02  -9.83580686e-02  -4.36321875e-03  -5.29067875e-01
    6.26468864e-01   3.15057611e-02   1.07970417e-02   1.33067970e-02
    2.25873090e-03  -1.06898481e-02   3.94313971e-03  -4.54203648e-03
    3.40300839e-03   7.41916110e-03  -1.42052418e-02   0.00000000e+00]
 [ -1.61910684e-01   1.34082463e+01  -7.80828353e+00  -3.93581364e-01
    7.95231982e-02  -1.51079267e-01   2.83000965e-02  -9.07272767e-01
    6.37967490e-01   4.52179639e-02  -1.02670566e-02   1.90988075e-02
    1.15315750e-02  -1.41319160e-02   4.45739239e-03  -3.77834223e-03
    2.49543790e-03   1.53392032e-02  -1.37305161e-02  -1.28273563e-03]
 [  1.98126241e+01   2.67174273e+00  -9.89282972e-01  -6.58899136e-01
    1.66431890e+00  -1.40385579e+00   3.27550988e-01  -1.86583624e-01
    7.98793188e-02  -5.22427470e-02  -4.94916401e-03   1.33654333e-02
   -7.03181381e-03   0.00000000e+00  -3.92235928e-02   3.09265923e-02
   -5.76612737e-03   3.54913712e-03  -2.05362304e-03   1.11326104e-03]] 
 True ordinary:  [[  0.         -10.          10.           0.           0.           0.
    0.           0.           0.           0.           0.           0.
    0.           0.           0.           0.           0.           0.
    0.           0.        ]
 [  0.          28.          -1.           0.           0.           0.
    0.          -1.           0.           0.           0.           0.
    0.           0.           0.           0.           0.           0.
    0.           0.        ]
 [  0.           0.           0.          -2.66666667   0.           1.
    0.           0.           0.           0.           0.           0.
    0.           0.           0.           0.           0.           0.
    0.           0.        ]]

 Estimated hermite:  [[ -2.52253485e+00   3.23636176e+01  -2.74306997e+01  -7.69814203e-01
    3.36773886e-01  -3.90341650e-01  -2.44882013e-02  -2.09964704e+00
    2.48619044e+00   1.76823456e-01   1.04957942e-01   7.46832881e-02
    1.26769388e-02  -1.03915914e-01   2.21305427e-02  -1.80254252e-02
    1.90991007e-02   4.16394228e-02  -7.97257345e-02   0.00000000e+00]
 [ -3.51990057e-02   5.31960707e+01  -3.11347272e+01  -1.54963733e+00
    4.46317316e-01  -5.99569830e-01   1.58831931e-01  -3.60058258e+00
    2.53182363e+00   2.53782050e-01  -9.98059612e-02   1.07190464e-01
    6.47200030e-02  -1.37376223e-01   2.50167430e-02  -1.49946452e-02
    1.40054371e-02   8.60899985e-02  -7.70613763e-02  -1.24694611e-02]
 [  8.63255017e+01   1.05302743e+01  -3.88115467e+00  -2.78018352e+00
    9.34085100e+00  -5.57131097e+00   1.83835260e+00  -7.40471632e-01
    3.17007293e-01  -2.93208060e-01  -4.81107772e-02   7.50123793e-02
   -3.94654684e-02   0.00000000e+00  -2.20139143e-01   1.22734588e-01
   -3.23619089e-02   1.99192360e-02  -1.15257880e-02   1.08220002e-02]] 
 True hermite:  [[   0.          -39.68577824   39.68577824    0.            0.            0.
     0.            0.            0.            0.            0.            0.
     0.            0.            0.            0.            0.            0.
     0.            0.        ]
 [   0.          111.12017907   -3.96857782    0.            0.            0.
     0.           -3.96857782    0.            0.            0.            0.
     0.            0.            0.            0.            0.            0.
     0.            0.        ]
 [   0.            0.            0.          -10.5828742     0.
     3.96857782    0.            0.            0.            0.            0.
     0.            0.            0.            0.            0.            0.
     0.            0.            0.        ]]


