My SLURM_ARRAY_TASK_ID:  2
Data shape: (10, 51, 3)
Theta shape: (20, 3)
Theta: [[ 0.03125373  0.19982523  0.10276299]
 [ 0.19106662  0.41780511  0.32601877]
 [ 0.07146782  0.0708553   0.01873092]
 [ 0.34322489  0.49763354  0.25415624]
 [ 0.42817887  0.17854175  0.2611549 ]
 [ 0.25195734  0.03341432  0.24453869]
 [ 0.20655537  0.4644893   0.03175829]
 [ 0.01959439  0.27591447  0.1532279 ]
 [ 0.13465795  0.25076579  0.24071713]
 [ 0.09460275  0.31718779  0.35358613]
 [ 0.44999398  0.07349204  0.31901941]
 [ 0.12352884  0.10151942  0.27920871]
 [ 0.23899277  0.44363349  0.42281782]
 [ 0.16959334  0.47268378  0.01827858]
 [ 0.20345385  0.14986231  0.33158874]
 [ 0.24817015  0.26364563  0.12966096]
 [ 0.0408013   0.49103235  0.19610198]
 [ 0.27129377  0.08487951  0.28703329]
 [ 0.49091349  0.43466285  0.3110264 ]
 [ 0.43692019  0.01289501  0.20517603]]
1
308.785668492
[[ -3.72381800e+00  -4.10609895e+00   1.01924546e+02]
 [  3.05283842e+01   4.79768378e+01   9.31506595e+00]
 [ -3.34913847e+01  -3.74478793e+01  -5.63897477e+00]
 [ -1.75584700e-01  -5.20850343e-01  -1.96550257e+00]
 [  6.32644862e-01   9.02803028e-01   5.66982153e+00]
 [ -7.62927633e-01  -1.03550163e+00  -2.08394959e+00]
 [  2.35884900e-01   4.14009423e-01   3.76989796e-01]
 [ -1.67912853e+00  -3.08651691e+00  -7.35748417e-01]
 [  2.76816985e+00   2.79473619e+00   5.00906590e-01]
 [  9.88579922e-02   1.34913591e-01  -4.37425875e-01]
 [  1.70412492e-01  -1.24204665e-01  -1.15860687e-01]
 [  7.37229028e-02   1.60369706e-01   1.62429017e-01]
 [ -5.18053463e-02  -3.86107949e-02  -1.18279235e-01]
 [ -5.63677114e-02  -6.47823666e-02   4.89588080e-02]
 [  0.00000000e+00   0.00000000e+00  -1.51179451e-01]
 [  0.00000000e+00   0.00000000e+00   5.48043851e-02]
 [  0.00000000e+00   0.00000000e+00  -1.09507235e-02]
 [  2.21450036e-02   7.18657441e-02   2.27295208e-02]
 [ -8.17818485e-02  -7.91713147e-02  -1.83589510e-02]
 [  0.00000000e+00   0.00000000e+00   1.68001154e-02]]
2
1.75633802901
[[ -3.79239804e+00  -4.08431933e+00   1.01895237e+02]
 [  3.07035579e+01   4.80653970e+01   9.77358763e+00]
 [ -3.36147817e+01  -3.75406367e+01  -5.90141873e+00]
 [ -1.52504494e-01  -5.12404900e-01  -1.90446255e+00]
 [  6.51006710e-01   9.35051746e-01   5.72790097e+00]
 [ -7.71311892e-01  -1.06082029e+00  -2.12078925e+00]
 [  2.36034616e-01   4.23565324e-01   3.87254964e-01]
 [ -1.68107266e+00  -3.07735345e+00  -7.70909408e-01]
 [  2.77115937e+00   2.79420890e+00   5.19772461e-01]
 [  9.69508048e-02   1.34412868e-01  -4.44595262e-01]
 [  1.73085873e-01  -1.17675600e-01  -1.20383806e-01]
 [  7.31482575e-02   1.57284394e-01   1.65535086e-01]
 [ -5.24959297e-02  -3.80797488e-02  -1.19654298e-01]
 [ -5.58100560e-02  -6.47294076e-02   4.93802633e-02]
 [  0.00000000e+00   0.00000000e+00  -1.52840568e-01]
 [  0.00000000e+00   0.00000000e+00   5.58582369e-02]
 [  0.00000000e+00   0.00000000e+00  -1.12500072e-02]
 [  2.19247271e-02   7.11765178e-02   2.37513810e-02]
 [ -8.17584023e-02  -7.90263224e-02  -1.88401556e-02]
 [  0.00000000e+00   0.00000000e+00   1.70420156e-02]]
3
0.108817257003
[[ -3.79227071e+00  -4.08404401e+00   1.01900275e+02]
 [  3.07131630e+01   4.80739107e+01   9.78897659e+00]
 [ -3.36195083e+01  -3.75446209e+01  -5.91150661e+00]
 [ -1.52897162e-01  -5.13300060e-01  -1.90649136e+00]
 [  6.50217232e-01   9.33436755e-01   5.72699323e+00]
 [ -7.70703053e-01  -1.05981135e+00  -2.12054464e+00]
 [  2.35781350e-01   4.23308975e-01   3.87398573e-01]
 [ -1.68186257e+00  -3.07819093e+00  -7.72298300e-01]
 [  2.77148530e+00   2.79453289e+00   5.20657592e-01]
 [  9.69900927e-02   1.34503316e-01  -4.44382820e-01]
 [  1.72977620e-01  -1.17856024e-01  -1.20636085e-01]
 [  7.31890259e-02   1.57369430e-01   1.65734369e-01]
 [ -5.25004222e-02  -3.81002032e-02  -1.19746414e-01]
 [ -5.58072420e-02  -6.47238163e-02   4.94078509e-02]
 [  0.00000000e+00   0.00000000e+00  -1.52813226e-01]
 [  0.00000000e+00   0.00000000e+00   5.58510101e-02]
 [  0.00000000e+00   0.00000000e+00  -1.12542232e-02]
 [  2.19489700e-02   7.12062925e-02   2.37974507e-02]
 [ -8.17655683e-02  -7.90346965e-02  -1.88683592e-02]
 [  0.00000000e+00   0.00000000e+00   1.70349673e-02]]
4
Finished successfully! number of iterations:  4
0.084823102347
[[ -3.79484120e+00  -4.08723409e+00   1.01897378e+02]
 [  3.07087783e+01   4.80720554e+01   9.78085409e+00]
 [ -3.36170556e+01  -3.75455643e+01  -5.90551773e+00]
 [ -1.51472321e-01  -5.12116330e-01  -1.90647929e+00]
 [  6.51744181e-01   9.34969562e-01   5.72510407e+00]
 [ -7.71793164e-01  -1.06087255e+00  -2.11855488e+00]
 [  2.36167889e-01   4.23637248e-01   3.86374463e-01]
 [ -1.68163824e+00  -3.07813631e+00  -7.71401538e-01]
 [  2.77142956e+00   2.79474419e+00   5.20012275e-01]
 [  9.68513261e-02   1.34402704e-01  -4.44378731e-01]
 [  1.72970833e-01  -1.17861498e-01  -1.20437110e-01]
 [  7.32133918e-02   1.57411281e-01   1.65561461e-01]
 [ -5.25013503e-02  -3.81209661e-02  -1.19660952e-01]
 [ -5.58230215e-02  -6.47274726e-02   4.93823526e-02]
 [  0.00000000e+00   0.00000000e+00  -1.52770935e-01]
 [  0.00000000e+00   0.00000000e+00   5.58028263e-02]
 [  0.00000000e+00   0.00000000e+00  -1.12290385e-02]
 [  2.19450678e-02   7.12062208e-02   2.37647105e-02]
 [ -8.17677513e-02  -7.90446494e-02  -1.88454802e-02]
 [  0.00000000e+00   0.00000000e+00   1.70357765e-02]]
Time taken for 3Dl intervals exp:  24.423768043518066 , number of intervals:  2
Avg AR burnin:  0.2021 , Avg AR sampling:  0.023275

 Estimated ordinary:  [[ -1.13168351e+00   7.69004441e+00  -8.45205494e+00  -3.81679100e-02
    1.16125411e-01  -1.94476006e-01   4.20795366e-02  -4.23738255e-01
    6.98343257e-01   1.72566175e-02   1.77935397e-02   1.30448962e-02
   -9.35449989e-03  -5.74252392e-03   0.00000000e+00   0.00000000e+00
    0.00000000e+00   3.91009247e-03  -1.45690809e-02   0.00000000e+00]
 [ -1.29591795e+00   1.21436477e+01  -9.45469759e+00  -1.29042784e-01
    1.66589480e-01  -2.67318065e-01   7.54821460e-02  -7.75627049e-01
    7.04218064e-01   2.39473856e-02  -1.21244328e-02   2.80469703e-02
   -6.79225527e-03  -6.65852636e-03   0.00000000e+00   0.00000000e+00
    0.00000000e+00   1.26872658e-02  -1.40838885e-02   0.00000000e+00]
 [  2.46663005e+01   2.51882870e+00  -1.52945026e+00  -4.56430077e-01
    1.02007825e+00  -5.33832263e-01   6.88427984e-02  -1.94377324e-01
    1.31032399e-01  -7.91777881e-02  -1.23893864e-02   2.94991397e-02
   -2.13207538e-02   5.07997119e-03  -2.72201703e-02   1.40611647e-02
   -2.00074929e-03   4.23430980e-03  -3.35781920e-03   1.75247329e-03]] 
 True ordinary:  [[  0.         -10.          10.           0.           0.           0.
    0.           0.           0.           0.           0.           0.
    0.           0.           0.           0.           0.           0.
    0.           0.        ]
 [  0.          28.          -1.           0.           0.           0.
    0.          -1.           0.           0.           0.           0.
    0.           0.           0.           0.           0.           0.
    0.           0.        ]
 [  0.           0.           0.          -2.66666667   0.           1.
    0.           0.           0.           0.           0.           0.
    0.           0.           0.           0.           0.           0.
    0.           0.        ]]

 Estimated hermite:  [[ -3.79484120e+00   3.07087783e+01  -3.36170556e+01  -1.51472321e-01
    6.51744181e-01  -7.71793164e-01   2.36167889e-01  -1.68163824e+00
    2.77142956e+00   9.68513261e-02   1.72970833e-01   7.32133918e-02
   -5.25013503e-02  -5.58230215e-02   0.00000000e+00   0.00000000e+00
    0.00000000e+00   2.19450678e-02  -8.17677513e-02   0.00000000e+00]
 [ -4.08723409e+00   4.80720554e+01  -3.75455643e+01  -5.12116330e-01
    9.34969562e-01  -1.06087255e+00   4.23637248e-01  -3.07813631e+00
    2.79474419e+00   1.34402704e-01  -1.17861498e-01   1.57411281e-01
   -3.81209661e-02  -6.47274726e-02   0.00000000e+00   0.00000000e+00
    0.00000000e+00   7.12062208e-02  -7.90446494e-02   0.00000000e+00]
 [  1.01897378e+02   9.78085409e+00  -5.90551773e+00  -1.90647929e+00
    5.72510407e+00  -2.11855488e+00   3.86374463e-01  -7.71401538e-01
    5.20012275e-01  -4.44378731e-01  -1.20437110e-01   1.65561461e-01
   -1.19660952e-01   4.93823526e-02  -1.52770935e-01   5.58028263e-02
   -1.12290385e-02   2.37647105e-02  -1.88454802e-02   1.70357765e-02]] 
 True hermite:  [[   0.          -39.68577824   39.68577824    0.            0.            0.
     0.            0.            0.            0.            0.            0.
     0.            0.            0.            0.            0.            0.
     0.            0.        ]
 [   0.          111.12017907   -3.96857782    0.            0.            0.
     0.           -3.96857782    0.            0.            0.            0.
     0.            0.            0.            0.            0.            0.
     0.            0.        ]
 [   0.            0.            0.          -10.5828742     0.
     3.96857782    0.            0.            0.            0.            0.
     0.            0.            0.            0.            0.            0.
     0.            0.            0.        ]]


