My SLURM_ARRAY_TASK_ID:  9
Data shape: (10, 51, 3)
Theta shape: (20, 3)
Theta: [[ 0.28197171  0.22613241  0.15873474]
 [ 0.1488798   0.30648291  0.47233859]
 [ 0.46091042  0.02627961  0.2024862 ]
 [ 0.15567677  0.15762759  0.16782567]
 [ 0.35532615  0.38740354  0.41063264]
 [ 0.21240517  0.13799048  0.37756076]
 [ 0.40377787  0.18815074  0.0127487 ]
 [ 0.35554738  0.23469577  0.26171299]
 [ 0.33566477  0.34532335  0.33909675]
 [ 0.13965657  0.11513373  0.33398935]
 [ 0.06736094  0.2456182   0.19754087]
 [ 0.36208113  0.01071612  0.40987631]
 [ 0.24221242  0.07510677  0.42315646]
 [ 0.40365179  0.28423515  0.19867153]
 [ 0.02934822  0.07576911  0.44469373]
 [ 0.21264029  0.24737289  0.00266398]
 [ 0.01717154  0.09033483  0.27945628]
 [ 0.41796128  0.16654767  0.25931977]
 [ 0.11589317  0.25663025  0.377681  ]
 [ 0.19185998  0.47741688  0.19177341]]
1
282.204936279
[[ -1.79786120e+00   1.34090683e+00   8.15810314e+01]
 [  3.21521000e+01   5.35487418e+01   9.09405184e+00]
 [ -2.61626813e+01  -2.99950414e+01  -2.78914974e+00]
 [ -8.37207977e-01  -1.72822712e+00  -2.49023319e+00]
 [  3.81947227e-01   4.30350780e-01   9.45493133e+00]
 [ -3.73738304e-01  -5.45229199e-01  -5.74415698e+00]
 [ -6.31963609e-02   1.13634475e-01   1.88972781e+00]
 [ -2.07328650e+00  -3.61658543e+00  -6.16467796e-01]
 [  2.37781419e+00   2.44055946e+00   2.21354590e-01]
 [  1.80186585e-01   2.65376553e-01  -2.95169544e-01]
 [  1.27482199e-01  -8.63123114e-02  -2.58460886e-02]
 [  5.52939763e-02   9.93174976e-02   4.92344182e-02]
 [  2.69616877e-02   7.10973833e-02  -2.05429498e-02]
 [ -1.09308822e-01  -1.38877940e-01   0.00000000e+00]
 [  2.17325351e-02   2.62057443e-02  -2.19668922e-01]
 [ -1.97582350e-02  -1.73944697e-02   1.24588586e-01]
 [  2.10509552e-02   1.57478214e-02  -3.15864185e-02]
 [  4.03704493e-02   8.58832245e-02   1.59800787e-02]
 [ -7.66875199e-02  -7.46889969e-02   0.00000000e+00]
 [  0.00000000e+00  -1.28053835e-02   1.04539688e-02]]
2
1.9429415722
[[ -1.68882982e+00   1.35296557e+00   8.15834807e+01]
 [  3.23963889e+01   5.38793604e+01   9.42802537e+00]
 [ -2.62907782e+01  -3.01788508e+01  -3.03434949e+00]
 [ -8.71083536e-01  -1.74146324e+00  -2.45704357e+00]
 [  3.75970722e-01   4.32776518e-01   9.49156162e+00]
 [ -3.74165644e-01  -5.60636856e-01  -5.77273676e+00]
 [ -5.89599646e-02   1.25969488e-01   1.89822113e+00]
 [ -2.08742952e+00  -3.63660260e+00  -6.45068660e-01]
 [  2.38488346e+00   2.45165691e+00   2.43414202e-01]
 [  1.83372100e-01   2.67531620e-01  -2.98266856e-01]
 [  1.27007771e-01  -8.69770364e-02  -3.09556843e-02]
 [  5.62655707e-02   1.00249001e-01   5.38618642e-02]
 [  2.60884881e-02   7.04619299e-02  -2.30172220e-02]
 [ -1.08886274e-01  -1.38662844e-01   0.00000000e+00]
 [  2.19173858e-02   2.62972959e-02  -2.20519997e-01]
 [ -1.97239187e-02  -1.70809752e-02   1.25226738e-01]
 [  2.09251848e-02   1.54952549e-02  -3.17065948e-02]
 [  4.06718207e-02   8.63251217e-02   1.69026793e-02]
 [ -7.68377250e-02  -7.49399760e-02   0.00000000e+00]
 [  0.00000000e+00  -1.28992691e-02   1.05297588e-02]]
3
0.108491582978
[[ -1.68749857e+00   1.36105383e+00   8.15873148e+01]
 [  3.23901737e+01   5.38732947e+01   9.41343014e+00]
 [ -2.62834892e+01  -3.01715094e+01  -3.02166062e+00]
 [ -8.71786729e-01  -1.74284773e+00  -2.45818238e+00]
 [  3.76121439e-01   4.32354623e-01   9.49087201e+00]
 [ -3.74702042e-01  -5.60639076e-01  -5.77208687e+00]
 [ -5.86385791e-02   1.26070827e-01   1.89787814e+00]
 [ -2.08663485e+00  -3.63568002e+00  -6.43568628e-01]
 [  2.38403646e+00   2.45075935e+00   2.42114034e-01]
 [  1.83495940e-01   2.67669942e-01  -2.98149818e-01]
 [  1.27267112e-01  -8.66633920e-02  -3.06319888e-02]
 [  5.59446670e-02   9.99424022e-02   5.35152569e-02]
 [  2.63225609e-02   7.06578948e-02  -2.28174359e-02]
 [ -1.08987947e-01  -1.38742112e-01   0.00000000e+00]
 [  2.19309552e-02   2.63198742e-02  -2.20489374e-01]
 [ -1.97227660e-02  -1.70898052e-02   1.25198424e-01]
 [  2.09233552e-02   1.54972631e-02  -3.16903365e-02]
 [  4.06394243e-02   8.62853379e-02   1.68500836e-02]
 [ -7.68048061e-02  -7.49059738e-02   0.00000000e+00]
 [  0.00000000e+00  -1.29046406e-02   1.05251036e-02]]
4
0.21455162184
[[ -1.68369002e+00   1.32152780e+00   8.15690006e+01]
 [  3.23813907e+01   5.38417206e+01   9.42679975e+00]
 [ -2.62773174e+01  -3.01524027e+01  -3.02632117e+00]
 [ -8.72417865e-01  -1.73509756e+00  -2.45180908e+00]
 [  3.77902836e-01   4.36653293e-01   9.49150668e+00]
 [ -3.76767769e-01  -5.64609773e-01  -5.77029566e+00]
 [ -5.72480584e-02   1.28023534e-01   1.89623186e+00]
 [ -2.08633136e+00  -3.63334347e+00  -6.44866933e-01]
 [  2.38380064e+00   2.44936975e+00   2.42532878e-01]
 [  1.83513682e-01   2.67054850e-01  -2.98871481e-01]
 [  1.27100684e-01  -8.64520779e-02  -3.07933931e-02]
 [  5.61448793e-02   9.98229524e-02   5.33498976e-02]
 [  2.61516896e-02   7.06742474e-02  -2.24450640e-02]
 [ -1.08888814e-01  -1.38724847e-01   0.00000000e+00]
 [  2.18885600e-02   2.62044842e-02  -2.20555671e-01]
 [ -1.96776713e-02  -1.69868830e-02   1.25183043e-01]
 [  2.08938324e-02   1.54493066e-02  -3.16650639e-02]
 [  4.06434476e-02   8.62219388e-02   1.68948437e-02]
 [ -7.68074321e-02  -7.48710179e-02   0.00000000e+00]
 [  0.00000000e+00  -1.28875169e-02   1.05535085e-02]]
5
0.298184858392
[[ -1.70643752e+00   1.35117707e+00   8.15863745e+01]
 [  3.24064512e+01   5.38923038e+01   9.40474724e+00]
 [ -2.62953939e+01  -3.01829255e+01  -3.01703412e+00]
 [ -8.66419653e-01  -1.73911299e+00  -2.45821597e+00]
 [  3.77712099e-01   4.34269357e-01   9.48982659e+00]
 [ -3.74904472e-01  -5.61556717e-01  -5.77114533e+00]
 [ -5.90602785e-02   1.26103251e-01   1.89770149e+00]
 [ -2.08807181e+00  -3.63734587e+00  -6.42861365e-01]
 [  2.38502631e+00   2.45167498e+00   2.41857318e-01]
 [  1.82968678e-01   2.67292030e-01  -2.98204500e-01]
 [  1.26986934e-01  -8.69618933e-02  -3.05645113e-02]
 [  5.62256876e-02   1.00152526e-01   5.35634970e-02]
 [  2.61084898e-02   7.05393722e-02  -2.29034999e-02]
 [ -1.08876528e-01  -1.38686800e-01   0.00000000e+00]
 [  2.18727174e-02   2.62639966e-02  -2.20488291e-01]
 [ -1.97146385e-02  -1.70667863e-02   1.25193814e-01]
 [  2.09386925e-02   1.55010031e-02  -3.16983427e-02]
 [  4.06866858e-02   8.63398178e-02   1.68293281e-02]
 [ -7.68345731e-02  -7.49317516e-02   0.00000000e+00]
 [  0.00000000e+00  -1.28924578e-02   1.05304387e-02]]
6
0.128470264533
[[ -1.69642116e+00   1.35759250e+00   8.15669539e+01]
 [  3.24044142e+01   5.38874927e+01   9.42439254e+00]
 [ -2.62907134e+01  -3.01770077e+01  -3.02803074e+00]
 [ -8.67805138e-01  -1.73963090e+00  -2.45283221e+00]
 [  3.77085637e-01   4.33757556e-01   9.49269173e+00]
 [ -3.74486208e-01  -5.60947002e-01  -5.77263709e+00]
 [ -5.91214378e-02   1.25815698e-01   1.89784086e+00]
 [ -2.08790311e+00  -3.63692449e+00  -6.44501099e-01]
 [  2.38465271e+00   2.45120644e+00   2.42731065e-01]
 [  1.83030084e-01   2.67275665e-01  -2.98699107e-01]
 [  1.26984475e-01  -8.69347746e-02  -3.08005840e-02]
 [  5.62157717e-02   1.00158047e-01   5.37207367e-02]
 [  2.61339575e-02   7.05208764e-02  -2.29509309e-02]
 [ -1.08895813e-01  -1.38675249e-01   0.00000000e+00]
 [  2.18765628e-02   2.62638142e-02  -2.20565814e-01]
 [ -1.97109976e-02  -1.70712709e-02   1.25229290e-01]
 [  2.09303825e-02   1.55024288e-02  -3.16952233e-02]
 [  4.06823830e-02   8.63273072e-02   1.68794398e-02]
 [ -7.68248939e-02  -7.49195875e-02   0.00000000e+00]
 [  0.00000000e+00  -1.28898905e-02   1.05451499e-02]]
7
0.114173081528
[[ -1.70079326e+00   1.34191660e+00   8.15800980e+01]
 [  3.24086279e+01   5.38916461e+01   9.41099106e+00]
 [ -2.62944967e+01  -3.01817626e+01  -3.02235194e+00]
 [ -8.67756224e-01  -1.73752249e+00  -2.45594744e+00]
 [  3.77639658e-01   4.35035560e-01   9.49009766e+00]
 [ -3.75072420e-01  -5.62119375e-01  -5.77096853e+00]
 [ -5.88940312e-02   1.26290758e-01   1.89741864e+00]
 [ -2.08852888e+00  -3.63761329e+00  -6.43318290e-01]
 [  2.38514149e+00   2.45179954e+00   2.42224323e-01]
 [  1.83084942e-01   2.67166947e-01  -2.98450034e-01]
 [  1.26815644e-01  -8.71423668e-02  -3.06359791e-02]
 [  5.63604550e-02   1.00317147e-01   5.36468301e-02]
 [  2.60672704e-02   7.04566668e-02  -2.29697983e-02]
 [ -1.08884707e-01  -1.38667191e-01   0.00000000e+00]
 [  2.18734488e-02   2.62387275e-02  -2.20508419e-01]
 [ -1.97053481e-02  -1.70459611e-02   1.25197152e-01]
 [  2.09299115e-02   1.54926997e-02  -3.16928408e-02]
 [  4.07078243e-02   8.63567140e-02   1.68420392e-02]
 [ -7.68430885e-02  -7.49412361e-02   0.00000000e+00]
 [  0.00000000e+00  -1.28888098e-02   1.05394695e-02]]
8
0.122673686913
[[ -1.69505879e+00   1.35615900e+00   8.15706960e+01]
 [  3.24027226e+01   5.38831902e+01   9.42135230e+00]
 [ -2.62897339e+01  -3.01749311e+01  -3.02933055e+00]
 [ -8.67913546e-01  -1.73911474e+00  -2.45391982e+00]
 [  3.76622805e-01   4.33737451e-01   9.49301150e+00]
 [ -3.73676195e-01  -5.60589470e-01  -5.77363694e+00]
 [ -5.96951003e-02   1.25444411e-01   1.89852267e+00]
 [ -2.08775089e+00  -3.63664404e+00  -6.44609370e-01]
 [  2.38453651e+00   2.45106297e+00   2.43122945e-01]
 [  1.83018552e-01   2.67225052e-01  -2.98574854e-01]
 [  1.27033284e-01  -8.68956410e-02  -3.09253981e-02]
 [  5.61517036e-02   1.00100124e-01   5.38726877e-02]
 [  2.61813924e-02   7.05694610e-02  -2.30472763e-02]
 [ -1.08917810e-01  -1.38700992e-01   0.00000000e+00]
 [  2.18858112e-02   2.62645861e-02  -2.20569138e-01]
 [ -1.97329538e-02  -1.70831208e-02   1.25254620e-01]
 [  2.09474740e-02   1.55150783e-02  -3.17131114e-02]
 [  4.06768377e-02   8.63200541e-02   1.68905861e-02]
 [ -7.68197812e-02  -7.49150378e-02   0.00000000e+00]
 [  0.00000000e+00  -1.28882986e-02   1.05403513e-02]]
9
0.200830047243
[[ -1.68509062e+00   1.32371689e+00   8.15694360e+01]
 [  3.23871721e+01   5.38495085e+01   9.42576353e+00]
 [ -2.62822110e+01  -3.01576354e+01  -3.02468883e+00]
 [ -8.72356437e-01  -1.73559400e+00  -2.45169356e+00]
 [  3.78307632e-01   4.36995667e-01   9.49079021e+00]
 [ -3.77356399e-01  -5.65247995e-01  -5.76948703e+00]
 [ -5.68969517e-02   1.28445803e-01   1.89587951e+00]
 [ -2.08686228e+00  -3.63383954e+00  -6.44522946e-01]
 [  2.38424272e+00   2.44971729e+00   2.42229449e-01]
 [  1.83538818e-01   2.67111141e-01  -2.98925840e-01]
 [  1.26997578e-01  -8.64696897e-02  -3.06688323e-02]
 [  5.62589335e-02   9.98559233e-02   5.32610729e-02]
 [  2.60712047e-02   7.06451460e-02  -2.24269635e-02]
 [ -1.08853257e-01  -1.38709969e-01   0.00000000e+00]
 [  2.18836336e-02   2.61988774e-02  -2.20551197e-01]
 [ -1.96655522e-02  -1.69705472e-02   1.25173384e-01]
 [  2.08861474e-02   1.54376670e-02  -3.16622097e-02]
 [  4.06610683e-02   8.62330641e-02   1.68782007e-02]
 [ -7.68216687e-02  -7.48795755e-02   0.00000000e+00]
 [  0.00000000e+00  -1.28898656e-02   1.05572065e-02]]
10
Finished successfully! number of iterations:  10
0.048100044906
[[ -1.68588456e+00   1.32377338e+00   8.15753125e+01]
 [  3.23884746e+01   5.38518886e+01   9.42520356e+00]
 [ -2.62847287e+01  -3.01610760e+01  -3.02478948e+00]
 [ -8.72345136e-01  -1.73589261e+00  -2.45346266e+00]
 [  3.78426381e-01   4.37058974e-01   9.48972478e+00]
 [ -3.77359202e-01  -5.65310203e-01  -5.76880942e+00]
 [ -5.68891787e-02   1.28508077e-01   1.89564669e+00]
 [ -2.08699709e+00  -3.63397010e+00  -6.44398636e-01]
 [  2.38448745e+00   2.45001289e+00   2.42221909e-01]
 [  1.83553478e-01   2.67165589e-01  -2.98756059e-01]
 [  1.26998129e-01  -8.64343450e-02  -3.06085089e-02]
 [  5.62573615e-02   9.98526080e-02   5.32218862e-02]
 [  2.60807875e-02   7.06410100e-02  -2.24008004e-02]
 [ -1.08863848e-01  -1.38710837e-01   0.00000000e+00]
 [  2.18847833e-02   2.62047935e-02  -2.20519535e-01]
 [ -1.96680872e-02  -1.69738399e-02   1.25152473e-01]
 [  2.08859844e-02   1.54372757e-02  -3.16533658e-02]
 [  4.06649943e-02   8.62343860e-02   1.68718431e-02]
 [ -7.68290324e-02  -7.48885242e-02   0.00000000e+00]
 [  0.00000000e+00  -1.28926616e-02   1.05517832e-02]]
Time taken for 3Dl intervals exp:  65.7675142288208 , number of intervals:  9
Avg AR burnin:  0.18902 , Avg AR sampling:  0.02527

 Estimated ordinary:  [[ -5.14803462e-01   8.11014406e+00  -6.58594918e+00  -2.27433775e-01
    6.74266380e-02  -9.50867588e-02  -1.01363072e-02  -5.25880348e-01
    6.00841801e-01   3.27048920e-02   1.30643196e-02   1.00237323e-02
    4.64697998e-03  -1.11988429e-02   3.89935119e-03  -4.95595351e-03
    3.72138884e-03   7.24554097e-03  -1.36891179e-02   0.00000000e+00]
 [  1.85190393e-01   1.35682916e+01  -7.56161128e+00  -4.40850062e-01
    7.78735805e-02  -1.42446546e-01   2.28971023e-02  -9.15685735e-01
    6.17352864e-01   4.76025943e-02  -8.89151610e-03   1.77913750e-02
    1.25865586e-02  -1.42692079e-02   4.66907492e-03  -4.27705860e-03
    2.75055771e-03   1.53649297e-02  -1.33433652e-02  -1.32627034e-03]
 [  1.85799283e+01   2.38538871e+00  -7.71667629e-01  -5.76547275e-01
    1.69084469e+00  -1.45362134e+00   3.37759441e-01  -1.62375205e-01
    6.10349399e-02  -5.32312695e-02  -3.14870263e-03   9.48288236e-03
   -3.99129325e-03   0.00000000e+00  -3.92913698e-02   3.15358496e-02
   -5.63988174e-03   3.00616372e-03   0.00000000e+00   1.08546377e-03]] 
 True ordinary:  [[  0.         -10.          10.           0.           0.           0.
    0.           0.           0.           0.           0.           0.
    0.           0.           0.           0.           0.           0.
    0.           0.        ]
 [  0.          28.          -1.           0.           0.           0.
    0.          -1.           0.           0.           0.           0.
    0.           0.           0.           0.           0.           0.
    0.           0.        ]
 [  0.           0.           0.          -2.66666667   0.           1.
    0.           0.           0.           0.           0.           0.
    0.           0.           0.           0.           0.           0.
    0.           0.        ]]

 Estimated hermite:  [[ -1.68588456e+00   3.23884746e+01  -2.62847287e+01  -8.72345136e-01
    3.78426381e-01  -3.77359202e-01  -5.68891787e-02  -2.08699709e+00
    2.38448745e+00   1.83553478e-01   1.26998129e-01   5.62573615e-02
    2.60807875e-02  -1.08863848e-01   2.18847833e-02  -1.96680872e-02
    2.08859844e-02   4.06649943e-02  -7.68290324e-02   0.00000000e+00]
 [  1.32377338e+00   5.38518886e+01  -3.01610760e+01  -1.73589261e+00
    4.37058974e-01  -5.65310203e-01   1.28508077e-01  -3.63397010e+00
    2.45001289e+00   2.67165589e-01  -8.64343450e-02   9.98526080e-02
    7.06410100e-02  -1.38710837e-01   2.62047935e-02  -1.69738399e-02
    1.54372757e-02   8.62343860e-02  -7.48885242e-02  -1.28926616e-02]
 [  8.15753125e+01   9.42520356e+00  -3.02478948e+00  -2.45346266e+00
    9.48972478e+00  -5.76880942e+00   1.89564669e+00  -6.44398636e-01
    2.42221909e-01  -2.98756059e-01  -3.06085089e-02   5.32218862e-02
   -2.24008004e-02   0.00000000e+00  -2.20519535e-01   1.25152473e-01
   -3.16533658e-02   1.68718431e-02   0.00000000e+00   1.05517832e-02]] 
 True hermite:  [[   0.          -39.68577824   39.68577824    0.            0.            0.
     0.            0.            0.            0.            0.            0.
     0.            0.            0.            0.            0.            0.
     0.            0.        ]
 [   0.          111.12017907   -3.96857782    0.            0.            0.
     0.           -3.96857782    0.            0.            0.            0.
     0.            0.            0.            0.            0.            0.
     0.            0.        ]
 [   0.            0.            0.          -10.5828742     0.
     3.96857782    0.            0.            0.            0.            0.
     0.            0.            0.            0.            0.            0.
     0.            0.            0.        ]]


