My SLURM_ARRAY_TASK_ID:  6
Data shape: (10, 51, 3)
Theta shape: (20, 3)
Theta: [[ 0.34267505  0.06888646  0.27237099]
 [ 0.28113965  0.10875027  0.05156954]
 [ 0.17265908  0.14770681  0.28536775]
 [ 0.24540371  0.16871246  0.2839309 ]
 [ 0.36016433  0.01967692  0.41404285]
 [ 0.47378265  0.28349749  0.32984024]
 [ 0.07193278  0.00989395  0.36407256]
 [ 0.04163466  0.48153854  0.42135504]
 [ 0.38972052  0.45414086  0.38604812]
 [ 0.23539314  0.39775079  0.0751708 ]
 [ 0.16675594  0.35133055  0.39174241]
 [ 0.35229186  0.02868287  0.26216628]
 [ 0.05481983  0.14353968  0.25024455]
 [ 0.36717625  0.10151255  0.27034506]
 [ 0.10457008  0.12560354  0.09250512]
 [ 0.39006846  0.34498836  0.4076077 ]
 [ 0.17611173  0.24494831  0.45154685]
 [ 0.05155555  0.32284378  0.17586212]
 [ 0.05039815  0.28041484  0.23874903]
 [ 0.02785158  0.04180258  0.01303831]]
1
295.587006817
[[ -2.99226115e+00  -8.83672040e-01   8.92122024e+01]
 [  3.21806093e+01   5.23861375e+01   1.07948042e+01]
 [ -2.81347042e+01  -3.16213254e+01  -4.13361112e+00]
 [ -7.03982279e-01  -1.43221721e+00  -2.97574188e+00]
 [  3.11703411e-01   4.42858787e-01   9.14216077e+00]
 [ -4.06588755e-01  -6.07805773e-01  -5.35715014e+00]
 [  0.00000000e+00   1.70982516e-01   1.76648853e+00]
 [ -2.10034262e+00  -3.55388086e+00  -7.65261265e-01]
 [  2.55051749e+00   2.57322136e+00   3.38458890e-01]
 [  1.71492160e-01   2.43891056e-01  -2.89844816e-01]
 [  8.85333931e-02  -1.08461302e-01  -5.34376163e-02]
 [  8.75752989e-02   1.11308740e-01   8.28835522e-02]
 [  0.00000000e+00   6.03578675e-02  -4.66723398e-02]
 [ -1.00002950e-01  -1.35526680e-01   0.00000000e+00]
 [  2.20562005e-02   2.40961816e-02  -2.17613389e-01]
 [ -1.66258770e-02  -1.37995614e-02   1.19268085e-01]
 [  1.77527188e-02   1.31222289e-02  -3.21599225e-02]
 [  4.22096162e-02   8.54292057e-02   2.07213700e-02]
 [ -8.15471813e-02  -7.80934270e-02  -1.22306829e-02]
 [  0.00000000e+00  -1.20949602e-02   1.10224370e-02]]
2
2.03833476366
[[ -3.00885817e+00  -8.40396547e-01   8.91634133e+01]
 [  3.24317342e+01   5.27229890e+01   1.11220747e+01]
 [ -2.82799996e+01  -3.18272747e+01  -4.39411162e+00]
 [ -7.04009552e-01  -1.43857773e+00  -2.93170538e+00]
 [  3.15288971e-01   4.54911320e-01   9.20600268e+00]
 [ -4.03854008e-01  -6.22674122e-01  -5.41443382e+00]
 [  0.00000000e+00   1.78355520e-01   1.79011072e+00]
 [ -2.11276874e+00  -3.57375871e+00  -7.97105290e-01]
 [  2.55800471e+00   2.58643119e+00   3.64117957e-01]
 [  1.71667956e-01   2.45216837e-01  -2.93947627e-01]
 [  8.97081762e-02  -1.08434474e-01  -6.11983217e-02]
 [  8.76119047e-02   1.12230520e-01   9.03615068e-02]
 [  0.00000000e+00   5.98275391e-02  -5.11009783e-02]
 [ -9.99151359e-02  -1.35598327e-01   0.00000000e+00]
 [  2.19590193e-02   2.40293870e-02  -2.19157684e-01]
 [ -1.66946946e-02  -1.36085534e-02   1.20690642e-01]
 [  1.78273183e-02   1.30623530e-02  -3.27119392e-02]
 [  4.23751105e-02   8.58367305e-02   2.18573475e-02]
 [ -8.16962857e-02  -7.84341354e-02  -1.30960200e-02]
 [  0.00000000e+00  -1.21733581e-02   1.11172085e-02]]
3
Finished successfully! number of iterations:  3
0.0743599163537
[[ -3.01358712e+00  -8.40678138e-01   8.91564717e+01]
 [  3.24330775e+01   5.27300155e+01   1.11310810e+01]
 [ -2.82760989e+01  -3.18293761e+01  -4.40147205e+00]
 [ -7.03165427e-01  -1.43809104e+00  -2.93039760e+00]
 [  3.14914068e-01   4.55028169e-01   9.20617647e+00]
 [ -4.03282852e-01  -6.22916987e-01  -5.41404469e+00]
 [  0.00000000e+00   1.78651020e-01   1.78972320e+00]
 [ -2.11317920e+00  -3.57470491e+00  -7.97932200e-01]
 [  2.55772230e+00   2.58673221e+00   3.64834208e-01]
 [  1.71581310e-01   2.45158330e-01  -2.94078042e-01]
 [  8.95322492e-02  -1.08665894e-01  -6.14066279e-02]
 [  8.76345205e-02   1.12311046e-01   9.06206633e-02]
 [  0.00000000e+00   5.98600232e-02  -5.12871814e-02]
 [ -9.99698331e-02  -1.35634914e-01   0.00000000e+00]
 [  2.19576060e-02   2.40166311e-02  -2.19161985e-01]
 [ -1.66958809e-02  -1.35897179e-02   1.20673683e-01]
 [  1.78151566e-02   1.30439183e-02  -3.26946580e-02]
 [  4.23959434e-02   8.58745733e-02   2.18854130e-02]
 [ -8.16883253e-02  -7.84443647e-02  -1.31209960e-02]
 [  0.00000000e+00  -1.21709164e-02   1.11217115e-02]]
Time taken for 3Dl intervals exp:  19.75915241241455 , number of intervals:  6
Avg AR burnin:  0.226266666667 , Avg AR sampling:  0.0218933333333

 Estimated ordinary:  [[ -8.46043960e-01   8.13728402e+00  -7.09520317e+00  -1.84269794e-01
    5.61102447e-02  -1.01618985e-01   0.00000000e+00  -5.32477701e-01
    6.44493422e-01   3.05717346e-02   9.21019803e-03   1.56144005e-02
    0.00000000e+00  -1.02839141e-02   3.91232648e-03  -4.20701863e-03
    3.17423990e-03   7.55395519e-03  -1.45549291e-02   0.00000000e+00]
 [ -3.68421680e-01   1.32944485e+01  -7.98452410e+00  -3.65216609e-01
    8.10752663e-02  -1.56962271e-01   3.18313898e-02  -9.00752125e-01
    6.51803322e-01   4.36814207e-02  -1.11784794e-02   2.00111742e-02
    1.06656415e-02  -1.39527872e-02   4.27919609e-03  -3.42432944e-03
    2.32411799e-03   1.53008195e-02  -1.39769320e-02  -1.25202429e-03]
 [  2.05587857e+01   2.82899295e+00  -1.12288905e+00  -6.96957309e-01
    1.64032308e+00  -1.36422792e+00   3.18886378e-01  -2.01062505e-01
    9.19307177e-02  -5.23977572e-02  -6.31691048e-03   1.61464606e-02
   -9.13816368e-03   0.00000000e+00  -3.90494864e-02   3.04072865e-02
   -5.82541540e-03   3.89946339e-03  -2.33785141e-03   1.14409239e-03]] 
 True ordinary:  [[  0.         -10.          10.           0.           0.           0.
    0.           0.           0.           0.           0.           0.
    0.           0.           0.           0.           0.           0.
    0.           0.        ]
 [  0.          28.          -1.           0.           0.           0.
    0.          -1.           0.           0.           0.           0.
    0.           0.           0.           0.           0.           0.
    0.           0.        ]
 [  0.           0.           0.          -2.66666667   0.           1.
    0.           0.           0.           0.           0.           0.
    0.           0.           0.           0.           0.           0.
    0.           0.        ]]

 Estimated hermite:  [[ -3.01358712e+00   3.24330775e+01  -2.82760989e+01  -7.03165427e-01
    3.14914068e-01  -4.03282852e-01   0.00000000e+00  -2.11317920e+00
    2.55772230e+00   1.71581310e-01   8.95322492e-02   8.76345205e-02
    0.00000000e+00  -9.99698331e-02   2.19576060e-02  -1.66958809e-02
    1.78151566e-02   4.23959434e-02  -8.16883253e-02   0.00000000e+00]
 [ -8.40678138e-01   5.27300155e+01  -3.18293761e+01  -1.43809104e+00
    4.55028169e-01  -6.22916987e-01   1.78651020e-01  -3.57470491e+00
    2.58673221e+00   2.45158330e-01  -1.08665894e-01   1.12311046e-01
    5.98600232e-02  -1.35634914e-01   2.40166311e-02  -1.35897179e-02
    1.30439183e-02   8.58745733e-02  -7.84443647e-02  -1.21709164e-02]
 [  8.91564717e+01   1.11310810e+01  -4.40147205e+00  -2.93039760e+00
    9.20617647e+00  -5.41404469e+00   1.78972320e+00  -7.97932200e-01
    3.64834208e-01  -2.94078042e-01  -6.14066279e-02   9.06206633e-02
   -5.12871814e-02   0.00000000e+00  -2.19161985e-01   1.20673683e-01
   -3.26946580e-02   2.18854130e-02  -1.31209960e-02   1.11217115e-02]] 
 True hermite:  [[   0.          -39.68577824   39.68577824    0.            0.            0.
     0.            0.            0.            0.            0.            0.
     0.            0.            0.            0.            0.            0.
     0.            0.        ]
 [   0.          111.12017907   -3.96857782    0.            0.            0.
     0.           -3.96857782    0.            0.            0.            0.
     0.            0.            0.            0.            0.            0.
     0.            0.        ]
 [   0.            0.            0.          -10.5828742     0.
     3.96857782    0.            0.            0.            0.            0.
     0.            0.            0.            0.            0.            0.
     0.            0.            0.        ]]


