My SLURM_ARRAY_TASK_ID:  5
Data shape: (10, 51, 3)
Theta shape: (20, 3)
Theta: [[ 0.25066737  0.18081574  0.32918832]
 [ 0.21786548  0.457322    0.1043621 ]
 [ 0.37299932  0.2851862   0.33854299]
 [ 0.00898569  0.49468183  0.08912903]
 [ 0.36140256  0.39016439  0.2651277 ]
 [ 0.40098675  0.02385568  0.44309786]
 [ 0.13685003  0.48704587  0.28620388]
 [ 0.02433465  0.27542107  0.03486801]
 [ 0.20464379  0.05868951  0.44703897]
 [ 0.21823716  0.23245086  0.26909487]
 [ 0.47258254  0.42597055  0.15690339]
 [ 0.38060264  0.24197744  0.39125707]
 [ 0.00677877  0.01348648  0.19535792]
 [ 0.18559992  0.19127128  0.35891052]
 [ 0.02587542  0.29050402  0.01643832]
 [ 0.07162832  0.18070269  0.044895  ]
 [ 0.18701614  0.19108285  0.41272227]
 [ 0.43336544  0.46952223  0.41583393]
 [ 0.45857934  0.36915037  0.09278553]
 [ 0.29972386  0.47839523  0.1338747 ]]
1
303.682601953
[[ -3.49691900e+00  -1.87873588e+00   9.24702272e+01]
 [  3.22836674e+01   5.18055703e+01   1.12938797e+01]
 [ -2.92313901e+01  -3.25636952e+01  -4.71259011e+00]
 [ -6.24291098e-01  -1.26844058e+00  -3.13127770e+00]
 [  2.99245792e-01   4.70611758e-01   8.87821299e+00]
 [ -4.29091941e-01  -6.44558034e-01  -5.08779284e+00]
 [  3.26042107e-02   1.97461069e-01   1.67545681e+00]
 [ -2.11701425e+00  -3.52287462e+00  -8.16714733e-01]
 [  2.64113343e+00   2.64560121e+00   3.93173309e-01]
 [  1.64468071e-01   2.29935086e-01  -2.91096391e-01]
 [  6.93788153e-02  -1.21804271e-01  -6.82626999e-02]
 [  1.04565140e-01   1.20759887e-01   1.01520557e-01]
 [ -1.02754726e-02   5.12307872e-02  -6.17758797e-02]
 [ -9.41325447e-02  -1.31383687e-01   1.41957844e-02]
 [  2.13615592e-02   2.21993226e-02  -2.13925055e-01]
 [ -1.47274217e-02  -1.16848779e-02   1.14900565e-01]
 [  1.60412403e-02   1.17752419e-02  -3.18796601e-02]
 [  4.30946168e-02   8.52756967e-02   2.26018335e-02]
 [ -8.39968666e-02  -7.99187421e-02  -1.41050085e-02]
 [  0.00000000e+00  -1.16031750e-02   1.13552130e-02]]
2
2.29334314205
[[ -3.48349560e+00  -1.79336192e+00   9.23886252e+01]
 [  3.26405567e+01   5.21444417e+01   1.15995824e+01]
 [ -2.94498142e+01  -3.27849402e+01  -4.92320896e+00]
 [ -6.30574451e-01  -1.29226068e+00  -3.06663644e+00]
 [  3.05078304e-01   4.79973220e-01   8.95312423e+00]
 [ -4.32348779e-01  -6.60237004e-01  -5.15193401e+00]
 [  3.38521210e-02   2.06667054e-01   1.70140130e+00]
 [ -2.13594794e+00  -3.53862522e+00  -8.46777464e-01]
 [  2.65345606e+00   2.65812982e+00   4.13877709e-01]
 [  1.64979603e-01   2.32710897e-01  -2.97432383e-01]
 [  7.00234874e-02  -1.19626359e-01  -7.48466933e-02]
 [  1.05385698e-01   1.20509086e-01   1.06684787e-01]
 [ -1.13161168e-02   5.09871245e-02  -6.39622140e-02]
 [ -9.37295805e-02  -1.31478301e-01   1.45320320e-02]
 [  2.11820819e-02   2.21788819e-02  -2.15840767e-01]
 [ -1.46114469e-02  -1.14481239e-02   1.16561021e-01]
 [  1.60113367e-02   1.16558200e-02  -3.25283043e-02]
 [  4.34136400e-02   8.54392395e-02   2.36592983e-02]
 [ -8.42666867e-02  -8.01964252e-02  -1.47791044e-02]
 [  0.00000000e+00  -1.17165018e-02   1.15312450e-02]]
3
0.448084761676
[[ -3.51157407e+00  -1.81196883e+00   9.23895790e+01]
 [  3.26987510e+01   5.22315594e+01   1.16507322e+01]
 [ -2.94819758e+01  -3.28361243e+01  -4.95652776e+00]
 [ -6.22396513e-01  -1.28642811e+00  -3.06358615e+00]
 [  3.07479828e-01   4.82018511e-01   8.95831408e+00]
 [ -4.34493322e-01  -6.62353131e-01  -5.15592139e+00]
 [  3.52133488e-02   2.08188629e-01   1.70302572e+00]
 [ -2.14095540e+00  -3.54609754e+00  -8.51256341e-01]
 [  2.65608637e+00   2.66236245e+00   4.16808884e-01]
 [  1.64092493e-01   2.32029247e-01  -2.97838462e-01]
 [  6.90818662e-02  -1.20860448e-01  -7.58454421e-02]
 [  1.06189626e-01   1.21500284e-01   1.07745419e-01]
 [ -1.17358079e-02   5.05043229e-02  -6.46919378e-02]
 [ -9.35819265e-02  -1.31329662e-01   1.48563306e-02]
 [  2.10417252e-02   2.20530196e-02  -2.15996086e-01]
 [ -1.44884209e-02  -1.13309493e-02   1.16684693e-01]
 [  1.59391841e-02   1.15809224e-02  -3.25808578e-02]
 [  4.35738034e-02   8.56749636e-02   2.38064694e-02]
 [ -8.43472036e-02  -8.03227442e-02  -1.48752332e-02]
 [  0.00000000e+00  -1.16879039e-02   1.15454923e-02]]
4
Finished successfully! number of iterations:  4
0.0648026306431
[[ -3.51343947e+00  -1.81463638e+00   9.23955237e+01]
 [  3.26972833e+01   5.22310268e+01   1.16308730e+01]
 [ -2.94803384e+01  -3.28348256e+01  -4.94537609e+00]
 [ -6.22322901e-01  -1.28591427e+00  -3.06428386e+00]
 [  3.07836071e-01   4.82143799e-01   8.95944426e+00]
 [ -4.34832606e-01  -6.62317209e-01  -5.15704206e+00]
 [  3.53477754e-02   2.08132307e-01   1.70353015e+00]
 [ -2.14068752e+00  -3.54597094e+00  -8.49702692e-01]
 [  2.65583904e+00   2.66217967e+00   4.15950697e-01]
 [  1.64103268e-01   2.31973465e-01  -2.97776321e-01]
 [  6.91623331e-02  -1.20832662e-01  -7.56430643e-02]
 [  1.06109096e-01   1.21464433e-01   1.07585078e-01]
 [ -1.16882590e-02   5.05253073e-02  -6.46241677e-02]
 [ -9.35984684e-02  -1.31334618e-01   1.48430331e-02]
 [  2.10346045e-02   2.20454847e-02  -2.16013172e-01]
 [ -1.44806243e-02  -1.13287814e-02   1.16705365e-01]
 [  1.59361246e-02   1.15807644e-02  -3.25898171e-02]
 [  4.35623025e-02   8.56697319e-02   2.37612404e-02]
 [ -8.43372793e-02  -8.03157897e-02  -1.48507433e-02]
 [  0.00000000e+00  -1.16856578e-02   1.15423299e-02]]
Time taken for 3Dl intervals exp:  25.809298992156982 , number of intervals:  5
Avg AR burnin:  0.21335 , Avg AR sampling:  0.02289

 Estimated ordinary:  [[ -9.75701069e-01   8.21201957e+00  -7.40343278e+00  -1.63399884e-01
    5.48491129e-02  -1.09568875e-01   6.29813822e-03  -5.39409233e-01
    6.69216821e-01   2.92393241e-02   7.11474123e-03   1.89061333e-02
   -2.08257153e-03  -9.62849071e-03   3.74786942e-03  -3.64881954e-03
    2.83944080e-03   7.76177282e-03  -1.50269101e-02   0.00000000e+00]
 [ -6.21574129e-01   1.31741681e+01  -8.24050130e+00  -3.26409038e-01
    8.59066308e-02  -1.66890316e-01   3.70842584e-02  -8.93511757e-01
    6.70814530e-01   4.13321894e-02  -1.24300769e-02   2.16420914e-02
    9.00241573e-03  -1.35104150e-02   3.92798439e-03  -2.85461993e-03
    2.06341854e-03   1.52643216e-02  -1.43103757e-02  -1.20210565e-03]
 [  2.14349386e+01   2.96136587e+00  -1.26723686e+00  -7.31403425e-01
    1.59636123e+00  -1.29946855e+00   3.03528815e-01  -2.14107605e-01
    1.04811022e-01  -5.30567033e-02  -7.78141517e-03   1.91691184e-02
   -1.15144995e-02   1.52690540e-03  -3.84884423e-02   2.94073519e-02
   -5.80673523e-03   4.23369151e-03  -2.64605149e-03   1.18736148e-03]] 
 True ordinary:  [[  0.         -10.          10.           0.           0.           0.
    0.           0.           0.           0.           0.           0.
    0.           0.           0.           0.           0.           0.
    0.           0.        ]
 [  0.          28.          -1.           0.           0.           0.
    0.          -1.           0.           0.           0.           0.
    0.           0.           0.           0.           0.           0.
    0.           0.        ]
 [  0.           0.           0.          -2.66666667   0.           1.
    0.           0.           0.           0.           0.           0.
    0.           0.           0.           0.           0.           0.
    0.           0.        ]]

 Estimated hermite:  [[ -3.51343947e+00   3.26972833e+01  -2.94803384e+01  -6.22322901e-01
    3.07836071e-01  -4.34832606e-01   3.53477754e-02  -2.14068752e+00
    2.65583904e+00   1.64103268e-01   6.91623331e-02   1.06109096e-01
   -1.16882590e-02  -9.35984684e-02   2.10346045e-02  -1.44806243e-02
    1.59361246e-02   4.35623025e-02  -8.43372793e-02   0.00000000e+00]
 [ -1.81463638e+00   5.22310268e+01  -3.28348256e+01  -1.28591427e+00
    4.82143799e-01  -6.62317209e-01   2.08132307e-01  -3.54597094e+00
    2.66217967e+00   2.31973465e-01  -1.20832662e-01   1.21464433e-01
    5.05253073e-02  -1.31334618e-01   2.20454847e-02  -1.13287814e-02
    1.15807644e-02   8.56697319e-02  -8.03157897e-02  -1.16856578e-02]
 [  9.23955237e+01   1.16308730e+01  -4.94537609e+00  -3.06428386e+00
    8.95944426e+00  -5.15704206e+00   1.70353015e+00  -8.49702692e-01
    4.15950697e-01  -2.97776321e-01  -7.56430643e-02   1.07585078e-01
   -6.46241677e-02   1.48430331e-02  -2.16013172e-01   1.16705365e-01
   -3.25898171e-02   2.37612404e-02  -1.48507433e-02   1.15423299e-02]] 
 True hermite:  [[   0.          -39.68577824   39.68577824    0.            0.            0.
     0.            0.            0.            0.            0.            0.
     0.            0.            0.            0.            0.            0.
     0.            0.        ]
 [   0.          111.12017907   -3.96857782    0.            0.            0.
     0.           -3.96857782    0.            0.            0.            0.
     0.            0.            0.            0.            0.            0.
     0.            0.        ]
 [   0.            0.            0.          -10.5828742     0.
     3.96857782    0.            0.            0.            0.            0.
     0.            0.            0.            0.            0.            0.
     0.            0.            0.        ]]


