My SLURM_ARRAY_TASK_ID:  3
Data shape: (10, 51, 3)
Theta shape: (20, 3)
Theta: [[ 0.33778134  0.06643025  0.08978566]
 [ 0.45118759  0.19436393  0.04736294]
 [ 0.28306141  0.20798297  0.2645379 ]
 [ 0.42273352  0.48553541  0.48746662]
 [ 0.09686423  0.01690917  0.26795688]
 [ 0.03304255  0.22581501  0.48556666]
 [ 0.34901855  0.16236127  0.24838829]
 [ 0.49714944  0.07387842  0.00813729]
 [ 0.10702889  0.33009924  0.47760098]
 [ 0.16721286  0.07515113  0.34413982]
 [ 0.33509823  0.42513442  0.15978987]
 [ 0.21005161  0.21041453  0.45386713]
 [ 0.40626961  0.20752755  0.44136588]
 [ 0.38399937  0.12689924  0.2019992 ]
 [ 0.27848339  0.31122605  0.17170944]
 [ 0.48075584  0.45056729  0.43529692]
 [ 0.13902037  0.15778909  0.22816633]
 [ 0.26279033  0.246539    0.35623797]
 [ 0.09795938  0.33321937  0.24581806]
 [ 0.37067606  0.48939675  0.15174766]]
1
320.794592102
[[ -4.09770451e+00  -3.68081604e+00   9.95420709e+01]
 [  3.35302262e+01   5.01887682e+01   1.15617735e+01]
 [ -3.29916695e+01  -3.56529755e+01  -5.95444083e+00]
 [ -4.12896691e-01  -8.89791517e-01  -3.02798201e+00]
 [  3.82629598e-01   6.30390039e-01   7.51202005e+00]
 [ -5.72924916e-01  -8.10688617e-01  -3.82654552e+00]
 [  1.50204278e-01   3.03437808e-01   1.18547101e+00]
 [ -2.16731143e+00  -3.37925412e+00  -8.89683863e-01]
 [  2.89310398e+00   2.82183755e+00   5.21855960e-01]
 [  1.36369759e-01   1.87738359e-01  -3.28305734e-01]
 [  3.75762925e-02  -1.46374851e-01  -1.13028914e-01]
 [  1.44206509e-01   1.51970449e-01   1.53318378e-01]
 [ -5.31951206e-02   0.00000000e+00  -1.03147243e-01]
 [ -7.08715998e-02  -1.04604696e-01   3.64735877e-02]
 [  1.47293429e-02   1.27331145e-02  -1.88648713e-01]
 [  0.00000000e+00   0.00000000e+00   9.12003210e-02]
 [  0.00000000e+00   0.00000000e+00  -2.60959328e-02]
 [  4.36259628e-02   8.19894858e-02   2.63941849e-02]
 [ -8.95079292e-02  -8.32418634e-02  -1.87808453e-02]
 [  0.00000000e+00   0.00000000e+00   1.30735260e-02]]
2
2.45300913399
[[ -4.16447607e+00  -3.53229536e+00   9.95644622e+01]
 [  3.38885856e+01   5.04744371e+01   1.20219886e+01]
 [ -3.32390697e+01  -3.58571321e+01  -6.23778318e+00]
 [ -3.96146960e-01  -9.05703240e-01  -2.99661725e+00]
 [  3.80684961e-01   6.34943622e-01   7.54744732e+00]
 [ -5.69876407e-01  -8.23819438e-01  -3.85584119e+00]
 [  1.49080598e-01   3.12789899e-01   1.19741567e+00]
 [ -2.19050391e+00  -3.39272817e+00  -9.24421194e-01]
 [  2.90931552e+00   2.83298344e+00   5.43056180e-01]
 [  1.34919156e-01   1.89049868e-01  -3.32217545e-01]
 [  3.54120472e-02  -1.44875458e-01  -1.17501318e-01]
 [  1.46741538e-01   1.51580758e-01   1.57289807e-01]
 [ -5.49140954e-02   0.00000000e+00  -1.05538096e-01]
 [ -7.01959303e-02  -1.04665139e-01   3.74338272e-02]
 [  1.46380655e-02   1.26881269e-02  -1.89759074e-01]
 [  0.00000000e+00   0.00000000e+00   9.21039882e-02]
 [  0.00000000e+00   0.00000000e+00  -2.64593122e-02]
 [  4.42013526e-02   8.21450217e-02   2.73819328e-02]
 [ -8.99208003e-02  -8.34649973e-02  -1.93496166e-02]
 [  0.00000000e+00   0.00000000e+00   1.32169360e-02]]
3
Finished successfully! number of iterations:  3
0.0659591597341
[[ -4.16497433e+00  -3.53307622e+00   9.95639569e+01]
 [  3.38887752e+01   5.04729429e+01   1.20278198e+01]
 [ -3.32391656e+01  -3.58565229e+01  -6.24167715e+00]
 [ -3.95974667e-01  -9.05482614e-01  -2.99647586e+00]
 [  3.80769561e-01   6.35148038e-01   7.54731901e+00]
 [ -5.69895716e-01  -8.24017324e-01  -3.85565265e+00]
 [  1.49057874e-01   3.12877279e-01   1.19726749e+00]
 [ -2.19054812e+00  -3.39263817e+00  -9.24880373e-01]
 [  2.90935518e+00   2.83297399e+00   5.43358890e-01]
 [  1.34907766e-01   1.89040153e-01  -3.32228719e-01]
 [  3.53997931e-02  -1.44870083e-01  -1.17557343e-01]
 [  1.46754681e-01   1.51584431e-01   1.57327125e-01]
 [ -5.49198954e-02   0.00000000e+00  -1.05547691e-01]
 [ -7.01959594e-02  -1.04665649e-01   3.74309187e-02]
 [  1.46364711e-02   1.26851378e-02  -1.89755877e-01]
 [  0.00000000e+00   0.00000000e+00   9.20986370e-02]
 [  0.00000000e+00   0.00000000e+00  -2.64547183e-02]
 [  4.42032846e-02   8.21429552e-02   2.73953767e-02]
 [ -8.99227237e-02  -8.34657318e-02  -1.93579139e-02]
 [  0.00000000e+00   0.00000000e+00   1.32172533e-02]]
Time taken for 3Dl intervals exp:  19.068584442138672 , number of intervals:  3
Avg AR burnin:  0.189866666667 , Avg AR sampling:  0.0218266666667

 Estimated ordinary:  [[ -1.16792798e+00   8.53025914e+00  -8.36404910e+00  -1.02385346e-01
    6.78441372e-02  -1.43602001e-01   2.65585906e-02  -5.51973079e-01
    7.33097676e-01   2.40373757e-02   3.64158287e-03   2.61482160e-02
   -9.78542747e-03  -7.22107054e-03   2.60787326e-03   0.00000000e+00
    0.00000000e+00   7.87598069e-03  -1.60221043e-02   0.00000000e+00]
 [ -1.09286075e+00   1.27482162e+01  -9.01494261e+00  -2.30423190e-01
    1.13168370e-01  -2.07635420e-01   5.57473370e-02  -8.54875051e-01
    7.13851188e-01   3.36824877e-02  -1.49028106e-02   2.70087633e-02
    0.00000000e+00  -1.07669735e-02   2.26019178e-03   0.00000000e+00
    0.00000000e+00   1.46359334e-02  -1.48716209e-02   0.00000000e+00]
 [  2.35891863e+01   3.08096756e+00  -1.60890871e+00  -7.20605660e-01
    1.34475389e+00  -9.71545179e-01   2.13324773e-01  -2.33050834e-01
    1.36915266e-01  -5.91953063e-02  -1.20931443e-02   2.80319757e-02
   -1.88061041e-02   3.85052511e-03  -3.38100129e-02   2.32069626e-02
   -4.71360561e-03   4.88120871e-03  -3.44912279e-03   1.35966114e-03]] 
 True ordinary:  [[  0.         -10.          10.           0.           0.           0.
    0.           0.           0.           0.           0.           0.
    0.           0.           0.           0.           0.           0.
    0.           0.        ]
 [  0.          28.          -1.           0.           0.           0.
    0.          -1.           0.           0.           0.           0.
    0.           0.           0.           0.           0.           0.
    0.           0.        ]
 [  0.           0.           0.          -2.66666667   0.           1.
    0.           0.           0.           0.           0.           0.
    0.           0.           0.           0.           0.           0.
    0.           0.        ]]

 Estimated hermite:  [[ -4.16497433e+00   3.38887752e+01  -3.32391656e+01  -3.95974667e-01
    3.80769561e-01  -5.69895716e-01   1.49057874e-01  -2.19054812e+00
    2.90935518e+00   1.34907766e-01   3.53997931e-02   1.46754681e-01
   -5.49198954e-02  -7.01959594e-02   1.46364711e-02   0.00000000e+00
    0.00000000e+00   4.42032846e-02  -8.99227237e-02   0.00000000e+00]
 [ -3.53307622e+00   5.04729429e+01  -3.58565229e+01  -9.05482614e-01
    6.35148038e-01  -8.24017324e-01   3.12877279e-01  -3.39263817e+00
    2.83297399e+00   1.89040153e-01  -1.44870083e-01   1.51584431e-01
    0.00000000e+00  -1.04665649e-01   1.26851378e-02   0.00000000e+00
    0.00000000e+00   8.21429552e-02  -8.34657318e-02   0.00000000e+00]
 [  9.95639569e+01   1.20278198e+01  -6.24167715e+00  -2.99647586e+00
    7.54731901e+00  -3.85565265e+00   1.19726749e+00  -9.24880373e-01
    5.43358890e-01  -3.32228719e-01  -1.17557343e-01   1.57327125e-01
   -1.05547691e-01   3.74309187e-02  -1.89755877e-01   9.20986370e-02
   -2.64547183e-02   2.73953767e-02  -1.93579139e-02   1.32172533e-02]] 
 True hermite:  [[   0.          -39.68577824   39.68577824    0.            0.            0.
     0.            0.            0.            0.            0.            0.
     0.            0.            0.            0.            0.            0.
     0.            0.        ]
 [   0.          111.12017907   -3.96857782    0.            0.            0.
     0.           -3.96857782    0.            0.            0.            0.
     0.            0.            0.            0.            0.            0.
     0.            0.        ]
 [   0.            0.            0.          -10.5828742     0.
     3.96857782    0.            0.            0.            0.            0.
     0.            0.            0.            0.            0.            0.
     0.            0.            0.        ]]


