My SLURM_ARRAY_TASK_ID:  10
Data shape: (10, 51, 3)
Theta shape: (20, 3)
Theta: [[ 0.06273504  0.07747856  0.44273511]
 [ 0.37631352  0.26964249  0.4522055 ]
 [ 0.26220489  0.32276861  0.12362163]
 [ 0.30003934  0.01550841  0.44876103]
 [ 0.15166745  0.42858436  0.24822697]
 [ 0.43798429  0.21213688  0.40919068]
 [ 0.05710115  0.21043202  0.20588796]
 [ 0.34864812  0.30713993  0.00917437]
 [ 0.44596673  0.07156469  0.09702262]
 [ 0.10143442  0.13591604  0.07674794]
 [ 0.1742972   0.3742861   0.38396222]
 [ 0.13810298  0.37440554  0.20367894]
 [ 0.41590172  0.2583386   0.01165064]
 [ 0.26074409  0.4277637   0.25699586]
 [ 0.2233079   0.20411     0.4122374 ]
 [ 0.16632769  0.14670798  0.36219115]
 [ 0.33963139  0.04959564  0.48051603]
 [ 0.09896735  0.08589751  0.12849557]
 [ 0.07282033  0.02209617  0.34329999]
 [ 0.09257414  0.19615905  0.47345483]]
1
279.229338414
[[ -1.48374849e+00   1.79805513e+00   7.96601956e+01]
 [  3.22313544e+01   5.39423520e+01   8.74320383e+00]
 [ -2.57805189e+01  -2.97317227e+01  -2.54790242e+00]
 [ -8.71880562e-01  -1.78485686e+00  -2.34343206e+00]
 [  4.06702967e-01   4.43664621e-01   9.51373568e+00]
 [ -3.74651991e-01  -5.45359828e-01  -5.82023284e+00]
 [ -7.31869123e-02   1.07519983e-01   1.91070558e+00]
 [ -2.06901407e+00  -3.63616737e+00  -5.86423527e-01]
 [  2.34006318e+00   2.41452576e+00   2.01104245e-01]
 [  1.82257961e-01   2.69289121e-01  -2.98221571e-01]
 [  1.37271568e-01  -8.05505598e-02  -2.03839979e-02]
 [  4.72966805e-02   9.61298723e-02   4.25863439e-02]
 [  3.24440041e-02   7.33949709e-02  -1.52152070e-02]
 [ -1.11305932e-01  -1.39349745e-01   0.00000000e+00]
 [  2.13929371e-02   2.62106008e-02  -2.19739393e-01]
 [ -2.01872788e-02  -1.77667372e-02   1.25465334e-01]
 [  2.16215072e-02   1.61124429e-02  -3.12850674e-02]
 [  3.98867144e-02   8.60216798e-02   1.50328537e-02]
 [ -7.55300750e-02  -7.39257376e-02   0.00000000e+00]
 [  0.00000000e+00  -1.29360788e-02   1.03445908e-02]]
2
1.4024488521
[[ -1.38789442e+00   1.87088013e+00   7.96982387e+01]
 [  3.23762393e+01   5.41150297e+01   8.99821851e+00]
 [ -2.58480844e+01  -2.98291862e+01  -2.72614046e+00]
 [ -9.00350291e-01  -1.80682643e+00  -2.32640205e+00]
 [  4.01756095e-01   4.42878459e-01   9.53225802e+00]
 [ -3.77337904e-01  -5.58272115e-01  -5.83802119e+00]
 [ -6.70998921e-02   1.19173356e-01   1.91751303e+00]
 [ -2.07845661e+00  -3.64732870e+00  -6.09218745e-01]
 [  2.34433979e+00   2.42141357e+00   2.17525586e-01]
 [  1.84851692e-01   2.71909131e-01  -2.99932824e-01]
 [  1.36077977e-01  -8.16420110e-02  -2.54773951e-02]
 [  4.89584383e-02   9.78645558e-02   4.70114049e-02]
 [  3.10753023e-02   7.20564045e-02  -1.75899320e-02]
 [ -1.10615770e-01  -1.38789039e-01   0.00000000e+00]
 [  2.15156020e-02   2.63570431e-02  -2.20191065e-01]
 [ -2.00694879e-02  -1.75124695e-02   1.25889771e-01]
 [  2.14314172e-02   1.58771459e-02  -3.14110718e-02]
 [  4.01365690e-02   8.63037372e-02   1.58150445e-02]
 [ -7.56547986e-02  -7.41316431e-02   0.00000000e+00]
 [  0.00000000e+00  -1.30358380e-02   1.03896694e-02]]
3
Finished successfully! number of iterations:  3
0.085976180972
[[ -1.38460992e+00   1.87547941e+00   7.96887841e+01]
 [  3.23764638e+01   5.41138606e+01   8.98359869e+00]
 [ -2.58486709e+01  -2.98290302e+01  -2.71617223e+00]
 [ -9.00703362e-01  -1.80698111e+00  -2.32356294e+00]
 [  4.02942654e-01   4.44225028e-01   9.53299101e+00]
 [ -3.78361357e-01  -5.59324972e-01  -5.83782761e+00]
 [ -6.67046485e-02   1.19524915e-01   1.91710738e+00]
 [ -2.07868564e+00  -3.64745703e+00  -6.07759233e-01]
 [  2.34453287e+00   2.42152903e+00   2.16547574e-01]
 [  1.84891602e-01   2.71911728e-01  -3.00233078e-01]
 [  1.35950385e-01  -8.17820955e-02  -2.52107090e-02]
 [  4.90998429e-02   9.79968813e-02   4.68179816e-02]
 [  3.09864498e-02   7.19843249e-02  -1.75223184e-02]
 [ -1.10585081e-01  -1.38766987e-01   0.00000000e+00]
 [  2.14927391e-02   2.63311552e-02  -2.20223837e-01]
 [ -2.00481581e-02  -1.74907005e-02   1.25893571e-01]
 [  2.14237295e-02   1.58710189e-02  -3.14041519e-02]
 [  4.01492585e-02   8.63145201e-02   1.57653596e-02]
 [ -7.56645824e-02  -7.41390308e-02   0.00000000e+00]
 [  0.00000000e+00  -1.30370415e-02   1.04004080e-02]]
Time taken for 3Dl intervals exp:  20.362242460250854 , number of intervals:  10
Avg AR burnin:  0.2086 , Avg AR sampling:  0.0236333333333

 Estimated ordinary:  [[ -4.41746206e-01   8.10357266e+00  -6.47447258e+00  -2.34605425e-01
    7.17948585e-02  -9.53392811e-02  -1.18851920e-02  -5.23786034e-01
    5.90774070e-01   3.29433141e-02   1.39852397e-02   8.74843166e-03
    5.52105308e-03  -1.13759065e-02   3.82949819e-03  -5.05172356e-03
    3.81720230e-03   7.15364904e-03  -1.34816404e-02   0.00000000e+00]
 [  3.23687081e-01   1.36326138e+01  -7.47772815e+00  -4.58818143e-01
    7.91504018e-02  -1.40938391e-01   2.12965152e-02  -9.19084164e-01
    6.10175517e-01   4.84482441e-02  -8.41293838e-03   1.74607284e-02
    1.28259055e-02  -1.42749840e-02   4.69158959e-03  -4.40729684e-03
    2.82784051e-03   1.53792077e-02  -1.32098232e-02  -1.34112272e-03]
 [  1.80932923e+01   2.27177547e+00  -6.92761402e-01  -5.43865591e-01
    1.69855371e+00  -1.47101251e+00   3.41583230e-01  -1.53142829e-01
    5.45655355e-02  -5.34944392e-02  -2.59343002e-03   8.34185789e-03
   -3.12206305e-03   0.00000000e+00  -3.92386834e-02   3.17225909e-02
   -5.59547771e-03   2.80901450e-03   0.00000000e+00   1.06989178e-03]] 
 True ordinary:  [[  0.         -10.          10.           0.           0.           0.
    0.           0.           0.           0.           0.           0.
    0.           0.           0.           0.           0.           0.
    0.           0.        ]
 [  0.          28.          -1.           0.           0.           0.
    0.          -1.           0.           0.           0.           0.
    0.           0.           0.           0.           0.           0.
    0.           0.        ]
 [  0.           0.           0.          -2.66666667   0.           1.
    0.           0.           0.           0.           0.           0.
    0.           0.           0.           0.           0.           0.
    0.           0.        ]]

 Estimated hermite:  [[ -1.38460992e+00   3.23764638e+01  -2.58486709e+01  -9.00703362e-01
    4.02942654e-01  -3.78361357e-01  -6.67046485e-02  -2.07868564e+00
    2.34453287e+00   1.84891602e-01   1.35950385e-01   4.90998429e-02
    3.09864498e-02  -1.10585081e-01   2.14927391e-02  -2.00481581e-02
    2.14237295e-02   4.01492585e-02  -7.56645824e-02   0.00000000e+00]
 [  1.87547941e+00   5.41138606e+01  -2.98290302e+01  -1.80698111e+00
    4.44225028e-01  -5.59324972e-01   1.19524915e-01  -3.64745703e+00
    2.42152903e+00   2.71911728e-01  -8.17820955e-02   9.79968813e-02
    7.19843249e-02  -1.38766987e-01   2.63311552e-02  -1.74907005e-02
    1.58710189e-02   8.63145201e-02  -7.41390308e-02  -1.30370415e-02]
 [  7.96887841e+01   8.98359869e+00  -2.71617223e+00  -2.32356294e+00
    9.53299101e+00  -5.83782761e+00   1.91710738e+00  -6.07759233e-01
    2.16547574e-01  -3.00233078e-01  -2.52107090e-02   4.68179816e-02
   -1.75223184e-02   0.00000000e+00  -2.20223837e-01   1.25893571e-01
   -3.14041519e-02   1.57653596e-02   0.00000000e+00   1.04004080e-02]] 
 True hermite:  [[   0.          -39.68577824   39.68577824    0.            0.            0.
     0.            0.            0.            0.            0.            0.
     0.            0.            0.            0.            0.            0.
     0.            0.        ]
 [   0.          111.12017907   -3.96857782    0.            0.            0.
     0.           -3.96857782    0.            0.            0.            0.
     0.            0.            0.            0.            0.            0.
     0.            0.        ]
 [   0.            0.            0.          -10.5828742     0.
     3.96857782    0.            0.            0.            0.            0.
     0.            0.            0.            0.            0.            0.
     0.            0.            0.        ]]


