My SLURM_ARRAY_TASK_ID:  4
Data shape: (10, 51, 3)
Theta shape: (20, 3)
Theta: [[  2.73761458e-01   2.46266787e-01   3.89279811e-01]
 [  5.15027750e-02   1.74345656e-01   8.13360813e-02]
 [  1.23101129e-01   4.84920814e-01   3.67513874e-02]
 [  1.90034793e-01   2.66677295e-01   3.88149813e-01]
 [  8.80014216e-02   1.06045473e-01   1.05862801e-01]
 [  2.40939517e-01   3.28582864e-01   1.38675058e-01]
 [  3.94344645e-01   2.41042433e-01   1.03633853e-01]
 [  2.98910783e-01   1.07861886e-01   4.26876399e-01]
 [  3.07016179e-01   1.73312485e-01   3.02656941e-02]
 [  1.15485148e-01   2.70015481e-01   1.57416817e-01]
 [  4.39978847e-01   1.99744735e-01   4.31660535e-01]
 [  1.20314463e-04   1.37683230e-01   1.31805038e-01]
 [  2.93936904e-01   1.16532130e-02   2.18339020e-01]
 [  2.98675452e-01   3.91233424e-01   8.61001004e-02]
 [  8.52325526e-02   4.95195662e-01   4.63148986e-01]
 [  6.71860995e-02   3.97542719e-01   2.39604860e-01]
 [  3.46458269e-01   2.66865596e-01   1.11371292e-01]
 [  6.98179752e-02   2.79107373e-01   3.40119883e-01]
 [  3.15187466e-01   2.05895448e-01   4.99772569e-01]
 [  3.78899299e-01   4.77762509e-02   3.27207741e-01]]
1
312.812740187
[[ -3.90796986e+00  -2.82708631e+00   9.59469116e+01]
 [  3.27440521e+01   5.10517572e+01   1.16351622e+01]
 [ -3.08206021e+01  -3.38382685e+01  -5.33712929e+00]
 [ -5.43127241e-01  -1.11124586e+00  -3.17839669e+00]
 [  3.03271759e-01   5.10714795e-01   8.41832836e+00]
 [ -4.73443205e-01  -6.97654238e-01  -4.64608050e+00]
 [  7.96760137e-02   2.37553715e-01   1.51368325e+00]
 [ -2.15118099e+00  -3.46968024e+00  -8.67132439e-01]
 [  2.76101134e+00   2.73139891e+00   4.57346182e-01]
 [  1.55157754e-01   2.14380749e-01  -3.02569567e-01]
 [  4.67555718e-02  -1.35820185e-01  -8.96867910e-02]
 [  1.27030212e-01   1.34374414e-01   1.26031111e-01]
 [ -3.00169478e-02   3.52388170e-02  -8.07237863e-02]
 [ -8.46422554e-02  -1.22709043e-01   2.39735524e-02]
 [  1.95763761e-02   1.91815451e-02  -2.06349886e-01]
 [ -1.15825324e-02   0.00000000e+00   1.07193736e-01]
 [  1.34812317e-02   0.00000000e+00  -3.06037709e-02]
 [  4.42388206e-02   8.44026168e-02   2.48048502e-02]
 [ -8.70043291e-02  -8.18704547e-02  -1.64074012e-02]
 [  0.00000000e+00  -1.09619214e-02   1.20292061e-02]]
2
2.47013518806
[[ -3.95454573e+00  -2.79650929e+00   9.59691397e+01]
 [  3.31337698e+01   5.15118523e+01   1.18926621e+01]
 [ -3.10795285e+01  -3.41404996e+01  -5.50923347e+00]
 [ -5.22101122e-01  -1.10059832e+00  -3.13261015e+00]
 [  3.22693814e-01   5.43199800e-01   8.50593828e+00]
 [ -4.82121696e-01  -7.23555201e-01  -4.72223727e+00]
 [  8.00060737e-02   2.46611099e-01   1.54467773e+00]
 [ -2.16782847e+00  -3.49017060e+00  -8.88637005e-01]
 [  2.77342519e+00   2.74713802e+00   4.72378691e-01]
 [  1.52972903e-01   2.13534399e-01  -3.07098688e-01]
 [  4.92228109e-02  -1.32446052e-01  -9.33322152e-02]
 [  1.26344567e-01   1.32997459e-01   1.29451135e-01]
 [ -3.01820319e-02   3.57198451e-02  -8.26243684e-02]
 [ -8.45822797e-02  -1.23096238e-01   2.45272347e-02]
 [  1.90153819e-02   1.85583529e-02  -2.08435275e-01]
 [ -1.13289257e-02   0.00000000e+00   1.09052110e-01]
 [  1.34722381e-02   0.00000000e+00  -3.13277202e-02]
 [  4.43698058e-02   8.45816801e-02   2.54782240e-02]
 [ -8.72091731e-02  -8.21694640e-02  -1.68663057e-02]
 [  0.00000000e+00  -1.09638142e-02   1.21331530e-02]]
3
Finished successfully! number of iterations:  3
0.0794292549229
[[ -3.95304314e+00  -2.80146051e+00   9.59683354e+01]
 [  3.31327977e+01   5.15196582e+01   1.19037086e+01]
 [ -3.10750268e+01  -3.41407703e+01  -5.51878056e+00]
 [ -5.22129704e-01  -1.09865176e+00  -3.13256481e+00]
 [  3.23441078e-01   5.44557891e-01   8.50566494e+00]
 [ -4.82845896e-01  -7.24722134e-01  -4.72216766e+00]
 [  8.03124220e-02   2.47132876e-01   1.54475252e+00]
 [ -2.16753081e+00  -3.49063692e+00  -8.89656659e-01]
 [  2.77290657e+00   2.74697884e+00   4.73284414e-01]
 [  1.52979145e-01   2.13327584e-01  -3.07084216e-01]
 [  4.92811070e-02  -1.32512833e-01  -9.35620482e-02]
 [  1.26318152e-01   1.33035159e-01   1.29706400e-01]
 [ -3.01825210e-02   3.56826002e-02  -8.27942372e-02]
 [ -8.45721379e-02  -1.23066283e-01   2.45945430e-02]
 [  1.90001282e-02   1.85134658e-02  -2.08429318e-01]
 [ -1.13118268e-02   0.00000000e+00   1.09052623e-01]
 [  1.34642065e-02   0.00000000e+00  -3.13333664e-02]
 [  4.43570360e-02   8.45934967e-02   2.55135278e-02]
 [ -8.71933013e-02  -8.21613968e-02  -1.68978992e-02]
 [  0.00000000e+00  -1.09564553e-02   1.21325419e-02]]
Time taken for 3Dl intervals exp:  19.4272038936615 , number of intervals:  4
Avg AR burnin:  0.205066666667 , Avg AR sampling:  0.0229466666667

 Estimated ordinary:  [[ -1.09528218e+00   8.33104944e+00  -7.81113898e+00  -1.37350325e-01
    5.76295565e-02  -1.21667236e-01   1.43097756e-02  -5.46173190e-01
    6.98715433e-01   2.72572684e-02   5.06955604e-03   2.25069094e-02
   -5.37781196e-03  -8.69995052e-03   3.38537383e-03  -2.85034772e-03
    2.39900340e-03   7.90337554e-03  -1.55357857e-02   0.00000000e+00]
 [ -8.84980958e-01   1.30013589e+01  -8.57385697e+00  -2.76755035e-01
    9.70273470e-02  -1.82615074e-01   4.40332381e-02  -8.79568721e-01
    6.92182177e-01   3.80099341e-02  -1.36316181e-02   2.37037214e-02
    6.35779609e-03  -1.26598500e-02   3.29866209e-03   0.00000000e+00
    0.00000000e+00   1.50725620e-02  -1.46392192e-02  -1.12709246e-03]
 [  2.24460152e+01   3.03857008e+00  -1.41830915e+00  -7.50366099e-01
    1.51550848e+00  -1.18988914e+00   2.75238392e-01  -2.24175183e-01
    1.19257939e-01  -5.47151502e-02  -9.62474415e-03   2.31106152e-02
   -1.47519764e-02   2.53004491e-03  -3.71371788e-02   2.74790184e-02
   -5.58286541e-03   4.54590771e-03  -3.01080630e-03   1.24807669e-03]] 
 True ordinary:  [[  0.         -10.          10.           0.           0.           0.
    0.           0.           0.           0.           0.           0.
    0.           0.           0.           0.           0.           0.
    0.           0.        ]
 [  0.          28.          -1.           0.           0.           0.
    0.          -1.           0.           0.           0.           0.
    0.           0.           0.           0.           0.           0.
    0.           0.        ]
 [  0.           0.           0.          -2.66666667   0.           1.
    0.           0.           0.           0.           0.           0.
    0.           0.           0.           0.           0.           0.
    0.           0.        ]]

 Estimated hermite:  [[ -3.95304314e+00   3.31327977e+01  -3.10750268e+01  -5.22129704e-01
    3.23441078e-01  -4.82845896e-01   8.03124220e-02  -2.16753081e+00
    2.77290657e+00   1.52979145e-01   4.92811070e-02   1.26318152e-01
   -3.01825210e-02  -8.45721379e-02   1.90001282e-02  -1.13118268e-02
    1.34642065e-02   4.43570360e-02  -8.71933013e-02   0.00000000e+00]
 [ -2.80146051e+00   5.15196582e+01  -3.41407703e+01  -1.09865176e+00
    5.44557891e-01  -7.24722134e-01   2.47132876e-01  -3.49063692e+00
    2.74697884e+00   2.13327584e-01  -1.32512833e-01   1.33035159e-01
    3.56826002e-02  -1.23066283e-01   1.85134658e-02   0.00000000e+00
    0.00000000e+00   8.45934967e-02  -8.21613968e-02  -1.09564553e-02]
 [  9.59683354e+01   1.19037086e+01  -5.51878056e+00  -3.13256481e+00
    8.50566494e+00  -4.72216766e+00   1.54475252e+00  -8.89656659e-01
    4.73284414e-01  -3.07084216e-01  -9.35620482e-02   1.29706400e-01
   -8.27942372e-02   2.45945430e-02  -2.08429318e-01   1.09052623e-01
   -3.13333664e-02   2.55135278e-02  -1.68978992e-02   1.21325419e-02]] 
 True hermite:  [[   0.          -39.68577824   39.68577824    0.            0.            0.
     0.            0.            0.            0.            0.            0.
     0.            0.            0.            0.            0.            0.
     0.            0.        ]
 [   0.          111.12017907   -3.96857782    0.            0.            0.
     0.           -3.96857782    0.            0.            0.            0.
     0.            0.            0.            0.            0.            0.
     0.            0.        ]
 [   0.            0.            0.          -10.5828742     0.
     3.96857782    0.            0.            0.            0.            0.
     0.            0.            0.            0.            0.            0.
     0.            0.            0.        ]]


