My SLURM_ARRAY_TASK_ID:  9
Data shape: (9, 101, 2)
Theta shape: (10, 2)
Theta: [[ 0.1065511   0.44264675]
 [ 0.15195171  0.30366422]
 [ 0.06948957  0.09539604]
 [ 0.3738924   0.19233089]
 [ 0.48628438  0.22281686]
 [ 0.38085829  0.30508474]
 [ 0.45127579  0.49148989]
 [ 0.35638215  0.11794345]
 [ 0.38230131  0.40446719]
 [ 0.2083181   0.34394458]]
1
25.0011164604
[[ -0.01113104   0.        ]
 [ -0.15035166 -10.04173378]
 [  2.5072143   -0.10222555]
 [  0.           0.        ]
 [ -0.01515075   0.        ]
 [ -0.02425766  -0.01632473]
 [ -0.07944311  -6.11305939]
 [  0.02832883  -0.08027489]
 [ -0.0583839   -0.07617004]
 [  0.           0.        ]]
2
0.323440431391
[[  0.           0.        ]
 [ -0.18081308 -10.11099687]
 [  2.50514519  -0.1105216 ]
 [  0.           0.        ]
 [  0.           0.        ]
 [ -0.0265685   -0.02551134]
 [ -0.10576193  -6.18012268]
 [  0.03972341  -0.0765967 ]
 [ -0.05941453  -0.05010684]
 [  0.          -0.01460008]]
3
0.0547690116968
[[  0.           0.        ]
 [ -0.18040202 -10.11031622]
 [  2.50532675  -0.11074068]
 [  0.           0.        ]
 [  0.           0.        ]
 [ -0.02656047  -0.02569086]
 [ -0.10578191  -6.17944251]
 [  0.03981195  -0.07607165]
 [ -0.05858013  -0.05011552]
 [  0.          -0.01518995]]
4
0.0588160935538
[[  0.           0.        ]
 [ -0.18138297 -10.11178853]
 [  2.50488331  -0.11050441]
 [  0.           0.        ]
 [  0.           0.        ]
 [ -0.02624377  -0.02584142]
 [ -0.10636879  -6.18121702]
 [  0.0393802   -0.0763135 ]
 [ -0.05934059  -0.0492817 ]
 [  0.          -0.01475278]]
5
0.0567768354299
[[  0.00000000e+00   0.00000000e+00]
 [ -1.79829847e-01  -1.01116402e+01]
 [  2.50484658e+00  -1.10974126e-01]
 [  1.00109075e-02   0.00000000e+00]
 [  0.00000000e+00   0.00000000e+00]
 [ -2.66271534e-02  -2.56940439e-02]
 [ -1.04717607e-01  -6.18135052e+00]
 [  3.91708483e-02  -7.69884197e-02]
 [ -5.95003615e-02  -4.87479795e-02]
 [  0.00000000e+00  -1.48761542e-02]]
6
Finished successfully! number of iterations:  6
0.0452850129378
[[  0.00000000e+00   0.00000000e+00]
 [ -1.79666544e-01  -1.01112900e+01]
 [  2.50493185e+00  -1.11266613e-01]
 [  1.00999749e-02   0.00000000e+00]
 [  0.00000000e+00   0.00000000e+00]
 [ -2.64907662e-02  -2.57371651e-02]
 [ -1.04840710e-01  -6.18052407e+00]
 [  3.98537785e-02  -7.71355593e-02]
 [ -5.90324410e-02  -4.97404540e-02]
 [  0.00000000e+00  -1.50626537e-02]]
Time taken for 2D num time series exp:  40.61715078353882 , number of time series:  9
Avg AR burnin:  0.293555555556 , Avg AR sampling:  0.121535185185

 Estimated ordinary:  [[ 0.00462376 -0.0037984   0.98808068  0.00284915  0.         -0.00747291
  -0.01707514  0.01124254 -0.01665274  0.        ]
 [ 0.00726032 -0.99996997 -0.01526977  0.          0.         -0.00726032
  -1.00660653 -0.02175954 -0.01403152 -0.00245322]] 
 True ordinary:  [[ 0.  0.  1.  0.  0.  0.  0.  0.  0.  0.]
 [ 0. -1.  0.  0.  0.  0. -1.  0.  0.  0.]]

 Estimated hermite:  [[  0.00000000e+00  -1.79666544e-01   2.50493185e+00   1.00999749e-02
    0.00000000e+00  -2.64907662e-02  -1.04840710e-01   3.98537785e-02
   -5.90324410e-02   0.00000000e+00]
 [  0.00000000e+00  -1.01112900e+01  -1.11266613e-01   0.00000000e+00
    0.00000000e+00  -2.57371651e-02  -6.18052407e+00  -7.71355593e-02
   -4.97404540e-02  -1.50626537e-02]] 
 True hermite:  [[  0.           0.           2.50662827   0.           0.           0.
    0.           0.           0.           0.        ]
 [  0.         -10.0265131    0.           0.           0.           0.
   -6.13996025   0.           0.           0.        ]]


