My SLURM_ARRAY_TASK_ID:  1
Data shape: (1, 101, 2)
Theta shape: (10, 2)
Theta: [[ 0.22938058  0.26536384]
 [ 0.40147175  0.3309561 ]
 [ 0.21804635  0.04921461]
 [ 0.28742859  0.34928659]
 [ 0.04971529  0.23209126]
 [ 0.23994735  0.40437929]
 [ 0.4279707   0.18956806]
 [ 0.1224835   0.22253768]
 [ 0.07676213  0.07971684]
 [ 0.30263964  0.24458504]]
1
24.0836880409
[[-0.58348561 -0.52855714]
 [ 0.41529584 -8.79308425]
 [ 3.03156151  0.01165643]
 [-0.74022361 -0.67228342]
 [ 0.          0.        ]
 [-0.63160981 -0.56583661]
 [ 0.37254015 -5.10280314]
 [ 0.3182044   0.01801689]
 [ 0.12471308  0.33618313]
 [ 0.34701445  0.02560639]]
2
7.54566575417
[[-0.42266957 -0.52059976]
 [-1.03713165 -9.1401336 ]
 [ 2.39681003 -0.74221903]
 [-0.52562488 -0.66146519]
 [ 0.          0.01096259]
 [-0.46895541 -0.56062267]
 [-0.80732726 -5.38363501]
 [ 0.         -0.37943948]
 [-0.35539707  0.23611158]
 [-0.13120377 -0.52643702]]
3
0.200932049956
[[-0.4255317  -0.51547854]
 [-1.01991128 -9.1777077 ]
 [ 2.40845289 -0.7487557 ]
 [-0.5295705  -0.65448021]
 [ 0.          0.01132588]
 [-0.47172156 -0.55571634]
 [-0.79317142 -5.41401996]
 [ 0.01500135 -0.38464161]
 [-0.35012058  0.22371568]
 [-0.12272623 -0.53010634]]
4
Finished successfully! number of iterations:  4
0.00644481724637
[[-0.4255317  -0.51547854]
 [-1.01991128 -9.1777077 ]
 [ 2.40845289 -0.7487557 ]
 [-0.5295705  -0.65448021]
 [ 0.          0.01132588]
 [-0.47172156 -0.55571634]
 [-0.79317142 -5.41401996]
 [ 0.01500135 -0.38464161]
 [-0.35012058  0.22371568]
 [-0.12272623 -0.53010634]]
Time taken for 2D num time series exp:  3.8913156986236572 , number of time series:  1
Avg AR burnin:  0.2945 , Avg AR sampling:  0.138825

 Estimated ordinary:  [[ 0.11269669  0.07942701  1.01656623 -0.14938908  0.         -0.1330702
  -0.12918185  0.0042318  -0.09876719 -0.01998812]
 [ 0.13574396 -1.07918092  0.06880638 -0.18462546  0.00451837 -0.15676468
  -0.88176792 -0.1085054   0.06310903 -0.0863371 ]] 
 True ordinary:  [[ 0.  0.  1.  0.  0.  0.  0.  0.  0.  0.]
 [ 0. -1.  0.  0.  0.  0. -1.  0.  0.  0.]]

 Estimated hermite:  [[-0.4255317  -1.01991128  2.40845289 -0.5295705   0.         -0.47172156
  -0.79317142  0.01500135 -0.35012058 -0.12272623]
 [-0.51547854 -9.1777077  -0.7487557  -0.65448021  0.01132588 -0.55571634
  -5.41401996 -0.38464161  0.22371568 -0.53010634]] 
 True hermite:  [[  0.           0.           2.50662827   0.           0.           0.
    0.           0.           0.           0.        ]
 [  0.         -10.0265131    0.           0.           0.           0.
   -6.13996025   0.           0.           0.        ]]


