My SLURM_ARRAY_TASK_ID:  7
Data shape: (7, 101, 2)
Theta shape: (10, 2)
Theta: [[ 0.38435215  0.47986598]
 [ 0.06833802  0.31032252]
 [ 0.16677694  0.10158104]
 [ 0.37110698  0.28695843]
 [ 0.18994658  0.1380564 ]
 [ 0.12120439  0.30196525]
 [ 0.22659118  0.12059166]
 [ 0.2114365   0.40040464]
 [ 0.35130964  0.25756784]
 [ 0.42380028  0.09830099]]
1
24.1452657241
[[  0.           0.        ]
 [ -0.19375909 -10.12014273]
 [  2.5630607   -0.05204072]
 [  0.01156642   0.01028385]
 [ -0.02979198  -0.02273979]
 [ -0.0274784   -0.0299051 ]
 [ -0.08622851  -6.15973904]
 [  0.01761436  -0.11268805]
 [ -0.1150296   -0.11332944]
 [  0.06066665   0.06977501]]
2
0.323543206376
[[  0.           0.        ]
 [ -0.23872774 -10.16999928]
 [  2.56063447  -0.05609289]
 [  0.01762673   0.01304945]
 [ -0.02826286  -0.02400765]
 [ -0.02914022  -0.02704815]
 [ -0.13136298  -6.21249258]
 [  0.03053611  -0.08927316]
 [ -0.10405575  -0.08756961]
 [  0.05321106   0.0482765 ]]
3
Finished successfully! number of iterations:  3
0.0119522573987
[[  0.           0.        ]
 [ -0.23930946 -10.17026806]
 [  2.56108687  -0.05566635]
 [  0.01794687   0.01317059]
 [ -0.0283202   -0.0244009 ]
 [ -0.02932107  -0.02698419]
 [ -0.13172744  -6.21287523]
 [  0.03150984  -0.08881718]
 [ -0.10434359  -0.08713462]
 [  0.05314871   0.04839514]]
Time taken for 2D num time series exp:  16.144111156463623 , number of time series:  7
Avg AR burnin:  0.333761904762 , Avg AR sampling:  0.194657142857

 Estimated ordinary:  [[ 0.0032086  -0.00167352  0.98686848  0.00506272 -0.01129813 -0.00827132
  -0.02145412  0.00888876 -0.02943478  0.0086562 ]
 [ 0.00389674 -0.99714327 -0.02079879  0.00371536 -0.00973455 -0.0076121
  -1.01187548 -0.02505486 -0.02458022  0.007882  ]] 
 True ordinary:  [[ 0.  0.  1.  0.  0.  0.  0.  0.  0.  0.]
 [ 0. -1.  0.  0.  0.  0. -1.  0.  0.  0.]]

 Estimated hermite:  [[  0.          -0.23930946   2.56108687   0.01794687  -0.0283202
   -0.02932107  -0.13172744   0.03150984  -0.10434359   0.05314871]
 [  0.         -10.17026806  -0.05566635   0.01317059  -0.0244009
   -0.02698419  -6.21287523  -0.08881718  -0.08713462   0.04839514]] 
 True hermite:  [[  0.           0.           2.50662827   0.           0.           0.
    0.           0.           0.           0.        ]
 [  0.         -10.0265131    0.           0.           0.           0.
   -6.13996025   0.           0.           0.        ]]


