My SLURM_ARRAY_TASK_ID:  3
Data shape: (3, 101, 2)
Theta shape: (10, 2)
Theta: [[ 0.34970896  0.02623652]
 [ 0.10989917  0.27918362]
 [ 0.21669811  0.41215455]
 [ 0.08790844  0.43116936]
 [ 0.21457449  0.13815232]
 [ 0.24892342  0.00343059]
 [ 0.08690509  0.35464032]
 [ 0.2419563   0.15941785]
 [ 0.1495793   0.09943274]
 [ 0.05373581  0.45975963]]
1
22.1554543411
[[-0.02202466 -0.02800436]
 [ 0.03476618 -9.92841735]
 [ 2.65197811  0.05165718]
 [ 0.         -0.01085755]
 [ 0.          0.        ]
 [-0.04502759 -0.03828045]
 [ 0.05975811 -6.0430478 ]
 [ 0.07566268  0.        ]
 [ 0.         -0.01328781]
 [ 0.11017041  0.10121142]]
2
0.346451135077
[[-0.01867925 -0.02150854]
 [-0.04459911 -9.95446231]
 [ 2.65940123  0.04179643]
 [ 0.          0.        ]
 [ 0.          0.        ]
 [-0.04195445 -0.04373894]
 [ 0.         -6.07591277]
 [ 0.08716173 -0.01804705]
 [-0.01758315  0.01934855]
 [ 0.11318205  0.09905694]]
3
Finished successfully! number of iterations:  3
0.0218503522619
[[-0.018618   -0.02139675]
 [-0.04420579 -9.95496018]
 [ 2.65927381  0.0420162 ]
 [ 0.          0.        ]
 [ 0.          0.        ]
 [-0.04179751 -0.043929  ]
 [ 0.         -6.07652746]
 [ 0.08746436 -0.0186985 ]
 [-0.01791793  0.01980239]
 [ 0.11293801  0.09966025]]
Time taken for 2D num time series exp:  7.63538932800293 , number of time series:  3
Avg AR burnin:  0.406777777778 , Avg AR sampling:  0.2557

 Estimated ordinary:  [[ 0.00436335 -0.01258101  0.98104172  0.          0.         -0.01179086
   0.          0.02467324 -0.00505455  0.01839393]
 [ 0.00385607 -1.00803409 -0.02665746  0.          0.         -0.01239214
  -0.98966886 -0.00527475  0.00558615  0.01623142]] 
 True ordinary:  [[ 0.  0.  1.  0.  0.  0.  0.  0.  0.  0.]
 [ 0. -1.  0.  0.  0.  0. -1.  0.  0.  0.]]

 Estimated hermite:  [[-0.018618   -0.04420579  2.65927381  0.          0.         -0.04179751
   0.          0.08746436 -0.01791793  0.11293801]
 [-0.02139675 -9.95496018  0.0420162   0.          0.         -0.043929
  -6.07652746 -0.0186985   0.01980239  0.09966025]] 
 True hermite:  [[  0.           0.           2.50662827   0.           0.           0.
    0.           0.           0.           0.        ]
 [  0.         -10.0265131    0.           0.           0.           0.
   -6.13996025   0.           0.           0.        ]]


