My SLURM_ARRAY_TASK_ID:  5
Data shape: (5, 101, 2)
Theta shape: (10, 2)
Theta: [[ 0.4635512   0.03837367]
 [ 0.40320851  0.48988512]
 [ 0.31351011  0.27488337]
 [ 0.23842975  0.27306485]
 [ 0.26247278  0.45751908]
 [ 0.24221406  0.37581672]
 [ 0.13926537  0.14570526]
 [ 0.27455844  0.34734415]
 [ 0.4148009   0.21941963]
 [ 0.08922916  0.49940501]]
1
25.2080946506
[[  0.           0.        ]
 [ -0.34138532 -10.24281908]
 [  2.64129994   0.01374385]
 [  0.04088129   0.01804487]
 [ -0.04162631  -0.04750585]
 [ -0.03104001  -0.02792005]
 [ -0.20958739  -6.26296258]
 [  0.06988666  -0.04676525]
 [ -0.14414771  -0.14304082]
 [  0.11327759   0.09277339]]
2
0.369056192251
[[  0.           0.        ]
 [ -0.43246454 -10.2718394 ]
 [  2.64678195   0.        ]
 [  0.03211578   0.02346245]
 [ -0.03450258  -0.03216357]
 [ -0.02564121  -0.02657421]
 [ -0.29023876  -6.2973099 ]
 [  0.07718371  -0.05802866]
 [ -0.1622963   -0.1171147 ]
 [  0.116137     0.09200015]]
3
Finished successfully! number of iterations:  3
0.0172930019152
[[  0.           0.        ]
 [ -0.43290125 -10.27256082]
 [  2.64613891   0.        ]
 [  0.03220559   0.02359574]
 [ -0.0344863   -0.03211198]
 [ -0.02542663  -0.02654917]
 [ -0.29059883  -6.29770664]
 [  0.07738772  -0.05783555]
 [ -0.16237729  -0.11755214]
 [  0.11539568   0.09234012]]
Time taken for 2D num time series exp:  11.63466739654541 , number of time series:  5
Avg AR burnin:  0.332266666667 , Avg AR sampling:  0.181166666667

 Estimated ordinary:  [[ -1.91230980e-03   1.50904923e-02   9.77443396e-01   9.08502960e-03
   -1.37580431e-02  -7.17271980e-03  -4.73291057e-02   2.18306740e-02
   -4.58057865e-02   1.87942071e-02]
 [  8.33147267e-04  -9.87922710e-01  -2.88025069e-02   6.65623436e-03
   -1.28108276e-02  -7.48938162e-03  -1.02569176e+00  -1.63151084e-02
   -3.31608477e-02   1.50392051e-02]] 
 True ordinary:  [[ 0.  0.  1.  0.  0.  0.  0.  0.  0.  0.]
 [ 0. -1.  0.  0.  0.  0. -1.  0.  0.  0.]]

 Estimated hermite:  [[  0.          -0.43290125   2.64613891   0.03220559  -0.0344863
   -0.02542663  -0.29059883   0.07738772  -0.16237729   0.11539568]
 [  0.         -10.27256082   0.           0.02359574  -0.03211198
   -0.02654917  -6.29770664  -0.05783555  -0.11755214   0.09234012]] 
 True hermite:  [[  0.           0.           2.50662827   0.           0.           0.
    0.           0.           0.           0.        ]
 [  0.         -10.0265131    0.           0.           0.           0.
   -6.13996025   0.           0.           0.        ]]


