My SLURM_ARRAY_TASK_ID:  6
Data shape: (6, 101, 2)
Theta shape: (10, 2)
Theta: [[ 0.11661104  0.1335473 ]
 [ 0.10919142  0.29495934]
 [ 0.46185489  0.19986479]
 [ 0.18753958  0.3168556 ]
 [ 0.06559375  0.2023412 ]
 [ 0.157966    0.03273507]
 [ 0.16443385  0.47566714]
 [ 0.05027979  0.08820668]
 [ 0.16080953  0.36850152]
 [ 0.26642152  0.07571719]]
1
22.5858535523
[[  0.          -0.01330237]
 [ -0.24933779 -10.14878949]
 [  2.65864521   0.04370007]
 [  0.01516916   0.        ]
 [ -0.03821385  -0.03552596]
 [ -0.03717143  -0.03654515]
 [ -0.14032273  -6.18651264]
 [  0.07920539  -0.03432911]
 [ -0.11284191  -0.12145387]
 [  0.12438052   0.12036338]]
2
0.36424118638
[[  0.           0.        ]
 [ -0.31128911 -10.20891278]
 [  2.64919921   0.02669551]
 [  0.01503496   0.        ]
 [ -0.03428454  -0.0327444 ]
 [ -0.03666773  -0.03789515]
 [ -0.1920073   -6.25017536]
 [  0.07667002  -0.0386689 ]
 [ -0.12378635  -0.08743624]
 [  0.11988688   0.10460258]]
3
Finished successfully! number of iterations:  3
0.034013702915
[[  0.           0.        ]
 [ -0.31251616 -10.21020184]
 [  2.64851144   0.02685055]
 [  0.01517303   0.        ]
 [ -0.03450509  -0.03274416]
 [ -0.03668023  -0.03781637]
 [ -0.19332155  -6.25113639]
 [  0.07602406  -0.03840767]
 [ -0.12366612  -0.08809111]
 [  0.1195188    0.10467488]]
Time taken for 2D num time series exp:  13.734434366226196 , number of time series:  6
Avg AR burnin:  0.426888888889 , Avg AR sampling:  0.294655555556

 Estimated ordinary:  [[ 0.00606707  0.00466705  0.97676002  0.00428023 -0.01376554 -0.0103473
  -0.0314858   0.02144599 -0.03488557  0.01946573]
 [ 0.0106678  -0.99411022 -0.02959799  0.         -0.01306303 -0.0106678
  -1.01810698 -0.0108346  -0.02485004  0.01704814]] 
 True ordinary:  [[ 0.  0.  1.  0.  0.  0.  0.  0.  0.  0.]
 [ 0. -1.  0.  0.  0.  0. -1.  0.  0.  0.]]

 Estimated hermite:  [[  0.          -0.31251616   2.64851144   0.01517303  -0.03450509
   -0.03668023  -0.19332155   0.07602406  -0.12366612   0.1195188 ]
 [  0.         -10.21020184   0.02685055   0.          -0.03274416
   -0.03781637  -6.25113639  -0.03840767  -0.08809111   0.10467488]] 
 True hermite:  [[  0.           0.           2.50662827   0.           0.           0.
    0.           0.           0.           0.        ]
 [  0.         -10.0265131    0.           0.           0.           0.
   -6.13996025   0.           0.           0.        ]]


