My SLURM_ARRAY_TASK_ID:  4
Data shape: (4, 101, 2)
Theta shape: (10, 2)
Theta: [[ 0.29790138  0.34605947]
 [ 0.48292483  0.22354265]
 [ 0.26472992  0.40883337]
 [ 0.28106029  0.41987003]
 [ 0.44438926  0.36916051]
 [ 0.47542161  0.21086685]
 [ 0.3206225   0.01714309]
 [ 0.07234972  0.00651688]
 [ 0.23877244  0.29011904]
 [ 0.19093226  0.43959744]]
1
24.9692206141
[[  0.           0.        ]
 [ -0.3071331  -10.22727687]
 [  2.64539638   0.02149132]
 [  0.05083844   0.02314929]
 [ -0.02752767  -0.0267245 ]
 [ -0.03558632  -0.0319803 ]
 [ -0.18873319  -6.24101948]
 [  0.09879128  -0.01244516]
 [ -0.12075502  -0.15368911]
 [  0.09488132   0.07944345]]
2
0.476111956467
[[  0.           0.        ]
 [ -0.38990388 -10.2848694 ]
 [  2.63902447   0.01323954]
 [  0.04571327   0.0382359 ]
 [ -0.01449123  -0.01447994]
 [ -0.03150517  -0.03579434]
 [ -0.24925069  -6.30529068]
 [  0.08446272  -0.0445255 ]
 [ -0.15580755  -0.12006105]
 [  0.09920445   0.0904422 ]]
3
Finished successfully! number of iterations:  3
0.016503667204
[[  0.           0.        ]
 [ -0.39001253 -10.28545844]
 [  2.63907412   0.01289234]
 [  0.04575926   0.03821337]
 [ -0.01448323  -0.01456036]
 [ -0.03164269  -0.03570495]
 [ -0.24932178  -6.30587592]
 [  0.08368163  -0.04481071]
 [ -0.15591211  -0.1200913 ]
 [  0.09970497   0.09028265]]
Time taken for 2D num time series exp:  9.836460590362549 , number of time series:  4
Avg AR burnin:  0.38225 , Avg AR sampling:  0.223341666667

 Estimated ordinary:  [[ -3.98221135e-03   1.02087576e-02   9.80515996e-01   1.29084488e-02
   -5.77797145e-03  -8.92623750e-03  -4.06064165e-02   2.36061523e-02
   -4.39819951e-02   1.62386995e-02]
 [ -7.07611969e-04  -9.88360299e-01  -2.63281634e-02   1.07797926e-02
   -5.80874186e-03  -1.00721806e-02  -1.02702227e+00  -1.26408672e-02
   -3.38771299e-02   1.47041097e-02]] 
 True ordinary:  [[ 0.  0.  1.  0.  0.  0.  0.  0.  0.  0.]
 [ 0. -1.  0.  0.  0.  0. -1.  0.  0.  0.]]

 Estimated hermite:  [[  0.          -0.39001253   2.63907412   0.04575926  -0.01448323
   -0.03164269  -0.24932178   0.08368163  -0.15591211   0.09970497]
 [  0.         -10.28545844   0.01289234   0.03821337  -0.01456036
   -0.03570495  -6.30587592  -0.04481071  -0.1200913    0.09028265]] 
 True hermite:  [[  0.           0.           2.50662827   0.           0.           0.
    0.           0.           0.           0.        ]
 [  0.         -10.0265131    0.           0.           0.           0.
   -6.13996025   0.           0.           0.        ]]


