My SLURM_ARRAY_TASK_ID:  8
Data shape: (8, 101, 2)
Theta shape: (10, 2)
Theta: [[ 0.49273728  0.43024216]
 [ 0.05181785  0.0534201 ]
 [ 0.47163248  0.42932648]
 [ 0.27736639  0.03763765]
 [ 0.37400699  0.11495794]
 [ 0.37867782  0.11552663]
 [ 0.01135365  0.28678178]
 [ 0.43474301  0.39086194]
 [ 0.20691735  0.15451808]
 [ 0.32776405  0.47043085]]
1
23.6352087104
[[  0.           0.        ]
 [ -0.09210169 -10.01835106]
 [  2.51852576  -0.10222642]
 [  0.01259439   0.        ]
 [ -0.01179957   0.        ]
 [ -0.02688534  -0.02354778]
 [ -0.0262135   -6.09595606]
 [  0.03607897  -0.07135197]
 [ -0.05122428  -0.06310685]
 [  0.           0.        ]]
2
0.304233810773
[[  0.           0.        ]
 [ -0.14604069 -10.07728433]
 [  2.51710731  -0.09968796]
 [  0.           0.        ]
 [  0.           0.        ]
 [ -0.02558923  -0.02649146]
 [ -0.0752116   -6.15355237]
 [  0.04491521  -0.07077384]
 [ -0.0516001   -0.03821863]
 [  0.           0.        ]]
3
0.0528278960698
[[  0.           0.        ]
 [ -0.14559476 -10.07783683]
 [  2.5167318   -0.1001892 ]
 [  0.           0.        ]
 [  0.           0.        ]
 [ -0.02545806  -0.02652656]
 [ -0.07492081  -6.15404779]
 [  0.04468826  -0.07180399]
 [ -0.05140388  -0.03814321]
 [  0.           0.        ]]
4
0.0517780613014
[[  0.           0.        ]
 [ -0.14519607 -10.07806414]
 [  2.51645752  -0.10008296]
 [  0.           0.        ]
 [  0.           0.        ]
 [ -0.02552647  -0.02639506]
 [ -0.07432759  -6.15386995]
 [  0.04545238  -0.07198965]
 [ -0.05178743  -0.03892304]
 [  0.           0.        ]]
5
0.0532347263798
[[  0.           0.        ]
 [ -0.14530381 -10.07722494]
 [  2.51671945  -0.10010878]
 [  0.           0.        ]
 [  0.           0.        ]
 [ -0.02545161  -0.02648062]
 [ -0.07470159  -6.15337618]
 [  0.04495549  -0.07122048]
 [ -0.05128157  -0.03840655]
 [  0.           0.        ]]
6
0.0508406788314
[[  0.           0.        ]
 [ -0.14552021 -10.07745632]
 [  2.51672586  -0.10007145]
 [  0.           0.        ]
 [  0.           0.        ]
 [ -0.02538454  -0.02635232]
 [ -0.074549    -6.15359766]
 [  0.04474006  -0.07183321]
 [ -0.05193854  -0.03832803]
 [  0.           0.        ]]
7
0.052509942509
[[  0.           0.        ]
 [ -0.14510173 -10.0783874 ]
 [  2.51681556  -0.10025937]
 [  0.           0.        ]
 [  0.           0.        ]
 [ -0.02531979  -0.02653353]
 [ -0.07393843  -6.15450206]
 [  0.04513605  -0.07215484]
 [ -0.05230849  -0.03823561]
 [  0.           0.        ]]
8
0.0525580609143
[[  0.           0.        ]
 [ -0.14596413 -10.07810834]
 [  2.51691495  -0.09985973]
 [  0.           0.        ]
 [  0.           0.        ]
 [ -0.02544798  -0.02669504]
 [ -0.07493847  -6.15421675]
 [  0.04509794  -0.07165666]
 [ -0.05197723  -0.03826751]
 [  0.           0.        ]]
9
0.0555109507956
[[  0.           0.        ]
 [ -0.14552332 -10.07759578]
 [  2.51711893  -0.0998514 ]
 [  0.           0.        ]
 [  0.           0.        ]
 [ -0.02563449  -0.02652934]
 [ -0.07508599  -6.15357554]
 [  0.04549325  -0.06958895]
 [ -0.05096725  -0.0386    ]
 [  0.           0.        ]]
10
0.0590553963604
[[  0.           0.        ]
 [ -0.14525317 -10.0786456 ]
 [  2.51652745  -0.10031034]
 [  0.           0.        ]
 [  0.           0.        ]
 [ -0.02534462  -0.02654562]
 [ -0.07418735  -6.15498111]
 [  0.04430368  -0.07226681]
 [ -0.05215255  -0.03785548]
 [  0.           0.        ]]
11
0.0546102247255
[[  0.           0.        ]
 [ -0.14475934 -10.0789358 ]
 [  2.5162385   -0.10055536]
 [  0.           0.        ]
 [  0.           0.        ]
 [ -0.02551987  -0.02637628]
 [ -0.07457463  -6.15526819]
 [  0.04453778  -0.07099241]
 [ -0.05056828  -0.03774778]
 [  0.           0.        ]]
12
0.0565235605037
[[  0.           0.        ]
 [ -0.14564393 -10.07770249]
 [  2.51690207  -0.09986639]
 [  0.           0.        ]
 [  0.           0.        ]
 [ -0.02533968  -0.02640728]
 [ -0.07472532  -6.15368518]
 [  0.04504721  -0.07120014]
 [ -0.05180174  -0.03859308]
 [  0.           0.        ]]
13
0.0523695367296
[[  0.           0.        ]
 [ -0.14525945 -10.07796061]
 [  2.51634884  -0.10015804]
 [  0.           0.        ]
 [  0.           0.        ]
 [ -0.02538348  -0.02643085]
 [ -0.07467243  -6.15415165]
 [  0.04467468  -0.07088512]
 [ -0.05124934  -0.03817099]
 [  0.           0.        ]]
14
0.0513766205108
[[  0.           0.        ]
 [ -0.14517952 -10.07881265]
 [  2.51629754  -0.09989038]
 [  0.           0.        ]
 [  0.           0.        ]
 [ -0.02551946  -0.02635418]
 [ -0.07452771  -6.15490974]
 [  0.04509963  -0.07102604]
 [ -0.05137474  -0.0381945 ]
 [  0.           0.        ]]
15
0.0536414635237
[[  0.           0.        ]
 [ -0.14521968 -10.07742384]
 [  2.51682609  -0.10023915]
 [  0.           0.        ]
 [  0.           0.        ]
 [ -0.02548576  -0.02650532]
 [ -0.07469408  -6.15360023]
 [  0.04498433  -0.07139526]
 [ -0.05115322  -0.03824344]
 [  0.           0.        ]]
16
0.0523990182462
[[  0.           0.        ]
 [ -0.1455825  -10.07818415]
 [  2.51680286  -0.1001518 ]
 [  0.           0.        ]
 [  0.           0.        ]
 [ -0.02546352  -0.02653352]
 [ -0.0747026   -6.1544507 ]
 [  0.0446731   -0.07151141]
 [ -0.05173546  -0.03799323]
 [  0.           0.        ]]
17
0.0500540738596
[[  0.           0.        ]
 [ -0.14565124 -10.07818914]
 [  2.51690556  -0.10009893]
 [  0.           0.        ]
 [  0.           0.        ]
 [ -0.02546215  -0.02647421]
 [ -0.074757    -6.15428466]
 [  0.0449372   -0.07156614]
 [ -0.05175716  -0.03834136]
 [  0.           0.        ]]
18
0.0504892970724
[[  0.           0.        ]
 [ -0.14569893 -10.07758836]
 [  2.51677615  -0.0998869 ]
 [  0.           0.        ]
 [  0.           0.        ]
 [ -0.02538894  -0.02640625]
 [ -0.07478244  -6.15376164]
 [  0.0446523   -0.07162928]
 [ -0.05181197  -0.03831309]
 [  0.           0.        ]]
19
0.0509737353777
[[  0.           0.        ]
 [ -0.14538686 -10.07754773]
 [  2.51689295  -0.10004036]
 [  0.           0.        ]
 [  0.           0.        ]
 [ -0.02535522  -0.02641551]
 [ -0.07430981  -6.15354986]
 [  0.04535939  -0.07184595]
 [ -0.05214007  -0.03860662]
 [  0.           0.        ]]
20
0.0521958141087
[[  0.           0.        ]
 [ -0.145269   -10.07777857]
 [  2.5164892   -0.09979629]
 [  0.           0.        ]
 [  0.           0.        ]
 [ -0.02558093  -0.02638152]
 [ -0.07441777  -6.15397401]
 [  0.04499307  -0.07113848]
 [ -0.05172224  -0.03811941]
 [  0.           0.        ]]
21
0.0521819040355
[[  0.           0.        ]
 [ -0.14519641 -10.07709135]
 [  2.51658229  -0.10027047]
 [  0.           0.        ]
 [  0.           0.        ]
 [ -0.02549704  -0.02652433]
 [ -0.07463759  -6.15317545]
 [  0.04502333  -0.0712214 ]
 [ -0.05120252  -0.03845462]
 [  0.           0.        ]]
22
0.054127204788
[[  0.           0.        ]
 [ -0.14526176 -10.07845965]
 [  2.51669275  -0.10028219]
 [  0.           0.        ]
 [  0.           0.        ]
 [ -0.02538323  -0.02652652]
 [ -0.07421964  -6.15468269]
 [  0.04485998  -0.07209609]
 [ -0.05206006  -0.03811191]
 [  0.           0.        ]]
23
0.053042728284
[[  0.           0.        ]
 [ -0.14549095 -10.07757598]
 [  2.5168005   -0.10007092]
 [  0.           0.        ]
 [  0.           0.        ]
 [ -0.02543495  -0.02649348]
 [ -0.07484637  -6.15375261]
 [  0.0450868   -0.07161377]
 [ -0.05133662  -0.03829196]
 [  0.           0.        ]]
24
0.0515715965524
[[  0.           0.        ]
 [ -0.14522301 -10.07797123]
 [  2.5163252   -0.10012563]
 [  0.           0.        ]
 [  0.           0.        ]
 [ -0.02552825  -0.02643867]
 [ -0.07447486  -6.15425817]
 [  0.04461436  -0.0721352 ]
 [ -0.0515672   -0.03801805]
 [  0.           0.        ]]
25
0.0516505225988
[[  0.           0.        ]
 [ -0.14538594 -10.07842135]
 [  2.51679529  -0.10012333]
 [  0.           0.        ]
 [  0.           0.        ]
 [ -0.0253736   -0.02651654]
 [ -0.07444792  -6.15460473]
 [  0.04506555  -0.07149563]
 [ -0.05184581  -0.03817215]
 [  0.           0.        ]]
26
0.0507378201532
[[  0.           0.        ]
 [ -0.14532276 -10.07849649]
 [  2.51666395  -0.10014895]
 [  0.           0.        ]
 [  0.           0.        ]
 [ -0.02540164  -0.02653602]
 [ -0.07429293  -6.15483439]
 [  0.04453187  -0.07188848]
 [ -0.05204717  -0.03786435]
 [  0.           0.        ]]
27
0.0509210305583
[[  0.           0.        ]
 [ -0.14528165 -10.07791502]
 [  2.51674865  -0.10015213]
 [  0.           0.        ]
 [  0.           0.        ]
 [ -0.02539011  -0.02650252]
 [ -0.07424841  -6.15409589]
 [  0.04483935  -0.07170132]
 [ -0.05205049  -0.03820215]
 [  0.           0.        ]]
28
0.0522047599026
[[  0.           0.        ]
 [ -0.14573826 -10.07800208]
 [  2.51667477  -0.09993421]
 [  0.           0.        ]
 [  0.           0.        ]
 [ -0.02553191  -0.02653227]
 [ -0.07512882  -6.15422758]
 [  0.04487081  -0.07119162]
 [ -0.05123782  -0.0381214 ]
 [  0.           0.        ]]
29
0.0536969394237
[[  0.           0.        ]
 [ -0.14496841 -10.07936372]
 [  2.51611275  -0.10027067]
 [  0.           0.        ]
 [  0.           0.        ]
 [ -0.02550101  -0.02645784]
 [ -0.07458249  -6.15544101]
 [  0.04487746  -0.07126586]
 [ -0.05091504  -0.03823769]
 [  0.           0.        ]]
30
0.0555030469262
[[  0.           0.        ]
 [ -0.14529009 -10.07732148]
 [  2.51674683  -0.1001843 ]
 [  0.           0.        ]
 [  0.           0.        ]
 [ -0.02538912  -0.02649371]
 [ -0.07456346  -6.15379065]
 [  0.0443848   -0.0716605 ]
 [ -0.05152592  -0.03778452]
 [  0.           0.        ]]
31
0.0656562838513
[[  0.           0.        ]
 [ -0.14273055 -10.07958918]
 [  2.51536822  -0.10148747]
 [  0.           0.        ]
 [  0.           0.        ]
 [ -0.02569869  -0.0262377 ]
 [ -0.07222919  -6.15424978]
 [  0.04596654  -0.0734884 ]
 [ -0.05100921  -0.04080313]
 [  0.           0.        ]]
32
0.0662364678439
[[  0.           0.        ]
 [ -0.14474849 -10.076745  ]
 [  2.51702513  -0.10009282]
 [  0.           0.        ]
 [  0.           0.        ]
 [ -0.02540398  -0.02662689]
 [ -0.07430829  -6.15285642]
 [  0.04530661  -0.07117208]
 [ -0.05092878  -0.03862863]
 [  0.           0.        ]]
33
0.0565725366416
[[  0.           0.        ]
 [ -0.14468299 -10.07886228]
 [  2.51637276  -0.10060111]
 [  0.           0.        ]
 [  0.           0.        ]
 [ -0.02556726  -0.02640214]
 [ -0.0743737   -6.15506072]
 [  0.04488617  -0.0713618 ]
 [ -0.05079306  -0.03798394]
 [  0.           0.        ]]
34
0.0534491966637
[[  0.           0.        ]
 [ -0.14540563 -10.07855119]
 [  2.51668235  -0.10025731]
 [  0.           0.        ]
 [  0.           0.        ]
 [ -0.02540012  -0.02654595]
 [ -0.07435364  -6.15484869]
 [  0.04439156  -0.07215963]
 [ -0.05210633  -0.03789184]
 [  0.           0.        ]]
35
0.0519170152868
[[  0.           0.        ]
 [ -0.14541575 -10.07794389]
 [  2.51673703  -0.10018472]
 [  0.           0.        ]
 [  0.           0.        ]
 [ -0.02538429  -0.02645481]
 [ -0.0744661   -6.15406362]
 [  0.04484607  -0.07163148]
 [ -0.05191636  -0.03831184]
 [  0.           0.        ]]
36
0.0518764029878
[[  0.           0.        ]
 [ -0.14493624 -10.07840539]
 [  2.51658916  -0.10036131]
 [  0.           0.        ]
 [  0.           0.        ]
 [ -0.02542192  -0.02655368]
 [ -0.07398433  -6.15466665]
 [  0.04461228  -0.07186737]
 [ -0.05188018  -0.03809632]
 [  0.           0.        ]]
37
0.0533192012549
[[  0.           0.        ]
 [ -0.14496834 -10.07790126]
 [  2.51653096  -0.10010296]
 [  0.           0.        ]
 [  0.           0.        ]
 [ -0.02561377  -0.02646778]
 [ -0.0744101   -6.15382068]
 [  0.04553365  -0.07144482]
 [ -0.05122606  -0.03872032]
 [  0.           0.        ]]
38
0.0519864479036
[[  0.           0.        ]
 [ -0.1456365  -10.07753004]
 [  2.51707071  -0.09996533]
 [  0.           0.        ]
 [  0.           0.        ]
 [ -0.02532209  -0.02662473]
 [ -0.07453584  -6.15345227]
 [  0.04571006  -0.07205063]
 [ -0.05213068  -0.03869396]
 [  0.           0.        ]]
39
0.0552500020663
[[  0.           0.        ]
 [ -0.14537893 -10.07872072]
 [  2.51654253  -0.10012459]
 [  0.           0.        ]
 [  0.           0.        ]
 [ -0.02542312  -0.02650389]
 [ -0.07482858  -6.15471594]
 [  0.04519385  -0.07083156]
 [ -0.05115046  -0.03841508]
 [  0.           0.        ]]
40
0.0518617741914
[[  0.           0.        ]
 [ -0.14528341 -10.07841805]
 [  2.51684004  -0.10015533]
 [  0.           0.        ]
 [  0.           0.        ]
 [ -0.02539396  -0.02653085]
 [ -0.07430738  -6.15460334]
 [  0.04501621  -0.07158237]
 [ -0.05190854  -0.03816247]
 [  0.           0.        ]]
41
0.051643559589
[[  0.           0.        ]
 [ -0.14543364 -10.07758661]
 [  2.51688373  -0.1002272 ]
 [  0.           0.        ]
 [  0.           0.        ]
 [ -0.02535807  -0.02659109]
 [ -0.07428454  -6.15375936]
 [  0.04531658  -0.07261124]
 [ -0.05227643  -0.03825145]
 [  0.           0.        ]]
42
0.0522244735703
[[  0.           0.        ]
 [ -0.14547427 -10.07793638]
 [  2.51683645  -0.10016122]
 [  0.           0.        ]
 [  0.           0.        ]
 [ -0.02542907  -0.02647594]
 [ -0.07458535  -6.1540971 ]
 [  0.04494152  -0.07145798]
 [ -0.05174381  -0.03828285]
 [  0.           0.        ]]
43
Finished successfully! number of iterations:  43
0.0498756448605
[[  0.           0.        ]
 [ -0.14557542 -10.0777623 ]
 [  2.51685702  -0.10007135]
 [  0.           0.        ]
 [  0.           0.        ]
 [ -0.02541525  -0.02641587]
 [ -0.07464374  -6.15384418]
 [  0.04501312  -0.07165873]
 [ -0.05186691  -0.03846909]
 [  0.           0.        ]]
Time taken for 2D num time series exp:  268.88747549057007 , number of time series:  8
Avg AR burnin:  0.234075581395 , Avg AR sampling:  0.0416784883721

 Estimated ordinary:  [[ 0.00716951 -0.00697369  0.99138271  0.          0.         -0.00716951
  -0.01215704  0.01269797 -0.01463138  0.        ]
 [ 0.00745178 -1.00280982 -0.01970814  0.          0.         -0.00745178
  -1.00226124 -0.02021455 -0.01085193  0.        ]] 
 True ordinary:  [[ 0.  0.  1.  0.  0.  0.  0.  0.  0.  0.]
 [ 0. -1.  0.  0.  0.  0. -1.  0.  0.  0.]]

 Estimated hermite:  [[  0.          -0.14557542   2.51685702   0.           0.          -0.02541525
   -0.07464374   0.04501312  -0.05186691   0.        ]
 [  0.         -10.0777623   -0.10007135   0.           0.          -0.02641587
   -6.15384418  -0.07165873  -0.03846909   0.        ]] 
 True hermite:  [[  0.           0.           2.50662827   0.           0.           0.
    0.           0.           0.           0.        ]
 [  0.         -10.0265131    0.           0.           0.           0.
   -6.13996025   0.           0.           0.        ]]


