My SLURM_ARRAY_TASK_ID:  2
Data shape: (2, 101, 2)
Theta shape: (10, 2)
Theta: [[ 0.16559263  0.42549786]
 [ 0.31581644  0.16645184]
 [ 0.22255648  0.00812235]
 [ 0.29002663  0.0981609 ]
 [ 0.40419119  0.42054918]
 [ 0.12984541  0.00123138]
 [ 0.05450833  0.16177946]
 [ 0.21605403  0.43625968]
 [ 0.3824045   0.12075638]
 [ 0.36854252  0.33368156]]
1
22.5993400097
[[ 0.         -0.0106081 ]
 [ 0.12010534 -9.85303722]
 [ 2.61328003  0.01606208]
 [ 0.03858159  0.01442087]
 [-0.0115483   0.        ]
 [-0.05037842 -0.03832645]
 [ 0.16979358 -5.94946416]
 [ 0.12275848  0.        ]
 [-0.03743273 -0.05102533]
 [ 0.02105338  0.04036619]]
2
0.418747513204
[[ 0.          0.        ]
 [ 0.06299634 -9.91529417]
 [ 2.61049139  0.01695698]
 [ 0.03597113  0.03065879]
 [ 0.          0.        ]
 [-0.05136622 -0.04994189]
 [ 0.10451407 -6.01593271]
 [ 0.12467859  0.03407972]
 [-0.01913293 -0.01746994]
 [ 0.02103618  0.02372235]]
3
Finished successfully! number of iterations:  3
0.0420744401145
[[ 0.          0.        ]
 [ 0.06383332 -9.91115454]
 [ 2.6117572   0.01596639]
 [ 0.03586882  0.03152631]
 [ 0.          0.        ]
 [-0.05116529 -0.0503363 ]
 [ 0.10425257 -6.01221058]
 [ 0.12469632  0.03644926]
 [-0.01719499 -0.0173134 ]
 [ 0.02223573  0.02127177]]
Time taken for 2D num time series exp:  5.233896017074585 , number of time series:  2
Avg AR burnin:  0.343333333333 , Avg AR sampling:  0.174316666667

 Estimated ordinary:  [[ 0.00431505 -0.02062164  0.99589976  0.01011841  0.         -0.01443346
   0.01697936  0.03517618 -0.00485062  0.00362148]
 [ 0.0053062  -1.01151338 -0.01430592  0.00889341  0.         -0.01419961
  -0.97919373  0.01028215 -0.00488402  0.00346448]] 
 True ordinary:  [[ 0.  0.  1.  0.  0.  0.  0.  0.  0.  0.]
 [ 0. -1.  0.  0.  0.  0. -1.  0.  0.  0.]]

 Estimated hermite:  [[ 0.          0.06383332  2.6117572   0.03586882  0.         -0.05116529
   0.10425257  0.12469632 -0.01719499  0.02223573]
 [ 0.         -9.91115454  0.01596639  0.03152631  0.         -0.0503363
  -6.01221058  0.03644926 -0.0173134   0.02127177]] 
 True hermite:  [[  0.           0.           2.50662827   0.           0.           0.
    0.           0.           0.           0.        ]
 [  0.         -10.0265131    0.           0.           0.           0.
   -6.13996025   0.           0.           0.        ]]


