My SLURM_ARRAY_TASK_ID:  10
Data shape: (10, 101, 2)
Theta shape: (10, 2)
Theta: [[ 0.39794253  0.41379124]
 [ 0.26475774  0.34607117]
 [ 0.28133046  0.25966565]
 [ 0.25849576  0.18902237]
 [ 0.00973351  0.13224356]
 [ 0.09708011  0.15172231]
 [ 0.42959177  0.48851492]
 [ 0.00110765  0.04687065]
 [ 0.1250963   0.30726209]
 [ 0.3726229   0.06450118]]
1
23.3393998618
[[  0.           0.        ]
 [ -0.12577026 -10.05013771]
 [  2.53777651  -0.07967529]
 [  0.01426338   0.01201238]
 [ -0.01587228  -0.01154787]
 [ -0.03117804  -0.03497998]
 [ -0.06895287  -6.12378295]
 [  0.05116621  -0.06597282]
 [ -0.03670383  -0.06687889]
 [  0.01128323   0.        ]]
2
0.249698606438
[[  0.           0.        ]
 [ -0.1537522  -10.10271245]
 [  2.52943971  -0.08883092]
 [  0.01476144   0.01862441]
 [ -0.01177418  -0.01110201]
 [ -0.03193663  -0.03300755]
 [ -0.08940524  -6.18133829]
 [  0.04799576  -0.0712322 ]
 [ -0.04520354  -0.03785633]
 [  0.           0.        ]]
3
Finished successfully! number of iterations:  3
0.0192235519388
[[  0.           0.        ]
 [ -0.15437292 -10.10319423]
 [  2.52903902  -0.08848723]
 [  0.01484509   0.01853709]
 [ -0.0118813   -0.01108823]
 [ -0.03189769  -0.03286364]
 [ -0.08997557  -6.1817984 ]
 [  0.04761119  -0.07097802]
 [ -0.04529168  -0.0378981 ]
 [  0.           0.        ]]
Time taken for 2D num time series exp:  23.564473152160645 , number of time series:  10
Avg AR burnin:  0.408233333333 , Avg AR sampling:  0.283166666667

 Estimated ordinary:  [[ 0.00481045 -0.00484705  0.99550973  0.00418772 -0.00473995 -0.00899817
  -0.0146541   0.01343087 -0.01277655  0.        ]
 [ 0.00404144 -0.99945826 -0.01527877  0.00522922 -0.00442356 -0.00927066
  -1.00681408 -0.02002253 -0.01069086  0.        ]] 
 True ordinary:  [[ 0.  0.  1.  0.  0.  0.  0.  0.  0.  0.]
 [ 0. -1.  0.  0.  0.  0. -1.  0.  0.  0.]]

 Estimated hermite:  [[  0.          -0.15437292   2.52903902   0.01484509  -0.0118813
   -0.03189769  -0.08997557   0.04761119  -0.04529168   0.        ]
 [  0.         -10.10319423  -0.08848723   0.01853709  -0.01108823
   -0.03286364  -6.1817984   -0.07097802  -0.0378981    0.        ]] 
 True hermite:  [[  0.           0.           2.50662827   0.           0.           0.
    0.           0.           0.           0.        ]
 [  0.         -10.0265131    0.           0.           0.           0.
   -6.13996025   0.           0.           0.        ]]


