My SLURM_ARRAY_TASK_ID:  1
Data shape: (1, 101, 4)
Theta shape: (35, 4)
Theta: [[ 0.12628274  0.16021589  0.20155243  0.09280037]
 [ 0.05742862  0.4078152   0.23803479  0.22135411]
 [ 0.44060434  0.4975045   0.39443528  0.08503903]
 [ 0.00269473  0.32886296  0.47186084  0.25345532]
 [ 0.36899098  0.22924757  0.06666778  0.26498041]
 [ 0.46066777  0.28820072  0.396272    0.22556502]
 [ 0.3517682   0.00931991  0.16143933  0.3544298 ]
 [ 0.10690532  0.23835434  0.12155633  0.20515271]
 [ 0.17721168  0.30338352  0.23113249  0.49370779]
 [ 0.39169238  0.28190426  0.34095332  0.27137156]
 [ 0.27075191  0.29085071  0.02531769  0.3159947 ]
 [ 0.21223463  0.36183235  0.04799587  0.36571188]
 [ 0.46791574  0.43081352  0.34496394  0.02897592]
 [ 0.45607609  0.43485763  0.28815773  0.45420798]
 [ 0.20274146  0.43645718  0.20679491  0.34257961]
 [ 0.00755789  0.18382768  0.45896373  0.3136137 ]
 [ 0.17684058  0.45857114  0.29007368  0.22217865]
 [ 0.43926343  0.09491511  0.46786965  0.34190381]
 [ 0.1034974   0.42895244  0.11521302  0.33148787]
 [ 0.0424078   0.34106615  0.29525611  0.03265812]
 [ 0.05680232  0.45361736  0.04903479  0.15763589]
 [ 0.05931399  0.2725189   0.04357062  0.49273257]
 [ 0.10449358  0.0115047   0.23100651  0.37957403]
 [ 0.0704356   0.02348018  0.06570379  0.30668068]
 [ 0.27363722  0.35800591  0.06221085  0.40756285]
 [ 0.41588774  0.42523667  0.49442711  0.41167791]
 [ 0.15248582  0.31934275  0.39116228  0.21680469]
 [ 0.21096239  0.38614067  0.19257094  0.3540775 ]
 [ 0.0279467   0.32029865  0.0779611   0.45030451]
 [ 0.02350986  0.14941966  0.31050755  0.40732477]
 [ 0.4785439   0.36464713  0.31265206  0.2979609 ]
 [ 0.39501852  0.46625502  0.33447828  0.06400199]
 [ 0.16264729  0.01404119  0.22184272  0.36274359]
 [ 0.04518111  0.40823175  0.03996894  0.32068011]
 [ 0.40528649  0.04655002  0.05414009  0.17415054]]
1
11934.4005507
[[  8.53808707e+02   5.61602189e+02   9.64749153e+02   5.88197500e+02]
 [ -5.12382320e+04  -8.79179455e+03  -1.36986982e+04  -3.80473981e+04]
 [ -1.16323517e+03   9.67687729e+02   7.13737275e+03   2.11071134e+03]
 [  2.98447416e+04   2.54704967e+03  -2.81474701e+03   1.90249274e+04]
 [  1.09801472e+03  -8.55681091e+02  -8.80668493e+02  -3.59980205e+03]
 [  6.95016748e+02   3.61388855e+02   8.14184983e+02   3.63569005e+02]
 [ -6.22050121e+01  -3.62457527e+01  -1.07128541e+01   6.60820988e+00]
 [  7.41648546e+01   4.34989180e+01   5.85236268e+01   4.93514360e+01]
 [ -6.09243283e+02  -2.99711561e+02  -7.16730537e+02  -3.84263480e+02]
 [ -1.53937859e+01  -1.27138840e+01   4.26370644e+01  -3.17898849e+00]
 [  3.37198837e+02   3.13304932e+02   4.18044960e+02   3.23907303e+02]
 [ -7.68319546e+01  -3.23178024e+01  -8.70163506e+01  -7.36041777e+01]
 [ -2.06609428e+01  -3.02916566e+00  -3.16937793e+01  -1.41430972e+00]
 [  3.22642479e+01  -1.06813532e+01   7.37058720e+01   1.53136886e+01]
 [  1.03537759e+02   7.79934999e+01   7.49978326e+01   9.72746127e+01]
 [ -3.06360985e+04  -6.91561860e+03  -1.16741097e+04  -2.44885809e+04]
 [ -4.99545178e+02   1.78398966e+03   6.88650846e+03   2.46207704e+03]
 [ -2.27696727e+03  -7.33117808e+02  -1.01756207e+03  -1.56713836e+03]
 [ -1.72501942e+02   8.31701689e+01   9.67876229e+02   3.25030177e+02]
 [  2.87619256e+04   2.31942540e+03   2.76980260e+03   2.25622117e+04]
 [  2.78774803e+03   3.97332370e+01  -4.61002033e+03  -1.63744056e+02]
 [  1.46626231e+03   1.77421888e+02  -1.78996873e+02   4.96136537e+02]
 [ -1.64345757e+04   3.36745938e+02   2.51052919e+03  -9.63422912e+03]
 [ -6.41482291e+02  -5.05648881e+02   1.28724298e+03  -1.63510850e+02]
 [  6.70102559e+03   5.56311418e+02  -3.63605978e+03   2.21984496e+03]
 [  2.38404250e+03   6.17993518e+02   1.40432469e+03  -1.83790657e+03]
 [  1.15927808e+03   2.73095143e+02   7.03114174e+02   1.90656495e+03]
 [  1.19119264e+03   6.82825605e+02  -1.13261049e+02   3.17666836e+02]
 [ -9.58945600e+02   1.11737580e+03   1.85384461e+03   2.08708150e+03]
 [ -1.13016812e+03  -2.41226014e+02  -7.65115178e+01  -8.13111093e+02]
 [ -1.00959373e+03  -1.65945706e+03  -1.81481554e+03  -2.30057763e+03]
 [ -7.29787532e+02   7.95013931e+00  -6.84293792e+02  -2.16857079e+02]
 [ -1.99352008e+02  -3.89322332e+01   2.63823284e+02   1.37682217e+02]
 [  3.96840404e+02   1.12652814e+02  -2.73088416e+02   4.13468199e+01]
 [ -5.87317883e+02  -4.94529763e+02  -4.22929690e+02  -7.39446049e+02]]
2
0.673661187354
[[  1.85368554e+03   1.65988107e+02   8.20478471e+02   5.61194907e+02]
 [ -6.77681662e+04   1.88615362e+04   6.95453832e+03  -3.17383967e+04]
 [ -4.34008410e+03   7.09707327e+01   1.05609966e+04   7.45981861e+02]
 [  3.50004630e+04  -1.28131644e+04  -1.78418840e+04   1.34803732e+04]
 [  1.21265935e+03  -8.05207636e+02  -2.13823136e+03  -6.02962083e+03]
 [  1.46225447e+03   7.48009519e+01   8.15081279e+02   2.71065210e+02]
 [ -1.48221200e+02   9.93576062e+00   4.96776843e+01   2.32944132e+01]
 [  1.46246099e+02   1.07023116e+01   2.98058641e+01   4.73973417e+01]
 [ -1.37440699e+03   7.99958891e-01  -6.17507757e+02  -3.53405994e+02]
 [ -5.79047029e+01  -3.46318400e+01   5.48819518e+01  -4.13475649e+01]
 [  8.47680055e+02   1.04315940e+02   2.76580002e+02   3.76390091e+02]
 [ -7.11991300e+01  -1.38142442e+01  -5.86911408e+01  -4.04196839e+01]
 [ -7.25222912e+01   4.09637779e-01  -3.14681529e+01   2.33913639e+00]
 [  5.35227027e+01  -4.90570976e+01   6.37223795e+01  -9.66962878e+00]
 [  1.69074849e+02   4.61226521e+01   3.92492156e+01   1.01128814e+02]
 [ -4.31266084e+04   9.64141935e+03   2.64720732e+02  -2.21289476e+04]
 [ -2.21155490e+03   7.54519070e+02   9.76293713e+03   1.66250355e+03]
 [ -3.49169243e+03   5.29099817e+02   7.64813177e+01  -1.17009623e+03]
 [ -4.77134808e+02  -2.35448770e+02   1.21789173e+03   1.50290414e+02]
 [  3.48883498e+04  -1.29762926e+04  -8.71528394e+03   1.94846222e+04]
 [  5.84253358e+03  -4.21123712e+02  -8.39457180e+03   6.02865783e+02]
 [  2.28999996e+03  -6.28430001e+02  -1.13433614e+03   1.50969126e+02]
 [ -1.66011843e+04   9.09944329e+03   9.97588325e+03  -5.73993366e+03]
 [ -2.88167971e+03  -1.15374752e+02   2.62667837e+03  -1.03627770e+03]
 [  6.89579888e+03  -2.58779155e+03  -8.58117000e+03  -1.78117711e+02]
 [  3.65571787e+03  -1.85509208e+02   2.22496203e+02  -4.14425247e+03]
 [  5.95452082e+02  -2.28703114e+02   7.21636059e+02   1.90675287e+03]
 [  2.05319703e+03   4.45220915e+02  -9.21092476e+02   3.30151553e+02]
 [  4.44320048e+02   8.12281252e+02   3.19816159e+03   3.95833732e+03]
 [ -9.16203266e+02   4.26753419e+02   4.14481152e+02  -6.17690632e+02]
 [ -2.42751400e+03  -9.50920334e+02  -1.90143293e+03  -3.23959812e+03]
 [ -1.12099256e+03   4.55276072e+02  -6.93043810e+02   3.54161439e+02]
 [ -2.05408958e+02  -1.26829612e+02   4.48940317e+02   1.79269591e+02]
 [  4.12791368e+02  -8.49673181e+01  -5.41764552e+02  -2.43637550e+02]
 [ -9.06677660e+02  -2.60466373e+02  -2.50713332e+02  -8.58645010e+02]]
3
0.168887595235
[[  1.71014030e+03   4.38748513e+01   7.38863044e+02   3.61425445e+02]
 [ -7.10061832e+04   2.50256184e+04   8.30314611e+03  -3.48396985e+04]
 [ -4.84653310e+03   2.63820023e+03   9.36233294e+03   1.34573293e+03]
 [  3.79322220e+04  -2.00379245e+04  -1.94859683e+04   1.65369459e+04]
 [  7.05553713e+02  -2.31321008e+03  -3.07181404e+03  -5.86692440e+03]
 [  1.32372299e+03  -3.05792078e+01   6.75800271e+02   1.13746071e+02]
 [ -1.29413262e+02   6.47478241e+01   5.28757220e+01   3.63922695e+01]
 [  1.39329597e+02  -2.56679275e+00   2.80369557e+01   3.38047331e+01]
 [ -1.26804783e+03   2.71784687e+01  -5.46399160e+02  -1.95860278e+02]
 [ -6.22276812e+01  -5.21330460e+00   4.12858660e+01  -3.27552354e+01]
 [  7.93322079e+02   6.90574294e+01   2.93133071e+02   2.71955265e+02]
 [ -7.99088557e+01  -3.40806812e+01  -7.32593512e+01  -5.35287805e+01]
 [ -6.35928898e+01   2.15636421e+00  -1.82183580e+01   1.49400366e+01]
 [  4.89268092e+01  -4.73709920e+01   6.03178376e+01  -2.16188651e+00]
 [  1.65906336e+02   2.67309797e+01   4.85081932e+01   9.38269165e+01]
 [ -4.48450353e+04   1.24870518e+04   3.71673026e+02  -2.34616088e+04]
 [ -2.79747354e+03   3.03436660e+03   8.92291208e+03   1.93210736e+03]
 [ -3.48389550e+03   9.04199571e+02   5.04749231e+01  -1.15504730e+03]
 [ -5.14761214e+02   1.53248761e+02   1.13468177e+03   2.04630800e+02]
 [  3.79130393e+04  -1.62966123e+04  -9.48417882e+03   2.22458473e+04]
 [  6.30690428e+03  -2.66429864e+03  -7.22189927e+03   1.42347439e+02]
 [  2.29746348e+03  -1.19924822e+03  -1.18043439e+03   1.49924782e+02]
 [ -1.83588522e+04   1.26861159e+04   1.13845911e+04  -7.99380428e+03]
 [ -2.93830582e+03   4.49373177e+02   1.94304481e+03  -5.43098577e+02]
 [  7.54471798e+03  -6.15905349e+03  -9.37942394e+03   7.32256320e+02]
 [  2.96066530e+03  -1.81767527e+03  -5.58420695e+02  -4.20805293e+03]
 [  9.11566599e+02   3.44867655e+02   8.78704645e+02   2.22339659e+03]
 [  1.98074906e+03  -1.63952064e+02  -7.72479898e+02   2.10840156e+02]
 [  2.86237984e+02   1.58803399e+03   3.52432604e+03   3.46970971e+03]
 [ -1.04224517e+03   6.21104270e+02   3.17318200e+02  -8.59121513e+02]
 [ -2.35552083e+03  -9.93847200e+02  -2.34022643e+03  -2.90837142e+03]
 [ -9.64596053e+02   2.94940422e+02  -3.38884257e+02   5.20115681e+02]
 [ -2.15989722e+02  -1.60364572e+01   4.22046649e+02   1.69704577e+02]
 [  4.00334170e+02  -2.39285760e+02  -6.78677357e+02  -2.57968150e+02]
 [ -9.20025055e+02  -1.73360906e+02  -3.96481776e+02  -8.11196768e+02]]
4
0.144251902052
[[  1.62861663e+03  -1.92680395e+02   6.46355350e+02   3.40365565e+02]
 [ -7.10031340e+04   3.25339614e+04   6.21807379e+03  -2.89587489e+04]
 [ -3.05301867e+03   4.26297558e+03   1.05580358e+04   3.32830759e+03]
 [  3.88234148e+04  -2.49421727e+04  -1.76161767e+04   1.27880129e+04]
 [  6.05151427e+02  -2.12774632e+03  -2.46018747e+03  -5.97577161e+03]
 [  1.25765774e+03  -2.01713317e+02   6.27865873e+02   8.08537166e+01]
 [ -1.06566807e+02   7.02976292e+01   6.83719935e+01   4.53683112e+01]
 [  1.32029391e+02  -2.75598673e+01   1.63660926e+01   3.03528970e+01]
 [ -1.18130559e+03   2.14200483e+02  -5.10547901e+02  -1.45771867e+02]
 [ -3.22466131e+01   1.53299856e+01   6.35987145e+01  -1.05300373e+01]
 [  7.56123875e+02  -5.60396653e+01   2.36239322e+02   2.80405107e+02]
 [ -9.67849767e+01  -5.82449073e+01  -9.65948508e+01  -7.30975317e+01]
 [ -5.35768682e+01   1.79816701e+01  -1.49045664e+01   2.32617614e+01]
 [  4.01195294e+01  -3.65024432e+01   6.51437936e+01  -1.85836022e+00]
 [  1.61241693e+02   1.29534233e+01   3.38658655e+01   9.19771736e+01]
 [ -4.43846877e+04   1.69931464e+04  -2.80261235e+02  -2.00986234e+04]
 [ -1.21105421e+03   4.17353418e+03   9.81140783e+03   3.77769227e+03]
 [ -3.25264459e+03   1.17023325e+03   5.01584461e+01  -9.69386360e+02]
 [ -2.58196548e+02   3.12048716e+02   1.27843287e+03   4.93147650e+02]
 [  3.88091972e+04  -2.10972705e+04  -7.89952009e+03   1.82820291e+04]
 [  4.88323035e+03  -4.21579358e+03  -8.15188274e+03  -1.36746616e+03]
 [  2.06440021e+03  -1.49386720e+03  -1.20484487e+03  -4.96757715e+01]
 [ -1.92787655e+04   1.51426530e+04   9.77046451e+03  -5.64802412e+03]
 [ -2.42620903e+03   1.30119764e+03   2.52915194e+03  -1.03113789e+02]
 [  7.82926711e+03  -7.18591078e+03  -8.81287331e+03   4.13347249e+01]
 [  2.80647314e+03  -1.52915451e+03  -3.11972360e+02  -4.05911806e+03]
 [  1.22744918e+03   3.36124431e+02   1.07842082e+03   2.25783274e+03]
 [  1.68694746e+03  -4.57137905e+02  -9.73699660e+02   6.42515375e+00]
 [  2.81021332e+01   1.23886841e+03   2.76451804e+03   3.53145437e+03]
 [ -1.04018676e+03   6.25569395e+02   2.87479858e+02  -8.15373815e+02]
 [ -2.12922847e+03  -7.82313635e+02  -1.76309022e+03  -3.01446788e+03]
 [ -1.06516070e+03   3.91615843e+02  -5.46654121e+02   4.81917579e+02]
 [ -2.22314583e+02   1.49357028e+01   3.89347540e+02   1.91379964e+02]
 [  5.07055646e+02  -3.05113443e+02  -5.71372713e+02  -1.97863245e+02]
 [ -8.74383656e+02  -1.41712253e+02  -2.55571334e+02  -8.07380023e+02]]
5
0.253302862675
[[  1.03473692e+03  -1.02513217e+02   4.56491494e+02   1.56849827e+02]
 [ -4.70026790e+04   3.19319466e+04   1.64608960e+04  -2.83327909e+04]
 [  1.47177687e+03   4.60928794e+03   1.05066928e+04   3.48685009e+03]
 [  2.53929615e+04  -2.64930063e+04  -2.36394848e+04   1.33381645e+04]
 [  9.86734961e+02  -3.31448923e+03  -2.99707285e+03  -7.21233547e+03]
 [  8.06137814e+02  -1.24175512e+02   4.26664491e+02  -1.21436830e+02]
 [ -6.66669520e+01   8.68577742e+01   7.89601492e+01   6.15620671e+01]
 [  7.75718967e+01  -2.87490980e+01   5.49668490e+00   2.15999148e+01]
 [ -6.92296614e+02   1.10541364e+02  -3.27866177e+02   2.14572732e+01]
 [  2.47106918e+01   4.68954758e+00   6.18064005e+01  -1.52775225e+01]
 [  4.61629455e+02  -3.63642424e+00   1.84573860e+02   2.31274372e+02]
 [ -1.37446422e+02  -3.69658205e+01  -9.94388266e+01  -6.69344600e+01]
 [ -1.40095414e+01   5.10214583e+00  -2.69838707e+00   3.60924646e+01]
 [  3.30009239e+01  -3.78480320e+01   5.71006449e+01  -1.24561852e+01]
 [  1.20943779e+02   1.15713117e+01   2.90215778e+01   9.27059988e+01]
 [ -2.94011997e+04   1.60066500e+04   5.56676562e+03  -1.96563861e+04]
 [  2.36060129e+03   4.55215941e+03   9.67490111e+03   3.93653023e+03]
 [ -2.09136725e+03   1.16039531e+03   3.25682472e+02  -8.58886812e+02]
 [  2.12108095e+02   3.03849403e+02   1.31555222e+03   5.10919541e+02]
 [  2.49319068e+04  -2.09734268e+04  -1.39333544e+04   1.89628322e+04]
 [  7.58758021e+02  -4.80318568e+03  -8.37955351e+03  -1.50989107e+03]
 [  1.09542203e+03  -1.60045336e+03  -1.47666868e+03  -1.68536293e+02]
 [ -1.26752287e+04   1.61496134e+04   1.34980793e+04  -5.96088033e+03]
 [ -3.97975373e+02   1.32544983e+03   2.49633162e+03  -9.89129086e+01]
 [  5.45147611e+03  -8.42313976e+03  -1.00279163e+04   1.96861443e+02]
 [  2.91439594e+03  -2.68908962e+03  -7.76059907e+02  -5.34886725e+03]
 [  1.15864798e+03   4.46009515e+02   9.78790652e+02   2.53073970e+03]
 [  9.45433379e+02  -6.45598662e+02  -1.08407345e+03  -8.59907559e+01]
 [ -9.80516361e+02   2.53069851e+03   2.96565370e+03   4.13487264e+03]
 [ -8.26776387e+02   8.16415636e+02   3.83053738e+02  -9.28055958e+02]
 [ -1.30285016e+03  -1.15670655e+03  -1.89208363e+03  -3.27965033e+03]
 [ -8.17667676e+02   2.48798083e+02  -1.76973566e+02   8.16607640e+02]
 [ -2.39085078e+02   1.13718707e+02   4.21346079e+02   2.21233626e+02]
 [  4.68433658e+02  -3.75851782e+02  -6.86909732e+02  -2.56356691e+02]
 [ -6.74622786e+02  -1.15477638e+02  -2.88837051e+02  -8.67193261e+02]]
6
0.108918419583
[[  9.91885202e+02  -1.16775491e+02   5.25857307e+02   1.58871992e+02]
 [ -4.99554448e+04   3.32753047e+04   1.30053998e+04  -3.23579787e+04]
 [ -1.81694895e+02   2.99940220e+03   1.00516037e+04   2.72947321e+03]
 [  2.60819944e+04  -2.72209584e+04  -2.22762913e+04   1.65201622e+04]
 [  1.08607809e+01  -2.95443704e+03  -2.85380483e+03  -6.92739791e+03]
 [  7.83600020e+02  -1.77846616e+02   4.78055017e+02  -9.15278757e+01]
 [ -6.67260115e+01   6.69456077e+01   7.41722207e+01   6.45247451e+01]
 [  7.67357277e+01  -2.57375899e+01   3.53970037e+00   2.50743258e+01]
 [ -7.30187133e+02   1.09468364e+02  -4.03416508e+02   9.48453388e-01]
 [ -5.39760120e+00  -9.50596941e+00   5.35745569e+01  -1.91638110e+01]
 [  4.33339639e+02   2.40083691e+01   2.28928217e+02   2.03482594e+02]
 [ -8.89530631e+01  -3.97726092e+01  -9.65466091e+01  -5.81580601e+01]
 [ -2.88251708e+01   2.92386808e+00  -1.05193601e+01   3.21620255e+01]
 [  2.43773770e+01  -3.97564965e+01   6.30003690e+01  -2.11742396e+01]
 [  1.11608063e+02   1.44358741e+01   3.32792207e+01   8.99582458e+01]
 [ -3.14445617e+04   1.64038011e+04   3.19726529e+03  -2.14998721e+04]
 [  8.61944203e+02   3.24932604e+03   9.40078661e+03   3.19173240e+03]
 [ -2.21423744e+03   1.08108854e+03   1.50513111e+02  -8.79816747e+02]
 [ -1.12881705e+02   1.12122496e+02   1.21760096e+03   4.06143249e+02]
 [  2.70428326e+04  -2.26246006e+04  -1.28058994e+04   2.23937055e+04]
 [  1.88372593e+03  -3.36464804e+03  -8.15031535e+03  -8.51943256e+02]
 [  1.21531249e+03  -1.43981629e+03  -1.35976624e+03  -9.31556801e+01]
 [ -1.31754761e+04   1.73300127e+04   1.30257095e+04  -8.30098104e+03]
 [ -7.27719449e+02   7.52815513e+02   2.32058926e+03  -2.08058996e+02]
 [  4.78747870e+03  -8.16597815e+03  -9.65800750e+03   7.39673881e+02]
 [  1.41231976e+03  -2.51046164e+03  -6.75913569e+02  -5.31574499e+03]
 [  1.15932015e+03   1.29169694e+02   9.45999253e+02   2.66951576e+03]
 [  1.04168084e+03  -3.50070498e+02  -1.00870430e+03  -3.11210219e+01]
 [ -6.47607610e+01   2.26815957e+03   3.27419776e+03   3.59434749e+03]
 [ -7.53517356e+02   8.60053044e+02   4.39500659e+02  -1.00176681e+03]
 [ -1.37572047e+03  -1.11175781e+03  -1.92810408e+03  -2.98386122e+03]
 [ -8.31388411e+02   3.58679133e+02  -3.22625107e+02   6.81139812e+02]
 [ -1.90644595e+02   4.53042706e+01   3.95905605e+02   1.83850493e+02]
 [  3.55735307e+02  -3.57543594e+02  -6.38717713e+02  -2.05205757e+02]
 [ -6.16675017e+02  -1.20770983e+02  -2.50973430e+02  -8.56449198e+02]]
7
0.124773260037
[[  1.24432909e+03  -9.26688664e+01   6.81083989e+02   1.56909212e+02]
 [ -5.48590180e+04   3.04021674e+04   1.15580485e+04  -2.66658331e+04]
 [ -1.23080573e+03   2.56788522e+03   1.00180209e+04   2.54148110e+03]
 [  2.65388845e+04  -2.44696533e+04  -2.21253974e+04   1.10572529e+04]
 [ -7.62978028e+02  -2.40688254e+03  -3.32953841e+03  -7.70059899e+03]
 [  9.55799175e+02  -1.34251925e+02   5.92348829e+02  -1.38651361e+02]
 [ -8.45977435e+01   6.70452258e+01   7.18257678e+01   6.45251866e+01]
 [  9.53865575e+01  -2.01576476e+01   1.64499165e+01   2.31658003e+01]
 [ -9.53300961e+02   9.82708178e+01  -5.32604988e+02  -7.60170911e+00]
 [ -1.98323046e+01  -1.18031223e+01   4.81623234e+01  -2.72466407e+01]
 [  5.86585303e+02   7.78522889e+00   3.15230508e+02   2.48453269e+02]
 [ -7.05433713e+01  -3.67698442e+01  -8.61586271e+01  -6.36220879e+01]
 [ -5.00368326e+01   3.09238506e+00  -1.96293376e+01   3.10550615e+01]
 [  2.72379304e+01  -4.26726364e+01   6.07656408e+01  -1.48854233e+01]
 [  1.24723397e+02   1.56646120e+01   3.94532564e+01   9.11539898e+01]
 [ -3.55898745e+04   1.52781666e+04   2.01644771e+03  -1.92506307e+04]
 [  2.13857725e+02   2.82149986e+03   9.58208457e+03   3.12358025e+03]
 [ -2.62079057e+03   1.04827822e+03   1.05622500e+02  -7.88133448e+02]
 [ -2.23287457e+02   6.99279081e+01   1.25467267e+03   4.48642306e+02]
 [  2.84776587e+04  -2.03284528e+04  -1.20559315e+04   1.80768513e+04]
 [  2.73273920e+03  -2.91213250e+03  -7.91871769e+03  -6.69097831e+02]
 [  1.47581873e+03  -1.35507094e+03  -1.34611527e+03  -2.50665477e+02]
 [ -1.23678018e+04   1.52840897e+04   1.31575033e+04  -4.39358436e+03]
 [ -1.41185390e+03   6.74752117e+02   1.98414218e+03  -5.49591277e+02]
 [  4.18983494e+03  -7.31467776e+03  -9.97131522e+03  -1.05807991e+03]
 [  7.83547704e+02  -1.99748364e+03  -1.04184345e+03  -5.93582139e+03]
 [  1.03276674e+03   1.70748729e+02   9.38702591e+02   2.53671911e+03]
 [  1.22010035e+03  -2.60541789e+02  -9.67956820e+02  -7.84535980e+01]
 [  1.17386784e+03   1.72943767e+03   3.78354784e+03   4.26724081e+03]
 [ -5.99212803e+02   7.60637521e+02   4.93876104e+02  -8.48519836e+02]
 [ -1.96644567e+03  -9.20355338e+02  -2.20318909e+03  -3.31820707e+03]
 [ -1.00147972e+03   3.23696662e+02  -4.13399483e+02   8.41037138e+02]
 [ -1.50311394e+02   1.39880844e+01   4.41132413e+02   2.55139505e+02]
 [  3.47112617e+02  -3.21752368e+02  -6.46844742e+02  -3.48262704e+02]
 [ -6.46458524e+02  -1.32230722e+02  -2.93089112e+02  -9.09889925e+02]]
8
0.221510345696
[[  1.43188949e+03  -1.45491258e+02   7.20133258e+02   2.90575262e+02]
 [ -6.97352119e+04   3.49100695e+04   1.12281833e+04  -3.68310165e+04]
 [ -3.02108464e+03   3.30754858e+03   1.01810474e+04   2.32296693e+03]
 [  3.60582440e+04  -2.85031223e+04  -2.21499896e+04   1.75439231e+04]
 [ -5.58636219e+02  -3.06358994e+03  -3.45776208e+03  -7.36780073e+03]
 [  1.15621312e+03  -1.85758923e+02   6.28275805e+02  -7.07913864e+00]
 [ -6.28355940e+01   7.85268272e+01   5.96345304e+01   6.53784272e+01]
 [  1.13942026e+02  -2.81846721e+01   1.87145307e+01   3.48646022e+01]
 [ -1.11811742e+03   1.21010971e+02  -5.51059923e+02  -1.18122781e+02]
 [ -5.14439050e+01  -7.35243014e+00   4.94276034e+01  -2.49290920e+01]
 [  6.22977370e+02  -1.59253995e+00   3.28596792e+02   2.86166512e+02]
 [ -5.62419923e+01  -3.45878778e+01  -8.18437844e+01  -6.65363162e+01]
 [ -6.12735199e+01   2.79880428e+00  -1.88763673e+01   2.65623587e+01]
 [  3.54264754e+01  -4.35454537e+01   6.29200883e+01  -9.64939200e+00]
 [  1.34807083e+02   9.64167689e+00   4.32211170e+01   9.94413817e+01]
 [ -4.37143209e+04   1.75031211e+04   1.65984654e+03  -2.49143919e+04]
 [ -1.43340858e+03   3.47887970e+03   9.76715606e+03   2.95122308e+03]
 [ -3.05342878e+03   1.18140241e+03   1.10022806e+02  -1.07576030e+03]
 [ -3.95417694e+02   1.44067618e+02   1.25567894e+03   4.32195274e+02]
 [  3.87026231e+04  -2.33061824e+04  -1.19502574e+04   2.45972743e+04]
 [  4.36759269e+03  -3.70080042e+03  -8.02189349e+03  -3.61899990e+02]
 [  1.82885168e+03  -1.56039129e+03  -1.33474091e+03  -2.01837382e+01]
 [ -1.87954523e+04   1.76710966e+04   1.32714775e+04  -8.54001050e+03]
 [ -2.02066131e+03   8.82949216e+02   2.01559701e+03  -6.20370035e+02]
 [  5.87595847e+03  -8.73011835e+03  -1.00474116e+04   3.17634116e+02]
 [  1.06101415e+03  -2.67221843e+03  -1.01014441e+03  -5.54545605e+03]
 [  1.52299468e+03   2.31804097e+02   8.43168837e+02   2.77200120e+03]
 [  1.40174426e+03  -4.44264083e+02  -9.47224062e+02   1.53920272e+01]
 [  1.02102201e+03   2.30540917e+03   3.96560726e+03   4.06095978e+03]
 [ -9.30901820e+02   8.89276390e+02   4.90941356e+02  -1.00463178e+03]
 [ -1.99679153e+03  -1.04636273e+03  -2.37214950e+03  -3.31725948e+03]
 [ -1.11029144e+03   3.28485460e+02  -3.82217541e+02   7.01598358e+02]
 [ -1.29617124e+02   6.50569011e+01   4.53871344e+02   2.17582582e+02]
 [  3.07868579e+02  -3.95837001e+02  -6.66600512e+02  -3.03703650e+02]
 [ -7.27493872e+02  -9.98756942e+01  -3.30776507e+02  -9.17882465e+02]]
9
0.189995861719
[[  1.25217578e+03  -2.02056545e+02   5.37276732e+02   9.02561233e+01]
 [ -5.68556262e+04   3.27538636e+04   8.27584092e+03  -2.52731815e+04]
 [ -2.24538602e+03   3.74252983e+03   1.05950211e+04   3.02625282e+03]
 [  2.77347272e+04  -2.52707102e+04  -1.92224760e+04   1.02499325e+04]
 [ -4.14060712e+02  -2.15010749e+03  -3.28055376e+03  -7.59065871e+03]
 [  9.41879230e+02  -2.25135396e+02   4.99142920e+02  -2.08054086e+02]
 [ -6.40522160e+01   6.45372942e+01   7.83771727e+01   7.07322489e+01]
 [  1.01919648e+02  -3.00062192e+01   4.49108669e+00   1.82416657e+01]
 [ -9.31449121e+02   2.09890367e+02  -4.30282089e+02   6.00525112e+01]
 [ -3.13688137e+01   7.87848486e+00   5.63016761e+01  -2.00042739e+01]
 [  5.91954452e+02  -4.36972777e+01   2.25734758e+02   2.27414728e+02]
 [ -9.39450675e+01  -5.67108331e+01  -9.49781892e+01  -8.55803638e+01]
 [ -4.35321972e+01   1.56868255e+01  -7.27067549e+00   4.19927716e+01]
 [  3.06111739e+01  -3.75187375e+01   6.84320268e+01  -8.15096565e+00]
 [  1.38109778e+02   1.32025744e+01   3.05986155e+01   9.23094930e+01]
 [ -3.68324656e+04   1.68647930e+04   5.79536685e+02  -1.85114685e+04]
 [ -6.52144049e+02   3.72493122e+03   9.87692608e+03   3.51696243e+03]
 [ -2.70946561e+03   1.14214005e+03   1.57495734e+02  -7.01557283e+02]
 [ -2.58375725e+02   2.15805845e+02   1.29535549e+03   5.48056280e+02]
 [  2.98924708e+04  -2.15822735e+04  -8.91688272e+03   1.72830430e+04]
 [  3.69361026e+03  -3.88765684e+03  -8.32701112e+03  -9.60141135e+02]
 [  1.49562680e+03  -1.46394944e+03  -1.35801274e+03  -3.52402716e+02]
 [ -1.31364084e+04   1.56618099e+04   1.08359098e+04  -3.95938444e+03]
 [ -1.87048076e+03   1.19549890e+03   2.44017862e+03  -4.16140622e+02]
 [  4.38009701e+03  -7.18442409e+03  -9.38336238e+03  -1.16534815e+03]
 [  1.40267859e+03  -1.65720395e+03  -1.16738517e+03  -5.68817253e+03]
 [  1.32519244e+03   2.12095917e+02   1.15502647e+03   2.59966626e+03]
 [  1.37597247e+03  -3.92110013e+02  -1.10213887e+03  -1.27362675e+02]
 [  7.09653891e+02   1.31291083e+03   3.32506584e+03   3.96932103e+03]
 [ -7.66207464e+02   6.93455818e+02   3.01351031e+02  -9.03311891e+02]
 [ -2.04815223e+03  -7.82464243e+02  -1.93520610e+03  -3.31282249e+03]
 [ -8.06789338e+02   4.33087764e+02  -2.91056739e+02   1.01485891e+03]
 [ -1.99413508e+02  -7.34803018e-01   4.34553813e+02   2.42763266e+02]
 [  2.68859996e+02  -3.16459317e+02  -6.89359392e+02  -4.10520083e+02]
 [ -7.62831919e+02  -1.23032440e+02  -2.58192152e+02  -9.38527554e+02]]
10
0.202335888134
[[  9.85896165e+02  -2.24562051e+02   4.14877021e+02   6.58979107e+01]
 [ -4.09796648e+04   3.34562922e+04   1.48569968e+04  -2.33105244e+04]
 [  1.50627803e+03   4.48514277e+03   1.12753922e+04   3.42415494e+03]
 [  1.98882310e+04  -2.77101997e+04  -2.33954021e+04   9.38159894e+03]
 [ -1.72782970e+01  -3.58754951e+03  -3.33803282e+03  -7.48518262e+03]
 [  7.53474638e+02  -2.41375979e+02   3.98243168e+02  -2.30904969e+02]
 [ -6.78315945e+01   8.90085821e+01   8.22593155e+01   6.84686203e+01]
 [  7.29718453e+01  -3.60084777e+01  -4.51803255e+00   1.69660215e+01]
 [ -6.58387950e+02   1.92030167e+02  -3.05246125e+02   9.38444352e+01]
 [  1.04003874e+01   3.23146381e+00   6.44488287e+01  -1.08799988e+01]
 [  4.49586049e+02  -4.74381277e+01   1.66230609e+02   2.16781221e+02]
 [ -1.19927107e+02  -4.62273188e+01  -1.01422408e+02  -9.17325808e+01]
 [ -1.52509599e+01   1.14600216e+01  -1.37562591e+00   4.60672099e+01]
 [  3.41757259e+01  -3.48493477e+01   6.78814697e+01  -1.14618200e+01]
 [  1.20986225e+02   7.10393419e+00   2.68085472e+01   9.26557620e+01]
 [ -2.66533004e+04   1.66561127e+04   4.36899751e+03  -1.72422745e+04]
 [  2.39065825e+03   4.32979847e+03   1.02579909e+04   3.88602528e+03]
 [ -1.99631357e+03   1.23288302e+03   3.08896674e+02  -6.52001735e+02]
 [  1.52059007e+02   2.91786352e+02   1.37382865e+03   5.89284421e+02]
 [  2.07458976e+04  -2.15771222e+04  -1.32175978e+04   1.59830061e+04]
 [  5.14340206e+02  -4.67099073e+03  -9.14691047e+03  -1.31629479e+03]
 [  9.23469229e+02  -1.66117541e+03  -1.53225549e+03  -3.84812569e+02]
 [ -9.20978424e+03   1.69277321e+04   1.33231330e+04  -3.45005646e+03]
 [ -3.61709551e+02   1.38770523e+03   2.85443892e+03  -2.68782065e+02]
 [  3.58146378e+03  -8.98101942e+03  -1.01876369e+04  -1.11834213e+03]
 [  2.10074954e+03  -3.08070651e+03  -1.09040762e+03  -5.51286648e+03]
 [  1.05088910e+03   5.02766825e+02   1.07838923e+03   2.53658215e+03]
 [  9.19695111e+02  -6.77946578e+02  -1.24100586e+03  -1.34290775e+02]
 [  4.83321508e+01   2.40048919e+03   3.36323445e+03   3.88542772e+03]
 [ -7.06375071e+02   7.77842991e+02   3.69821805e+02  -8.73757382e+02]
 [ -1.77979499e+03  -1.10637386e+03  -1.94458550e+03  -3.32861593e+03]
 [ -6.14314585e+02   4.37802460e+02  -1.82139924e+02   1.03343259e+03]
 [ -1.53266863e+02   1.18780062e+02   4.65389125e+02   2.18075848e+02]
 [  2.71312372e+02  -4.71815767e+02  -7.24806152e+02  -3.85843387e+02]
 [ -7.34771838e+02  -1.23250171e+02  -2.64356060e+02  -9.40631007e+02]]
11
0.121279030097
[[  9.77634914e+02  -1.36016790e+02   5.07607944e+02   1.41377991e+02]
 [ -4.66529733e+04   3.28843225e+04   1.30860908e+04  -2.73819668e+04]
 [ -2.02826498e+02   3.34937478e+03   1.00172287e+04   2.79061507e+03]
 [  2.32515586e+04  -2.71707934e+04  -2.22855597e+04   1.24883115e+04]
 [ -4.40222254e+02  -3.00266691e+03  -3.04506114e+03  -7.34814242e+03]
 [  7.51762358e+02  -1.75449353e+02   4.55933467e+02  -1.22716775e+02]
 [ -7.18091432e+01   7.49815356e+01   7.47159612e+01   6.13776313e+01]
 [  7.56508133e+01  -2.80447823e+01   3.54149136e+00   2.33302711e+01]
 [ -7.15663094e+02   1.11270316e+02  -3.89990896e+02   1.95363060e+01]
 [ -9.25314279e+00  -7.82180095e+00   5.08325526e+01  -2.46217629e+01]
 [  4.44712085e+02   9.26400712e-01   2.25636181e+02   2.11586366e+02]
 [ -8.57103596e+01  -3.78467676e+01  -9.82803500e+01  -5.96375951e+01]
 [ -2.78934973e+01   3.15529920e+00  -8.51155545e+00   3.42708921e+01]
 [  2.44562103e+01  -3.88385881e+01   6.48180949e+01  -1.62341585e+01]
 [  1.12983266e+02   1.00644012e+01   3.28791226e+01   8.99716269e+01]
 [ -2.99807213e+04   1.63312428e+04   3.20374675e+03  -1.90977699e+04]
 [  8.90713939e+02   3.49661908e+03   9.34467180e+03   3.26112304e+03]
 [ -2.17443128e+03   1.11741019e+03   1.70596290e+02  -7.63115817e+02]
 [ -1.20801845e+02   1.47994419e+02   1.23717979e+03   4.41839962e+02]
 [  2.45795719e+04  -2.22378632e+04  -1.26609702e+04   1.89590976e+04]
 [  1.85315936e+03  -3.64982767e+03  -8.00534444e+03  -8.74792311e+02]
 [  1.15307671e+03  -1.49618888e+03  -1.37402024e+03  -2.23506361e+02]
 [ -1.11975227e+04   1.69008674e+04   1.30348983e+04  -5.69815604e+03]
 [ -7.99334148e+02   9.14533195e+02   2.27038934e+03  -3.10638971e+02]
 [  3.97612231e+03  -8.30169103e+03  -9.72050472e+03  -4.24187217e+02]
 [  1.08845588e+03  -2.58139834e+03  -8.46684326e+02  -5.53145333e+03]
 [  1.04879588e+03   2.07024608e+02   9.57877134e+02   2.51496995e+03]
 [  1.05237769e+03  -4.19400995e+02  -1.01436810e+03  -5.88915536e+01]
 [  3.91073185e+02   2.29138537e+03   3.29256020e+03   3.95358837e+03]
 [ -6.83741228e+02   8.47369615e+02   4.04234016e+02  -9.24638052e+02]
 [ -1.64322901e+03  -1.06536369e+03  -1.97319885e+03  -3.23428668e+03]
 [ -7.12129483e+02   3.24512495e+02  -2.46000529e+02   8.42675717e+02]
 [ -1.63595658e+02   6.87922793e+01   4.20464698e+02   2.42746367e+02]
 [  2.81098681e+02  -3.84028571e+02  -6.76259934e+02  -3.31509008e+02]
 [ -6.49972419e+02  -1.05923144e+02  -2.79749711e+02  -9.15538237e+02]]
12
0.117142783782
[[  1.25577943e+03  -1.60535644e+02   6.76716038e+02   2.00028962e+02]
 [ -5.61550574e+04   3.31484138e+04   1.10550527e+04  -3.18692383e+04]
 [ -9.60157382e+02   2.73042992e+03   1.00296707e+04   2.45261715e+03]
 [  2.71261830e+04  -2.64848880e+04  -2.17184912e+04   1.46816629e+04]
 [ -9.21219889e+02  -2.69817559e+03  -3.44051747e+03  -7.61698432e+03]
 [  9.87275691e+02  -2.01049216e+02   5.92966746e+02  -9.24594204e+01]
 [ -7.65881682e+01   7.06979976e+01   7.47360513e+01   6.23348178e+01]
 [  9.45780312e+01  -2.71350935e+01   1.62344202e+01   2.88602732e+01]
 [ -9.72780572e+02   1.43980282e+02  -5.26960635e+02  -4.01695857e+01]
 [ -2.34998583e+01  -1.23478585e+01   4.65669157e+01  -2.65375911e+01]
 [  5.75308385e+02  -1.06715485e+01   3.08344676e+02   2.53927976e+02]
 [ -6.62113116e+01  -3.66993570e+01  -8.45078072e+01  -6.47736702e+01]
 [ -5.06583197e+01   5.59211362e+00  -1.89247099e+01   3.20956135e+01]
 [  3.28021390e+01  -4.35896379e+01   6.06421126e+01  -1.23457244e+01]
 [  1.21406016e+02   1.17694465e+01   3.97642787e+01   9.48893593e+01]
 [ -3.62039151e+04   1.67163903e+04   1.79436870e+03  -2.20327210e+04]
 [  4.03511147e+02   2.95381961e+03   9.56657087e+03   3.04653054e+03]
 [ -2.60972301e+03   1.12359111e+03   1.17267824e+02  -9.21351914e+02]
 [ -1.91318849e+02   7.10970744e+01   1.25495054e+03   4.44543483e+02]
 [  2.95894905e+04  -2.22535727e+04  -1.15061422e+04   2.16581514e+04]
 [  2.52430052e+03  -3.14060485e+03  -7.92876140e+03  -4.44761345e+02]
 [  1.44816726e+03  -1.44283525e+03  -1.35701396e+03  -1.28496726e+02]
 [ -1.31302444e+04   1.65428375e+04   1.28049813e+04  -6.80468021e+03]
 [ -1.32084484e+03   7.57862853e+02   2.00072491e+03  -5.78647944e+02]
 [  4.07288177e+03  -7.78278433e+03  -9.94110502e+03  -2.35590904e+02]
 [  6.73189453e+02  -2.33254377e+03  -1.11151726e+03  -5.78979478e+03]
 [  1.12491939e+03   1.43333973e+02   9.88417478e+02   2.64517322e+03]
 [  1.14157976e+03  -3.11641724e+02  -9.87916768e+02  -1.18860703e+01]
 [  1.30273604e+03   1.98777210e+03   3.82239846e+03   4.12517058e+03]
 [ -6.47158902e+02   8.08339237e+02   4.73637983e+02  -9.74146615e+02]
 [ -1.99259148e+03  -9.76612089e+02  -2.23924811e+03  -3.35890494e+03]
 [ -1.01916903e+03   3.84336628e+02  -3.97795105e+02   8.43654562e+02]
 [ -1.03931089e+02   2.59226872e+01   4.55858097e+02   2.43161112e+02]
 [  2.93091730e+02  -3.49690088e+02  -6.63839566e+02  -3.49596508e+02]
 [ -6.51706762e+02  -1.14521808e+02  -3.11414688e+02  -9.41146502e+02]]
13
0.122683592683
[[  1.18525816e+03  -1.01064531e+02   6.40940070e+02   1.68031150e+02]
 [ -5.15612752e+04   3.12800050e+04   9.41182998e+03  -2.34662691e+04]
 [ -2.82557651e+02   3.87331770e+03   1.02190051e+04   2.58774750e+03]
 [  2.40011816e+04  -2.58933262e+04  -2.06594367e+04   8.27012675e+03]
 [ -1.08957754e+03  -3.04042117e+03  -3.51387208e+03  -7.79404743e+03]
 [  9.06766318e+02  -1.37359905e+02   5.73537485e+02  -1.56591256e+02]
 [ -6.92993352e+01   7.65679438e+01   7.79465855e+01   6.21703880e+01]
 [  8.80023544e+01  -2.64260315e+01   1.32887330e+01   2.36730857e+01]
 [ -8.83996855e+02   1.08485390e+02  -5.05659785e+02   2.29681165e+00]
 [ -1.81550335e+01  -4.16847457e+00   4.69928496e+01  -3.12166756e+01]
 [  5.58870357e+02   6.57966766e+00   2.82762725e+02   2.75606694e+02]
 [ -8.24643142e+01  -3.79849012e+01  -8.41972362e+01  -7.75864985e+01]
 [ -4.05163538e+01   5.90394931e+00  -1.47012233e+01   3.77309923e+01]
 [  3.48392926e+01  -3.43365499e+01   6.37795379e+01  -6.32627245e+00]
 [  1.25263232e+02   1.42974954e+01   3.70716349e+01   9.72414029e+01]
 [ -3.38174493e+04   1.55625711e+04   9.44838493e+02  -1.78812497e+04]
 [  9.96934562e+02   3.93439479e+03   9.68007134e+03   3.29342012e+03]
 [ -2.47973237e+03   1.09098437e+03   1.19121683e+02  -7.41006334e+02]
 [ -8.10523274e+01   2.25338924e+02   1.27002336e+03   4.94559074e+02]
 [  2.64041019e+04  -2.08454226e+04  -1.01998761e+04   1.53210651e+04]
 [  1.95604579e+03  -4.09533455e+03  -8.03045762e+03  -6.12921380e+02]
 [  1.26946310e+03  -1.50336004e+03  -1.36922231e+03  -3.31304598e+02]
 [ -1.10735148e+04   1.59640320e+04   1.18861656e+04  -2.50087824e+03]
 [ -1.15465825e+03   1.06034771e+03   2.12070104e+03  -7.37961774e+02]
 [  3.49085054e+03  -8.04889608e+03  -9.80009425e+03  -1.63075324e+03]
 [  7.76156145e+02  -2.41308381e+03  -1.22072615e+03  -5.70075190e+03]
 [  1.15076575e+03   3.30612753e+02   1.07301858e+03   2.37948828e+03]
 [  1.07366914e+03  -4.90059154e+02  -1.02339230e+03  -2.15203854e+01]
 [  1.42758194e+03   2.33405407e+03   3.78858205e+03   4.46683548e+03]
 [ -6.39909790e+02   7.63608901e+02   3.94207273e+02  -8.14223988e+02]
 [ -2.17669314e+03  -1.16332444e+03  -2.20806369e+03  -3.61791935e+03]
 [ -8.37342697e+02   3.50398843e+02  -3.31719079e+02   1.05577640e+03]
 [ -9.49656183e+01   9.24683430e+01   4.63734959e+02   2.61227908e+02]
 [  2.43603728e+02  -4.00677300e+02  -7.06412236e+02  -4.63819868e+02]
 [ -7.03761089e+02  -1.36914428e+02  -3.05863309e+02  -9.82211099e+02]]
14
0.153430266345
[[  1.06019146e+03  -2.70440404e+02   4.47678750e+02   1.49649362e+02]
 [ -5.04154035e+04   3.72775151e+04   1.27693060e+04  -2.98871710e+04]
 [  2.82447123e+02   3.95010911e+03   1.09308403e+04   3.29163909e+03]
 [  2.50876305e+04  -2.95280115e+04  -2.22162111e+04   1.43252458e+04]
 [ -4.27942276e+02  -2.80784849e+03  -3.18351426e+03  -7.15378670e+03]
 [  8.22765093e+02  -2.88801680e+02   4.27829263e+02  -1.13635925e+02]
 [ -5.23498727e+01   7.50455541e+01   7.37285057e+01   6.82357052e+01]
 [  8.19015296e+01  -3.96836326e+01  -3.93928019e+00   2.44927254e+01]
 [ -7.57087835e+02   2.52223071e+02  -3.41643773e+02   2.36391028e+01]
 [ -9.72062381e+00   5.11721439e-01   5.67828270e+01  -1.66233648e+01]
 [  4.73678594e+02  -6.38454763e+01   1.80006015e+02   2.10184678e+02]
 [ -1.03537688e+02  -5.27914997e+01  -9.70919342e+01  -7.21898695e+01]
 [ -2.65811421e+01   1.59991384e+01  -4.11865607e+00   3.77774817e+01]
 [  3.41833352e+01  -3.32355486e+01   7.15109121e+01  -1.47152320e+01]
 [  1.23735635e+02   9.75880426e+00   2.92308566e+01   9.29477714e+01]
 [ -3.22652397e+04   1.89240408e+04   3.08507870e+03  -2.04121939e+04]
 [  1.33454501e+03   3.86822245e+03   1.00026459e+04   3.68205327e+03]
 [ -2.26138012e+03   1.26800345e+03   1.64852946e+02  -8.15873277e+02]
 [  5.27434056e-01   2.05341611e+02   1.29600338e+03   5.18818779e+02]
 [  2.69609397e+04  -2.47059354e+04  -1.23680088e+04   2.06552639e+04]
 [  1.56656595e+03  -4.34005965e+03  -8.81602740e+03  -1.21713462e+03]
 [  1.12695004e+03  -1.64292049e+03  -1.40644304e+03  -2.03241288e+02]
 [ -1.24730162e+04   1.82645382e+04   1.27667068e+04  -6.89221326e+03]
 [ -7.87437274e+02   1.30611079e+03   2.76835323e+03  -1.32980082e+02]
 [  4.13772313e+03  -8.68171830e+03  -9.79448651e+03   6.78752582e+01]
 [  1.45851866e+03  -2.24810329e+03  -9.45322551e+02  -5.27656933e+03]
 [  1.36545517e+03   2.16030585e+02   1.02499747e+03   2.67759594e+03]
 [  1.01127633e+03  -5.26262513e+02  -1.13382627e+03  -8.51422900e+01]
 [  4.04752736e+02   1.95433441e+03   3.43285375e+03   3.71935838e+03]
 [ -8.06817084e+02   8.02154617e+02   3.41696942e+02  -9.95764846e+02]
 [ -1.81783526e+03  -9.87512895e+02  -1.97938601e+03  -3.18526510e+03]
 [ -7.12717390e+02   5.39501304e+02  -2.15380208e+02   8.22987939e+02]
 [ -1.41929403e+02   5.51663864e+01   4.54472412e+02   2.20074403e+02]
 [  2.40894088e+02  -4.47495542e+02  -7.11158629e+02  -3.00454849e+02]
 [ -7.29700121e+02  -1.23021523e+02  -2.63182071e+02  -9.17200834e+02]]
15
0.216351500261
[[  9.05809403e+02  -2.18156954e+02   4.22690657e+02   3.80171863e+00]
 [ -3.86041011e+04   2.99069085e+04   1.22670465e+04  -1.72956076e+04]
 [  1.01351884e+03   3.89227283e+03   1.11936711e+04   3.82548733e+03]
 [  1.83706467e+04  -2.39851617e+04  -2.18541600e+04   5.40688102e+03]
 [ -7.44779568e+01  -2.43599806e+03  -2.87202109e+03  -7.45685280e+03]
 [  6.68587111e+02  -2.12555510e+02   4.17816361e+02  -2.64138627e+02]
 [ -7.27413471e+01   7.39529471e+01   7.90819059e+01   6.79757752e+01]
 [  6.83134965e+01  -3.55565652e+01  -7.48168737e+00   7.92028818e+00]
 [ -6.13377412e+02   1.99975406e+02  -3.33629745e+02   1.46390985e+02]
 [  1.05606420e+01   3.55245765e+00   6.34955540e+01  -1.71738312e+01]
 [  4.31655695e+02  -6.96928876e+01   1.63978986e+02   1.78739737e+02]
 [ -1.13562987e+02  -4.61958889e+01  -1.06303450e+02  -8.21096310e+01]
 [ -1.58775157e+01   1.17290347e+01  -3.54154631e+00   4.52859150e+01]
 [  2.70541964e+01  -3.44958405e+01   7.67029764e+01  -7.54349253e+00]
 [  1.15054324e+02   9.19028772e+00   2.33460781e+01   8.48894053e+01]
 [ -2.54417504e+04   1.52413867e+04   2.95979610e+03  -1.37344960e+04]
 [  1.98601882e+03   3.74575566e+03   1.01613046e+04   4.14568221e+03]
 [ -1.96694776e+03   1.08143020e+03   1.66131548e+02  -4.99902242e+02]
 [  6.53721015e+01   1.79211748e+02   1.34936728e+03   5.91328885e+02]
 [  1.90102866e+04  -1.97785002e+04  -1.21244609e+04   1.18650813e+04]
 [  8.15821584e+02  -4.17677024e+03  -9.09071669e+03  -1.87612295e+03]
 [  9.42099015e+02  -1.45451759e+03  -1.41396861e+03  -5.12758188e+02]
 [ -8.00946161e+03   1.46083476e+04   1.23304135e+04  -1.18277613e+03]
 [ -4.68657517e+02   1.40865011e+03   2.89710588e+03  -1.86577625e+01]
 [  3.32455174e+03  -7.17820819e+03  -9.64473055e+03  -1.89395821e+03]
 [  1.74904026e+03  -2.01119430e+03  -7.44818991e+02  -5.46622491e+03]
 [  9.14063876e+02   3.65153904e+02   1.04773180e+03   2.33917190e+03]
 [  9.64851018e+02  -4.84921619e+02  -1.21473968e+03  -2.36818660e+02]
 [  1.20912141e+02   1.68516020e+03   3.14094468e+03   4.07462979e+03]
 [ -6.06778890e+02   6.69867688e+02   3.36601188e+02  -7.87126976e+02]
 [ -1.67304903e+03  -7.95147914e+02  -1.75210721e+03  -3.28215264e+03]
 [ -5.83173953e+02   3.29561934e+02  -2.75890027e+02   1.04417145e+03]
 [ -1.89630842e+02   3.84750571e+01   4.45842522e+02   2.71718091e+02]
 [  2.88798634e+02  -3.22965002e+02  -6.92924507e+02  -4.20072764e+02]
 [ -6.65300800e+02  -9.06445560e+01  -2.08716076e+02  -9.11779099e+02]]
16
0.321324114241
[[  1.07880028e+03  -1.43106260e+02   5.16110786e+02   1.84690648e+02]
 [ -5.48227577e+04   3.43441527e+04   1.22781561e+04  -3.24386239e+04]
 [ -4.27588836e+01   3.45785135e+03   1.02299287e+04   3.03146036e+03]
 [  2.96645021e+04  -2.85744983e+04  -2.16692099e+04   1.61793714e+04]
 [  2.53559285e+02  -3.23127120e+03  -3.11187174e+03  -7.16344502e+03]
 [  8.81691317e+02  -1.84285656e+02   4.75840598e+02  -6.80066209e+01]
 [ -6.77992777e+01   7.60360582e+01   7.27873344e+01   5.85276165e+01]
 [  8.35543604e+01  -2.98481460e+01   3.69346857e+00   2.54874547e+01]
 [ -8.06565945e+02   1.17265619e+02  -3.92164444e+02  -1.23307940e+01]
 [ -3.88404310e+00  -1.04353019e+01   5.29719606e+01  -2.12991142e+01]
 [  4.51961511e+02   1.43064093e+00   2.17322748e+02   2.14403761e+02]
 [ -8.35714837e+01  -3.37620808e+01  -9.02477473e+01  -5.34846380e+01]
 [ -3.33533248e+01   2.19401031e+00  -1.11811295e+01   3.12226304e+01]
 [  2.61850445e+01  -3.77928218e+01   6.23216350e+01  -1.47195749e+01]
 [  1.11028105e+02   1.01306127e+01   3.31682913e+01   9.16034593e+01]
 [ -3.38390602e+04   1.69675658e+04   2.83409232e+03  -2.17291990e+04]
 [  9.68001493e+02   3.60632491e+03   9.48943403e+03   3.44345025e+03]
 [ -2.34056309e+03   1.12235147e+03   1.44628324e+02  -9.14404274e+02]
 [ -8.64373898e+01   1.42740909e+02   1.22609348e+03   4.38793248e+02]
 [  3.03297186e+04  -2.33899454e+04  -1.21009958e+04   2.21859032e+04]
 [  1.91760230e+03  -3.82707359e+03  -8.28123460e+03  -1.08558880e+03]
 [  1.34867857e+03  -1.52584808e+03  -1.34881146e+03  -9.10823808e+01]
 [ -1.56305564e+04   1.78481134e+04   1.26281194e+04  -8.02776608e+03]
 [ -6.92317609e+02   9.47435859e+02   2.43645901e+03  -1.42466573e+02]
 [  5.70265764e+03  -8.75316739e+03  -9.57634529e+03   6.08374047e+02]
 [  1.64353533e+03  -2.77118479e+03  -9.17202110e+02  -5.37929919e+03]
 [  1.23388437e+03   1.96560383e+02   9.86510584e+02   2.60151942e+03]
 [  1.05562245e+03  -4.47377577e+02  -1.04205676e+03  -5.55085969e+01]
 [ -2.11993186e+02   2.59272964e+03   3.44689369e+03   3.95359333e+03]
 [ -8.42340966e+02   8.78604919e+02   4.02266226e+02  -9.99995644e+02]
 [ -1.30308258e+03  -1.17214264e+03  -1.98945606e+03  -3.17626625e+03]
 [ -9.91997536e+02   3.34222173e+02  -3.18117885e+02   7.22734744e+02]
 [ -1.80682424e+02   8.83047678e+01   4.29052382e+02   2.37908340e+02]
 [  4.20209974e+02  -4.06270708e+02  -6.37887299e+02  -2.53746042e+02]
 [ -6.01818025e+02  -1.05049318e+02  -2.67998887e+02  -8.87397607e+02]]
17
0.140889432306
[[  1.24240836e+03  -1.08649898e+02   6.85042533e+02   1.83728100e+02]
 [ -5.63004564e+04   2.89625206e+04   8.57387165e+03  -2.76025467e+04]
 [ -1.04541682e+03   2.77528206e+03   1.02621336e+04   2.44425921e+03]
 [  2.75599844e+04  -2.34761168e+04  -1.98311742e+04   1.16469213e+04]
 [ -7.48658857e+02  -2.35986084e+03  -3.25028531e+03  -7.82057421e+03]
 [  9.61831911e+02  -1.40969363e+02   6.18020591e+02  -1.21687831e+02]
 [ -8.11497955e+01   6.73074011e+01   7.78527519e+01   6.29141271e+01]
 [  9.52548342e+01  -2.36169340e+01   1.60556382e+01   2.55282442e+01]
 [ -9.52986676e+02   1.02227758e+02  -5.39411197e+02  -2.21202372e+01]
 [ -1.88904883e+01  -1.00822970e+01   5.06012725e+01  -3.03161666e+01]
 [  5.78435694e+02  -1.92754506e+00   2.97371646e+02   2.63944074e+02]
 [ -7.41231923e+01  -3.32626457e+01  -8.38966835e+01  -6.13895485e+01]
 [ -4.87223976e+01   2.72921965e+00  -1.95720810e+01   3.05460443e+01]
 [  3.11295189e+01  -4.11465510e+01   6.18869259e+01  -1.42930520e+01]
 [  1.24241318e+02   1.28590830e+01   3.76073497e+01   9.43445258e+01]
 [ -3.63094833e+04   1.45524821e+04   6.43517020e+02  -1.98446244e+04]
 [  3.37142125e+02   2.98549410e+03   9.72038067e+03   3.08468792e+03]
 [ -2.64520633e+03   9.79833667e+02   6.75902571e+01  -8.18662938e+02]
 [ -1.89148208e+02   6.64815651e+01   1.27774017e+03   4.35384975e+02]
 [  2.95824149e+04  -1.96765643e+04  -9.74093808e+03   1.86785545e+04]
 [  2.65585593e+03  -3.14201186e+03  -8.09466568e+03  -5.85479717e+02]
 [  1.49293540e+03  -1.30810607e+03  -1.31541059e+03  -2.24210497e+02]
 [ -1.31335819e+04   1.46224260e+04   1.14245984e+04  -4.68600446e+03]
 [ -1.34440146e+03   8.12443278e+02   2.14049660e+03  -6.28701791e+02]
 [  4.38083001e+03  -6.92742747e+03  -9.46605908e+03  -9.32833720e+02]
 [  8.28808695e+02  -2.03269472e+03  -9.89895142e+02  -5.98888634e+03]
 [  1.11204471e+03   1.95564969e+02   1.08619385e+03   2.53806769e+03]
 [  1.19213028e+03  -2.80921988e+02  -1.01977512e+03  -5.09794256e+01]
 [  1.09570876e+03   1.84120979e+03   3.66257919e+03   4.40391676e+03]
 [ -6.61010669e+02   7.34608801e+02   4.13014761e+02  -8.62220297e+02]
 [ -1.94786618e+03  -8.76474241e+02  -2.11142647e+03  -3.42314779e+03]
 [ -1.00318734e+03   2.70038725e+02  -4.85815407e+02   8.67724291e+02]
 [ -1.37653847e+02   1.11106480e+01   4.51358612e+02   2.58730209e+02]
 [  3.38257424e+02  -2.83282989e+02  -6.22669633e+02  -3.59332103e+02]
 [ -6.55676155e+02  -8.63675528e+01  -2.81444088e+02  -9.32608894e+02]]
18
0.158304970643
[[  1.33500315e+03  -1.79425066e+02   6.84404659e+02   2.90636118e+02]
 [ -6.15354507e+04   3.65761202e+04   1.15396443e+04  -3.22064272e+04]
 [ -1.10401601e+03   3.14010951e+03   9.52424579e+03   2.55678736e+03]
 [  3.10627541e+04  -2.98732016e+04  -2.17836151e+04   1.47429708e+04]
 [ -4.54839490e+02  -3.24954911e+03  -3.52004968e+03  -7.36147977e+03]
 [  1.07962160e+03  -2.31548094e+02   6.04422380e+02  -4.61451780e+00]
 [ -6.82322907e+01   8.05854804e+01   6.49812982e+01   6.02520565e+01]
 [  1.01723086e+02  -2.99921817e+01   1.86285166e+01   3.33152427e+01]
 [ -1.03034717e+03   1.47332965e+02  -5.20023409e+02  -1.03465377e+02]
 [ -2.67615143e+01  -1.05061353e+01   3.88289023e+01  -2.48934211e+01]
 [  5.85215814e+02  -2.88143681e+00   3.02719147e+02   2.86556607e+02]
 [ -7.00171915e+01  -4.23449398e+01  -7.19884222e+01  -6.51988378e+01]
 [ -5.04466949e+01   6.72044567e+00  -1.90786462e+01   2.80025649e+01]
 [  3.70638694e+01  -4.11995911e+01   5.66916581e+01  -1.07721871e+01]
 [  1.24153682e+02   1.05468542e+01   4.25291583e+01   9.82133865e+01]
 [ -3.88812743e+04   1.82094179e+04   2.04974368e+03  -2.22535515e+04]
 [  2.54439109e+02   3.34827484e+03   9.09867022e+03   3.16432496e+03]
 [ -2.70700143e+03   1.21817939e+03   1.50915129e+02  -9.42572220e+02]
 [ -1.64524312e+02   1.40472070e+02   1.15538431e+03   4.53542231e+02]
 [  3.32347601e+04  -2.44260054e+04  -1.15602022e+04   2.15342429e+04]
 [  2.84083178e+03  -3.53109162e+03  -7.57649900e+03  -5.94398074e+02]
 [  1.54526218e+03  -1.59841032e+03  -1.33044038e+03  -1.06576164e+02]
 [ -1.59472128e+04   1.86406803e+04   1.29190382e+04  -6.79266154e+03]
 [ -1.41077070e+03   7.87760085e+02   1.92909157e+03  -5.57652596e+02]
 [  5.11017817e+03  -9.14639940e+03  -9.96215037e+03  -1.39927545e+02]
 [  1.22652576e+03  -2.81997107e+03  -1.16013569e+03  -5.42147220e+03]
 [  1.26626978e+03   2.22057360e+02   8.83999831e+02   2.56982882e+03]
 [  1.19704806e+03  -4.27540299e+02  -9.08769585e+02  -5.98240357e+00]
 [  9.17736555e+02   2.35273480e+03   3.90169736e+03   4.12685285e+03]
 [ -8.00922353e+02   8.89370206e+02   4.64849278e+02  -9.15182953e+02]
 [ -1.90475918e+03  -1.13646303e+03  -2.33232052e+03  -3.38968581e+03]
 [ -1.07918398e+03   4.59301209e+02  -3.00184163e+02   7.53385973e+02]
 [ -1.13961958e+02   6.04418405e+01   4.52356460e+02   2.36057392e+02]
 [  3.22067620e+02  -4.57244730e+02  -6.93978661e+02  -3.23634368e+02]
 [ -6.73318820e+02  -1.24398325e+02  -3.40493145e+02  -9.30413731e+02]]
19
0.214664159359
[[  1.09931907e+03  -2.06970293e+02   4.84605154e+02   9.65154696e+01]
 [ -4.66265496e+04   3.21815532e+04   7.42547022e+03  -2.46075019e+04]
 [  2.02075869e+02   4.41914052e+03   1.04694928e+04   2.92105975e+03]
 [  2.18081271e+04  -2.59735387e+04  -1.85602435e+04   9.56763860e+03]
 [ -4.88878455e+02  -2.47429169e+03  -3.10186711e+03  -7.53315740e+03]
 [  8.20740120e+02  -2.13491210e+02   4.71421900e+02  -1.97082977e+02]
 [ -6.53957417e+01   7.28103598e+01   7.75486490e+01   6.49039039e+01]
 [  8.37418988e+01  -3.50972287e+01  -5.61822967e-01   1.73806716e+01]
 [ -7.73719212e+02   1.95402563e+02  -3.87785147e+02   5.14567487e+01]
 [ -6.01450166e+00   8.83755291e+00   5.26829967e+01  -2.37359523e+01]
 [  5.23736189e+02  -5.29689059e+01   1.85874020e+02   2.27313541e+02]
 [ -1.10383235e+02  -5.50111047e+01  -9.29769290e+01  -7.94016780e+01]
 [ -2.75019745e+01   1.40575333e+01  -5.76015809e+00   4.03409222e+01]
 [  3.50271451e+01  -2.68566429e+01   7.41319474e+01  -5.12599020e+00]
 [  1.29299453e+02   8.75681860e+00   2.86447056e+01   9.10684028e+01]
 [ -3.07446836e+04   1.63271245e+04   2.26502717e+02  -1.81983452e+04]
 [  1.39893848e+03   4.25869226e+03   9.62048093e+03   3.43931790e+03]
 [ -2.28875607e+03   1.11744060e+03   8.20847409e+01  -7.29281533e+02]
 [  1.67396331e+01   2.80946221e+02   1.24476109e+03   5.09253360e+02]
 [  2.35430686e+04  -2.14598776e+04  -8.43588421e+03   1.64719778e+04]
 [  1.61146273e+03  -4.56764363e+03  -8.36323573e+03  -9.52038667e+02]
 [  1.11976137e+03  -1.51715302e+03  -1.30977520e+03  -3.24344879e+02]
 [ -9.77190509e+03   1.58347607e+04   1.02719492e+04  -3.53892345e+03]
 [ -9.83113923e+02   1.44642289e+03   2.59940456e+03  -4.25794591e+02]
 [  3.43979372e+03  -7.75605714e+03  -9.13232966e+03  -1.26067379e+03]
 [  1.56895419e+03  -1.92429423e+03  -9.98354179e+02  -5.61907245e+03]
 [  1.14692078e+03   3.08132368e+02   1.17335646e+03   2.48609194e+03]
 [  1.07478549e+03  -5.39968713e+02  -1.10855805e+03  -9.80765270e+01]
 [  6.94886207e+02   1.75388854e+03   3.25161021e+03   4.12656116e+03]
 [ -6.73909618e+02   6.97106554e+02   2.34308087e+02  -8.83135711e+02]
 [ -2.04515445e+03  -8.75252077e+02  -1.86295799e+03  -3.35182501e+03]
 [ -6.64866437e+02   4.03852566e+02  -2.44334686e+02   1.01776319e+03]
 [ -1.51053352e+02   5.77909660e+01   4.40750562e+02   2.48156420e+02]
 [  2.39951426e+02  -3.91142099e+02  -7.16938225e+02  -4.26683590e+02]
 [ -7.48394054e+02  -9.41200270e+01  -2.47591083e+02  -9.25434858e+02]]
20
0.161959881797
[[  9.73217689e+02  -2.29772386e+02   4.06142760e+02   1.22364608e+02]
 [ -4.33216923e+04   3.40948252e+04   1.46473998e+04  -2.95282124e+04]
 [  1.39139669e+03   4.17544403e+03   1.13840831e+04   3.75353426e+03]
 [  2.14787934e+04  -2.82440007e+04  -2.35428072e+04   1.41212652e+04]
 [  1.73883699e+02  -3.37534437e+03  -3.23232078e+03  -7.15475000e+03]
 [  7.72943887e+02  -2.56672352e+02   3.91669204e+02  -1.38157120e+02]
 [ -6.06194396e+01   7.75539031e+01   8.00777924e+01   6.60428951e+01]
 [  7.15481990e+01  -3.83246053e+01  -5.64832629e+00   2.02075897e+01]
 [ -6.73105312e+02   1.96419617e+02  -3.07827785e+02   4.61526555e+01]
 [  7.62176711e+00  -8.95611312e-02   6.37987467e+01  -1.12808027e+01]
 [  4.20224578e+02  -3.88614744e+01   1.63123838e+02   2.02185247e+02]
 [ -1.10550831e+02  -4.53512705e+01  -1.04366673e+02  -7.59359434e+01]
 [ -1.93833918e+01   1.05396017e+01  -2.48903209e+00   3.86506153e+01]
 [  3.43962686e+01  -3.17510408e+01   7.32404973e+01  -9.55056249e+00]
 [  1.14184418e+02   8.74389179e+00   2.51819206e+01   9.10975063e+01]
 [ -2.77255848e+04   1.68320254e+04   4.18331221e+03  -2.02129786e+04]
 [  2.21220086e+03   4.08701285e+03   1.03327622e+04   4.06645071e+03]
 [ -2.00933618e+03   1.16363969e+03   2.29622432e+02  -8.47921098e+02]
 [  1.07505943e+02   2.26829180e+02   1.37801135e+03   5.64940216e+02]
 [  2.24591476e+04  -2.26858143e+04  -1.34312333e+04   2.02298011e+04]
 [  5.61283317e+02  -4.47985689e+03  -9.24124512e+03  -1.63445994e+03]
 [  9.68411602e+02  -1.60633049e+03  -1.48524899e+03  -1.96690226e+02]
 [ -1.05431507e+04   1.75696835e+04   1.34391324e+04  -6.68924137e+03]
 [ -2.69394001e+02   1.32157551e+03   2.92546975e+03   4.25081607e+01]
 [  3.85528196e+03  -8.81638179e+03  -1.02082667e+04   1.34080879e+02]
 [  2.06260044e+03  -2.87970319e+03  -1.02937763e+03  -5.28465190e+03]
 [  1.10963379e+03   3.43910893e+02   1.06716963e+03   2.66700154e+03]
 [  8.91775750e+02  -5.91111669e+02  -1.23099763e+03  -1.47125973e+02]
 [ -6.12027287e+01   2.44465276e+03   3.35444259e+03   3.79698205e+03]
 [ -7.24311339e+02   8.03290049e+02   3.51065461e+02  -1.00229289e+03]
 [ -1.55696855e+03  -1.11308571e+03  -1.90224355e+03  -3.15584179e+03]
 [ -7.25797837e+02   4.58770443e+02  -1.96251841e+02   8.11727095e+02]
 [ -1.54005916e+02   1.02328659e+02   4.66342580e+02   2.33769808e+02]
 [  2.88671006e+02  -4.54864867e+02  -7.29947489e+02  -2.82014183e+02]
 [ -6.68451095e+02  -1.11624398e+02  -2.43117168e+02  -8.94189476e+02]]
21
0.130241275977
[[  9.91512765e+02  -8.06973002e+01   5.31078912e+02   8.12369014e+01]
 [ -4.48938081e+04   2.98922105e+04   1.20622603e+04  -2.44200611e+04]
 [ -2.68308256e+02   3.23658360e+03   1.02161392e+04   2.69846974e+03]
 [  2.18646647e+04  -2.45132325e+04  -2.15271521e+04   1.03877305e+04]
 [ -3.90107071e+02  -2.73158109e+03  -3.03105291e+03  -7.52508844e+03]
 [  7.45584025e+02  -1.26961826e+02   4.85354869e+02  -1.90757268e+02]
 [ -7.59537960e+01   6.94679563e+01   8.22135920e+01   6.55138689e+01]
 [  7.70427631e+01  -2.25941855e+01   5.11803882e+00   1.79766036e+01]
 [ -7.24936144e+02   7.73070710e+01  -4.15954261e+02   6.65822225e+01]
 [ -5.76481958e+00  -4.53599437e+00   5.40626485e+01  -2.81620728e+01]
 [  4.67780417e+02   2.22450286e+01   2.29248287e+02   2.01540270e+02]
 [ -8.86439477e+01  -3.78912604e+01  -9.93087481e+01  -6.17772207e+01]
 [ -2.94793785e+01   1.33300742e+00  -1.04130802e+01   3.65095521e+01]
 [  2.15757866e+01  -4.18814585e+01   6.21337132e+01  -1.64257960e+01]
 [  1.14368995e+02   1.32121965e+01   3.14484954e+01   8.82931682e+01]
 [ -2.92032603e+04   1.48598861e+04   2.80036533e+03  -1.76029148e+04]
 [  9.10329506e+02   3.42011190e+03   9.52871002e+03   3.19194097e+03]
 [ -2.18359204e+03   1.03555590e+03   1.96629231e+02  -6.85099527e+02]
 [ -1.14072891e+02   1.44777488e+02   1.26814146e+03   4.35316241e+02]
 [  2.30048753e+04  -2.01417482e+04  -1.17473303e+04   1.69631091e+04]
 [  1.90560431e+03  -3.46696787e+03  -8.15237659e+03  -8.76395930e+02]
 [  1.15575995e+03  -1.38825671e+03  -1.40263370e+03  -3.07105839e+02]
 [ -1.00195579e+04   1.53808924e+04   1.23570425e+04  -4.25491447e+03]
 [ -9.02657565e+02   8.64266760e+02   2.31789256e+03  -3.65324279e+02]
 [  3.73216643e+03  -7.45112304e+03  -9.62910034e+03  -9.23173558e+02]
 [  1.11700574e+03  -2.33240909e+03  -8.83166074e+02  -5.76466136e+03]
 [  9.62158459e+02   2.23597114e+02   1.04880938e+03   2.49369664e+03]
 [  1.08439162e+03  -3.64076204e+02  -1.05548168e+03  -9.23463399e+01]
 [  4.36327556e+02   2.03502310e+03   3.21742049e+03   4.06554693e+03]
 [ -6.07605231e+02   8.05761934e+02   4.09337330e+02  -8.80115262e+02]
 [ -1.65868737e+03  -9.88359630e+02  -1.90147335e+03  -3.22888456e+03]
 [ -7.41577144e+02   2.40409196e+02  -3.43036959e+02   9.24399811e+02]
 [ -1.83648684e+02   4.23012778e+01   4.16441755e+02   2.47170905e+02]
 [  3.16734955e+02  -2.98699037e+02  -6.47394827e+02  -3.60305829e+02]
 [ -6.34764735e+02  -1.04737925e+02  -2.64983949e+02  -9.09157731e+02]]
22
0.254457377483
[[  1.26617511e+03  -1.91648442e+02   6.90517332e+02   2.27288124e+02]
 [ -5.85903736e+04   3.81504875e+04   1.17285020e+04  -3.54583617e+04]
 [ -7.40331549e+02   3.32727155e+03   9.91040215e+03   2.65371190e+03]
 [  2.94693169e+04  -3.07871390e+04  -2.26226953e+04   1.74765414e+04]
 [ -5.81904557e+02  -3.23014452e+03  -3.58503507e+03  -7.33253850e+03]
 [  1.02154022e+03  -2.37254527e+02   5.94760696e+02  -4.33147478e+01]
 [ -6.61745308e+01   8.05985639e+01   6.52927814e+01   5.90040245e+01]
 [  9.64041879e+01  -3.06851058e+01   1.71000691e+01   3.00080967e+01]
 [ -9.72254870e+02   1.63623392e+02  -5.38352972e+02  -5.63146011e+01]
 [ -2.17715537e+01  -9.84444523e+00   4.56407815e+01  -2.31575248e+01]
 [  5.54803786e+02  -1.29738670e+01   3.23378838e+02   2.42110203e+02]
 [ -7.15541992e+01  -4.17610001e+01  -8.29276769e+01  -5.85843310e+01]
 [ -4.78764727e+01   6.83057025e+00  -1.98307973e+01   3.04100781e+01]
 [  3.35801109e+01  -4.24237983e+01   6.13149714e+01  -1.16314637e+01]
 [  1.20563150e+02   9.70561455e+00   4.15975118e+01   9.49977653e+01]
 [ -3.71019729e+04   1.91837882e+04   1.88106588e+03  -2.37559200e+04]
 [  5.02102373e+02   3.49395754e+03   9.50313653e+03   3.13911106e+03]
 [ -2.55745385e+03   1.28991139e+03   7.61469002e+01  -1.01231739e+03]
 [ -1.35473324e+02   1.56124741e+02   1.23013755e+03   4.38518573e+02]
 [  3.17433242e+04  -2.54500906e+04  -1.23777815e+04   2.39801219e+04]
 [  2.44772193e+03  -3.70413558e+03  -7.81738298e+03  -6.50675548e+02]
 [  1.43018373e+03  -1.65299582e+03  -1.32976155e+03  -3.53400539e+01]
 [ -1.50460573e+04   1.91110577e+04   1.36215097e+04  -8.70996973e+03]
 [ -1.20493196e+03   8.68352459e+02   1.93431754e+03  -3.73163719e+02]
 [  4.74298318e+03  -9.26943956e+03  -1.01838806e+04   6.18820462e+02]
 [  1.05247543e+03  -2.74162891e+03  -1.19674755e+03  -5.50627016e+03]
 [  1.25076316e+03   1.62213137e+02   8.74955681e+02   2.68351908e+03]
 [  1.10801575e+03  -4.39504797e+02  -9.38859374e+02  -1.49182468e+01]
 [  8.59254347e+02   2.36507386e+03   4.04212298e+03   4.01563984e+03]
 [ -7.47446069e+02   9.21500157e+02   5.14236864e+02  -1.03904087e+03]
 [ -1.83656463e+03  -1.15748721e+03  -2.37945878e+03  -3.27605290e+03]
 [ -1.04212931e+03   4.56400558e+02  -3.72956262e+02   7.42883443e+02]
 [ -1.03860418e+02   7.21681902e+01   4.60459972e+02   2.39564087e+02]
 [  3.09193581e+02  -4.58544504e+02  -6.76848483e+02  -2.88118805e+02]
 [ -6.64844987e+02  -1.34938514e+02  -3.27538908e+02  -9.18252136e+02]]
23
0.228008604054
[[  1.09455044e+03  -1.94406949e+02   4.76579759e+02   2.38748151e+01]
 [ -4.58188445e+04   3.22993422e+04   9.75481501e+03  -2.25417654e+04]
 [  3.01904523e+02   4.21421028e+03   1.04192518e+04   3.14376749e+03]
 [  2.16046013e+04  -2.54811358e+04  -1.98705718e+04   8.77101060e+03]
 [ -3.11621202e+02  -2.45550604e+03  -2.97438386e+03  -7.51709720e+03]
 [  8.16040445e+02  -2.15501654e+02   4.53666920e+02  -2.64630688e+02]
 [ -7.08970399e+01   7.40831247e+01   7.84896227e+01   6.90185426e+01]
 [  8.36265132e+01  -3.19828984e+01  -2.10334859e-01   1.34911446e+01]
 [ -7.74022556e+02   2.03802293e+02  -3.73411566e+02   1.13535733e+02]
 [  3.83698031e-01   1.06061240e+01   5.54244415e+01  -1.76811839e+01]
 [  5.24442197e+02  -4.06176534e+01   1.91121623e+02   1.99345779e+02]
 [ -1.09246759e+02  -5.84838213e+01  -9.86277162e+01  -8.50798111e+01]
 [ -2.85282727e+01   1.51332329e+01  -5.38117093e+00   4.51170928e+01]
 [  3.07939780e+01  -3.42504215e+01   6.97209423e+01  -9.90292098e+00]
 [  1.26643282e+02   1.32576558e+01   2.94914474e+01   8.77270325e+01]
 [ -3.01559074e+04   1.64869638e+04   1.55592396e+03  -1.68535229e+04]
 [  1.50846879e+03   4.11452665e+03   9.59106181e+03   3.58620697e+03]
 [ -2.27214547e+03   1.16016107e+03   1.33982139e+02  -6.25640791e+02]
 [  2.46748493e+01   2.83890074e+02   1.26145496e+03   5.55778681e+02]
 [  2.29562775e+04  -2.11774052e+04  -1.00420879e+04   1.55201708e+04]
 [  1.53571974e+03  -4.35395268e+03  -8.32872345e+03  -1.09982894e+03]
 [  1.13268500e+03  -1.53084320e+03  -1.34548751e+03  -3.93510972e+02]
 [ -9.59368134e+03   1.56827043e+04   1.12258374e+04  -3.08882962e+03]
 [ -9.44825684e+02   1.31746109e+03   2.54944552e+03  -3.26706676e+02]
 [  3.57125397e+03  -7.53450605e+03  -9.27527376e+03  -1.33650865e+03]
 [  1.62898598e+03  -1.87145262e+03  -8.68351850e+02  -5.69941845e+03]
 [  1.06776328e+03   3.41974166e+02   1.12555753e+03   2.52552261e+03]
 [  1.07617355e+03  -5.15031492e+02  -1.09581933e+03  -1.51680251e+02]
 [  5.48936308e+02   1.57835582e+03   3.11958154e+03   3.88507089e+03]
 [ -6.28464109e+02   7.07195851e+02   2.86426461e+02  -8.91113243e+02]
 [ -1.92063537e+03  -8.69098131e+02  -1.82496297e+03  -3.21677745e+03]
 [ -7.39442435e+02   4.06318781e+02  -2.57276166e+02   1.06089718e+03]
 [ -1.71293677e+02   3.63724496e+01   4.20626014e+02   2.36802301e+02]
 [  3.01061496e+02  -3.46914934e+02  -6.79740193e+02  -4.01864799e+02]
 [ -7.10679156e+02  -1.27811732e+02  -2.47940425e+02  -9.13288567e+02]]
24
0.146699668966
[[  9.61205610e+02  -2.46936737e+02   3.97777342e+02  -5.35422887e+00]
 [ -4.13138621e+04   3.49730502e+04   1.47741093e+04  -1.94171554e+04]
 [  1.55219166e+03   4.63046698e+03   1.19422594e+04   3.98751609e+03]
 [  2.09088355e+04  -2.90221311e+04  -2.34530850e+04   7.23713116e+03]
 [  2.87015190e+02  -3.33721149e+03  -2.96581165e+03  -7.03527075e+03]
 [  7.43415258e+02  -2.48860275e+02   4.04166574e+02  -2.72149194e+02]
 [ -7.27592804e+01   8.55314036e+01   8.35717495e+01   6.61588105e+01]
 [  7.17975942e+01  -3.94215476e+01  -8.03369133e+00   1.02000793e+01]
 [ -6.41887049e+02   2.02181799e+02  -2.95584648e+02   1.53042603e+02]
 [  1.46127440e+01   4.24589434e+00   7.07577901e+01  -5.61775915e+00]
 [  4.29826837e+02  -6.50360668e+01   1.43565914e+02   1.71604080e+02]
 [ -1.18612704e+02  -4.64268658e+01  -1.09744062e+02  -9.62479315e+01]
 [ -1.50077007e+01   1.04801371e+01  -1.54151046e+00   4.85562781e+01]
 [  3.17127250e+01  -2.93974393e+01   7.64755008e+01  -7.54146345e+00]
 [  1.17028018e+02   3.78565042e+00   2.27296885e+01   8.48832962e+01]
 [ -2.65211635e+04   1.74921038e+04   4.45752543e+03  -1.47547739e+04]
 [  2.36295112e+03   4.40224986e+03   1.07459436e+04   4.26974762e+03]
 [ -1.98023952e+03   1.23655731e+03   2.51430485e+02  -5.70252393e+02]
 [  1.44484868e+02   2.92036936e+02   1.44342662e+03   6.27098501e+02]
 [  2.11666140e+04  -2.30056535e+04  -1.35964598e+04   1.32632889e+04]
 [  5.21480875e+02  -4.85608615e+03  -9.71515042e+03  -1.88956471e+03]
 [  9.75251262e+02  -1.67913342e+03  -1.50781176e+03  -4.30304401e+02]
 [ -9.88302637e+03   1.76352546e+04   1.31895481e+04  -2.33623902e+03]
 [ -2.35515185e+02   1.51084800e+03   3.18039090e+03   8.14413721e+01]
 [  4.10794219e+03  -9.20657528e+03  -1.00441098e+04  -1.27930258e+03]
 [  2.24942064e+03  -2.83831128e+03  -7.12009068e+02  -5.12798707e+03]
 [  9.90214185e+02   4.02396373e+02   1.07917852e+03   2.38378222e+03]
 [  9.30248857e+02  -6.84447677e+02  -1.29847943e+03  -1.87738616e+02]
 [ -2.65470425e+02   2.36924622e+03   3.19786452e+03   3.59132602e+03]
 [ -7.22006833e+02   8.01999326e+02   3.39524056e+02  -8.46759265e+02]
 [ -1.57810075e+03  -1.03328491e+03  -1.80891301e+03  -3.11798773e+03]
 [ -6.60109388e+02   4.20278655e+02  -2.67011883e+02   1.03380854e+03]
 [ -1.73537583e+02   1.28227028e+02   4.74633088e+02   2.15514627e+02]
 [  3.33138598e+02  -4.89446043e+02  -6.97637833e+02  -3.73496357e+02]
 [ -6.94431305e+02  -9.66853827e+01  -2.23507518e+02  -8.85791180e+02]]
25
0.109752382907
[[  9.63838535e+02  -1.75400148e+02   5.05531947e+02   7.25915410e+01]
 [ -4.48370444e+04   3.53972872e+04   1.38584735e+04  -2.49026378e+04]
 [  2.17746360e+02   3.33178706e+03   1.04757064e+04   3.10928236e+03]
 [  2.22243080e+04  -2.88335798e+04  -2.26790548e+04   1.12369486e+04]
 [ -2.36228448e+02  -3.20716629e+03  -3.04887425e+03  -7.10928957e+03]
 [  7.47299148e+02  -2.24003702e+02   4.62799876e+02  -1.88553872e+02]
 [ -7.22492299e+01   7.50997418e+01   7.65964848e+01   5.60011999e+01]
 [  7.40324082e+01  -3.03557638e+01   1.46179653e+00   1.79111064e+01]
 [ -7.14523409e+02   1.47941479e+02  -3.80460144e+02   8.57123346e+01]
 [ -1.02846786e+00  -8.71195700e+00   5.58413434e+01  -1.73382457e+01]
 [  4.36732793e+02  -3.64616867e+00   2.18501912e+02   1.87259307e+02]
 [ -8.91097377e+01  -3.95312528e+01  -9.72579651e+01  -7.01925091e+01]
 [ -2.71716205e+01   5.88304896e+00  -9.47051981e+00   3.97403751e+01]
 [  2.33517622e+01  -4.01669037e+01   6.38893717e+01  -1.39041060e+01]
 [  1.07411957e+02   9.80626867e+00   3.22769342e+01   8.82416129e+01]
 [ -2.87635380e+04   1.76234848e+04   3.73144955e+03  -1.76563134e+04]
 [  1.25363327e+03   3.48517478e+03   9.70344460e+03   3.49458313e+03]
 [ -2.10539268e+03   1.18708879e+03   1.94705288e+02  -7.08110964e+02]
 [ -5.78503782e+01   1.54636184e+02   1.27765040e+03   4.83336266e+02]
 [  2.33587176e+04  -2.37702766e+04  -1.31845308e+04   1.71866861e+04]
 [  1.57074845e+03  -3.65551392e+03  -8.47138963e+03  -1.14075557e+03]
 [  1.09851630e+03  -1.56148124e+03  -1.41070732e+03  -2.66416456e+02]
 [ -1.07462344e+04   1.80510226e+04   1.32534058e+04  -4.82076821e+03]
 [ -6.73030657e+02   8.83302990e+02   2.47681301e+03  -1.47927753e+02]
 [  3.86043008e+03  -8.71679525e+03  -9.73947755e+03  -4.03128589e+02]
 [  1.21658883e+03  -2.76842306e+03  -8.17764128e+02  -5.29383231e+03]
 [  9.83006526e+02   1.71613659e+02   9.81846376e+02   2.41903495e+03]
 [  1.01294337e+03  -4.30503633e+02  -1.08430170e+03  -6.98433145e+01]
 [  2.04981714e+02   2.38736927e+03   3.37748694e+03   3.71740586e+03]
 [ -6.42138069e+02   8.77175523e+02   4.25765189e+02  -9.18251646e+02]
 [ -1.51104940e+03  -1.13497531e+03  -1.96144845e+03  -3.14107290e+03]
 [ -7.73549195e+02   4.24298791e+02  -3.11946211e+02   9.20416447e+02]
 [ -1.66318734e+02   7.52747392e+01   4.33504309e+02   2.26169774e+02]
 [  3.04912161e+02  -4.20919636e+02  -6.38122852e+02  -3.20723738e+02]
 [ -6.10738238e+02  -1.18598566e+02  -2.65833720e+02  -9.05165427e+02]]
26
Finished successfully!, number of iterations:  26
0.0709150115443
[[  1.05469692e+03  -1.37719669e+02   5.74155839e+02   1.42404788e+02]
 [ -4.77413618e+04   3.28686821e+04   1.54750674e+04  -2.61190416e+04]
 [ -2.86528996e+02   3.09263529e+03   1.02470638e+04   3.04145535e+03]
 [  2.26848090e+04  -2.66910158e+04  -2.42793271e+04   1.13332044e+04]
 [ -9.44330096e+02  -2.90513627e+03  -3.30256702e+03  -7.49227698e+03]
 [  8.02496448e+02  -1.83825639e+02   4.98785669e+02  -1.26952099e+02]
 [ -7.65850717e+01   7.04929129e+01   8.16010964e+01   5.77635657e+01]
 [  8.15394521e+01  -2.71221778e+01   8.50613075e+00   2.11683349e+01]
 [ -8.03559686e+02   1.27552993e+02  -4.41826005e+02   1.57074547e+01]
 [ -9.86934817e+00  -1.06048345e+01   5.04260091e+01  -2.35447594e+01]
 [  4.97831811e+02   3.21454413e+00   2.70082829e+02   2.21078282e+02]
 [ -7.84511192e+01  -3.62055943e+01  -9.50132725e+01  -5.70438439e+01]
 [ -3.53525094e+01   4.87855376e+00  -1.25024327e+01   3.19750513e+01]
 [  2.52243277e+01  -4.07427749e+01   5.95936012e+01  -1.36273696e+01]
 [  1.12181996e+02   1.29213867e+01   3.47644141e+01   8.82596936e+01]
 [ -3.10881950e+04   1.63981659e+04   4.39413263e+03  -1.85707281e+04]
 [  9.43617048e+02   3.29490388e+03   9.68822116e+03   3.47551294e+03]
 [ -2.26101806e+03   1.10883104e+03   2.64356217e+02  -7.63636282e+02]
 [ -1.10969531e+02   1.16487548e+02   1.29933806e+03   4.70199688e+02]
 [  2.48652062e+04  -2.22048073e+04  -1.43130487e+04   1.78686844e+04]
 [  1.97059510e+03  -3.42732854e+03  -8.15053232e+03  -1.12600123e+03]
 [  1.18777041e+03  -1.46775842e+03  -1.48488609e+03  -2.44314486e+02]
 [ -1.06497207e+04   1.67244650e+04   1.43049669e+04  -4.80486944e+03]
 [ -1.01781693e+03   8.23424110e+02   2.12025369e+03  -2.48640164e+02]
 [  3.34608911e+03  -7.95594018e+03  -1.03266960e+04  -7.26447090e+02]
 [  5.32350022e+02  -2.45613384e+03  -1.02134495e+03  -5.67817494e+03]
 [  1.01133983e+03   1.69664467e+02   9.41074674e+02   2.45458119e+03]
 [  1.04673525e+03  -3.56979281e+02  -1.03857916e+03  -1.08566513e+02]
 [  8.91226142e+02   2.22610246e+03   3.60015444e+03   4.18656001e+03]
 [ -5.98069822e+02   8.17288616e+02   5.10444927e+02  -8.73717946e+02]
 [ -1.81631969e+03  -1.08353362e+03  -2.11699273e+03  -3.27075599e+03]
 [ -7.97896342e+02   3.71765881e+02  -2.92083148e+02   8.20784715e+02]
 [ -1.33195679e+02   5.33763093e+01   4.45426923e+02   2.72332355e+02]
 [  2.50399227e+02  -3.64986347e+02  -6.84589199e+02  -3.29108224e+02]
 [ -6.37086099e+02  -1.24263973e+02  -2.92265937e+02  -8.98497304e+02]]
Time taken for 4D num time series exp:  68.97684669494629 , number of time series:  1
Avg AR burnin:  0.175730769231 , Avg AR sampling:  0.0350769230769

 Estimated ordinary:  [[ -2.79437883e-01   4.33131202e+00  -6.31657983e-01  -2.00406402e+00
    5.86947555e-01   9.03125807e+01  -1.21888927e+01   9.17641239e+00
   -1.27890496e+02  -1.57075555e+00   5.60257628e+01  -1.24858834e+01
   -5.62652662e+00   4.01457644e+00   1.26249102e+01  -2.01994718e+03
    1.06194228e+02  -2.54453931e+02  -7.21021570e+00   2.79831886e+03
    3.13629950e+02   1.33671135e+02  -1.19851466e+03  -1.14544649e+02
    2.17411248e+02   5.99104263e+01   1.60959732e+02   1.17799104e+02
    1.41843046e+02  -9.51857684e+01  -2.04407782e+02  -8.97948869e+01
   -1.49897804e+01   2.81798137e+01  -4.13944995e+01]
 [  5.27390774e-03  -1.39754477e+01   2.02705167e-02   7.97321601e+00
    3.82088456e-01  -2.06876528e+01   1.12192955e+01  -3.05231740e+00
    2.03006894e+01  -1.68781183e+00   3.61763316e-01  -5.76229930e+00
    7.76445946e-01  -6.48441402e+00   1.45416691e+00   1.06546646e+03
    3.70806966e+02   1.24787335e+02   7.56874739e+00  -2.49891879e+03
   -5.45476279e+02  -1.65180856e+02   1.88216359e+03   9.26677702e+01
   -5.16935092e+02  -2.76412171e+02   2.70029386e+01  -4.01742839e+01
    3.54295210e+02   1.30075523e+02  -1.21940375e+02   4.18383610e+01
    6.00694527e+00  -4.10753954e+01  -8.07401852e+00]
 [ -1.80139739e-02  -3.43331955e-01  -1.45003319e+00   3.68369849e+00
    1.41813566e+00   5.61331095e+01   1.29872179e+01   9.57276038e-01
   -7.03187927e+01   8.02554862e+00   3.03949973e+01  -1.51218320e+01
   -1.98982396e+00   9.48461621e+00   3.91237115e+00   2.85507596e+02
    1.09030795e+03   2.97505270e+01   8.44241440e+01  -1.61078391e+03
   -1.29719751e+03  -1.67108397e+02   1.60987439e+03   2.38612374e+02
   -6.70974320e+02  -1.14941690e+02   1.49776686e+02  -1.16881220e+02
    5.72982375e+02   8.12398334e+01  -2.38245387e+02  -3.28709030e+01
    5.01281407e+01  -7.70433532e+01  -1.89899014e+01]
 [ -2.43471351e-01  -2.78391818e+00  -1.38957901e+00  -1.06316257e+00
    2.03254309e+00  -1.42871308e+01   9.19335701e+00   2.38227467e+00
    2.49991907e+00  -3.74726484e+00   2.48800481e+01  -9.07880973e+00
    5.08898746e+00  -2.16886323e+00   9.93270527e+00  -1.20662811e+03
    3.91132625e+02  -8.59392756e+01   3.05510994e+01   2.01093351e+03
   -1.79208662e+02  -2.74950397e+01  -5.40737794e+02  -2.79818496e+01
   -4.72007060e+01  -6.39019194e+02   3.90658729e+02  -1.22180254e+01
    6.66311719e+02  -1.39056530e+02  -3.68089373e+02   9.23707338e+01
    3.06481579e+01  -3.70376880e+01  -5.83796228e+01]] 
 True ordinary:  [[ 0.          0.          1.          0.          0.          0.          0.
   0.          0.          0.          0.          0.          0.          0.
   0.          0.          0.          0.          0.          0.          0.
   0.          0.          0.          0.          0.          0.          0.
   0.          0.          0.          0.          0.          0.          0.        ]
 [ 0.         -8.5         0.          3.5         0.          0.          0.
   0.          0.          0.          0.          0.          0.          0.
   0.          0.          0.          0.          0.          0.          0.
   0.          0.          0.          0.          0.          0.          0.
   0.          0.          0.          0.          0.          0.          0.        ]
 [ 0.          0.          0.          0.          1.          0.          0.
   0.          0.          0.          0.          0.          0.          0.
   0.          0.          0.          0.          0.          0.          0.
   0.          0.          0.          0.          0.          0.          0.
   0.          0.          0.          0.          0.          0.          0.        ]
 [ 0.          2.33333333  0.         -4.33333333  0.          0.          0.
   0.          0.          0.          0.          0.          0.          0.
   0.          0.          0.          0.          0.          0.          0.
   0.          0.          0.          0.          0.          0.          0.
   0.          0.          0.          0.          0.          0.          0.        ]]

 Estimated hermite:  [[  1.05469692e+03  -4.77413618e+04  -2.86528996e+02   2.26848090e+04
   -9.44330096e+02   8.02496448e+02  -7.65850717e+01   8.15394521e+01
   -8.03559686e+02  -9.86934817e+00   4.97831811e+02  -7.84511192e+01
   -3.53525094e+01   2.52243277e+01   1.12181996e+02  -3.10881950e+04
    9.43617048e+02  -2.26101806e+03  -1.10969531e+02   2.48652062e+04
    1.97059510e+03   1.18777041e+03  -1.06497207e+04  -1.01781693e+03
    3.34608911e+03   5.32350022e+02   1.01133983e+03   1.04673525e+03
    8.91226142e+02  -5.98069822e+02  -1.81631969e+03  -7.97896342e+02
   -1.33195679e+02   2.50399227e+02  -6.37086099e+02]
 [ -1.37719669e+02   3.28686821e+04   3.09263529e+03  -2.66910158e+04
   -2.90513627e+03  -1.83825639e+02   7.04929129e+01  -2.71221778e+01
    1.27552993e+02  -1.06048345e+01   3.21454413e+00  -3.62055943e+01
    4.87855376e+00  -4.07427749e+01   1.29213867e+01   1.63981659e+04
    3.29490388e+03   1.10883104e+03   1.16487548e+02  -2.22048073e+04
   -3.42732854e+03  -1.46775842e+03   1.67244650e+04   8.23424110e+02
   -7.95594018e+03  -2.45613384e+03   1.69664467e+02  -3.56979281e+02
    2.22610246e+03   8.17288616e+02  -1.08353362e+03   3.71765881e+02
    5.33763093e+01  -3.64986347e+02  -1.24263973e+02]
 [  5.74155839e+02   1.54750674e+04   1.02470638e+04  -2.42793271e+04
   -3.30256702e+03   4.98785669e+02   8.16010964e+01   8.50613075e+00
   -4.41826005e+02   5.04260091e+01   2.70082829e+02  -9.50132725e+01
   -1.25024327e+01   5.95936012e+01   3.47644141e+01   4.39413263e+03
    9.68822116e+03   2.64356217e+02   1.29933806e+03  -1.43130487e+04
   -8.15053232e+03  -1.48488609e+03   1.43049669e+04   2.12025369e+03
   -1.03266960e+04  -1.02134495e+03   9.41074674e+02  -1.03857916e+03
    3.60015444e+03   5.10444927e+02  -2.11699273e+03  -2.92083148e+02
    4.45426923e+02  -6.84589199e+02  -2.92265937e+02]
 [  1.42404788e+02  -2.61190416e+04   3.04145535e+03   1.13332044e+04
   -7.49227698e+03  -1.26952099e+02   5.77635657e+01   2.11683349e+01
    1.57074547e+01  -2.35447594e+01   2.21078282e+02  -5.70438439e+01
    3.19750513e+01  -1.36273696e+01   8.82596936e+01  -1.85707281e+04
    3.47551294e+03  -7.63636282e+02   4.70199688e+02   1.78686844e+04
   -1.12600123e+03  -2.44314486e+02  -4.80486944e+03  -2.48640164e+02
   -7.26447090e+02  -5.67817494e+03   2.45458119e+03  -1.08566513e+02
    4.18656001e+03  -8.73717946e+02  -3.27075599e+03   8.20784715e+02
    2.72332355e+02  -3.29108224e+02  -8.98497304e+02]] 
 True hermite:  [[  0.           0.           6.28318531   0.           0.           0.
    0.           0.           0.           0.           0.           0.
    0.           0.           0.           0.           0.           0.
    0.           0.           0.           0.           0.           0.
    0.           0.           0.           0.           0.           0.
    0.           0.           0.           0.           0.        ]
 [  0.         -53.40707511   0.          21.99114858   0.           0.
    0.           0.           0.           0.           0.           0.
    0.           0.           0.           0.           0.           0.
    0.           0.           0.           0.           0.           0.
    0.           0.           0.           0.           0.           0.
    0.           0.           0.           0.           0.        ]
 [  0.           0.           0.           0.           6.28318531   0.
    0.           0.           0.           0.           0.           0.
    0.           0.           0.           0.           0.           0.
    0.           0.           0.           0.           0.           0.
    0.           0.           0.           0.           0.           0.
    0.           0.           0.           0.           0.        ]
 [  0.          14.66076572   0.         -27.22713633   0.           0.
    0.           0.           0.           0.           0.           0.
    0.           0.           0.           0.           0.           0.
    0.           0.           0.           0.           0.           0.
    0.           0.           0.           0.           0.           0.
    0.           0.           0.           0.           0.        ]]


