My SLURM_ARRAY_TASK_ID:  4
Data shape: (10, 101, 3)
Theta shape: (20, 3)
Theta: [[ 0.20189405  0.31903383  0.44166323]
 [ 0.41604409  0.06736679  0.44623124]
 [ 0.39067585  0.4664028   0.08137154]
 [ 0.46464074  0.36878037  0.21585924]
 [ 0.46362789  0.2622916   0.01663014]
 [ 0.35178874  0.20989895  0.25265111]
 [ 0.32873794  0.09306696  0.47199843]
 [ 0.29631423  0.38905554  0.25777862]
 [ 0.16064195  0.01394766  0.26656054]
 [ 0.10760839  0.4550378   0.41230817]
 [ 0.24478268  0.34425153  0.01819288]
 [ 0.08831388  0.22684358  0.38362103]
 [ 0.19598391  0.27687927  0.45516232]
 [ 0.17681402  0.49287486  0.14528917]
 [ 0.14373109  0.34233599  0.26257097]
 [ 0.186397    0.19433027  0.49190705]
 [ 0.27036426  0.17694463  0.43533685]
 [ 0.38965154  0.17286656  0.33705582]
 [ 0.43962059  0.39248153  0.32021548]
 [ 0.22645183  0.02354247  0.05541459]]
1
777.776664257
[[  4.36577985e+00  -4.29066456e+01   3.93672381e+02]
 [ -6.41300948e+01  -1.12797863e+02   1.51398749e+01]
 [  2.77837688e+01   2.55776398e+01  -2.86353434e+00]
 [ -9.08966102e-02   5.72145933e+00  -4.88091267e+01]
 [  7.99161887e-01   2.89744234e-01  -1.37549632e+00]
 [ -5.77652255e-01   3.80638987e-01  -7.26707000e-01]
 [  2.49410117e-01  -3.41446748e-01   2.04667156e-01]
 [  5.04054010e+00   7.20578531e+00  -4.10867011e-01]
 [ -2.96437515e+00  -1.35899440e+00  -4.30429496e-01]
 [ -8.47016583e-02  -4.31286103e-01   3.22153266e+00]
 [  4.19160530e-01   3.14504148e-01   1.82748281e-01]
 [ -6.84397250e-01  -3.15671671e-01  -2.72010355e-01]
 [  2.51991287e-01   5.29600918e-02   1.95048037e-01]
 [  2.86663628e-02   1.96309626e-02  -6.10213828e-02]
 [ -3.09768127e-02  -2.46528024e-02   7.34461906e-02]
 [  1.27802199e-02   0.00000000e+00   0.00000000e+00]
 [  0.00000000e+00   1.19915785e-02  -1.55167404e-02]
 [ -1.45919121e-01  -1.72238952e-01   0.00000000e+00]
 [  1.27658000e-01   4.52144390e-02   2.45490353e-02]
 [  0.00000000e+00   1.48229174e-02  -8.86843362e-02]]
2
0.411918951835
[[  4.37948910e+00  -4.28396498e+01   3.93816009e+02]
 [ -6.40986766e+01  -1.12786449e+02   1.51314102e+01]
 [  2.77691448e+01   2.55730398e+01  -2.83714730e+00]
 [ -8.13556225e-02   5.72594811e+00  -4.88208430e+01]
 [  8.02976164e-01   2.90286812e-01  -1.37375348e+00]
 [ -5.82251465e-01   3.78281082e-01  -7.21818899e-01]
 [  2.52140284e-01  -3.39915290e-01   2.00172181e-01]
 [  5.04008009e+00   7.20502102e+00  -4.07921480e-01]
 [ -2.96618212e+00  -1.36064430e+00  -4.33775629e-01]
 [ -8.58998396e-02  -4.32302673e-01   3.22178467e+00]
 [  4.19459838e-01   3.14270093e-01   1.83734880e-01]
 [ -6.84984692e-01  -3.15944399e-01  -2.72805532e-01]
 [  2.52234933e-01   5.31175335e-02   1.95472444e-01]
 [  2.87554640e-02   1.97613847e-02  -6.11868616e-02]
 [ -3.10788762e-02  -2.46990973e-02   7.34075826e-02]
 [  1.28793282e-02   0.00000000e+00   0.00000000e+00]
 [  0.00000000e+00   1.19592037e-02  -1.54093653e-02]
 [ -1.45946773e-01  -1.72211821e-01   0.00000000e+00]
 [  1.27777935e-01   4.53092595e-02   2.46709683e-02]
 [  0.00000000e+00   1.48638630e-02  -8.86824520e-02]]
3
Finished successfully! number of iterations:  3
0.0560130796252
[[  4.37872947e+00  -4.28432437e+01   3.93823122e+02]
 [ -6.41022954e+01  -1.12788060e+02   1.51368347e+01]
 [  2.77701308e+01   2.55732953e+01  -2.84060569e+00]
 [ -8.05210505e-02   5.72695672e+00  -4.88228721e+01]
 [  8.03611304e-01   2.90718403e-01  -1.37530942e+00]
 [ -5.82534735e-01   3.78081873e-01  -7.20732094e-01]
 [  2.52182673e-01  -3.39891611e-01   1.99829156e-01]
 [  5.04020460e+00   7.20507814e+00  -4.08127084e-01]
 [ -2.96614704e+00  -1.36062484e+00  -4.33620838e-01]
 [ -8.59925969e-02  -4.32396236e-01   3.22195380e+00]
 [  4.19432030e-01   3.14268053e-01   1.83780680e-01]
 [ -6.84960587e-01  -3.15950167e-01  -2.72818584e-01]
 [  2.52214058e-01   5.31198576e-02   1.95469951e-01]
 [  2.87665314e-02   1.97611291e-02  -6.11841254e-02]
 [ -3.10947379e-02  -2.47112606e-02   7.34412023e-02]
 [  1.28856874e-02   0.00000000e+00   0.00000000e+00]
 [  0.00000000e+00   1.19583876e-02  -1.54039770e-02]
 [ -1.45946417e-01  -1.72212145e-01   0.00000000e+00]
 [  1.27774966e-01   4.53086993e-02   2.46683178e-02]
 [  0.00000000e+00   1.48667051e-02  -8.86863378e-02]]
Time taken for 3Dl noise exp:  38.48809027671814 , noise strength:  [ 0.005  0.005  0.005]
Avg AR burnin:  0.203666666667 , Avg AR sampling:  0.02432

 Estimated ordinary:  [[  9.30554093e-01  -1.63008357e+01   7.08790155e+00  -1.47493014e-02
    1.43184543e-01  -1.46786774e-01   4.49329926e-02   1.27002791e+00
   -7.47408056e-01  -1.53218486e-02   4.31470458e-02  -1.22043789e-01
    4.49385847e-02   2.95921808e-03  -5.54034744e-03   3.24692824e-03
    0.00000000e+00  -2.60042025e-02   2.27664793e-02   0.00000000e+00]
 [ -1.07098121e+01  -2.84960388e+01   6.48606794e+00   1.44075956e+00
    5.17991490e-02   9.52688570e-02  -6.05606526e-02   1.81553152e+00
   -3.42849479e-01  -7.70427907e-02   3.23288093e-02  -5.62948530e-02
    9.46470328e-03   2.03283079e-03  -4.40296265e-03   0.00000000e+00
    2.13070206e-03  -3.06841344e-02   8.07293946e-03   1.52934054e-03]
 [  9.88706948e+01   3.72262629e+00  -6.52677640e-01  -1.22853311e+01
   -2.45047637e-01  -1.81609666e-01   3.56048331e-02  -1.02839632e-01
   -1.09263534e-01   5.74076025e-01   1.89055504e-02  -4.86098243e-02
    3.48281258e-02  -6.29402161e-03   1.30854867e-02   0.00000000e+00
   -2.74462468e-03   0.00000000e+00   4.39531127e-03  -9.12317898e-03]] 
 True ordinary:  [[  0.         -10.          10.           0.           0.           0.
    0.           0.           0.           0.           0.           0.
    0.           0.           0.           0.           0.           0.
    0.           0.        ]
 [  0.          28.          -1.           0.           0.           0.
    0.          -1.           0.           0.           0.           0.
    0.           0.           0.           0.           0.           0.
    0.           0.        ]
 [  0.           0.           0.          -2.66666667   0.           1.
    0.           0.           0.           0.           0.           0.
    0.           0.           0.           0.           0.           0.
    0.           0.        ]]

 Estimated hermite:  [[  4.37872947e+00  -6.41022954e+01   2.77701308e+01  -8.05210505e-02
    8.03611304e-01  -5.82534735e-01   2.52182673e-01   5.04020460e+00
   -2.96614704e+00  -8.59925969e-02   4.19432030e-01  -6.84960587e-01
    2.52214058e-01   2.87665314e-02  -3.10947379e-02   1.28856874e-02
    0.00000000e+00  -1.45946417e-01   1.27774966e-01   0.00000000e+00]
 [ -4.28432437e+01  -1.12788060e+02   2.55732953e+01   5.72695672e+00
    2.90718403e-01   3.78081873e-01  -3.39891611e-01   7.20507814e+00
   -1.36062484e+00  -4.32396236e-01   3.14268053e-01  -3.15950167e-01
    5.31198576e-02   1.97611291e-02  -2.47112606e-02   0.00000000e+00
    1.19583876e-02  -1.72212145e-01   4.53086993e-02   1.48667051e-02]
 [  3.93823122e+02   1.51368347e+01  -2.84060569e+00  -4.88228721e+01
   -1.37530942e+00  -7.20732094e-01   1.99829156e-01  -4.08127084e-01
   -4.33620838e-01   3.22195380e+00   1.83780680e-01  -2.72818584e-01
    1.95469951e-01  -6.11841254e-02   7.34412023e-02   0.00000000e+00
   -1.54039770e-02   0.00000000e+00   2.46683178e-02  -8.86863378e-02]] 
 True hermite:  [[   0.          -39.68577824   39.68577824    0.            0.            0.
     0.            0.            0.            0.            0.            0.
     0.            0.            0.            0.            0.            0.
     0.            0.        ]
 [   0.          111.12017907   -3.96857782    0.            0.            0.
     0.           -3.96857782    0.            0.            0.            0.
     0.            0.            0.            0.            0.            0.
     0.            0.        ]
 [   0.            0.            0.          -10.5828742     0.
     3.96857782    0.            0.            0.            0.            0.
     0.            0.            0.            0.            0.            0.
     0.            0.            0.        ]]


