My SLURM_ARRAY_TASK_ID:  5
Data shape: (10, 101, 3)
Theta shape: (20, 3)
Theta: [[ 0.06173772  0.07633526  0.30385715]
 [ 0.20925049  0.39187602  0.25613908]
 [ 0.44239232  0.43953202  0.49510296]
 [ 0.20261573  0.14742182  0.35449711]
 [ 0.25497859  0.44245438  0.47846715]
 [ 0.20445484  0.32333871  0.10597867]
 [ 0.46217783  0.12194785  0.02312553]
 [ 0.33086511  0.02550841  0.20892216]
 [ 0.24401203  0.44276767  0.48189494]
 [ 0.07508966  0.12400414  0.33229291]
 [ 0.10117107  0.19957486  0.11098485]
 [ 0.10097428  0.05323349  0.02193519]
 [ 0.18392222  0.42625902  0.22994746]
 [ 0.40933835  0.02002078  0.34312479]
 [ 0.23786064  0.44849891  0.10459542]
 [ 0.21413557  0.00902929  0.03036273]
 [ 0.07951436  0.39055192  0.06169975]
 [ 0.01967702  0.42332623  0.23912894]
 [ 0.02196515  0.19371812  0.29265949]
 [ 0.37530604  0.4545627   0.31026551]]
1
686.072598765
[[  1.48410067e+01   6.00953359e+01   2.87443764e+02]
 [ -5.65947411e+01  -9.93558023e+01  -1.88187814e+01]
 [  2.54620943e+01   2.16321813e+01   1.05467009e+01]
 [ -3.73947038e+00  -1.07029488e+01  -3.53938557e+01]
 [ -1.64434782e+00  -1.59054669e+00   2.96207708e-01]
 [  1.43598754e+00   1.17846599e+00  -3.77630741e+00]
 [ -4.31198782e-01  -4.43145720e-02   2.20481875e+00]
 [  4.74406428e+00   6.47577869e+00   8.74546908e-01]
 [ -2.95792720e+00  -1.22980487e+00  -4.40843105e-01]
 [  2.76312363e-01   7.24404150e-01   2.46674745e+00]
 [  5.19934883e-01   3.81964205e-01  -1.51241808e-01]
 [ -7.37691845e-01  -3.34552313e-01   1.19472480e-01]
 [  2.77462214e-01   3.88383520e-02  -8.07392855e-02]
 [  1.42992829e-02   3.04273602e-02   3.91916474e-02]
 [  3.07760227e-02   3.48817680e-02   2.33784685e-02]
 [ -2.45510824e-02  -1.97373616e-02   9.20675322e-02]
 [  0.00000000e+00  -1.24158434e-02  -7.38450657e-02]
 [ -1.45989926e-01  -1.60160145e-01   0.00000000e+00]
 [  1.30484954e-01   4.47508844e-02   0.00000000e+00]
 [  0.00000000e+00  -1.69420584e-02  -7.18208724e-02]]
2
0.152924223879
[[  1.48609275e+01   6.01086686e+01   2.87459143e+02]
 [ -5.65836133e+01  -9.93534105e+01  -1.88396533e+01]
 [  2.54520804e+01   2.16276858e+01   1.05551590e+01]
 [ -3.74476704e+00  -1.07049935e+01  -3.53931926e+01]
 [ -1.64639298e+00  -1.59180673e+00   3.00962964e-01]
 [  1.43748973e+00   1.17959205e+00  -3.78018711e+00]
 [ -4.31662687e-01  -4.47830702e-02   2.20637967e+00]
 [  4.74375360e+00   6.47569344e+00   8.75473923e-01]
 [ -2.95773968e+00  -1.22979535e+00  -4.40996327e-01]
 [  2.76784833e-01   7.24577226e-01   2.46659045e+00]
 [  5.20068961e-01   3.81965519e-01  -1.51379416e-01]
 [ -7.37810194e-01  -3.34593194e-01   1.19598534e-01]
 [  2.77473844e-01   3.88282999e-02  -8.08186069e-02]
 [  1.43413448e-02   3.04744317e-02   3.92218674e-02]
 [  3.08343504e-02   3.49208605e-02   2.32788983e-02]
 [ -2.45877823e-02  -1.97680039e-02   9.21494797e-02]
 [  0.00000000e+00  -1.24045831e-02  -7.38745560e-02]
 [ -1.45994088e-01  -1.60158467e-01   0.00000000e+00]
 [  1.30493530e-01   4.47586826e-02   0.00000000e+00]
 [  0.00000000e+00  -1.69478308e-02  -7.18176662e-02]]
3
Finished successfully! number of iterations:  3
0.0222663383595
[[  1.48610719e+01   6.01091298e+01   2.87459856e+02]
 [ -5.65842523e+01  -9.93540802e+01  -1.88398143e+01]
 [  2.54523054e+01   2.16279302e+01   1.05552525e+01]
 [ -3.74482445e+00  -1.07050393e+01  -3.53933307e+01]
 [ -1.64644201e+00  -1.59181745e+00   3.00876853e-01]
 [  1.43751839e+00   1.17959657e+00  -3.78011254e+00]
 [ -4.31667282e-01  -4.47829122e-02   2.20634924e+00]
 [  4.74379416e+00   6.47574238e+00   8.75458362e-01]
 [ -2.95774529e+00  -1.22980584e+00  -4.40994183e-01]
 [  2.76790141e-01   7.24579725e-01   2.46660197e+00]
 [  5.20073794e-01   3.81974588e-01  -1.51393261e-01]
 [ -7.37810724e-01  -3.34596414e-01   1.19603977e-01]
 [  2.77472730e-01   3.88280865e-02  -8.08184291e-02]
 [  1.43415699e-02   3.04745872e-02   3.92213716e-02]
 [  3.08355927e-02   3.49212815e-02   2.32814533e-02]
 [ -2.45886057e-02  -1.97682948e-02   9.21474709e-02]
 [  0.00000000e+00  -1.24044603e-02  -7.38739616e-02]
 [ -1.45995135e-01  -1.60159959e-01   0.00000000e+00]
 [  1.30493446e-01   4.47588200e-02   0.00000000e+00]
 [  0.00000000e+00  -1.69478966e-02  -7.18180097e-02]]
Time taken for 3Dl noise exp:  37.389724254608154 , noise strength:  [ 0.001  0.001  0.001]
Avg AR burnin:  0.193466666667 , Avg AR sampling:  0.02256

 Estimated ordinary:  [[  4.06563701e+00  -1.44419944e+01   6.51724119e+00  -9.49112926e-01
   -2.93357058e-01   3.62225073e-01  -7.69129083e-02   1.19533858e+00
   -7.45290988e-01   4.93174619e-02   5.35000816e-02  -1.31460435e-01
    4.94390831e-02   1.47531978e-03   5.49417391e-03  -6.19582300e-03
    0.00000000e+00  -2.60128828e-02   2.32508482e-02   0.00000000e+00]
 [  1.53087651e+01  -2.51314480e+01   5.49203108e+00  -2.69623144e+00
   -2.83624251e-01   2.97234077e-01  -7.97925663e-03   1.63175391e+00
   -3.09885781e-01   1.29102983e-01   3.92937922e-02  -5.96171737e-02
    6.91824742e-03   3.13492608e-03   6.22214709e-03  -4.98120378e-03
   -2.21018168e-03  -2.85367196e-02   7.97496397e-03  -1.74343307e-03]
 [  7.15477536e+01  -4.68612429e+00   2.62629183e+00  -8.88721331e+00
    5.36091448e-02  -9.52510625e-01   3.93119294e-01   2.20597504e-01
   -1.11121465e-01   4.39490180e-01  -1.55738511e-02   2.13106021e-02
   -1.43999341e-02   4.03470931e-03   4.14820478e-03   2.32192677e-02
   -1.31625941e-02   0.00000000e+00   0.00000000e+00  -7.38793114e-03]] 
 True ordinary:  [[  0.         -10.          10.           0.           0.           0.
    0.           0.           0.           0.           0.           0.
    0.           0.           0.           0.           0.           0.
    0.           0.        ]
 [  0.          28.          -1.           0.           0.           0.
    0.          -1.           0.           0.           0.           0.
    0.           0.           0.           0.           0.           0.
    0.           0.        ]
 [  0.           0.           0.          -2.66666667   0.           1.
    0.           0.           0.           0.           0.           0.
    0.           0.           0.           0.           0.           0.
    0.           0.        ]]

 Estimated hermite:  [[  1.48610719e+01  -5.65842523e+01   2.54523054e+01  -3.74482445e+00
   -1.64644201e+00   1.43751839e+00  -4.31667282e-01   4.74379416e+00
   -2.95774529e+00   2.76790141e-01   5.20073794e-01  -7.37810724e-01
    2.77472730e-01   1.43415699e-02   3.08355927e-02  -2.45886057e-02
    0.00000000e+00  -1.45995135e-01   1.30493446e-01   0.00000000e+00]
 [  6.01091298e+01  -9.93540802e+01   2.16279302e+01  -1.07050393e+01
   -1.59181745e+00   1.17959657e+00  -4.47829122e-02   6.47574238e+00
   -1.22980584e+00   7.24579725e-01   3.81974588e-01  -3.34596414e-01
    3.88280865e-02   3.04745872e-02   3.49212815e-02  -1.97682948e-02
   -1.24044603e-02  -1.60159959e-01   4.47588200e-02  -1.69478966e-02]
 [  2.87459856e+02  -1.88398143e+01   1.05552525e+01  -3.53933307e+01
    3.00876853e-01  -3.78011254e+00   2.20634924e+00   8.75458362e-01
   -4.40994183e-01   2.46660197e+00  -1.51393261e-01   1.19603977e-01
   -8.08184291e-02   3.92213716e-02   2.32814533e-02   9.21474709e-02
   -7.38739616e-02   0.00000000e+00   0.00000000e+00  -7.18180097e-02]] 
 True hermite:  [[   0.          -39.68577824   39.68577824    0.            0.            0.
     0.            0.            0.            0.            0.            0.
     0.            0.            0.            0.            0.            0.
     0.            0.        ]
 [   0.          111.12017907   -3.96857782    0.            0.            0.
     0.           -3.96857782    0.            0.            0.            0.
     0.            0.            0.            0.            0.            0.
     0.            0.        ]
 [   0.            0.            0.          -10.5828742     0.
     3.96857782    0.            0.            0.            0.            0.
     0.            0.            0.            0.            0.            0.
     0.            0.            0.        ]]


