My SLURM_ARRAY_TASK_ID:  7
Data shape: (10, 101, 3)
Theta shape: (20, 3)
Theta: [[ 0.36279974  0.23630624  0.32658506]
 [ 0.42501387  0.28914804  0.43737212]
 [ 0.23975025  0.41889964  0.43188745]
 [ 0.40136607  0.22293917  0.44402851]
 [ 0.32510988  0.38829083  0.19183084]
 [ 0.33406329  0.32025866  0.37468837]
 [ 0.31187025  0.35280775  0.0128853 ]
 [ 0.31492191  0.04700456  0.32793447]
 [ 0.17494174  0.21747464  0.05411212]
 [ 0.46512744  0.46885179  0.07686299]
 [ 0.05626665  0.37448055  0.39764527]
 [ 0.26541596  0.41110271  0.3406508 ]
 [ 0.10199462  0.14668219  0.45522969]
 [ 0.10560354  0.37666339  0.01889025]
 [ 0.42876261  0.06356641  0.35366953]
 [ 0.2870093   0.06941917  0.35402828]
 [ 0.17466512  0.29138204  0.39975265]
 [ 0.26929972  0.49103444  0.20497174]
 [ 0.16468171  0.48197857  0.37932797]
 [ 0.14953483  0.32700982  0.45636436]]
1
748.595631232
[[ -1.95822337e+01  -8.24926985e+01   3.73044500e+02]
 [ -4.59851270e+01  -8.71458932e+01   6.15531383e+00]
 [  1.87387821e+01   1.44358715e+01   2.02303299e+00]
 [  3.93114650e+00   1.11780235e+01  -4.68130395e+01]
 [  1.50912489e+00   6.03812725e-01  -2.06046243e+00]
 [ -1.11850024e+00  -1.79169925e-01  -2.07825631e+00]
 [  2.95625630e-01  -3.99012545e-01   1.55303783e+00]
 [  3.77684949e+00   5.42033329e+00   1.97283837e-01]
 [ -2.41518403e+00  -6.87527629e-01  -6.94080025e-01]
 [ -3.21139774e-01  -6.81063279e-01   3.15006259e+00]
 [  3.36481023e-01   2.21198560e-01   2.85076561e-01]
 [ -6.20230733e-01  -2.42196402e-01  -3.40892283e-01]
 [  2.23333050e-01   0.00000000e+00   2.57117542e-01]
 [  3.94192240e-02   4.31679508e-02  -1.19539054e-01]
 [ -4.57999704e-02  -2.41716129e-02   7.78249555e-02]
 [  2.92276139e-02   0.00000000e+00   4.65591334e-02]
 [  0.00000000e+00   1.69413252e-02  -5.33255238e-02]
 [ -1.13138962e-01  -1.26650478e-01  -2.31251396e-02]
 [  1.14566436e-01   3.04799421e-02   3.25839302e-02]
 [  0.00000000e+00   1.68085435e-02  -8.63279407e-02]]
2
Finished successfully! number of iterations:  2
0.0382718906604
[[ -1.95850116e+01  -8.24927842e+01   3.73047931e+02]
 [ -4.59846937e+01  -8.71458702e+01   6.15817513e+00]
 [  1.87380981e+01   1.44356653e+01   2.02233388e+00]
 [  3.93221653e+00   1.11783379e+01  -4.68135886e+01]
 [  1.50950422e+00   6.03898757e-01  -2.06059378e+00]
 [ -1.11870505e+00  -1.79203219e-01  -2.07816555e+00]
 [  2.95656456e-01  -3.99017938e-01   1.55301704e+00]
 [  3.77684178e+00   5.42034547e+00   1.97210124e-01]
 [ -2.41516145e+00  -6.87538477e-01  -6.94133391e-01]
 [ -3.21242558e-01  -6.81101963e-01   3.15009919e+00]
 [  3.36486268e-01   2.21203157e-01   2.85114265e-01]
 [ -6.20233750e-01  -2.42200454e-01  -3.40926356e-01]
 [  2.23331821e-01   0.00000000e+00   2.57138594e-01]
 [  3.94219716e-02   4.31715585e-02  -1.19547059e-01]
 [ -4.58105959e-02  -2.41745835e-02   7.78283216e-02]
 [  2.92329873e-02   0.00000000e+00   4.65570385e-02]
 [  0.00000000e+00   1.69414081e-02  -5.33252797e-02]
 [ -1.13139322e-01  -1.26651107e-01  -2.31267586e-02]
 [  1.14566490e-01   3.04807971e-02   3.25876474e-02]
 [  0.00000000e+00   1.68098892e-02  -8.63288076e-02]]
Time taken for 3Dl noise exp:  25.837849140167236 , noise strength:  [ 0.0001  0.0001  0.0001]
Avg AR burnin:  0.20255 , Avg AR sampling:  0.021425

 Estimated ordinary:  [[ -5.19941930e+00  -1.17106741e+01   4.79954730e+00   9.99000068e-01
    2.68957979e-01  -2.81890668e-01   5.26789935e-02   9.51686459e-01
   -6.08571019e-01  -5.72378320e-02   3.46144009e-02  -1.10510997e-01
    3.97924527e-02   4.05534507e-03  -8.16236557e-03   7.36611164e-03
    0.00000000e+00  -2.01587535e-02   2.04130411e-02   0.00000000e+00]
 [ -2.07016339e+01  -2.20046666e+01   3.66189104e+00   2.81281233e+00
    1.07600487e-01  -4.51555260e-02  -7.10955669e-02   1.36581559e+00
   -1.73245557e-01  -1.21356274e-01   2.27552072e-02  -4.31543971e-02
    0.00000000e+00   4.44106573e-03  -4.30733948e-03   0.00000000e+00
    3.01855856e-03  -2.25662342e-02   5.43095770e-03   1.72923622e-03]
 [  9.35295720e+01   1.42204885e+00   6.01418701e-01  -1.17737855e+01
   -3.67149115e-01  -5.23654982e-01   2.76710935e-01   4.96928957e-02
   -1.74907340e-01   5.61273231e-01   2.93297539e-02  -6.07450197e-02
    4.58160206e-02  -1.22978267e-02   1.38671676e-02   1.17314163e-02
   -9.50130463e-03  -4.12064184e-03   5.80634865e-03  -8.88065944e-03]] 
 True ordinary:  [[  0.         -10.          10.           0.           0.           0.
    0.           0.           0.           0.           0.           0.
    0.           0.           0.           0.           0.           0.
    0.           0.        ]
 [  0.          28.          -1.           0.           0.           0.
    0.          -1.           0.           0.           0.           0.
    0.           0.           0.           0.           0.           0.
    0.           0.        ]
 [  0.           0.           0.          -2.66666667   0.           1.
    0.           0.           0.           0.           0.           0.
    0.           0.           0.           0.           0.           0.
    0.           0.        ]]

 Estimated hermite:  [[ -1.95850116e+01  -4.59846937e+01   1.87380981e+01   3.93221653e+00
    1.50950422e+00  -1.11870505e+00   2.95656456e-01   3.77684178e+00
   -2.41516145e+00  -3.21242558e-01   3.36486268e-01  -6.20233750e-01
    2.23331821e-01   3.94219716e-02  -4.58105959e-02   2.92329873e-02
    0.00000000e+00  -1.13139322e-01   1.14566490e-01   0.00000000e+00]
 [ -8.24927842e+01  -8.71458702e+01   1.44356653e+01   1.11783379e+01
    6.03898757e-01  -1.79203219e-01  -3.99017938e-01   5.42034547e+00
   -6.87538477e-01  -6.81101963e-01   2.21203157e-01  -2.42200454e-01
    0.00000000e+00   4.31715585e-02  -2.41745835e-02   0.00000000e+00
    1.69414081e-02  -1.26651107e-01   3.04807971e-02   1.68098892e-02]
 [  3.73047931e+02   6.15817513e+00   2.02233388e+00  -4.68135886e+01
   -2.06059378e+00  -2.07816555e+00   1.55301704e+00   1.97210124e-01
   -6.94133391e-01   3.15009919e+00   2.85114265e-01  -3.40926356e-01
    2.57138594e-01  -1.19547059e-01   7.78283216e-02   4.65570385e-02
   -5.33252797e-02  -2.31267586e-02   3.25876474e-02  -8.63288076e-02]] 
 True hermite:  [[   0.          -39.68577824   39.68577824    0.            0.            0.
     0.            0.            0.            0.            0.            0.
     0.            0.            0.            0.            0.            0.
     0.            0.        ]
 [   0.          111.12017907   -3.96857782    0.            0.            0.
     0.           -3.96857782    0.            0.            0.            0.
     0.            0.            0.            0.            0.            0.
     0.            0.        ]
 [   0.            0.            0.          -10.5828742     0.
     3.96857782    0.            0.            0.            0.            0.
     0.            0.            0.            0.            0.            0.
     0.            0.            0.        ]]


