My SLURM_ARRAY_TASK_ID:  6
Data shape: (10, 101, 3)
Theta shape: (20, 3)
Theta: [[ 0.17328492  0.36640052  0.19496975]
 [ 0.06638005  0.15047875  0.02132152]
 [ 0.01643093  0.06204752  0.39761456]
 [ 0.155286    0.4653136   0.04458095]
 [ 0.28410167  0.26845956  0.25913091]
 [ 0.14464037  0.29569846  0.06427685]
 [ 0.11673466  0.12565534  0.34214084]
 [ 0.34581926  0.42312219  0.47250417]
 [ 0.17575622  0.47531669  0.18413255]
 [ 0.23146642  0.43296532  0.09819848]
 [ 0.413519    0.26868664  0.3365298 ]
 [ 0.13194771  0.30461782  0.09942135]
 [ 0.00618216  0.02038319  0.16173954]
 [ 0.20859863  0.40154314  0.44034822]
 [ 0.42360325  0.15600969  0.04705233]
 [ 0.45768032  0.49032818  0.0078966 ]
 [ 0.12582946  0.00265003  0.1079116 ]
 [ 0.03556946  0.16129553  0.27235422]
 [ 0.20957427  0.14476689  0.48790745]
 [ 0.22293441  0.00753136  0.3845434 ]]
1
705.570909188
[[ -2.51287436e+01  -3.28263772e+01   3.63961367e+02]
 [ -4.87313927e+01  -9.08304479e+01  -8.49547056e+00]
 [  2.32146736e+01   1.89899046e+01   2.70525388e+00]
 [  3.07834882e+00   4.67110195e+00  -4.86023227e+01]
 [ -4.33266054e-01  -5.36603997e-01  -3.55718559e+00]
 [  1.05522054e-01   2.60900099e-01  -7.08627107e-01]
 [  1.85037178e-01  -8.78668918e-02   1.44279075e+00]
 [  4.35619219e+00   6.04574979e+00   5.34049866e-01]
 [ -2.97813067e+00  -1.20948584e+00  -1.65070035e-01]
 [ -1.98911460e-01  -3.22506951e-01   3.41986621e+00]
 [  5.73652720e-01   4.10695252e-01   7.46833674e-02]
 [ -8.06252481e-01  -3.59389364e-01  -1.19384190e-01]
 [  3.04326621e-01   3.26282520e-02   6.08844951e-02]
 [  1.96585086e-02   5.26954483e-02  -1.12145250e-02]
 [  0.00000000e+00   0.00000000e+00   1.35527437e-01]
 [  1.50758508e-02   1.34892307e-02   1.25273968e-02]
 [ -1.78766521e-02   0.00000000e+00  -6.69292540e-02]
 [ -1.40916515e-01  -1.53408936e-01  -1.29665666e-02]
 [  1.36756415e-01   4.82985683e-02   0.00000000e+00]
 [  0.00000000e+00   0.00000000e+00  -9.73844530e-02]]
2
Finished successfully! number of iterations:  2
0.0812820207973
[[ -2.51340027e+01  -3.28254270e+01   3.63971333e+02]
 [ -4.87299587e+01  -9.08328393e+01  -8.49925181e+00]
 [  2.32133112e+01   1.89901032e+01   2.70759814e+00]
 [  3.08051436e+00   4.67272423e+00  -4.86031377e+01]
 [ -4.32559275e-01  -5.35852855e-01  -3.55681293e+00]
 [  1.05357411e-01   2.61029655e-01  -7.08837025e-01]
 [  1.84928492e-01  -8.81960760e-02   1.44284898e+00]
 [  4.35620399e+00   6.04596482e+00   5.34689676e-01]
 [ -2.97819224e+00  -1.20960832e+00  -1.65426165e-01]
 [ -1.99124781e-01  -3.22743398e-01   3.41988221e+00]
 [  5.73683019e-01   4.10723072e-01   7.49027348e-02]
 [ -8.06289403e-01  -3.59421386e-01  -1.19526779e-01]
 [  3.04334760e-01   3.26269175e-02   6.09548902e-02]
 [  1.96705603e-02   5.27164661e-02  -1.12457152e-02]
 [  0.00000000e+00   0.00000000e+00   1.35518339e-01]
 [  1.50810631e-02   1.34886118e-02   1.25332413e-02]
 [ -1.78768102e-02   0.00000000e+00  -6.69314444e-02]
 [ -1.40919559e-01  -1.53415491e-01  -1.29954681e-02]
 [  1.36762303e-01   4.83048113e-02   0.00000000e+00]
 [  0.00000000e+00   0.00000000e+00  -9.73842781e-02]]
Time taken for 3Dl noise exp:  26.040850400924683 , noise strength:  [ 0.0005  0.0005  0.0005]
Avg AR burnin:  0.2101 , Avg AR sampling:  0.02264

 Estimated ordinary:  [[ -6.25365053e+00  -1.24851088e+01   5.96250042e+00   7.79411495e-01
   -7.70718404e-02   2.65479009e-02   3.29498869e-02   1.09767382e+00
   -7.50443201e-01  -3.54793301e-02   5.90148719e-02  -1.43661717e-01
    5.42252620e-02   2.02351396e-03   0.00000000e+00   3.80011778e-03
   -3.18522511e-03  -2.51085352e-02   2.43678104e-02   0.00000000e+00]
 [ -8.10263656e+00  -2.29932394e+01   4.82428025e+00   1.17743041e+00
   -9.54763152e-02   6.57741051e-02  -1.57144565e-02   1.52345880e+00
   -3.04796421e-01  -5.75052463e-02   4.22511538e-02  -6.40403970e-02
    5.81334565e-03   5.42295203e-03   0.00000000e+00   3.39885279e-03
    0.00000000e+00  -2.73350149e-02   8.60677582e-03   0.00000000e+00]
 [  9.14806074e+01  -2.17329768e+00   7.07026445e-01  -1.22291580e+01
   -6.33740009e-01  -1.78612353e-01   2.57081591e-01   1.34730803e-01
   -4.16839918e-02   6.09342190e-01   7.70525734e-03  -2.12968474e-02
    1.08607209e-02  -1.15684868e-03   2.41461655e-02   3.15811907e-03
   -1.19256016e-02  -2.31548531e-03   0.00000000e+00  -1.00179376e-02]] 
 True ordinary:  [[  0.         -10.          10.           0.           0.           0.
    0.           0.           0.           0.           0.           0.
    0.           0.           0.           0.           0.           0.
    0.           0.        ]
 [  0.          28.          -1.           0.           0.           0.
    0.          -1.           0.           0.           0.           0.
    0.           0.           0.           0.           0.           0.
    0.           0.        ]
 [  0.           0.           0.          -2.66666667   0.           1.
    0.           0.           0.           0.           0.           0.
    0.           0.           0.           0.           0.           0.
    0.           0.        ]]

 Estimated hermite:  [[ -2.51340027e+01  -4.87299587e+01   2.32133112e+01   3.08051436e+00
   -4.32559275e-01   1.05357411e-01   1.84928492e-01   4.35620399e+00
   -2.97819224e+00  -1.99124781e-01   5.73683019e-01  -8.06289403e-01
    3.04334760e-01   1.96705603e-02   0.00000000e+00   1.50810631e-02
   -1.78768102e-02  -1.40919559e-01   1.36762303e-01   0.00000000e+00]
 [ -3.28254270e+01  -9.08328393e+01   1.89901032e+01   4.67272423e+00
   -5.35852855e-01   2.61029655e-01  -8.81960760e-02   6.04596482e+00
   -1.20960832e+00  -3.22743398e-01   4.10723072e-01  -3.59421386e-01
    3.26269175e-02   5.27164661e-02   0.00000000e+00   1.34886118e-02
    0.00000000e+00  -1.53415491e-01   4.83048113e-02   0.00000000e+00]
 [  3.63971333e+02  -8.49925181e+00   2.70759814e+00  -4.86031377e+01
   -3.55681293e+00  -7.08837025e-01   1.44284898e+00   5.34689676e-01
   -1.65426165e-01   3.41988221e+00   7.49027348e-02  -1.19526779e-01
    6.09548902e-02  -1.12457152e-02   1.35518339e-01   1.25332413e-02
   -6.69314444e-02  -1.29954681e-02   0.00000000e+00  -9.73842781e-02]] 
 True hermite:  [[   0.          -39.68577824   39.68577824    0.            0.            0.
     0.            0.            0.            0.            0.            0.
     0.            0.            0.            0.            0.            0.
     0.            0.        ]
 [   0.          111.12017907   -3.96857782    0.            0.            0.
     0.           -3.96857782    0.            0.            0.            0.
     0.            0.            0.            0.            0.            0.
     0.            0.        ]
 [   0.            0.            0.          -10.5828742     0.
     3.96857782    0.            0.            0.            0.            0.
     0.            0.            0.            0.            0.            0.
     0.            0.            0.        ]]


