My SLURM_ARRAY_TASK_ID:  3
Data shape: (10, 101, 3)
Theta shape: (20, 3)
Theta: [[  2.85838362e-01   4.81746541e-02   2.02246829e-04]
 [  3.38867346e-01   8.96029262e-02   2.57906047e-01]
 [  2.77851942e-01   1.85888695e-01   7.96555956e-02]
 [  1.73096124e-01   1.84555784e-01   4.04597915e-01]
 [  2.89553173e-01   2.21523006e-01   3.95507759e-01]
 [  1.54336274e-01   4.02523553e-01   1.18962024e-01]
 [  4.57877175e-01   8.72703665e-02   1.15291129e-01]
 [  2.08393087e-01   2.89759303e-01   1.72413193e-01]
 [  4.58320349e-01   9.31807827e-02   1.68718103e-01]
 [  1.39790447e-02   6.65129362e-02   2.51001202e-01]
 [  6.47264520e-02   1.63589309e-01   1.72326915e-01]
 [  1.84513112e-01   4.55837922e-01   9.25955619e-02]
 [  4.82296512e-01   9.51723156e-02   2.01267085e-01]
 [  1.04050709e-01   9.53942024e-03   3.00678848e-01]
 [  4.31621462e-01   4.56027921e-02   1.40787526e-01]
 [  4.89483481e-01   2.35078183e-02   1.79306592e-01]
 [  4.61779098e-01   3.24487582e-02   2.80222862e-01]
 [  3.49157315e-02   2.34346987e-01   1.39047139e-01]
 [  3.72415776e-01   4.48162639e-01   2.14594930e-01]
 [  1.54175501e-01   3.20943043e-01   4.98247039e-01]]
1
734.92213428
[[  9.76553325e+00  -6.96349930e+01   3.00120348e+02]
 [ -6.96288526e+01  -1.10364727e+02   1.04054313e+01]
 [  3.45073082e+01   3.52597320e+01   3.76710186e+00]
 [ -4.91053475e-01   1.06467183e+01  -3.68625984e+01]
 [  4.26085483e-01  -2.94328864e-01  -1.52121316e+00]
 [  2.31614926e-01   1.32632745e+00  -1.94729988e+00]
 [ -7.01015624e-01  -1.50584309e+00   1.85298209e+00]
 [  5.63782940e+00   7.55434870e+00   4.84522660e-01]
 [ -3.50571627e+00  -2.42488031e+00  -1.20728257e+00]
 [  5.38607716e-02  -6.65636231e-01   2.41715107e+00]
 [  3.63165457e-01   3.10304221e-01   7.99493565e-01]
 [ -4.90309659e-01  -1.61216659e-01  -8.68450048e-01]
 [  7.23154083e-02  -1.28519924e-01   6.05343295e-01]
 [  1.14369668e-01   1.25082800e-01  -2.74090859e-01]
 [  1.87168259e-02   2.20983525e-02   1.66125604e-02]
 [ -4.13757939e-02  -6.23433231e-02   9.56884272e-02]
 [  4.46909172e-02   6.56055636e-02  -9.73778132e-02]
 [ -1.63650782e-01  -1.91459264e-01  -5.39713779e-02]
 [  1.36953970e-01   7.51821215e-02   6.16412541e-02]
 [  0.00000000e+00   1.51959946e-02  -6.33253012e-02]]
2
1.63613410464
[[  9.80246720e+00  -6.95701635e+01   3.00450247e+02]
 [ -6.95933852e+01  -1.10477540e+02   1.00423946e+01]
 [  3.44587084e+01   3.53099831e+01   4.03407722e+00]
 [ -5.10765646e-01   1.06214674e+01  -3.68733601e+01]
 [  4.44560211e-01  -3.02433200e-01  -1.53918928e+00]
 [  2.14469342e-01   1.33438983e+00  -1.92399247e+00]
 [ -6.95722504e-01  -1.51004700e+00   1.84193244e+00]
 [  5.63271385e+00   7.56003532e+00   5.33570163e-01]
 [ -3.50344445e+00  -2.42997291e+00  -1.24035773e+00]
 [  5.71505738e-02  -6.62698615e-01   2.41443271e+00]
 [  3.61146827e-01   3.09275090e-01   8.13448933e-01]
 [ -4.89139355e-01  -1.61284422e-01  -8.79717577e-01]
 [  7.13031692e-02  -1.28646064e-01   6.10699549e-01]
 [  1.15219480e-01   1.25540935e-01  -2.75549408e-01]
 [  1.86924859e-02   2.25862502e-02   1.64831658e-02]
 [ -4.12753770e-02  -6.27702913e-02   9.54960948e-02]
 [  4.47482204e-02   6.58145982e-02  -9.72756736e-02]
 [ -1.63416599e-01  -1.91516971e-01  -5.59438620e-02]
 [  1.36930105e-01   7.53721325e-02   6.28674406e-02]
 [  0.00000000e+00   1.50767654e-02  -6.31354257e-02]]
3
Finished successfully! number of iterations:  3
0.0478191342308
[[  9.80160179e+00  -6.95665412e+01   3.00454407e+02]
 [ -6.95909293e+01  -1.10474060e+02   1.00372559e+01]
 [  3.44565163e+01   3.53079131e+01   4.03624607e+00]
 [ -5.12549092e-01   1.06195169e+01  -3.68745564e+01]
 [  4.42430972e-01  -3.04272196e-01  -1.53960989e+00]
 [  2.16415026e-01   1.33642598e+00  -1.92380786e+00]
 [ -6.96683488e-01  -1.51108110e+00   1.84189730e+00]
 [  5.63269657e+00   7.55984192e+00   5.33616443e-01]
 [ -3.50335229e+00  -2.42984710e+00  -1.24033507e+00]
 [  5.73642845e-02  -6.62521788e-01   2.41456886e+00]
 [  3.61213943e-01   3.09288499e-01   8.13305704e-01]
 [ -4.89184526e-01  -1.61296899e-01  -8.79605308e-01]
 [  7.13236898e-02  -1.28637816e-01   6.10627742e-01]
 [  1.15211800e-01   1.25536695e-01  -2.75514139e-01]
 [  1.87502205e-02   2.26322441e-02   1.65055796e-02]
 [ -4.13287599e-02  -6.28252934e-02   9.54835559e-02]
 [  4.47753933e-02   6.58428520e-02  -9.72712608e-02]
 [ -1.63421443e-01  -1.91513967e-01  -5.59351648e-02]
 [  1.36929875e-01   7.53699396e-02   6.28627706e-02]
 [  0.00000000e+00   1.50722030e-02  -6.31409867e-02]]
Time taken for 3Dl noise exp:  39.3813693523407 , noise strength:  [ 0.01  0.01  0.01]
Avg AR burnin:  0.2013 , Avg AR sampling:  0.02224

 Estimated ordinary:  [[  2.50488292e+00  -1.76305479e+01   8.70954141e+00  -1.40470594e-01
    7.88307435e-02   5.45321360e-02  -1.24132533e-01   1.41932370e+00
   -8.82772732e-01   1.02209598e-02   3.71581411e-02  -8.71611220e-02
    1.27081960e-02   1.18518579e-02   3.34084618e-03  -1.04139976e-02
    7.97791694e-03  -2.91178391e-02   2.43976677e-02   0.00000000e+00]
 [ -1.70878390e+01  -2.78755976e+01   8.87343622e+00   2.65548425e+00
   -5.42141146e-02   3.36751864e-01  -2.69238941e-01   1.90492470e+00
   -6.12271501e-01  -1.18045726e-01   3.18165616e-02  -2.87392956e-02
   -2.29202187e-02   1.29139816e-02   4.03253104e-03  -1.58306820e-02
    1.17316402e-02  -3.41232631e-02   1.34291421e-02   1.55048015e-03]
 [  7.52242522e+01   2.17935428e+00   1.24760179e+00  -9.25775339e+00
   -2.74322097e-01  -4.84760020e-01   3.28182571e-01   1.34460370e-01
   -3.12538930e-01   4.30219110e-01   8.36648991e-02  -1.56724879e-01
    1.08799433e-01  -2.83421873e-02   2.94090423e-03   2.40598925e-02
   -1.73314399e-02  -9.96632448e-03   1.12006601e-02  -6.49532427e-03]] 
 True ordinary:  [[  0.         -10.          10.           0.           0.           0.
    0.           0.           0.           0.           0.           0.
    0.           0.           0.           0.           0.           0.
    0.           0.        ]
 [  0.          28.          -1.           0.           0.           0.
    0.          -1.           0.           0.           0.           0.
    0.           0.           0.           0.           0.           0.
    0.           0.        ]
 [  0.           0.           0.          -2.66666667   0.           1.
    0.           0.           0.           0.           0.           0.
    0.           0.           0.           0.           0.           0.
    0.           0.        ]]

 Estimated hermite:  [[  9.80160179e+00  -6.95909293e+01   3.44565163e+01  -5.12549092e-01
    4.42430972e-01   2.16415026e-01  -6.96683488e-01   5.63269657e+00
   -3.50335229e+00   5.73642845e-02   3.61213943e-01  -4.89184526e-01
    7.13236898e-02   1.15211800e-01   1.87502205e-02  -4.13287599e-02
    4.47753933e-02  -1.63421443e-01   1.36929875e-01   0.00000000e+00]
 [ -6.95665412e+01  -1.10474060e+02   3.53079131e+01   1.06195169e+01
   -3.04272196e-01   1.33642598e+00  -1.51108110e+00   7.55984192e+00
   -2.42984710e+00  -6.62521788e-01   3.09288499e-01  -1.61296899e-01
   -1.28637816e-01   1.25536695e-01   2.26322441e-02  -6.28252934e-02
    6.58428520e-02  -1.91513967e-01   7.53699396e-02   1.50722030e-02]
 [  3.00454407e+02   1.00372559e+01   4.03624607e+00  -3.68745564e+01
   -1.53960989e+00  -1.92380786e+00   1.84189730e+00   5.33616443e-01
   -1.24033507e+00   2.41456886e+00   8.13305704e-01  -8.79605308e-01
    6.10627742e-01  -2.75514139e-01   1.65055796e-02   9.54835559e-02
   -9.72712608e-02  -5.59351648e-02   6.28627706e-02  -6.31409867e-02]] 
 True hermite:  [[   0.          -39.68577824   39.68577824    0.            0.            0.
     0.            0.            0.            0.            0.            0.
     0.            0.            0.            0.            0.            0.
     0.            0.        ]
 [   0.          111.12017907   -3.96857782    0.            0.            0.
     0.           -3.96857782    0.            0.            0.            0.
     0.            0.            0.            0.            0.            0.
     0.            0.        ]
 [   0.            0.            0.          -10.5828742     0.
     3.96857782    0.            0.            0.            0.            0.
     0.            0.            0.            0.            0.            0.
     0.            0.            0.        ]]


