My SLURM_ARRAY_TASK_ID:  2
Data shape: (2, 101, 3)
Theta shape: (20, 3)
Theta: [[ 0.13717303  0.02614137  0.27248343]
 [ 0.25788798  0.06095189  0.47697454]
 [ 0.39731216  0.1222542   0.30386881]
 [ 0.02070692  0.47426865  0.17451809]
 [ 0.27006041  0.12430852  0.21915552]
 [ 0.19411513  0.12367613  0.28510636]
 [ 0.22870212  0.22594849  0.31931394]
 [ 0.26788603  0.40417894  0.47364047]
 [ 0.0322687   0.3698343   0.06624296]
 [ 0.24514104  0.18166045  0.11906281]
 [ 0.24344442  0.49607254  0.04798602]
 [ 0.4466903   0.17897294  0.49351992]
 [ 0.38596279  0.47990219  0.33344156]
 [ 0.41611472  0.26920678  0.04179691]
 [ 0.14187338  0.42847335  0.06876294]
 [ 0.32302041  0.06117002  0.45477113]
 [ 0.4557815   0.28350659  0.3597016 ]
 [ 0.20196292  0.06497755  0.41244935]
 [ 0.29248284  0.15768319  0.16522243]
 [ 0.28905649  0.42957957  0.11129173]]
1
65.7513822169
[[  2.07635829e-01  -7.58102423e+00   5.01107328e+00]
 [ -3.09340515e-01  -7.72861545e-01  -2.58101596e-01]
 [  4.28087258e+00   1.99894580e+00   2.87030454e-01]
 [ -1.30967193e-01   3.33125157e+00  -1.45139234e-01]
 [  2.80094828e-01  -4.43204775e+00   3.08040735e-01]
 [ -7.65050038e-02  -2.23203390e+00  -7.19926276e-02]
 [ -1.20033496e-01  -3.44949133e+00  -9.30319519e-02]
 [  1.02622493e-01  -3.29574996e+00   1.21286305e-01]
 [  0.00000000e+00  -1.36257288e+00   1.39808684e-02]
 [  3.13309581e-02  -8.04955048e-01   3.39659259e-02]
 [ -2.31535348e-02  -1.08415621e+01   9.56071335e-02]
 [  9.02328915e-02  -1.22122522e+00   9.00134193e-02]
 [  1.25180420e-01  -1.30464305e+00   1.42466983e-01]
 [  3.78175639e-01  -1.22771928e+00   3.65935170e-01]
 [ -4.83550743e-02   5.17096586e-01  -5.11883169e-02]
 [  0.00000000e+00   4.13639536e-01   0.00000000e+00]
 [  1.36813228e-02   6.06368762e-01   1.06606847e-02]
 [ -1.03008081e-02   3.65666199e-01  -1.23229083e-02]
 [  0.00000000e+00   1.67761981e-01   0.00000000e+00]
 [  0.00000000e+00   8.31724319e-02   0.00000000e+00]]
2
1.33772508811
[[  1.38387548e-01  -7.65678796e+00   5.06455606e+00]
 [ -3.09537520e-01  -6.40130730e-01  -2.55037368e-01]
 [  4.26518937e+00   1.93563004e+00   2.91601237e-01]
 [ -9.02350821e-02   3.36433871e+00  -1.74096674e-01]
 [  2.63033977e-01  -4.52133688e+00   3.17610106e-01]
 [ -9.07558551e-02  -2.27075338e+00  -6.49814598e-02]
 [ -1.54638756e-01  -3.48074933e+00  -5.00498047e-02]
 [  1.04071772e-01  -3.36372011e+00   1.17810677e-01]
 [  0.00000000e+00  -1.37023552e+00   2.58217704e-02]
 [  2.17691896e-02  -8.14047773e-01   4.04476399e-02]
 [ -2.56486075e-02  -1.09040245e+01   8.68242582e-02]
 [  6.02646687e-02  -1.24293721e+00   1.04075532e-01]
 [  1.25168005e-01  -1.30824708e+00   1.33243746e-01]
 [  3.16830111e-01  -1.30549091e+00   4.18783120e-01]
 [ -4.65736773e-02   5.30876690e-01  -5.21371070e-02]
 [  0.00000000e+00   4.22544800e-01   0.00000000e+00]
 [  1.78693689e-02   6.12514337e-01   0.00000000e+00]
 [ -1.05148435e-02   3.73201401e-01  -1.19851076e-02]
 [  0.00000000e+00   1.69208475e-01   0.00000000e+00]
 [  0.00000000e+00   8.42696721e-02   0.00000000e+00]]
3
Finished successfully! number of iterations:  3
0.0525029807959
[[  1.38658826e-01  -7.65462840e+00   5.06361580e+00]
 [ -3.10028930e-01  -6.40187055e-01  -2.51740691e-01]
 [  4.26432198e+00   1.93432360e+00   2.88816829e-01]
 [ -9.03624174e-02   3.36287397e+00  -1.73221483e-01]
 [  2.63020759e-01  -4.52106657e+00   3.16358414e-01]
 [ -9.04171876e-02  -2.27059594e+00  -6.60023712e-02]
 [ -1.54114291e-01  -3.48064325e+00  -4.98460935e-02]
 [  1.04103270e-01  -3.36401194e+00   1.16986706e-01]
 [  0.00000000e+00  -1.37012745e+00   2.58185640e-02]
 [  2.18103143e-02  -8.13667565e-01   4.01479967e-02]
 [ -2.63424612e-02  -1.09051819e+01   8.83659592e-02]
 [  6.01507498e-02  -1.24293944e+00   1.03948462e-01]
 [  1.24735702e-01  -1.30907214e+00   1.34816486e-01]
 [  3.16412958e-01  -1.30607411e+00   4.15516513e-01]
 [ -4.65649293e-02   5.30792360e-01  -5.18389589e-02]
 [  0.00000000e+00   4.22526999e-01   0.00000000e+00]
 [  1.77683855e-02   6.12494530e-01   0.00000000e+00]
 [ -1.05215838e-02   3.73227903e-01  -1.18831591e-02]
 [  0.00000000e+00   1.69209258e-01   0.00000000e+00]
 [  0.00000000e+00   8.42354519e-02   0.00000000e+00]]
Time taken for 3Dd num time series exp:  8.2591073513031 , number of time series:  2
Avg AR burnin:  0.234166666667 , Avg AR sampling:  0.03225

 Estimated ordinary:  [[  1.16485313e-02  -9.03416108e-02   9.66155636e-01  -1.76386074e-02
    4.68640834e-02  -2.27832719e-02  -2.74595246e-02   2.62318832e-02
    0.00000000e+00   3.88608257e-03  -2.70985356e-03   1.07174421e-02
    2.22249543e-02   3.25494560e-02  -8.29676995e-03   0.00000000e+00
    3.16590639e-03  -1.87469759e-03   0.00000000e+00   0.00000000e+00]
 [ -3.58117021e-01   3.37088521e+00   1.08179132e+00   6.17672433e-01
   -8.05547219e-01  -5.72143483e-01  -6.20168372e-01  -8.47661831e-01
   -3.45243942e-01  -1.44976331e-01  -1.12181795e+00  -2.21462434e-01
   -2.33245718e-01  -1.34356070e-01   9.45746546e-02   1.06468115e-01
    1.09132050e-01   6.65003921e-02   3.01490909e-02   8.66531557e-03]
 [  1.22128743e+00  -1.12607956e-01  -7.39780254e-02  -3.44117740e-02
    5.63675930e-02  -1.66312402e-02  -8.88139588e-03   2.94782440e-02
    6.50574719e-03   7.15342422e-03   9.09022158e-03   1.85211593e-02
    2.40211118e-02   4.27442559e-02  -9.23647739e-03   0.00000000e+00
    0.00000000e+00  -2.11729813e-03   0.00000000e+00   0.00000000e+00]] 
 True ordinary:  [[ 0.    0.    1.    0.    0.    0.    0.    0.    0.    0.    0.    0.    0.
   0.    0.    0.    0.    0.    0.    0.  ]
 [ 0.5   1.   -0.3   0.    0.    0.    0.    0.    0.   -0.25 -1.    0.    0.
   0.    0.    0.    0.    0.    0.    0.  ]
 [ 1.2   0.    0.    0.    0.    0.    0.    0.    0.    0.    0.    0.    0.
   0.    0.    0.    0.    0.    0.    0.  ]]

 Estimated hermite:  [[  1.38658826e-01  -3.10028930e-01   4.26432198e+00  -9.03624174e-02
    2.63020759e-01  -9.04171876e-02  -1.54114291e-01   1.04103270e-01
    0.00000000e+00   2.18103143e-02  -2.63424612e-02   6.01507498e-02
    1.24735702e-01   3.16412958e-01  -4.65649293e-02   0.00000000e+00
    1.77683855e-02  -1.05215838e-02   0.00000000e+00   0.00000000e+00]
 [ -7.65462840e+00  -6.40187055e-01   1.93432360e+00   3.36287397e+00
   -4.52106657e+00  -2.27059594e+00  -3.48064325e+00  -3.36401194e+00
   -1.37012745e+00  -8.13667565e-01  -1.09051819e+01  -1.24293944e+00
   -1.30907214e+00  -1.30607411e+00   5.30792360e-01   4.22526999e-01
    6.12494530e-01   3.73227903e-01   1.69209258e-01   8.42354519e-02]
 [  5.06361580e+00  -2.51740691e-01   2.88816829e-01  -1.73221483e-01
    3.16358414e-01  -6.60023712e-02  -4.98460935e-02   1.16986706e-01
    2.58185640e-02   4.01479967e-02   8.83659592e-02   1.03948462e-01
    1.34816486e-01   4.15516513e-01  -5.18389589e-02   0.00000000e+00
    0.00000000e+00  -1.18831591e-02   0.00000000e+00   0.00000000e+00]] 
 True hermite:  [[ 0.          0.          3.96857782  0.          0.          0.          0.
   0.          0.          0.          0.          0.          0.          0.
   0.          0.          0.          0.          0.          0.        ]
 [ 0.99214446 -7.93715565 -1.19057335  0.          0.          0.          0.
   0.          0.         -1.40310415 -9.72099067  0.          0.          0.
   0.          0.          0.          0.          0.          0.        ]
 [ 4.76229339  0.          0.          0.          0.          0.          0.
   0.          0.          0.          0.          0.          0.          0.
   0.          0.          0.          0.          0.          0.        ]]


