My SLURM_ARRAY_TASK_ID:  4
Data shape: (4, 101, 3)
Theta shape: (20, 3)
Theta: [[ 0.42931872  0.43329261  0.21555377]
 [ 0.44385934  0.14009222  0.31809903]
 [ 0.32587228  0.14028346  0.17007357]
 [ 0.28107264  0.42283351  0.24542146]
 [ 0.24422046  0.13246295  0.07658579]
 [ 0.22660971  0.44881529  0.05061234]
 [ 0.2025125   0.01334284  0.31250365]
 [ 0.16246531  0.21396999  0.13010349]
 [ 0.36530944  0.10762537  0.09927548]
 [ 0.20985948  0.16901358  0.29613413]
 [ 0.49174934  0.19339657  0.07875484]
 [ 0.41235562  0.35655125  0.04881071]
 [ 0.46373008  0.45833146  0.27019231]
 [ 0.38678968  0.28766354  0.38173572]
 [ 0.30520199  0.27701652  0.13956293]
 [ 0.00076416  0.4382933   0.36754735]
 [ 0.37021836  0.39353343  0.19296349]
 [ 0.36507476  0.37330875  0.25304414]
 [ 0.12356462  0.09457767  0.28634119]
 [ 0.14438459  0.17254035  0.45170331]]
1
49.4610693655
[[ -0.03700024  -0.85610663   4.73177181]
 [ -0.11495355  -8.77253346  -0.02778449]
 [  4.06203958  -1.85034857   0.11036118]
 [ -0.01715404   0.4904442   -0.0237844 ]
 [  0.          -1.83683258   0.01286116]
 [ -0.04937587  -0.15244248  -0.05670252]
 [ -0.09051293  -0.19085744  -0.10290666]
 [  0.          -0.147707     0.        ]
 [  0.0370935    0.41101344   0.02594568]
 [  0.          -0.16699117   0.        ]
 [ -0.18313012 -10.31589154  -0.07460704]
 [  0.06813538  -0.61438432   0.07507949]
 [  0.03441452  -0.94823173   0.04233418]
 [  0.19845066  -0.51874468   0.17856505]
 [  0.           0.1124158    0.        ]
 [  0.           0.01088164   0.        ]
 [  0.          -0.03452163   0.01210279]
 [  0.           0.01816878   0.        ]
 [  0.          -0.03939904   0.        ]
 [  0.           0.01838674   0.        ]]
2
0.48671805579
[[ -4.80984049e-02  -8.40905237e-01   4.73263398e+00]
 [ -1.20355059e-01  -8.78947366e+00  -2.70697110e-02]
 [  4.01317749e+00  -1.89026262e+00   1.05970057e-01]
 [  0.00000000e+00   4.82605848e-01  -2.29304463e-02]
 [  0.00000000e+00  -1.83206328e+00   1.03958605e-02]
 [ -5.23709471e-02  -1.44097083e-01  -4.89483652e-02]
 [ -9.23652827e-02  -1.95052673e-01  -9.77116018e-02]
 [  0.00000000e+00  -1.53944412e-01   0.00000000e+00]
 [  3.98431119e-02   4.14788010e-01   3.00186909e-02]
 [  0.00000000e+00  -1.65326914e-01   0.00000000e+00]
 [ -1.78902734e-01  -1.03633281e+01  -7.57614134e-02]
 [  4.17102286e-02  -6.28940007e-01   7.14702566e-02]
 [  4.06392744e-02  -9.36098624e-01   4.23608630e-02]
 [  1.44235779e-01  -5.35962052e-01   1.84522192e-01]
 [  0.00000000e+00   1.13572439e-01   0.00000000e+00]
 [  0.00000000e+00   1.02917513e-02   0.00000000e+00]
 [  0.00000000e+00  -3.38078276e-02   1.05528576e-02]
 [  0.00000000e+00   1.87643059e-02   0.00000000e+00]
 [  0.00000000e+00  -3.94968764e-02   0.00000000e+00]
 [  0.00000000e+00   1.82875713e-02   0.00000000e+00]]
3
Finished successfully! number of iterations:  3
0.0953888387307
[[ -4.78346274e-02  -8.40935285e-01   4.73211887e+00]
 [ -1.20176445e-01  -8.78900326e+00  -2.68057404e-02]
 [  4.01194671e+00  -1.88995921e+00   1.04086178e-01]
 [  0.00000000e+00   4.82580290e-01  -2.25694967e-02]
 [  0.00000000e+00  -1.83220564e+00   1.00012320e-02]
 [ -5.24591738e-02  -1.44248575e-01  -4.84179874e-02]
 [ -9.20509408e-02  -1.94827192e-01  -9.79796105e-02]
 [  0.00000000e+00  -1.53988096e-01   0.00000000e+00]
 [  3.98699133e-02   4.14652694e-01   3.02739514e-02]
 [  0.00000000e+00  -1.65334081e-01   0.00000000e+00]
 [ -1.78699456e-01  -1.03630063e+01  -7.57105389e-02]
 [  4.13308061e-02  -6.28916583e-01   7.10454349e-02]
 [  4.06852240e-02  -9.35705630e-01   4.23273229e-02]
 [  1.43030645e-01  -5.35797616e-01   1.83051376e-01]
 [  0.00000000e+00   1.13576883e-01   0.00000000e+00]
 [  0.00000000e+00   1.03555216e-02   0.00000000e+00]
 [  0.00000000e+00  -3.38920837e-02   1.06169350e-02]
 [  0.00000000e+00   1.87722013e-02   0.00000000e+00]
 [  0.00000000e+00  -3.94741280e-02   0.00000000e+00]
 [  0.00000000e+00   1.82895771e-02   0.00000000e+00]]
Time taken for 3Dd num time series exp:  15.657140493392944 , number of time series:  4
Avg AR burnin:  0.252083333333 , Avg AR sampling:  0.0411916666667

 Estimated ordinary:  [[ 0.00434796  0.01761739  0.95942313  0.          0.         -0.01321863
  -0.0164013   0.          0.0100464   0.         -0.01838284  0.00736417
   0.00724915  0.01471359  0.          0.          0.          0.          0.
   0.        ]
 [ 0.17872958  1.14686055 -0.19178664  0.10175801 -0.32645575 -0.03634767
  -0.0347136  -0.03880183  0.10448395 -0.02945863 -1.06604425 -0.11205807
  -0.16672063 -0.05511759  0.02023672  0.00260938 -0.00603877  0.00334476
  -0.00703336  0.00188145]
 [ 1.20807231  0.00906884 -0.04292262 -0.00757874  0.00178198 -0.01220034
  -0.01745765  0.          0.00762841  0.         -0.00778836  0.01265862
   0.00754173  0.01883053  0.          0.          0.00189169  0.          0.
   0.        ]] 
 True ordinary:  [[ 0.    0.    1.    0.    0.    0.    0.    0.    0.    0.    0.    0.    0.
   0.    0.    0.    0.    0.    0.    0.  ]
 [ 0.5   1.   -0.3   0.    0.    0.    0.    0.    0.   -0.25 -1.    0.    0.
   0.    0.    0.    0.    0.    0.    0.  ]
 [ 1.2   0.    0.    0.    0.    0.    0.    0.    0.    0.    0.    0.    0.
   0.    0.    0.    0.    0.    0.    0.  ]]

 Estimated hermite:  [[ -4.78346274e-02  -1.20176445e-01   4.01194671e+00   0.00000000e+00
    0.00000000e+00  -5.24591738e-02  -9.20509408e-02   0.00000000e+00
    3.98699133e-02   0.00000000e+00  -1.78699456e-01   4.13308061e-02
    4.06852240e-02   1.43030645e-01   0.00000000e+00   0.00000000e+00
    0.00000000e+00   0.00000000e+00   0.00000000e+00   0.00000000e+00]
 [ -8.40935285e-01  -8.78900326e+00  -1.88995921e+00   4.82580290e-01
   -1.83220564e+00  -1.44248575e-01  -1.94827192e-01  -1.53988096e-01
    4.14652694e-01  -1.65334081e-01  -1.03630063e+01  -6.28916583e-01
   -9.35705630e-01  -5.35797616e-01   1.13576883e-01   1.03555216e-02
   -3.38920837e-02   1.87722013e-02  -3.94741280e-02   1.82895771e-02]
 [  4.73211887e+00  -2.68057404e-02   1.04086178e-01  -2.25694967e-02
    1.00012320e-02  -4.84179874e-02  -9.79796105e-02   0.00000000e+00
    3.02739514e-02   0.00000000e+00  -7.57105389e-02   7.10454349e-02
    4.23273229e-02   1.83051376e-01   0.00000000e+00   0.00000000e+00
    1.06169350e-02   0.00000000e+00   0.00000000e+00   0.00000000e+00]] 
 True hermite:  [[ 0.          0.          3.96857782  0.          0.          0.          0.
   0.          0.          0.          0.          0.          0.          0.
   0.          0.          0.          0.          0.          0.        ]
 [ 0.99214446 -7.93715565 -1.19057335  0.          0.          0.          0.
   0.          0.         -1.40310415 -9.72099067  0.          0.          0.
   0.          0.          0.          0.          0.          0.        ]
 [ 4.76229339  0.          0.          0.          0.          0.          0.
   0.          0.          0.          0.          0.          0.          0.
   0.          0.          0.          0.          0.          0.        ]]


