My SLURM_ARRAY_TASK_ID:  31
Data shape: (10, 31, 2)
Theta shape: (10, 2)
Theta: [[ 0.2985628   0.43678907]
 [ 0.1725781   0.45121245]
 [ 0.02362564  0.33191575]
 [ 0.35525588  0.36656296]
 [ 0.32770441  0.00239939]
 [ 0.43641072  0.40774425]
 [ 0.43926979  0.23003914]
 [ 0.22379509  0.35139533]
 [ 0.44572667  0.25590039]
 [ 0.34595977  0.01554255]]
1
27.7116216457
[[ 0.         -0.03337695]
 [-1.49391751 -8.77752506]
 [ 1.43266106 -1.30014648]
 [ 0.01383298 -0.03745117]
 [-0.05684854 -0.04663044]
 [-0.01232564  0.        ]
 [-1.0654985  -4.96687189]
 [-0.36930181 -0.21191658]
 [-0.40727557  0.04214518]
 [-0.85880572 -0.82271668]]
2
1.00719561497
[[ 0.02426016 -0.04421468]
 [-1.59577927 -8.70539642]
 [ 1.48235576 -1.40848817]
 [ 0.05322696 -0.04356248]
 [-0.04127508 -0.04539414]
 [ 0.         -0.02472023]
 [-1.17657838 -4.93438842]
 [-0.29257905 -0.19446333]
 [-0.34401925  0.13343797]
 [-0.84760455 -0.96355625]]
3
Finished successfully! number of iterations:  3
0.0272442138371
[[ 0.02477323 -0.04416038]
 [-1.59122951 -8.7050251 ]
 [ 1.48207051 -1.40958198]
 [ 0.05348893 -0.04324766]
 [-0.04115822 -0.04462062]
 [ 0.         -0.02522046]
 [-1.17313743 -4.93516014]
 [-0.29374893 -0.19175596]
 [-0.34178246  0.13536438]
 [-0.84723828 -0.96664475]]
Time taken for 2D timepoints exp:  7.2504565715789795 , number of time points:  31
Avg AR burnin:  0.312666666667 , Avg AR sampling:  0.151044444444

 Estimated ordinary:  [[-0.00520586  0.03480422  1.08808838  0.01508895 -0.01641975  0.
  -0.19106597 -0.08286504 -0.09641505 -0.13798758]
 [ 0.00169706 -1.09965651 -0.03594344 -0.01219994 -0.01780105 -0.00711456
  -0.80377721 -0.05409336  0.03818559 -0.15743502]] 
 True ordinary:  [[ 0.  0.  1.  0.  0.  0.  0.  0.  0.  0.]
 [ 0. -1.  0.  0.  0.  0. -1.  0.  0.  0.]]

 Estimated hermite:  [[ 0.02477323 -1.59122951  1.48207051  0.05348893 -0.04115822  0.
  -1.17313743 -0.29374893 -0.34178246 -0.84723828]
 [-0.04416038 -8.7050251  -1.40958198 -0.04324766 -0.04462062 -0.02522046
  -4.93516014 -0.19175596  0.13536438 -0.96664475]] 
 True hermite:  [[  0.           0.           2.50662827   0.           0.           0.
    0.           0.           0.           0.        ]
 [  0.         -10.0265131    0.           0.           0.           0.
   -6.13996025   0.           0.           0.        ]]


