My SLURM_ARRAY_TASK_ID:  71
Data shape: (10, 71, 2)
Theta shape: (10, 2)
Theta: [[ 0.39526148  0.19033661]
 [ 0.31324146  0.31524718]
 [ 0.30892309  0.04711985]
 [ 0.11902583  0.40856088]
 [ 0.13784142  0.29521412]
 [ 0.03710861  0.49383862]
 [ 0.08486488  0.13981377]
 [ 0.04766559  0.09112544]
 [ 0.47145484  0.25643754]
 [ 0.11078949  0.20830068]]
1
23.6388247433
[[-0.01940841  0.        ]
 [-0.40312505 -9.84463176]
 [ 2.56680888 -0.24020836]
 [-0.01219168  0.01737625]
 [-0.02483008  0.        ]
 [-0.03466799 -0.0288826 ]
 [-0.24562009 -5.85764747]
 [ 0.11372644 -0.23007708]
 [-0.09588977 -0.17361749]
 [ 0.         -0.01382369]]
2
0.693634694681
[[-0.01509472  0.        ]
 [-0.50366372 -9.94103126]
 [ 2.53554359 -0.2757522 ]
 [-0.01097573  0.0238376 ]
 [-0.01617728  0.02237677]
 [-0.02221    -0.01378147]
 [-0.35098758 -5.96842861]
 [ 0.08406727 -0.24044977]
 [-0.08935337 -0.11799217]
 [ 0.         -0.03912333]]
3
Finished successfully! number of iterations:  3
0.0232080571609
[[-0.01495812  0.        ]
 [-0.50309123 -9.94242115]
 [ 2.53581014 -0.2757672 ]
 [-0.01082684  0.02381528]
 [-0.01624545  0.02239136]
 [-0.02201209 -0.01361245]
 [-0.34994062 -5.9697232 ]
 [ 0.0841863  -0.24128843]
 [-0.09028644 -0.11797097]
 [ 0.         -0.03860405]]
Time taken for 2D timepoints exp:  16.84563946723938 , number of time points:  71
Avg AR burnin:  0.401904761905 , Avg AR sampling:  0.270085714286

 Estimated ordinary:  [[ 0.00329627 -0.00425316  0.98789336 -0.0030542  -0.006481   -0.0062095
  -0.05699396  0.02374852 -0.02546933  0.        ]
 [-0.00287816 -1.01635142 -0.02308695  0.00671817  0.00893286 -0.00384
  -0.97227392 -0.06806621 -0.033279   -0.00628734]] 
 True ordinary:  [[ 0.  0.  1.  0.  0.  0.  0.  0.  0.  0.]
 [ 0. -1.  0.  0.  0.  0. -1.  0.  0.  0.]]

 Estimated hermite:  [[-0.01495812 -0.50309123  2.53581014 -0.01082684 -0.01624545 -0.02201209
  -0.34994062  0.0841863  -0.09028644  0.        ]
 [ 0.         -9.94242115 -0.2757672   0.02381528  0.02239136 -0.01361245
  -5.9697232  -0.24128843 -0.11797097 -0.03860405]] 
 True hermite:  [[  0.           0.           2.50662827   0.           0.           0.
    0.           0.           0.           0.        ]
 [  0.         -10.0265131    0.           0.           0.           0.
   -6.13996025   0.           0.           0.        ]]


