My SLURM_ARRAY_TASK_ID:  41
Data shape: (10, 41, 2)
Theta shape: (10, 2)
Theta: [[ 0.4613921   0.20789732]
 [ 0.08289715  0.3788121 ]
 [ 0.34607679  0.03685972]
 [ 0.45229198  0.02339893]
 [ 0.23925125  0.240751  ]
 [ 0.20697992  0.42223711]
 [ 0.01872271  0.42239943]
 [ 0.48754008  0.24932197]
 [ 0.21883323  0.46498009]
 [ 0.02195595  0.27818622]]
1
24.8801729707
[[ 0.         -0.06971236]
 [-1.11356176 -8.6972011 ]
 [ 2.15406519 -0.79235565]
 [ 0.05215942 -0.12204237]
 [-0.10112595 -0.14001699]
 [-0.08396302 -0.01473781]
 [-0.65855397 -4.80756795]
 [-0.3123474  -0.33743166]
 [-0.49671247  0.05038266]
 [-0.12307347 -0.37970707]]
2
1.27735763727
[[ 0.         -0.09260196]
 [-1.41191032 -8.61996319]
 [ 2.2020781  -0.87806678]
 [ 0.06507425 -0.15318114]
 [-0.10704868 -0.12369506]
 [-0.08838992 -0.01877194]
 [-0.91815745 -4.75607227]
 [-0.23584091 -0.41955055]
 [-0.54369952  0.14555664]
 [-0.10425715 -0.41511379]]
3
Finished successfully! number of iterations:  3
0.0254674577522
[[ 0.         -0.0925263 ]
 [-1.41295058 -8.61955789]
 [ 2.20498815 -0.8781651 ]
 [ 0.06628009 -0.15287207]
 [-0.10651161 -0.12499257]
 [-0.08867108 -0.01906207]
 [-0.92062921 -4.75498318]
 [-0.2316746  -0.42075443]
 [-0.54139754  0.14526489]
 [-0.10346672 -0.41425033]]
Time taken for 2D timepoints exp:  9.43461799621582 , number of time points:  41
Avg AR burnin:  0.376916666667 , Avg AR sampling:  0.230875

 Estimated ordinary:  [[ 0.00631638  0.03886144  0.9955713   0.01869727 -0.04249198 -0.02501365
  -0.14994058 -0.0653542  -0.15272543 -0.01685137]
 [ 0.01158907 -1.15638783 -0.0292408  -0.04312442 -0.04986482 -0.00537731
  -0.77443224 -0.11869263  0.04097847 -0.06746792]] 
 True ordinary:  [[ 0.  0.  1.  0.  0.  0.  0.  0.  0.  0.]
 [ 0. -1.  0.  0.  0.  0. -1.  0.  0.  0.]]

 Estimated hermite:  [[ 0.         -1.41295058  2.20498815  0.06628009 -0.10651161 -0.08867108
  -0.92062921 -0.2316746  -0.54139754 -0.10346672]
 [-0.0925263  -8.61955789 -0.8781651  -0.15287207 -0.12499257 -0.01906207
  -4.75498318 -0.42075443  0.14526489 -0.41425033]] 
 True hermite:  [[  0.           0.           2.50662827   0.           0.           0.
    0.           0.           0.           0.        ]
 [  0.         -10.0265131    0.           0.           0.           0.
   -6.13996025   0.           0.           0.        ]]


