My SLURM_ARRAY_TASK_ID:  11
Data shape: (10, 11, 2)
Theta shape: (10, 2)
Theta: [[ 0.08794524  0.01804428]
 [ 0.18463214  0.13826793]
 [ 0.31994377  0.09600131]
 [ 0.39456165  0.13448532]
 [ 0.41895888  0.3950978 ]
 [ 0.09095285  0.1373489 ]
 [ 0.48928919  0.17962412]
 [ 0.13693603  0.08443229]
 [ 0.14167392  0.01905805]
 [ 0.12668086  0.34921309]]
1
51.8848622801
[[ -0.09496941  -0.06586618]
 [ -4.575611   -14.19618593]
 [  2.50822177  -4.90347041]
 [ -0.30333204  -0.42067184]
 [ -0.44100449   0.54408129]
 [  0.16608595   0.45238847]
 [ -3.76175627 -10.19457712]
 [  0.34612956  -3.04471856]
 [ -0.29827348  -0.99874052]
 [  0.52542273  -2.51412807]]
2
3.29644050219
[[ -0.08244782  -0.10054173]
 [ -5.10296014 -13.83272202]
 [  2.20652423  -5.20376527]
 [ -0.2824471   -0.44821346]
 [ -0.44668968   0.54598903]
 [  0.1692453    0.41624446]
 [ -4.2051892   -9.88571066]
 [  0.24297245  -3.24573138]
 [ -0.38479271  -0.88136975]
 [  0.28178148  -2.67124256]]
3
0.0551080329466
[[ -0.08201927  -0.10134729]
 [ -5.10850729 -13.8192958 ]
 [  2.21058291  -5.20402567]
 [ -0.28176312  -0.44911923]
 [ -0.44615109   0.54499237]
 [  0.16928236   0.41567721]
 [ -4.21103229  -9.87230335]
 [  0.24509396  -3.2457354 ]
 [ -0.3837358   -0.8826951 ]
 [  0.28476913  -2.67134891]]
4
Finished successfully! number of iterations:  4
0.0
[[ -0.08201927  -0.10134729]
 [ -5.10850729 -13.8192958 ]
 [  2.21058291  -5.20402567]
 [ -0.28176312  -0.44911923]
 [ -0.44615109   0.54499237]
 [  0.16928236   0.41567721]
 [ -4.21103229  -9.87230335]
 [  0.24509396  -3.2457354 ]
 [ -0.3837358   -0.8826951 ]
 [  0.28476913  -2.67134891]]
Time taken for 2D timepoints exp:  4.177425384521484 , number of time points:  11
Avg AR burnin:  0.20075 , Avg AR sampling:  0.04545

 Estimated ordinary:  [[ -9.90717381e-04   1.27771274e-01   6.73616345e-01  -7.94839093e-02
   -1.77988532e-01   4.77536722e-02  -6.85840318e-01   6.91397305e-02
   -1.08249870e-01   4.63796374e-02]
 [ -3.09979001e-02  -4.40465475e-01   1.44726973e-01  -1.26694195e-01
    2.17420501e-01   1.17260376e-01  -1.60787740e+00  -9.15605051e-01
   -2.49003691e-01  -4.35075930e-01]] 
 True ordinary:  [[ 0.  0.  1.  0.  0.  0.  0.  0.  0.  0.]
 [ 0. -1.  0.  0.  0.  0. -1.  0.  0.  0.]]

 Estimated hermite:  [[ -0.08201927  -5.10850729   2.21058291  -0.28176312  -0.44615109
    0.16928236  -4.21103229   0.24509396  -0.3837358    0.28476913]
 [ -0.10134729 -13.8192958   -5.20402567  -0.44911923   0.54499237
    0.41567721  -9.87230335  -3.2457354   -0.8826951   -2.67134891]] 
 True hermite:  [[  0.           0.           2.50662827   0.           0.           0.
    0.           0.           0.           0.        ]
 [  0.         -10.0265131    0.           0.           0.           0.
   -6.13996025   0.           0.           0.        ]]


