My SLURM_ARRAY_TASK_ID:  91
Data shape: (10, 91, 2)
Theta shape: (10, 2)
Theta: [[ 0.04819019  0.26698372]
 [ 0.06302212  0.28510913]
 [ 0.40714307  0.32660812]
 [ 0.24803366  0.49069266]
 [ 0.12531052  0.39533642]
 [ 0.28010061  0.037091  ]
 [ 0.07293778  0.21548188]
 [ 0.29227555  0.40455516]
 [ 0.04487199  0.38717331]
 [ 0.09502253  0.48042698]]
1
24.1304655272
[[ -0.01128217  -0.03646473]
 [ -0.32963    -10.08692729]
 [  2.49017569  -0.18692168]
 [  0.          -0.03896531]
 [ -0.0457681   -0.01764107]
 [ -0.03081251  -0.02922189]
 [ -0.22059057  -6.13202442]
 [ -0.02426803  -0.16472251]
 [ -0.0383173   -0.10020983]
 [  0.           0.        ]]
2
0.524573734085
[[  0.          -0.02327654]
 [ -0.43533093 -10.11292823]
 [  2.51177817  -0.20234968]
 [  0.          -0.01602623]
 [ -0.02790183   0.        ]
 [ -0.02303243  -0.0335137 ]
 [ -0.31358949  -6.1630264 ]
 [  0.0176193   -0.18132121]
 [ -0.05439435  -0.060732  ]
 [  0.          -0.01437229]]
3
Finished successfully! number of iterations:  3
0.034642607138
[[  0.          -0.02320412]
 [ -0.4363506  -10.11242715]
 [  2.51157372  -0.20124287]
 [  0.          -0.01590791]
 [ -0.02786613   0.        ]
 [ -0.0229833   -0.03355177]
 [ -0.31434404  -6.16292137]
 [  0.0175514   -0.17959551]
 [ -0.05486683  -0.05989779]
 [  0.          -0.01427784]]
Time taken for 2D timepoints exp:  20.355712175369263 , number of time points:  91
Avg AR burnin:  0.452592592593 , Avg AR sampling:  0.342448148148

 Estimated ordinary:  [[ 0.00648347 -0.00501177  0.99702179  0.         -0.01111698 -0.00648347
  -0.05119643  0.00495116 -0.01547765  0.        ]
 [ 0.00469521 -1.00615903 -0.02264514 -0.00448754  0.         -0.00946478
  -1.00373962 -0.05066296 -0.01689686 -0.0023254 ]] 
 True ordinary:  [[ 0.  0.  1.  0.  0.  0.  0.  0.  0.  0.]
 [ 0. -1.  0.  0.  0.  0. -1.  0.  0.  0.]]

 Estimated hermite:  [[  0.          -0.4363506    2.51157372   0.          -0.02786613
   -0.0229833   -0.31434404   0.0175514   -0.05486683   0.        ]
 [ -0.02320412 -10.11242715  -0.20124287  -0.01590791   0.          -0.03355177
   -6.16292137  -0.17959551  -0.05989779  -0.01427784]] 
 True hermite:  [[  0.           0.           2.50662827   0.           0.           0.
    0.           0.           0.           0.        ]
 [  0.         -10.0265131    0.           0.           0.           0.
   -6.13996025   0.           0.           0.        ]]


