My SLURM_ARRAY_TASK_ID:  101
Data shape: (10, 101, 2)
Theta shape: (10, 2)
Theta: [[ 0.28500293  0.400463  ]
 [ 0.28175999  0.00056445]
 [ 0.27168671  0.46412422]
 [ 0.16583202  0.32524682]
 [ 0.46888457  0.3509063 ]
 [ 0.05021925  0.0672222 ]
 [ 0.0857778   0.03599876]
 [ 0.43934589  0.08519231]
 [ 0.41123603  0.34602968]
 [ 0.34903772  0.44808696]]
1
24.7322889386
[[  0.          -0.01194438]
 [ -0.25796046 -10.14042258]
 [  2.48388814  -0.19402811]
 [  0.02921756  -0.01133899]
 [ -0.03980372  -0.02107149]
 [ -0.03562298  -0.01578019]
 [ -0.13725913  -6.15359548]
 [  0.          -0.20382483]
 [ -0.08443944  -0.17350528]
 [ -0.01166802   0.01059883]]
2
0.521390607041
[[  0.           0.        ]
 [ -0.33659695 -10.20572839]
 [  2.48412141  -0.20603698]
 [  0.01748299   0.01517635]
 [ -0.01572866  -0.01029721]
 [ -0.03221104  -0.02459201]
 [ -0.21146595  -6.22844071]
 [ -0.01084647  -0.19856278]
 [ -0.08040521  -0.10762562]
 [  0.           0.        ]]
3
Finished successfully! number of iterations:  3
0.0221511053142
[[  0.           0.        ]
 [ -0.33715483 -10.20569074]
 [  2.4842756   -0.20594828]
 [  0.0173806    0.01553831]
 [ -0.0154352   -0.01046037]
 [ -0.03227758  -0.02449916]
 [ -0.21264558  -6.22831642]
 [ -0.01070812  -0.19729128]
 [ -0.07926022  -0.10768113]
 [  0.          -0.01023349]]
Time taken for 2D timepoints exp:  23.060130834579468 , number of time points:  101
Avg AR burnin:  0.4858 , Avg AR sampling:  0.35804

 Estimated ordinary:  [[ 0.00420236 -0.00824726  0.99410328  0.00490298 -0.00615775 -0.00910534
  -0.03463305 -0.0030207  -0.02235889  0.        ]
 [ 0.00252781 -0.9979342  -0.02150652  0.00438328 -0.00417308 -0.00691109
  -1.01439035 -0.05565484 -0.03037629 -0.0016667 ]] 
 True ordinary:  [[ 0.  0.  1.  0.  0.  0.  0.  0.  0.  0.]
 [ 0. -1.  0.  0.  0.  0. -1.  0.  0.  0.]]

 Estimated hermite:  [[  0.          -0.33715483   2.4842756    0.0173806   -0.0154352
   -0.03227758  -0.21264558  -0.01070812  -0.07926022   0.        ]
 [  0.         -10.20569074  -0.20594828   0.01553831  -0.01046037
   -0.02449916  -6.22831642  -0.19729128  -0.10768113  -0.01023349]] 
 True hermite:  [[  0.           0.           2.50662827   0.           0.           0.
    0.           0.           0.           0.        ]
 [  0.         -10.0265131    0.           0.           0.           0.
   -6.13996025   0.           0.           0.        ]]


