My SLURM_ARRAY_TASK_ID:  61
Data shape: (10, 61, 2)
Theta shape: (10, 2)
Theta: [[ 0.33197697  0.31138482]
 [ 0.38424002  0.11106542]
 [ 0.39948585  0.22887424]
 [ 0.01228336  0.1574505 ]
 [ 0.14423443  0.24615734]
 [ 0.24864398  0.22613573]
 [ 0.41484073  0.32961379]
 [ 0.30344571  0.48664821]
 [ 0.33569719  0.24844384]
 [ 0.49326001  0.49292188]]
1
25.5384177562
[[-0.01226327 -0.02066305]
 [-0.64284094 -9.88576003]
 [ 2.43487182 -0.30302464]
 [ 0.          0.        ]
 [ 0.          0.0156477 ]
 [-0.01272951 -0.06224882]
 [-0.43415375 -5.94859746]
 [-0.06162142 -0.37445144]
 [-0.14834225 -0.1017761 ]
 [-0.03752988  0.03725284]]
2
0.760195670712
[[ 0.         -0.01430031]
 [-0.76832419 -9.8815798 ]
 [ 2.47389566 -0.38078281]
 [ 0.          0.0308232 ]
 [ 0.          0.03475043]
 [ 0.         -0.07530811]
 [-0.54294196 -5.96808528]
 [-0.02826512 -0.44468344]
 [-0.16358781  0.        ]
 [ 0.          0.        ]]
3
Finished successfully! number of iterations:  3
0.0494898875336
[[ 0.         -0.0144322 ]
 [-0.76693692 -9.8804003 ]
 [ 2.47411861 -0.38074068]
 [ 0.          0.03065706]
 [ 0.          0.03519624]
 [ 0.         -0.07537121]
 [-0.54208541 -5.96740438]
 [-0.02698364 -0.44539571]
 [-0.16292426  0.        ]
 [ 0.          0.        ]]
Time taken for 2D timepoints exp:  14.343777894973755 , number of time points:  61
Avg AR burnin:  0.378055555556 , Avg AR sampling:  0.234211111111

 Estimated ordinary:  [[ 0.          0.00486081  0.99464247  0.          0.          0.
  -0.0882881  -0.00761194 -0.04596008  0.        ]
 [ 0.00685601 -1.02602066 -0.02624974  0.0086482   0.01404127 -0.02126183
  -0.97189626 -0.12564381  0.          0.        ]] 
 True ordinary:  [[ 0.  0.  1.  0.  0.  0.  0.  0.  0.  0.]
 [ 0. -1.  0.  0.  0.  0. -1.  0.  0.  0.]]

 Estimated hermite:  [[ 0.         -0.76693692  2.47411861  0.          0.          0.
  -0.54208541 -0.02698364 -0.16292426  0.        ]
 [-0.0144322  -9.8804003  -0.38074068  0.03065706  0.03519624 -0.07537121
  -5.96740438 -0.44539571  0.          0.        ]] 
 True hermite:  [[  0.           0.           2.50662827   0.           0.           0.
    0.           0.           0.           0.        ]
 [  0.         -10.0265131    0.           0.           0.           0.
   -6.13996025   0.           0.           0.        ]]


