My SLURM_ARRAY_TASK_ID:  21
Data shape: (10, 21, 2)
Theta shape: (10, 2)
Theta: [[ 0.15639467  0.15003385]
 [ 0.027216    0.13047245]
 [ 0.40695603  0.30710645]
 [ 0.02201307  0.40286315]
 [ 0.40101472  0.15989444]
 [ 0.45500822  0.12103932]
 [ 0.22455592  0.21106692]
 [ 0.20241024  0.06576019]
 [ 0.32303066  0.046522  ]
 [ 0.24769265  0.24404425]]
1
27.9833709778
[[ 0.08164033 -0.01365875]
 [-2.67681218 -7.16835029]
 [ 1.13673526 -2.18965398]
 [ 0.31912809  0.        ]
 [ 0.         -0.46320376]
 [-0.19885502  0.        ]
 [-1.71593192 -3.4364574 ]
 [-0.98122443 -1.4496308 ]
 [-1.07639991  0.18635189]
 [-0.7241517  -0.96017354]]
2
2.02595632882
[[ 0.11296807 -0.03379324]
 [-3.0266012  -6.97387066]
 [ 1.07442877 -2.42258903]
 [ 0.36309973  0.        ]
 [ 0.06247945 -0.45493558]
 [-0.19609481 -0.06983603]
 [-1.99305862 -3.28475112]
 [-0.97518154 -1.60148136]
 [-1.15320941  0.26702247]
 [-0.77774112 -1.1053108 ]]
3
0.0665743852618
[[ 0.11224749 -0.03665024]
 [-3.03092624 -6.96368765]
 [ 1.07456367 -2.41825505]
 [ 0.36165387  0.        ]
 [ 0.06395373 -0.45592923]
 [-0.19643428 -0.07402132]
 [-1.99869198 -3.27493079]
 [-0.96995724 -1.59706441]
 [-1.15041592  0.26751828]
 [-0.78057595 -1.10363187]]
4
Finished successfully! number of iterations:  4
0.00762044657314
[[ 0.11221857 -0.03656352]
 [-3.03079925 -6.96264414]
 [ 1.07455139 -2.41848157]
 [ 0.36157347  0.        ]
 [ 0.06408318 -0.45590653]
 [-0.19639399 -0.07408183]
 [-1.9988681  -3.27384307]
 [-0.96968393 -1.59700186]
 [-1.14984259  0.26728051]
 [-0.78075865 -1.10391276]]
Time taken for 2D timepoints exp:  6.977694511413574 , number of time points:  21
Avg AR burnin:  0.255 , Avg AR sampling:  0.0896625

 Estimated ordinary:  [[-0.00182754  0.09190262  1.08370741  0.10199799  0.02556549 -0.05540172
  -0.32555066 -0.27354279 -0.32436461 -0.12716021]
 [ 0.00631136 -1.25348362  0.0250459   0.         -0.18188039 -0.0208981
  -0.53320265 -0.45050591  0.07539844 -0.17979152]] 
 True ordinary:  [[ 0.  0.  1.  0.  0.  0.  0.  0.  0.  0.]
 [ 0. -1.  0.  0.  0.  0. -1.  0.  0.  0.]]

 Estimated hermite:  [[ 0.11221857 -3.03079925  1.07455139  0.36157347  0.06408318 -0.19639399
  -1.9988681  -0.96968393 -1.14984259 -0.78075865]
 [-0.03656352 -6.96264414 -2.41848157  0.         -0.45590653 -0.07408183
  -3.27384307 -1.59700186  0.26728051 -1.10391276]] 
 True hermite:  [[  0.           0.           2.50662827   0.           0.           0.
    0.           0.           0.           0.        ]
 [  0.         -10.0265131    0.           0.           0.           0.
   -6.13996025   0.           0.           0.        ]]


