My SLURM_ARRAY_TASK_ID:  81
Data shape: (10, 81, 2)
Theta shape: (10, 2)
Theta: [[ 0.47960951  0.14322334]
 [ 0.25212195  0.09283057]
 [ 0.33799078  0.08610444]
 [ 0.26793226  0.02594527]
 [ 0.12818964  0.22210711]
 [ 0.0302473   0.11683436]
 [ 0.18943872  0.23519145]
 [ 0.4005082   0.0303945 ]
 [ 0.38407721  0.22777128]
 [ 0.46108406  0.19665924]]
1
22.9484379632
[[ 0.          0.        ]
 [-0.29936321 -9.84034132]
 [ 2.55540375 -0.20504213]
 [ 0.04008772  0.01834605]
 [-0.02009954 -0.03226207]
 [-0.03772646 -0.03429711]
 [-0.18219404 -5.92262504]
 [ 0.0794546  -0.16827978]
 [-0.06821006 -0.07984711]
 [ 0.         -0.01358982]]
2
0.47283532282
[[ 0.          0.        ]
 [-0.35842229 -9.88154088]
 [ 2.57930688 -0.24287583]
 [ 0.03810923  0.01421261]
 [-0.01330238 -0.03474545]
 [-0.04537832 -0.03456119]
 [-0.23315893 -5.97732259]
 [ 0.1254885  -0.18284255]
 [-0.07778638 -0.01521235]
 [ 0.         -0.04461725]]
3
Finished successfully! number of iterations:  3
0.0320371802006
[[ 0.          0.        ]
 [-0.35645658 -9.88367565]
 [ 2.57892751 -0.2441675 ]
 [ 0.03786834  0.01365682]
 [-0.01350003 -0.03478684]
 [-0.04540437 -0.03459748]
 [-0.23151911 -5.97996571]
 [ 0.12494802 -0.18486349]
 [-0.07732803 -0.01366847]
 [ 0.         -0.04467562]]
Time taken for 2D timepoints exp:  18.254457235336304 , number of time points:  81
Avg AR burnin:  0.4335 , Avg AR sampling:  0.303829166667

 Estimated ordinary:  [[ 0.00212587 -0.00727095  0.99359604  0.01068246 -0.00538573 -0.01280834
  -0.03770694  0.03524719 -0.02181383  0.        ]
 [ 0.00590725 -1.01733403 -0.02343109  0.00385252 -0.01387794 -0.00975977
  -0.97394209 -0.05214903 -0.0038558  -0.00727621]] 
 True ordinary:  [[ 0.  0.  1.  0.  0.  0.  0.  0.  0.  0.]
 [ 0. -1.  0.  0.  0.  0. -1.  0.  0.  0.]]

 Estimated hermite:  [[ 0.         -0.35645658  2.57892751  0.03786834 -0.01350003 -0.04540437
  -0.23151911  0.12494802 -0.07732803  0.        ]
 [ 0.         -9.88367565 -0.2441675   0.01365682 -0.03478684 -0.03459748
  -5.97996571 -0.18486349 -0.01366847 -0.04467562]] 
 True hermite:  [[  0.           0.           2.50662827   0.           0.           0.
    0.           0.           0.           0.        ]
 [  0.         -10.0265131    0.           0.           0.           0.
   -6.13996025   0.           0.           0.        ]]


