My SLURM_ARRAY_TASK_ID:  51
Data shape: (10, 51, 2)
Theta shape: (10, 2)
Theta: [[ 0.49195454  0.2406842 ]
 [ 0.18527379  0.07877029]
 [ 0.49946932  0.28277261]
 [ 0.40116212  0.20629325]
 [ 0.07553301  0.02122735]
 [ 0.29107739  0.43373104]
 [ 0.23439963  0.42121066]
 [ 0.30947198  0.286506  ]
 [ 0.25795212  0.43297113]
 [ 0.49095918  0.23631966]]
1
26.6608438013
[[-0.0269856  -0.0210164 ]
 [-0.93274354 -9.7684265 ]
 [ 2.37648868 -0.69971225]
 [-0.04166275 -0.08325713]
 [-0.10252266  0.04435929]
 [ 0.          0.05843338]
 [-0.61585863 -5.73250849]
 [-0.16013552 -0.64979107]
 [-0.26319214 -0.2066516 ]
 [-0.01670656 -0.14105301]]
2
0.997973406799
[[-0.01605339 -0.04608378]
 [-1.17082766 -9.73688919]
 [ 2.35766717 -0.79186332]
 [-0.01922779 -0.1151921 ]
 [-0.10213653  0.042582  ]
 [ 0.          0.04077144]
 [-0.81279228 -5.73345434]
 [-0.17511796 -0.70149594]
 [-0.30647654 -0.08882838]
 [-0.01357357 -0.21044325]]
3
Finished successfully! number of iterations:  3
0.0462082534184
[[-0.01585229 -0.0461266 ]
 [-1.16923454 -9.73139811]
 [ 2.36067791 -0.79008809]
 [-0.01877602 -0.11476192]
 [-0.10143636  0.04314942]
 [ 0.          0.04017551]
 [-0.80970218 -5.7281481 ]
 [-0.17423819 -0.69585898]
 [-0.30931328 -0.08874896]
 [-0.01084141 -0.21217364]]
Time taken for 2D timepoints exp:  11.75378680229187 , number of time points:  51
Avg AR burnin:  0.399533333333 , Avg AR sampling:  0.277173333333

 Estimated ordinary:  [[ -1.02753082e-03   1.64210920e-02   9.96223052e-01  -5.29661801e-03
   -4.04672522e-02   0.00000000e+00  -1.31874173e-01  -4.91516860e-02
   -8.72556642e-02  -1.76571310e-03]
 [  2.63858879e-03  -1.05844298e+00  -1.52327747e-02  -3.23737400e-02
    1.72141292e-02   1.13333009e-02  -9.32929184e-01  -1.96298194e-01
   -2.50356202e-02  -3.45561915e-02]] 
 True ordinary:  [[ 0.  0.  1.  0.  0.  0.  0.  0.  0.  0.]
 [ 0. -1.  0.  0.  0.  0. -1.  0.  0.  0.]]

 Estimated hermite:  [[-0.01585229 -1.16923454  2.36067791 -0.01877602 -0.10143636  0.
  -0.80970218 -0.17423819 -0.30931328 -0.01084141]
 [-0.0461266  -9.73139811 -0.79008809 -0.11476192  0.04314942  0.04017551
  -5.7281481  -0.69585898 -0.08874896 -0.21217364]] 
 True hermite:  [[  0.           0.           2.50662827   0.           0.           0.
    0.           0.           0.           0.        ]
 [  0.         -10.0265131    0.           0.           0.           0.
   -6.13996025   0.           0.           0.        ]]


